<?xml version="1.0" encoding="UTF-8"?>
<!-- Generated by org.testng.reporters.JUnitXMLReporter -->
<testsuite hostname="shradhama-win10" name="Test" tests="13" failures="0" timestamp="6 May 2022 06:06:34 GMT" time="1323.765" errors="0">
  <testcase name="TS001_VerifyMarketPlannerLoginTest" time="36.723" classname="lasvegasmarket.LagVegasMarketSmokeTest_PROD"/>
  <testcase name="TS002_VerifAllLinksUnderExhibitTabTest" time="32.639" classname="lasvegasmarket.LagVegasMarketSmokeTest_PROD"/>
  <testcase name="TS003_VerifyMarketPlannerProfileAndSettingsOptionTest" time="24.778" classname="lasvegasmarket.LagVegasMarketSmokeTest_PROD"/>
  <testcase name="TS004_VerifyAllLinksUnderExhibitorsAndProductsTabTest" time="78.711" classname="lasvegasmarket.LagVegasMarketSmokeTest_PROD"/>
  <testcase name="TS005_VerifyAllLinksUnderMarketInfoTabTest" time="172.591" classname="lasvegasmarket.LagVegasMarketSmokeTest_PROD"/>
  <testcase name="TS006_VerifyAllLinksUnderExploreMarketTabTest" time="110.463" classname="lasvegasmarket.LagVegasMarketSmokeTest_PROD"/>
  <testcase name="TS007_VerifyGlobalSearchFunctionalityTest" time="18.558" classname="lasvegasmarket.LagVegasMarketSmokeTest_PROD"/>
  <testcase name="TS008_VerifyFooterLinksTest" time="418.817" classname="lasvegasmarket.LagVegasMarketSmokeTest_PROD"/>
  <testcase name="TS009_VerifyExhibitorDirectoryTest" time="25.877" classname="lasvegasmarket.LagVegasMarketSmokeTest_PROD"/>
  <testcase name="TS010_VerifyAllLinksUnderAttendTabTest" time="197.407" classname="lasvegasmarket.LagVegasMarketSmokeTest_PROD"/>
  <testcase name="TS011_VerifyAllLinksUnderYearRoundTabTest" time="63.943" classname="lasvegasmarket.LagVegasMarketSmokeTest_PROD"/>
  <testcase name="TS013_VerifyAllSocialMediaLinksOnFooterTest" time="77.908" classname="lasvegasmarket.LagVegasMarketSmokeTest_PROD"/>
  <testcase name="TS012_VerifyHeaderChannelLinksTest" time="49.057" classname="lasvegasmarket.LagVegasMarketSmokeTest_PROD"/>
</testsuite> <!-- Test -->
