<?xml version="1.0" encoding="UTF-8"?>
<!-- Generated by org.testng.reporters.JUnitXMLReporter -->
<testsuite hostname="shradhama-win10" name="Test" tests="13" failures="0" timestamp="6 May 2022 11:04:48 GMT" time="1340.211" errors="0">
  <testcase name="TS001_VerifyMarketPlannerLoginTest" time="27.835" classname="atlantaapparel.AtlantaAppSmokeTest_PROD"/>
  <testcase name="TS002_VerifyMarketPlannerProfileOptionTest" time="23.895" classname="atlantaapparel.AtlantaAppSmokeTest_PROD"/>
  <testcase name="TS003_VerifyMarketPlannerExhibitorPortalOptionTest" time="48.022" classname="atlantaapparel.AtlantaAppSmokeTest_PROD"/>
  <testcase name="TS004_VerifyGlobalSearchFunctionalityTest" time="41.895" classname="atlantaapparel.AtlantaAppSmokeTest_PROD"/>
  <testcase name="TS005_VerifyExhibitorDirectoryTest" time="77.867" classname="atlantaapparel.AtlantaAppSmokeTest_PROD"/>
  <testcase name="TS006_VerifyAllLinksUnderMarketsTabTest" time="183.879" classname="atlantaapparel.AtlantaAppSmokeTest_PROD"/>
  <testcase name="TS007_VerifyAllLinksUnderExhibitorsAndBrandsTabTest" time="29.475" classname="atlantaapparel.AtlantaAppSmokeTest_PROD"/>
  <testcase name="TS008_VerifyAllLinksUnderAttendTabTest" time="203.873" classname="atlantaapparel.AtlantaAppSmokeTest_PROD"/>
  <testcase name="TS009_VerifyAllLinksUnderFashionGalleryTabTest" time="138.289" classname="atlantaapparel.AtlantaAppSmokeTest_PROD"/>
  <testcase name="TS010_VerifyAllLinksUnderExhibitTabTest" time="161.099" classname="atlantaapparel.AtlantaAppSmokeTest_PROD"/>
  <testcase name="TS011_VerifyAllLinksUnderYearRoundTabTest" time="40.415" classname="atlantaapparel.AtlantaAppSmokeTest_PROD"/>
  <testcase name="TS012_VerifyFooterLinksTest" time="300.264" classname="atlantaapparel.AtlantaAppSmokeTest_PROD"/>
  <testcase name="TS013_VerifySocialMediaLinksTest" time="14.637" classname="atlantaapparel.AtlantaAppSmokeTest_PROD"/>
</testsuite> <!-- Test -->
