<?xml version="1.0" encoding="UTF-8"?>
<!-- Generated by org.testng.reporters.JUnitXMLReporter -->
<testsuite ignored="1" hostname="Anuppa-VD3" failures="0" tests="8" name="Default test" time="82.236" errors="0" timestamp="2025-01-06T16:51:56 IST">
  <testcase classname="PROD.SitecoreSmokeTest_PROD" name="TS001_SC_VerifySitecoreLoginTest" time="23.251"/>
  <testcase classname="PROD.SitecoreSmokeTest_PROD" name="TS002_SC_VerifyContentEditorTest" time="5.032"/>
  <testcase classname="PROD.SitecoreSmokeTest_PROD" name="TS003_SC_VerifyControlPanelTest" time="8.585"/>
  <testcase classname="PROD.SitecoreSmokeTest_PROD" name="TS004_SC_VerifyShowSpecialApprovalsTest" time="7.842"/>
  <testcase classname="PROD.SitecoreSmokeTest_PROD" name="TS006_SC_VerifyIMCReportsTest" time="7.82"/>
  <testcase classname="PROD.SitecoreSmokeTest_PROD" name="TS007_SC_VerifyTaxonomyManagerTest" time="8.833"/>
  <testcase classname="PROD.SitecoreSmokeTest_PROD" name="TS008_SC_VerifyExhibitorEventsApprovalTest" time="7.532"/>
  <testcase classname="PROD.SitecoreSmokeTest_PROD" name="TS009_SC_VerifyDigitalAdminPanelTest" time="8.905"/>
  <testcase classname="PROD.SitecoreSmokeTest_PROD" name="TS005_SC_VerifyEmailExperienceManagerTest" time="0.0">
    <ignored/>
  </testcase> <!-- TS005_SC_VerifyEmailExperienceManagerTest -->
</testsuite> <!-- Default test -->
