<?xml version="1.0" encoding="UTF-8"?>
<!-- Generated by org.testng.reporters.JUnitXMLReporter -->
<testsuite ignored="10" hostname="Anuppa-VD3" failures="0" tests="1" name="Default test" time="283.505" errors="0" timestamp="2024-10-23T13:22:33 IST">
  <testcase classname="PROD.LasVegasAppSmokeTest_PROD" name="TS001_LVMApp_VerifyAllHeaderChanelLinksTest" time="271.615"/>
  <testcase classname="PROD.LasVegasAppSmokeTest_PROD" name="TS010_ATLApp_VerifyExhibitorDirectoryTest" time="0.0">
    <ignored/>
  </testcase> <!-- TS010_ATLApp_VerifyExhibitorDirectoryTest -->
  <testcase classname="PROD.LasVegasAppSmokeTest_PROD" name="TS006_LVMApp_VerifyAllLinksUnderExhibitTabTest" time="0.0">
    <ignored/>
  </testcase> <!-- TS006_LVMApp_VerifyAllLinksUnderExhibitTabTest -->
  <testcase classname="PROD.LasVegasAppSmokeTest_PROD" name="TS003_LVMApp_VerifyAllLinksUnderAboutTabTest" time="0.0">
    <ignored/>
  </testcase> <!-- TS003_LVMApp_VerifyAllLinksUnderAboutTabTest -->
  <testcase classname="PROD.LasVegasAppSmokeTest_PROD" name="TS007_LVMApp_VerifyFooterLinksTest" time="0.0">
    <ignored/>
  </testcase> <!-- TS007_LVMApp_VerifyFooterLinksTest -->
  <testcase classname="PROD.LasVegasAppSmokeTest_PROD" name="TS008_LVMApp_VerifySocialMediaLinksTest" time="0.0">
    <ignored/>
  </testcase> <!-- TS008_LVMApp_VerifySocialMediaLinksTest -->
  <testcase classname="PROD.LasVegasAppSmokeTest_PROD" name="TS005_LVMApp_VerifyAllLinksUnderAttendTabTest" time="0.0">
    <ignored/>
  </testcase> <!-- TS005_LVMApp_VerifyAllLinksUnderAttendTabTest -->
  <testcase classname="PROD.LasVegasAppSmokeTest_PROD" name="TS002_LVMApp_VerifyGlobalSearchFunctionalityTest" time="0.0">
    <ignored/>
  </testcase> <!-- TS002_LVMApp_VerifyGlobalSearchFunctionalityTest -->
  <testcase classname="PROD.LasVegasAppSmokeTest_PROD" name="TS009_LVMApp_MarketRecap" time="0.0">
    <ignored/>
  </testcase> <!-- TS009_LVMApp_MarketRecap -->
  <testcase classname="PROD.LasVegasAppSmokeTest_PROD" name="TS004_LVMApp_VerifyAllLinksUnderExhibitorsAndProductsTabTest" time="0.0">
    <ignored/>
  </testcase> <!-- TS004_LVMApp_VerifyAllLinksUnderExhibitorsAndProductsTabTest -->
  <testcase classname="PROD.LasVegasAppSmokeTest_PROD" name="TS011_LVM_PlanYourMarkett" time="0.0">
    <ignored/>
  </testcase> <!-- TS011_LVM_PlanYourMarkett -->
</testsuite> <!-- Default test -->
