<?xml version="1.0" encoding="UTF-8"?>
<!-- Generated by org.testng.reporters.JUnitXMLReporter -->
<testsuite ignored="4" hostname="Anuppa-VD3" failures="0" tests="10" name="Default test" time="545.544" errors="0" timestamp="2024-10-23T11:39:28 IST">
  <testcase classname="PROD.AtlantaAppSmokeTest_PROD" name="TS001_ATLApp_VerifyAllLinksUnderYearRoundTabTest" time="23.777"/>
  <testcase classname="PROD.AtlantaAppSmokeTest_PROD" name="TS002_ATLApp_VerifyAllLinksUnderAttendTabTest" time="166.923"/>
  <testcase classname="PROD.AtlantaAppSmokeTest_PROD" name="TS003_ATLApp_VerifyGlobalSearchFunctionalityTest" time="22.3"/>
  <testcase classname="PROD.AtlantaAppSmokeTest_PROD" name="TS004_ATLApp_VerifyExhibitorDirectoryTest" time="31.3"/>
  <testcase classname="PROD.AtlantaAppSmokeTest_PROD" name="TS005_ATLApp_VerifyAllLinksUnderMarketsTabTest" time="68.363"/>
  <testcase classname="PROD.AtlantaAppSmokeTest_PROD" name="TS006_ATLApp_VerifyAllLinksUnderExhibitorsAndBrandsTabTest" time="15.872"/>
  <testcase classname="PROD.AtlantaAppSmokeTest_PROD" name="TS007_ATLApp_VerifySocialMediaLinksTest" time="9.087"/>
  <testcase classname="PROD.AtlantaAppSmokeTest_PROD" name="TS008_ATLApp_VerifyAllLinksUnderTheBestOfFashionTabTest" time="24.856"/>
  <testcase classname="PROD.AtlantaAppSmokeTest_PROD" name="TS009_ATLApp_VerifyAllLinksUnderExhibitTabTest" time="54.177"/>
  <testcase classname="PROD.AtlantaAppSmokeTest_PROD" name="TS010_ATLApp_VerifyFooterLinksTest" time="116.238"/>
  <testcase classname="PROD.AtlantaAppSmokeTest_PROD" name="TS014_ATLApp_VerifyMarketPlannerExhibitorPortalOptionTest" time="0.0">
    <ignored/>
  </testcase> <!-- TS014_ATLApp_VerifyMarketPlannerExhibitorPortalOptionTest -->
  <testcase classname="PROD.AtlantaAppSmokeTest_PROD" name="TS012_ATLApp_VerifyMarketPlannerLoginTest" time="0.0">
    <ignored/>
  </testcase> <!-- TS012_ATLApp_VerifyMarketPlannerLoginTest -->
  <testcase classname="PROD.AtlantaAppSmokeTest_PROD" name="TS011_ATLApp_MarketRecap" time="0.0">
    <ignored/>
  </testcase> <!-- TS011_ATLApp_MarketRecap -->
  <testcase classname="PROD.AtlantaAppSmokeTest_PROD" name="TS013_ATLApp_VerifyMarketPlannerProfileOptionTest" time="0.0">
    <ignored/>
  </testcase> <!-- TS013_ATLApp_VerifyMarketPlannerProfileOptionTest -->
</testsuite> <!-- Default test -->
