<?xml version="1.0" encoding="UTF-8"?>
<!-- Generated by org.testng.reporters.JUnitXMLReporter -->
<testsuite ignored="1" hostname="Anuppa-VD3" failures="0" tests="8" name="Default test" time="142.899" errors="0" timestamp="2024-11-11T11:47:28 IST">
  <testcase classname="PROD.SitecoreSmokeTest_PROD" name="TS001_SC_VerifySitecoreLoginTest" time="42.925"/>
  <testcase classname="PROD.SitecoreSmokeTest_PROD" name="TS002_SC_VerifyContentEditorTest" time="19.432"/>
  <testcase classname="PROD.SitecoreSmokeTest_PROD" name="TS003_SC_VerifyControlPanelTest" time="12.751"/>
  <testcase classname="PROD.SitecoreSmokeTest_PROD" name="TS004_SC_VerifyShowSpecialApprovalsTest" time="12.393"/>
  <testcase classname="PROD.SitecoreSmokeTest_PROD" name="TS006_SC_VerifyIMCReportsTest" time="14.197"/>
  <testcase classname="PROD.SitecoreSmokeTest_PROD" name="TS007_SC_VerifyTaxonomyManagerTest" time="15.24"/>
  <testcase classname="PROD.SitecoreSmokeTest_PROD" name="TS008_SC_VerifyExhibitorEventsApprovalTest" time="10.312"/>
  <testcase classname="PROD.SitecoreSmokeTest_PROD" name="TS009_SC_VerifyDigitalAdminPanelTest" time="11.323"/>
  <testcase classname="PROD.SitecoreSmokeTest_PROD" name="TS005_SC_VerifyEmailExperienceManagerTest" time="0.0">
    <ignored/>
  </testcase> <!-- TS005_SC_VerifyEmailExperienceManagerTest -->
</testsuite> <!-- Default test -->
