<?xml version="1.0" encoding="UTF-8"?>
<!-- Generated by org.testng.reporters.JUnitXMLReporter -->
<testsuite ignored="14" hostname="Anuppa-VD3" failures="0" tests="1" name="Default test" time="123.203" errors="0" timestamp="2024-10-21T14:16:46 IST">
  <testcase classname="PROD.AtlantaMarketSmokeTest_PROD" name="TS003_ATL_VerifyAllLinksUnderMarketInfoTabTest" time="85.365"/>
  <testcase classname="PROD.AtlantaMarketSmokeTest_PROD" name="TS006_ATL_VerifyAllChannelsLinksTest" time="0.0">
    <ignored/>
  </testcase> <!-- TS006_ATL_VerifyAllChannelsLinksTest -->
  <testcase classname="PROD.AtlantaMarketSmokeTest_PROD" name="TS014_ATL_VerifyMarketPlannerProfileAndSettingsOptionTest" time="0.0">
    <ignored/>
  </testcase> <!-- TS014_ATL_VerifyMarketPlannerProfileAndSettingsOptionTest -->
  <testcase classname="PROD.AtlantaMarketSmokeTest_PROD" name="TS009_ATL_VerifAllLinksUnderExhibitTabTest" time="0.0">
    <ignored/>
  </testcase> <!-- TS009_ATL_VerifAllLinksUnderExhibitTabTest -->
  <testcase classname="PROD.AtlantaMarketSmokeTest_PROD" name="TS005_ATL_VerifyAllNewsAndTrendsMenuTest" time="0.0">
    <ignored/>
  </testcase> <!-- TS005_ATL_VerifyAllNewsAndTrendsMenuTest -->
  <testcase classname="PROD.AtlantaMarketSmokeTest_PROD" name="TS007_ATL_VerifyAllSocialMediaLinksOnFooterTest" time="0.0">
    <ignored/>
  </testcase> <!-- TS007_ATL_VerifyAllSocialMediaLinksOnFooterTest -->
  <testcase classname="PROD.AtlantaMarketSmokeTest_PROD" name="TS004_ATL_VerifyAllLinksUnderExhibitorsAndProductsTabTest" time="0.0">
    <ignored/>
  </testcase> <!-- TS004_ATL_VerifyAllLinksUnderExhibitorsAndProductsTabTest -->
  <testcase classname="PROD.AtlantaMarketSmokeTest_PROD" name="TS002_ATL_VerifyExhibitorDirectoryTest" time="0.0">
    <ignored/>
  </testcase> <!-- TS002_ATL_VerifyExhibitorDirectoryTest -->
  <testcase classname="PROD.AtlantaMarketSmokeTest_PROD" name="TS010_ATL_VerifyFooterLinksTest" time="0.0">
    <ignored/>
  </testcase> <!-- TS010_ATL_VerifyFooterLinksTest -->
  <testcase classname="PROD.AtlantaMarketSmokeTest_PROD" name="TS008_ATL_VerifyAllLinksUnderAttendTabTest" time="0.0">
    <ignored/>
  </testcase> <!-- TS008_ATL_VerifyAllLinksUnderAttendTabTest -->
  <testcase classname="PROD.AtlantaMarketSmokeTest_PROD" name="TS011_ATL_MarketRecap" time="0.0">
    <ignored/>
  </testcase> <!-- TS011_ATL_MarketRecap -->
  <testcase classname="PROD.AtlantaMarketSmokeTest_PROD" name="TS001_ATL_VerifyGlobalSearchFunctionalityTest" time="0.0">
    <ignored/>
  </testcase> <!-- TS001_ATL_VerifyGlobalSearchFunctionalityTest -->
  <testcase classname="PROD.AtlantaMarketSmokeTest_PROD" name="TS015_ATL_VerifyMarketPlannerRegistrationsOptionTest" time="0.0">
    <ignored/>
  </testcase> <!-- TS015_ATL_VerifyMarketPlannerRegistrationsOptionTest -->
  <testcase classname="PROD.AtlantaMarketSmokeTest_PROD" name="TS012_ATL_PlanYourMarkett" time="0.0">
    <ignored/>
  </testcase> <!-- TS012_ATL_PlanYourMarkett -->
  <testcase classname="PROD.AtlantaMarketSmokeTest_PROD" name="TS013_ATL_VerifyMarketPlannerLoginTest" time="0.0">
    <ignored/>
  </testcase> <!-- TS013_ATL_VerifyMarketPlannerLoginTest -->
</testsuite> <!-- Default test -->
