<?xml version="1.0" encoding="UTF-8"?>
<!-- Generated by org.testng.reporters.JUnitXMLReporter -->
<testsuite ignored="3" hostname="Anuppa-VD3" failures="1" tests="9" name="Default test" time="1173.703" errors="0" timestamp="2025-01-09T16:00:53 IST">
  <testcase classname="PROD.AmericasMartSmokeTest_PROD" name="TS001_AMC_VerifyAllHeaderChanelLinksTest" time="130.118">
    <failure type="java.lang.AssertionError" message="expected [true] but found [false]">
      <![CDATA[java.lang.AssertionError: expected [true] but found [false]
at org.testng.Assert.fail(Assert.java:99)
at org.testng.Assert.failNotEquals(Assert.java:1037)
at org.testng.Assert.assertTrue(Assert.java:45)
at org.testng.Assert.assertTrue(Assert.java:55)
at PROD.AmericasMartSmokeTest_PROD.TS001_AMC_VerifyAllHeaderChanelLinksTest(AmericasMartSmokeTest_PROD.java:198)
at java.base/jdk.internal.reflect.DirectMethodHandleAccessor.invoke(DirectMethodHandleAccessor.java:103)
at java.base/java.lang.reflect.Method.invoke(Method.java:580)
at org.testng.internal.MethodInvocationHelper.invokeMethod(MethodInvocationHelper.java:133)
at org.testng.internal.TestInvoker.invokeMethod(TestInvoker.java:598)
at org.testng.internal.TestInvoker.invokeTestMethod(TestInvoker.java:173)
at org.testng.internal.MethodRunner.runInSequence(MethodRunner.java:46)
at org.testng.internal.TestInvoker$MethodInvocationAgent.invoke(TestInvoker.java:824)
at org.testng.internal.TestInvoker.invokeTestMethods(TestInvoker.java:146)
at org.testng.internal.TestMethodWorker.invokeTestMethods(TestMethodWorker.java:146)
at org.testng.internal.TestMethodWorker.run(TestMethodWorker.java:128)
at java.base/java.util.ArrayList.forEach(ArrayList.java:1596)
at org.testng.TestRunner.privateRun(TestRunner.java:794)
at org.testng.TestRunner.run(TestRunner.java:596)
at org.testng.SuiteRunner.runTest(SuiteRunner.java:377)
at org.testng.SuiteRunner.runSequentially(SuiteRunner.java:371)
at org.testng.SuiteRunner.privateRun(SuiteRunner.java:332)
at org.testng.SuiteRunner.run(SuiteRunner.java:276)
at org.testng.SuiteRunnerWorker.runSuite(SuiteRunnerWorker.java:53)
at org.testng.SuiteRunnerWorker.run(SuiteRunnerWorker.java:96)
at org.testng.TestNG.runSuitesSequentially(TestNG.java:1212)
at org.testng.TestNG.runSuitesLocally(TestNG.java:1134)
at org.testng.TestNG.runSuites(TestNG.java:1063)
at org.testng.TestNG.run(TestNG.java:1031)
at org.testng.remote.AbstractRemoteTestNG.run(AbstractRemoteTestNG.java:115)
at org.testng.remote.RemoteTestNG.initAndRun(RemoteTestNG.java:293)
at org.testng.remote.RemoteTestNG.main(RemoteTestNG.java:91)
]]>
    </failure>
  </testcase> <!-- TS001_AMC_VerifyAllHeaderChanelLinksTest -->
  <testcase classname="PROD.AmericasMartSmokeTest_PROD" name="TS002_AMC_VerifyAllSocialMediaLinksOnFooterTest" time="84.55"/>
  <testcase classname="PROD.AmericasMartSmokeTest_PROD" name="TS003_AMC_VerifyAllLinksUnderMarketsAndEventsTabTest" time="219.351"/>
  <testcase classname="PROD.AmericasMartSmokeTest_PROD" name="TS004_AMC_VerifyGlobalSearchFunctionalityTest" time="96.445"/>
  <testcase classname="PROD.AmericasMartSmokeTest_PROD" name="TS005_AMC_VerifyAllLinksUnderAboutTabTest" time="188.556"/>
  <testcase classname="PROD.AmericasMartSmokeTest_PROD" name="TS006_AMC_VerifyAllLinksUnderExhibitTest" time="74.331"/>
  <testcase classname="PROD.AmericasMartSmokeTest_PROD" name="TS007_AMC_VerifyAllLinksUnderOpenYearRoundTest" time="180.756"/>
  <testcase classname="PROD.AmericasMartSmokeTest_PROD" name="TS008_AMC_VerifyExhibitorDirectoryTest" time="36.805"/>
  <testcase classname="PROD.AmericasMartSmokeTest_PROD" name="TS009_AMC_VerifyFooterLinksTest" time="128.8"/>
  <testcase classname="PROD.AmericasMartSmokeTest_PROD" name="TS011_AMC_VerifyMarketPlannerProfileAndSettingsOptionTest" time="0.0">
    <ignored/>
  </testcase> <!-- TS011_AMC_VerifyMarketPlannerProfileAndSettingsOptionTest -->
  <testcase classname="PROD.AmericasMartSmokeTest_PROD" name="TS010_AMC_VerifyMarketPlannerLoginTest" time="0.0">
    <ignored/>
  </testcase> <!-- TS010_AMC_VerifyMarketPlannerLoginTest -->
  <testcase classname="PROD.AmericasMartSmokeTest_PROD" name="TS012_AMC_VerifyMarketPlannerExhibitorPortalOptionTest" time="0.0">
    <ignored/>
  </testcase> <!-- TS012_AMC_VerifyMarketPlannerExhibitorPortalOptionTest -->
</testsuite> <!-- Default test -->
