<?xml version="1.0" encoding="UTF-8"?>
<!-- Generated by org.testng.reporters.JUnitXMLReporter -->
<testsuite ignored="11" hostname="Anuppa-VD3" failures="0" tests="1" name="Default test" time="101.625" errors="0" timestamp="2024-10-25T15:37:23 IST">
  <testcase classname="PROD.AmericasMartSmokeTest_PROD" name="TS002_AMC_VerifyAllSocialMediaLinksOnFooterTest" time="73.993"/>
  <testcase classname="PROD.AmericasMartSmokeTest_PROD" name="TS003_AMC_VerifyAllLinksUnderMarketsAndEventsTabTest" time="0.0">
    <ignored/>
  </testcase> <!-- TS003_AMC_VerifyAllLinksUnderMarketsAndEventsTabTest -->
  <testcase classname="PROD.AmericasMartSmokeTest_PROD" name="TS006_AMC_VerifyAllLinksUnderExhibitTest" time="0.0">
    <ignored/>
  </testcase> <!-- TS006_AMC_VerifyAllLinksUnderExhibitTest -->
  <testcase classname="PROD.AmericasMartSmokeTest_PROD" name="TS011_AMC_VerifyMarketPlannerProfileAndSettingsOptionTest" time="0.0">
    <ignored/>
  </testcase> <!-- TS011_AMC_VerifyMarketPlannerProfileAndSettingsOptionTest -->
  <testcase classname="PROD.AmericasMartSmokeTest_PROD" name="TS008_AMC_VerifyExhibitorDirectoryTest" time="0.0">
    <ignored/>
  </testcase> <!-- TS008_AMC_VerifyExhibitorDirectoryTest -->
  <testcase classname="PROD.AmericasMartSmokeTest_PROD" name="TS010_AMC_VerifyMarketPlannerLoginTest" time="0.0">
    <ignored/>
  </testcase> <!-- TS010_AMC_VerifyMarketPlannerLoginTest -->
  <testcase classname="PROD.AmericasMartSmokeTest_PROD" name="TS009_AMC_VerifyFooterLinksTest" time="0.0">
    <ignored/>
  </testcase> <!-- TS009_AMC_VerifyFooterLinksTest -->
  <testcase classname="PROD.AmericasMartSmokeTest_PROD" name="TS004_AMC_VerifyGlobalSearchFunctionalityTest" time="0.0">
    <ignored/>
  </testcase> <!-- TS004_AMC_VerifyGlobalSearchFunctionalityTest -->
  <testcase classname="PROD.AmericasMartSmokeTest_PROD" name="TS005_AMC_VerifyAllLinksUnderAboutTabTest" time="0.0">
    <ignored/>
  </testcase> <!-- TS005_AMC_VerifyAllLinksUnderAboutTabTest -->
  <testcase classname="PROD.AmericasMartSmokeTest_PROD" name="TS007_AMC_VerifyAllLinksUnderOpenYearRoundTest" time="0.0">
    <ignored/>
  </testcase> <!-- TS007_AMC_VerifyAllLinksUnderOpenYearRoundTest -->
  <testcase classname="PROD.AmericasMartSmokeTest_PROD" name="TS012_AMC_VerifyMarketPlannerExhibitorPortalOptionTest" time="0.0">
    <ignored/>
  </testcase> <!-- TS012_AMC_VerifyMarketPlannerExhibitorPortalOptionTest -->
  <testcase classname="PROD.AmericasMartSmokeTest_PROD" name="TS001_AMC_VerifyAllHeaderChanelLinksTest" time="0.0">
    <ignored/>
  </testcase> <!-- TS001_AMC_VerifyAllHeaderChanelLinksTest -->
</testsuite> <!-- Default test -->
