<?xml version="1.0" encoding="UTF-8"?>
<!-- Generated by org.testng.reporters.JUnitXMLReporter -->
<testsuite hostname="NILAMMA-W10" name="Parallel Test" tests="13" failures="0" timestamp="19 Apr 2022 09:54:36 GMT" time="1683.443" errors="0">
  <testcase name="TS001_VerifyMarketPlannerLoginTest" time="70.267" classname="lasvegasmarket.LagVegasMarketSmokeTest_PROD"/>
  <testcase name="TS001_VerifyMarketPlannerLoginTest" time="87.122" classname="atlantamarket.AtlantaMarketSmokeTest_PROD"/>
  <testcase name="TS002_VerifAllLinksUnderExhibitTabTest" time="74.377" classname="lasvegasmarket.LagVegasMarketSmokeTest_PROD"/>
  <testcase name="TS002_VerifyMarketPlannerProfileAndSettingsOptionTest" time="64.297" classname="atlantamarket.AtlantaMarketSmokeTest_PROD"/>
  <testcase name="TS003_VerifyGlobalSearchFunctionalityTest" time="23.86" classname="atlantamarket.AtlantaMarketSmokeTest_PROD"/>
  <testcase name="TS003_VerifyMarketPlannerProfileAndSettingsOptionTest" time="37.375" classname="lasvegasmarket.LagVegasMarketSmokeTest_PROD"/>
  <testcase name="TS004_VerifyMarketPlannerRegistrationsOptionTest" time="47.77" classname="atlantamarket.AtlantaMarketSmokeTest_PROD"/>
  <testcase name="TS004_VerifyAllLinksUnderExhibitorsAndProductsTabTest" time="170.002" classname="lasvegasmarket.LagVegasMarketSmokeTest_PROD"/>
  <testcase name="TS005_VerifyAllLinksUnderMarketInfoTabTest" time="203.322" classname="lasvegasmarket.LagVegasMarketSmokeTest_PROD"/>
  <testcase name="TS006_VerifyAllLinksUnderExploreMarketTabTest" time="150.091" classname="lasvegasmarket.LagVegasMarketSmokeTest_PROD"/>
  <testcase name="TS007_VerifyGlobalSearchFunctionalityTest" time="19.677" classname="lasvegasmarket.LagVegasMarketSmokeTest_PROD"/>
  <testcase name="TS008_VerifyFooterLinksTest" time="781.518" classname="lasvegasmarket.LagVegasMarketSmokeTest_PROD"/>
  <testcase name="TS009_VerifyExhibitorDirectoryTest" time="28.97" classname="lasvegasmarket.LagVegasMarketSmokeTest_PROD"/>
</testsuite> <!-- Parallel Test -->
