<?xml version="1.0" encoding="UTF-8"?>
<!-- Generated by org.testng.reporters.JUnitXMLReporter -->
<testsuite hostname="NILAMMA-W10" name="SequencialTest" tests="13" failures="1" timestamp="26 Aug 2022 07:43:16 GMT" time="922.791" errors="0">
  <testcase name="TS001_VerifyMarketPlannerLoginTest" time="45.157" classname="PROD.LagVegasMarketSmokeTest_PROD"/>
  <testcase name="TS002_VerifAllLinksUnderExhibitTabTest" time="35.649" classname="PROD.LagVegasMarketSmokeTest_PROD"/>
  <testcase name="TS003_VerifyMarketPlannerProfileAndSettingsOptionTest" time="17.488" classname="PROD.LagVegasMarketSmokeTest_PROD"/>
  <testcase name="TS004_VerifyAllLinksUnderExhibitorsAndProductsTabTest" time="111.746" classname="PROD.LagVegasMarketSmokeTest_PROD"/>
  <testcase name="TS005_VerifyAllLinksUnderMarketInfoTabTest" time="97.237" classname="PROD.LagVegasMarketSmokeTest_PROD"/>
  <testcase name="TS006_VerifyHeaderChannelLinksTest" time="86.509" classname="PROD.LagVegasMarketSmokeTest_PROD"/>
  <testcase name="TS007_VerifyAllLinksUnderAttendTabTest" time="155.1" classname="PROD.LagVegasMarketSmokeTest_PROD"/>
  <testcase name="TS008_VerifyFooterLinksTest" time="247.313" classname="PROD.LagVegasMarketSmokeTest_PROD"/>
  <testcase name="TS009_VerifyExhibitorDirectoryTest" time="12.467" classname="PROD.LagVegasMarketSmokeTest_PROD"/>
  <testcase name="TS010_VerifyGlobalSearchFunctionalityTest" time="7.225" classname="PROD.LagVegasMarketSmokeTest_PROD"/>
  <testcase name="TS012_VerifyAllSocialMediaLinksOnFooterTest" time="8.19" classname="PROD.LagVegasMarketSmokeTest_PROD"/>
  <testcase name="TS011_VerifyAllLinksUnderYearRoundTabTest" time="38.787" classname="PROD.LagVegasMarketSmokeTest_PROD"/>
  <testcase name="TS013_VerifyAllLinksUnderExploreMarketTabTest" time="19.748" classname="PROD.LagVegasMarketSmokeTest_PROD">
    <failure type="org.openqa.selenium.WebDriverException" message="element click intercepted: Element &amp;lt;a href=&amp;quot;/&amp;quot; class=&amp;quot;imc-navigation__tier1Link&amp;quot; aria-expanded=&amp;quot;false&amp;quot; aria-controls=&amp;quot;navigation-tier2-&amp;quot; data-xpath=&amp;quot;navigation.tier1Link&amp;quot; target=&amp;quot;_self&amp;quot;&amp;gt;...&amp;lt;/a&amp;gt; is not clickable at point (608, 161). Other element would receive the click: &amp;lt;div class=&amp;quot;genericModal--popup&amp;quot;&amp;gt;...&amp;lt;/div&amp;gt;
  (Session info: chrome=104.0.5112.102)
Build info: version: &amp;apos;3.4.0&amp;apos;, revision: &amp;apos;unknown&amp;apos;, time: &amp;apos;unknown&amp;apos;
System info: host: &amp;apos;NILAMMA-W10&amp;apos;, ip: &amp;apos;192.168.68.2&amp;apos;, os.name: &amp;apos;Windows 10&amp;apos;, os.arch: &amp;apos;amd64&amp;apos;, os.version: &amp;apos;10.0&amp;apos;, java.version: &amp;apos;1.8.0_161&amp;apos;
Driver info: org.openqa.selenium.chrome.ChromeDriver
Capabilities [{networkConnectionEnabled=false, chrome={chromedriverVersion=104.0.5112.79 (3cf3e8c8a07d104b9e1260c910efb8f383285dc5-refs/branch-heads/5112@{#1307}), userDataDir=C:\Users\nilamma\AppData\Local\Temp\scoped_dir16920_1060252205}, timeouts={implicit=0.0, pageLoad=300000.0, script=30000.0}, pageLoadStrategy=normal, unhandledPromptBehavior=dismiss and notify, strictFileInteractability=false, platform=ANY, proxy=Proxy(), goog:chromeOptions={debuggerAddress=localhost:50492}, webauthn:extension:credBlob=true, acceptInsecureCerts=false, browserVersion=104.0.5112.102, browserName=chrome, javascriptEnabled=true, platformName=windows, setWindowRect=true, webauthn:extension:largeBlob=true, webauthn:virtualAuthenticators=true}]
Session ID: 24e6655353f51bbc12395dbcb6ac38bb">
      <![CDATA[org.openqa.selenium.WebDriverException: element click intercepted: Element <a href="/" class="imc-navigation__tier1Link" aria-expanded="false" aria-controls="navigation-tier2-" data-xpath="navigation.tier1Link" target="_self">...</a> is not clickable at point (608, 161). Other element would receive the click: <div class="genericModal--popup">...</div>
  (Session info: chrome=104.0.5112.102)
Build info: version: '3.4.0', revision: 'unknown', time: 'unknown'
System info: host: 'NILAMMA-W10', ip: '192.168.68.2', os.name: 'Windows 10', os.arch: 'amd64', os.version: '10.0', java.version: '1.8.0_161'
Driver info: org.openqa.selenium.chrome.ChromeDriver
Capabilities [{networkConnectionEnabled=false, chrome={chromedriverVersion=104.0.5112.79 (3cf3e8c8a07d104b9e1260c910efb8f383285dc5-refs/branch-heads/5112@{#1307}), userDataDir=C:\Users\nilamma\AppData\Local\Temp\scoped_dir16920_1060252205}, timeouts={implicit=0.0, pageLoad=300000.0, script=30000.0}, pageLoadStrategy=normal, unhandledPromptBehavior=dismiss and notify, strictFileInteractability=false, platform=ANY, proxy=Proxy(), goog:chromeOptions={debuggerAddress=localhost:50492}, webauthn:extension:credBlob=true, acceptInsecureCerts=false, browserVersion=104.0.5112.102, browserName=chrome, javascriptEnabled=true, platformName=windows, setWindowRect=true, webauthn:extension:largeBlob=true, webauthn:virtualAuthenticators=true}]
Session ID: 24e6655353f51bbc12395dbcb6ac38bb
	at org.openqa.selenium.remote.http.W3CHttpResponseCodec.createException(W3CHttpResponseCodec.java:150)
	at org.openqa.selenium.remote.http.W3CHttpResponseCodec.decode(W3CHttpResponseCodec.java:115)
	at org.openqa.selenium.remote.http.W3CHttpResponseCodec.decode(W3CHttpResponseCodec.java:45)
	at org.openqa.selenium.remote.HttpCommandExecutor.execute(HttpCommandExecutor.java:164)
	at org.openqa.selenium.remote.service.DriverCommandExecutor.execute(DriverCommandExecutor.java:82)
	at org.openqa.selenium.remote.RemoteWebDriver.execute(RemoteWebDriver.java:637)
	at org.openqa.selenium.remote.RemoteWebElement.execute(RemoteWebElement.java:272)
	at org.openqa.selenium.remote.RemoteWebElement.click(RemoteWebElement.java:82)
	at PROD.LagVegasMarketSmokeTest_PROD.TS013_VerifyAllLinksUnderExploreMarketTabTest(LagVegasMarketSmokeTest_PROD.java:412)
... Removed 28 stack frames]]>
    </failure>
  </testcase> <!-- TS013_VerifyAllLinksUnderExploreMarketTabTest -->
</testsuite> <!-- SequencialTest -->
