<?xml version="1.0" encoding="UTF-8"?>
<!-- Generated by org.testng.reporters.JUnitXMLReporter -->
<testsuite hostname="Anuppa-VD3" name="SequencialTest" tests="2" failures="0" timestamp="1 Sep 2023 14:52:26 GMT" time="57.887" errors="0">
  <testcase name="TS001_EXP_VerifyExhibitorPortalLoginTest" time="41.492" classname="PROD.ExhibitorPortalSmokeTest_PROD"/>
  <testcase name="TS003_EXP_VerifySettingsTabTest" time="10.606" classname="PROD.ExhibitorPortalSmokeTest_PROD"/>
</testsuite> <!-- SequencialTest -->
