<?xml version="1.0" encoding="UTF-8"?>
<!-- Generated by org.testng.reporters.JUnitXMLReporter -->
<testsuite ignored="6" hostname="Anuppa-VD3" failures="0" tests="2" name="SequencialTest" time="82.024" errors="0" timestamp="2024-12-02T15:50:12 IST">
  <testcase classname="PROD.ExhibitorPortalSmokeTest_PROD" name="TS001_EXP_VerifyExhibitorPortalLoginTest" time="69.023"/>
  <testcase classname="PROD.ExhibitorPortalSmokeTest_PROD" name="TS002_EXP_VerifyNotificationsTabTest" time="6.916"/>
  <testcase classname="PROD.ExhibitorPortalSmokeTest_PROD" name="TS005_EXP_VerifyAllLinkUnderEXPApplicationsAndLeasesTest" time="0.0">
    <ignored/>
  </testcase> <!-- TS005_EXP_VerifyAllLinkUnderEXPApplicationsAndLeasesTest -->
  <testcase classname="PROD.ExhibitorPortalSmokeTest_PROD" name="TS008_EXP_VerifyExhibitorPortalFooterLinksTest" time="0.0">
    <ignored/>
  </testcase> <!-- TS008_EXP_VerifyExhibitorPortalFooterLinksTest -->
  <testcase classname="PROD.ExhibitorPortalSmokeTest_PROD" name="TS003_EXP_VerifySettingsTabTest" time="0.0">
    <ignored/>
  </testcase> <!-- TS003_EXP_VerifySettingsTabTest -->
  <testcase classname="PROD.ExhibitorPortalSmokeTest_PROD" name="TS006_EXP_VerifyAllLinkUnderYourDigiShowroomTest" time="0.0">
    <ignored/>
  </testcase> <!-- TS006_EXP_VerifyAllLinkUnderYourDigiShowroomTest -->
  <testcase classname="PROD.ExhibitorPortalSmokeTest_PROD" name="TS004_EXP_VerifyAllLinkUnderEXPRegistrationsAndServicesTabTest" time="0.0">
    <ignored/>
  </testcase> <!-- TS004_EXP_VerifyAllLinkUnderEXPRegistrationsAndServicesTabTest -->
  <testcase classname="PROD.ExhibitorPortalSmokeTest_PROD" name="TS007_EXP_VerifyAllLinkUnderEXPMarketTabTest" time="0.0">
    <ignored/>
  </testcase> <!-- TS007_EXP_VerifyAllLinkUnderEXPMarketTabTest -->
</testsuite> <!-- SequencialTest -->
