<?xml version="1.0" encoding="UTF-8"?>
<!-- Generated by org.testng.reporters.JUnitXMLReporter -->
<testsuite ignored="6" hostname="Anuppa-VD3" failures="0" tests="2" name="SequencialTest" time="143.462" errors="0" timestamp="2024-11-06T12:19:27 IST">
  <testcase classname="PROD.ExhibitorPortalSmokeTest_PROD" name="TS001_EXP_VerifyExhibitorPortalLoginTest" time="65.828"/>
  <testcase classname="PROD.ExhibitorPortalSmokeTest_PROD" name="TS006_EXP_VerifyAllLinkUnderYourDigiShowroomTest" time="73.589"/>
  <testcase classname="PROD.ExhibitorPortalSmokeTest_PROD" name="TS002_EXP_VerifyNotificationsTabTest" time="0.0">
    <ignored/>
  </testcase> <!-- TS002_EXP_VerifyNotificationsTabTest -->
  <testcase classname="PROD.ExhibitorPortalSmokeTest_PROD" name="TS005_EXP_VerifyAllLinkUnderEXPApplicationsAndLeasesTest" time="0.0">
    <ignored/>
  </testcase> <!-- TS005_EXP_VerifyAllLinkUnderEXPApplicationsAndLeasesTest -->
  <testcase classname="PROD.ExhibitorPortalSmokeTest_PROD" name="TS008_EXP_VerifyExhibitorPortalFooterLinksTest" time="0.0">
    <ignored/>
  </testcase> <!-- TS008_EXP_VerifyExhibitorPortalFooterLinksTest -->
  <testcase classname="PROD.ExhibitorPortalSmokeTest_PROD" name="TS003_EXP_VerifySettingsTabTest" time="0.0">
    <ignored/>
  </testcase> <!-- TS003_EXP_VerifySettingsTabTest -->
  <testcase classname="PROD.ExhibitorPortalSmokeTest_PROD" name="TS007_EXP_VerifyAllLinkUnderEXPMarketTabTest" time="0.0">
    <ignored/>
  </testcase> <!-- TS007_EXP_VerifyAllLinkUnderEXPMarketTabTest -->
  <testcase classname="PROD.ExhibitorPortalSmokeTest_PROD" name="TS004_EXP_VerifyAllLinkUnderEXPRegistrationsAndServicesTabTest" time="0.0">
    <ignored/>
  </testcase> <!-- TS004_EXP_VerifyAllLinkUnderEXPRegistrationsAndServicesTabTest -->
</testsuite> <!-- SequencialTest -->
