<?xml version="1.0" encoding="UTF-8"?>
<!-- Generated by org.testng.reporters.JUnitXMLReporter -->
<testsuite hostname="NILAMMA-W10" name="SequencialTest" tests="3" failures="0" timestamp="12 May 2022 12:37:02 GMT" time="780.912" errors="0">
  <testcase name="TS001_VerifyMarketPlannerLoginTest" time="62.069" classname="PROD.AtlantaMarketSmokeTest_PROD"/>
  <testcase name="TS010_VerifyAllSocialMediaLinksOnFooterTest" time="73.746" classname="PROD.AtlantaMarketSmokeTest_PROD"/>
  <testcase name="TS011_VerifyFooterLinksTest" time="632.101" classname="PROD.AtlantaMarketSmokeTest_PROD"/>
</testsuite> <!-- SequencialTest -->
