<?xml version="1.0" encoding="UTF-8"?>
<!-- Generated by org.testng.reporters.JUnitXMLReporter -->
<testsuite hostname="NILAMMA-W10" name="SequencialTest" tests="2" failures="0" timestamp="18 Jan 2023 09:31:58 GMT" time="400.064" errors="0">
  <testcase name="TS012_VerifyAllLinksUnderAttendTabTest" time="214.174" classname="PROD.AtlantaMarketSmokeTest_PROD"/>
  <testcase name="TS013_VerifyAllNewsAndTrendsMenuTest" time="70.118" classname="PROD.AtlantaMarketSmokeTest_PROD"/>
</testsuite> <!-- SequencialTest -->
