<?xml version="1.0" encoding="UTF-8"?>
<!-- Generated by org.testng.reporters.JUnitXMLReporter -->
<testsuite hostname="NILAMMA-W10" name="SequencialTest" tests="13" failures="0" timestamp="9 Aug 2022 12:54:52 GMT" time="2047.062" errors="0">
  <testcase name="TS001_VerifyMarketPlannerLoginTest" time="34.502" classname="PROD.AtlantaAppSmokeTest_PROD"/>
  <testcase name="TS002_VerifyMarketPlannerProfileOptionTest" time="28.45" classname="PROD.AtlantaAppSmokeTest_PROD"/>
  <testcase name="TS003_VerifyMarketPlannerExhibitorPortalOptionTest" time="54.603" classname="PROD.AtlantaAppSmokeTest_PROD"/>
  <testcase name="TS004_VerifyGlobalSearchFunctionalityTest" time="52.844" classname="PROD.AtlantaAppSmokeTest_PROD"/>
  <testcase name="TS005_VerifyExhibitorDirectoryTest" time="204.454" classname="PROD.AtlantaAppSmokeTest_PROD"/>
  <testcase name="TS006_VerifyAllLinksUnderMarketsTabTest" time="299.409" classname="PROD.AtlantaAppSmokeTest_PROD"/>
  <testcase name="TS007_VerifyAllLinksUnderExhibitorsAndBrandsTabTest" time="67.213" classname="PROD.AtlantaAppSmokeTest_PROD"/>
  <testcase name="TS008_VerifyAllLinksUnderAttendTabTest" time="259.466" classname="PROD.AtlantaAppSmokeTest_PROD"/>
  <testcase name="TS009_VerifyAllLinksUnderFashionGalleryTabTest" time="118.583" classname="PROD.AtlantaAppSmokeTest_PROD"/>
  <testcase name="TS010_VerifyAllLinksUnderExhibitTabTest" time="92.019" classname="PROD.AtlantaAppSmokeTest_PROD"/>
  <testcase name="TS011_VerifyAllLinksUnderYearRoundTabTest" time="44.195" classname="PROD.AtlantaAppSmokeTest_PROD"/>
  <testcase name="TS012_VerifyFooterLinksTest" time="713.889" classname="PROD.AtlantaAppSmokeTest_PROD"/>
  <testcase name="TS013_VerifySocialMediaLinksTest" time="22.434" classname="PROD.AtlantaAppSmokeTest_PROD"/>
</testsuite> <!-- SequencialTest -->
