<?xml version="1.0" encoding="UTF-8"?>
<!-- Generated by org.testng.reporters.JUnitXMLReporter -->
<testsuite hostname="NILAMMA-W10" name="SequencialTest" tests="13" failures="2" timestamp="21 Jul 2022 14:54:30 GMT" time="1487.997" errors="0">
  <testcase name="TS001_VerifyMarketPlannerLoginTest" time="43.403" classname="PROD.LagVegasMarketSmokeTest_PROD"/>
  <testcase name="TS002_VerifAllLinksUnderExhibitTabTest" time="42.023" classname="PROD.LagVegasMarketSmokeTest_PROD"/>
  <testcase name="TS003_VerifyMarketPlannerProfileAndSettingsOptionTest" time="32.47" classname="PROD.LagVegasMarketSmokeTest_PROD"/>
  <testcase name="TS004_VerifyAllLinksUnderExhibitorsAndProductsTabTest" time="107.227" classname="PROD.LagVegasMarketSmokeTest_PROD"/>
  <testcase name="TS005_VerifyAllLinksUnderMarketInfoTabTest" time="177.923" classname="PROD.LagVegasMarketSmokeTest_PROD"/>
  <testcase name="TS006_VerifyHeaderChannelLinksTest" time="62.335" classname="PROD.LagVegasMarketSmokeTest_PROD"/>
  <testcase name="TS007_VerifyGlobalSearchFunctionalityTest" time="51.518" classname="PROD.LagVegasMarketSmokeTest_PROD">
    <failure type="org.openqa.selenium.NoSuchElementException" message="no such element: Unable to locate element: {&amp;quot;method&amp;quot;:&amp;quot;xpath&amp;quot;,&amp;quot;selector&amp;quot;:&amp;quot;//section[@class = &amp;apos;imc-searchform--section &amp;apos;]/span[1]/div[1]&amp;quot;}
  (Session info: chrome=102.0.5005.63)
For documentation on this error, please visit: http://seleniumhq.org/exceptions/no_such_element.html
Build info: version: &amp;apos;3.4.0&amp;apos;, revision: &amp;apos;unknown&amp;apos;, time: &amp;apos;unknown&amp;apos;
System info: host: &amp;apos;NILAMMA-W10&amp;apos;, ip: &amp;apos;192.168.68.2&amp;apos;, os.name: &amp;apos;Windows 10&amp;apos;, os.arch: &amp;apos;amd64&amp;apos;, os.version: &amp;apos;10.0&amp;apos;, java.version: &amp;apos;1.8.0_161&amp;apos;
Driver info: org.openqa.selenium.chrome.ChromeDriver
Capabilities [{networkConnectionEnabled=false, chrome={chromedriverVersion=102.0.5005.61 (0e59bcc00cc4985ce39ad31c150065f159d95ad3-refs/branch-heads/5005@{#819}), userDataDir=C:\Users\nilamma\AppData\Local\Temp\scoped_dir11420_2104601666}, timeouts={implicit=0.0, pageLoad=300000.0, script=30000.0}, pageLoadStrategy=normal, unhandledPromptBehavior=dismiss and notify, strictFileInteractability=false, platform=ANY, proxy=Proxy(), goog:chromeOptions={debuggerAddress=localhost:60136}, webauthn:extension:credBlob=true, acceptInsecureCerts=false, browserVersion=102.0.5005.63, browserName=chrome, javascriptEnabled=true, platformName=windows, setWindowRect=true, webauthn:extension:largeBlob=true, webauthn:virtualAuthenticators=true}]
Session ID: 556fcfe9a7d8a7a9e58e0a37e878199b
*** Element info: {Using=xpath, value=//section[@class = &amp;apos;imc-searchform--section &amp;apos;]/span[1]/div[1]}">
      <![CDATA[org.openqa.selenium.NoSuchElementException: no such element: Unable to locate element: {"method":"xpath","selector":"//section[@class = 'imc-searchform--section ']/span[1]/div[1]"}
  (Session info: chrome=102.0.5005.63)
For documentation on this error, please visit: http://seleniumhq.org/exceptions/no_such_element.html
Build info: version: '3.4.0', revision: 'unknown', time: 'unknown'
System info: host: 'NILAMMA-W10', ip: '192.168.68.2', os.name: 'Windows 10', os.arch: 'amd64', os.version: '10.0', java.version: '1.8.0_161'
Driver info: org.openqa.selenium.chrome.ChromeDriver
Capabilities [{networkConnectionEnabled=false, chrome={chromedriverVersion=102.0.5005.61 (0e59bcc00cc4985ce39ad31c150065f159d95ad3-refs/branch-heads/5005@{#819}), userDataDir=C:\Users\nilamma\AppData\Local\Temp\scoped_dir11420_2104601666}, timeouts={implicit=0.0, pageLoad=300000.0, script=30000.0}, pageLoadStrategy=normal, unhandledPromptBehavior=dismiss and notify, strictFileInteractability=false, platform=ANY, proxy=Proxy(), goog:chromeOptions={debuggerAddress=localhost:60136}, webauthn:extension:credBlob=true, acceptInsecureCerts=false, browserVersion=102.0.5005.63, browserName=chrome, javascriptEnabled=true, platformName=windows, setWindowRect=true, webauthn:extension:largeBlob=true, webauthn:virtualAuthenticators=true}]
Session ID: 556fcfe9a7d8a7a9e58e0a37e878199b
*** Element info: {Using=xpath, value=//section[@class = 'imc-searchform--section ']/span[1]/div[1]}
	at org.openqa.selenium.remote.http.W3CHttpResponseCodec.createException(W3CHttpResponseCodec.java:150)
	at org.openqa.selenium.remote.http.W3CHttpResponseCodec.decode(W3CHttpResponseCodec.java:115)
	at org.openqa.selenium.remote.http.W3CHttpResponseCodec.decode(W3CHttpResponseCodec.java:45)
	at org.openqa.selenium.remote.HttpCommandExecutor.execute(HttpCommandExecutor.java:164)
	at org.openqa.selenium.remote.service.DriverCommandExecutor.execute(DriverCommandExecutor.java:82)
	at org.openqa.selenium.remote.RemoteWebDriver.execute(RemoteWebDriver.java:637)
	at org.openqa.selenium.remote.RemoteWebDriver.findElement(RemoteWebDriver.java:410)
	at org.openqa.selenium.remote.RemoteWebDriver.findElementByXPath(RemoteWebDriver.java:509)
	at org.openqa.selenium.By$ByXPath.findElement(By.java:361)
	at org.openqa.selenium.remote.RemoteWebDriver.findElement(RemoteWebDriver.java:402)
	at pageObjects.LasVegasMarket.UXPGlobalSearchPage.getVerifyGlobalSeacrh(UXPGlobalSearchPage.java:42)
	at PROD.LagVegasMarketSmokeTest_PROD.TS007_VerifyGlobalSearchFunctionalityTest(LagVegasMarketSmokeTest_PROD.java:490)
... Removed 28 stack frames]]>
    </failure>
  </testcase> <!-- TS007_VerifyGlobalSearchFunctionalityTest -->
  <testcase name="TS008_VerifyFooterLinksTest" time="375.657" classname="PROD.LagVegasMarketSmokeTest_PROD"/>
  <testcase name="TS009_VerifyExhibitorDirectoryTest" time="29.365" classname="PROD.LagVegasMarketSmokeTest_PROD"/>
  <testcase name="TS010_VerifyAllLinksUnderAttendTabTest" time="217.966" classname="PROD.LagVegasMarketSmokeTest_PROD"/>
  <testcase name="TS012_VerifyAllSocialMediaLinksOnFooterTest" time="88.517" classname="PROD.LagVegasMarketSmokeTest_PROD"/>
  <testcase name="TS011_VerifyAllLinksUnderYearRoundTabTest" time="60.007" classname="PROD.LagVegasMarketSmokeTest_PROD">
    <failure type="org.openqa.selenium.WebDriverException" message="target frame detached
  (Session info: chrome=102.0.5005.63)
Build info: version: &amp;apos;3.4.0&amp;apos;, revision: &amp;apos;unknown&amp;apos;, time: &amp;apos;unknown&amp;apos;
System info: host: &amp;apos;NILAMMA-W10&amp;apos;, ip: &amp;apos;192.168.68.2&amp;apos;, os.name: &amp;apos;Windows 10&amp;apos;, os.arch: &amp;apos;amd64&amp;apos;, os.version: &amp;apos;10.0&amp;apos;, java.version: &amp;apos;1.8.0_161&amp;apos;
Driver info: org.openqa.selenium.chrome.ChromeDriver
Capabilities [{networkConnectionEnabled=false, chrome={chromedriverVersion=102.0.5005.61 (0e59bcc00cc4985ce39ad31c150065f159d95ad3-refs/branch-heads/5005@{#819}), userDataDir=C:\Users\nilamma\AppData\Local\Temp\scoped_dir11420_2104601666}, timeouts={implicit=0.0, pageLoad=300000.0, script=30000.0}, pageLoadStrategy=normal, unhandledPromptBehavior=dismiss and notify, strictFileInteractability=false, platform=ANY, proxy=Proxy(), goog:chromeOptions={debuggerAddress=localhost:60136}, webauthn:extension:credBlob=true, acceptInsecureCerts=false, browserVersion=102.0.5005.63, browserName=chrome, javascriptEnabled=true, platformName=windows, setWindowRect=true, webauthn:extension:largeBlob=true, webauthn:virtualAuthenticators=true}]
Session ID: 556fcfe9a7d8a7a9e58e0a37e878199b
*** Element info: {Using=xpath, value=//ul[@class = &amp;apos;imc-breadcrumb&amp;apos;]/li[3]/a[1]}">
      <![CDATA[org.openqa.selenium.WebDriverException: target frame detached
  (Session info: chrome=102.0.5005.63)
Build info: version: '3.4.0', revision: 'unknown', time: 'unknown'
System info: host: 'NILAMMA-W10', ip: '192.168.68.2', os.name: 'Windows 10', os.arch: 'amd64', os.version: '10.0', java.version: '1.8.0_161'
Driver info: org.openqa.selenium.chrome.ChromeDriver
Capabilities [{networkConnectionEnabled=false, chrome={chromedriverVersion=102.0.5005.61 (0e59bcc00cc4985ce39ad31c150065f159d95ad3-refs/branch-heads/5005@{#819}), userDataDir=C:\Users\nilamma\AppData\Local\Temp\scoped_dir11420_2104601666}, timeouts={implicit=0.0, pageLoad=300000.0, script=30000.0}, pageLoadStrategy=normal, unhandledPromptBehavior=dismiss and notify, strictFileInteractability=false, platform=ANY, proxy=Proxy(), goog:chromeOptions={debuggerAddress=localhost:60136}, webauthn:extension:credBlob=true, acceptInsecureCerts=false, browserVersion=102.0.5005.63, browserName=chrome, javascriptEnabled=true, platformName=windows, setWindowRect=true, webauthn:extension:largeBlob=true, webauthn:virtualAuthenticators=true}]
Session ID: 556fcfe9a7d8a7a9e58e0a37e878199b
*** Element info: {Using=xpath, value=//ul[@class = 'imc-breadcrumb']/li[3]/a[1]}
	at org.openqa.selenium.remote.http.W3CHttpResponseCodec.createException(W3CHttpResponseCodec.java:150)
	at org.openqa.selenium.remote.http.W3CHttpResponseCodec.decode(W3CHttpResponseCodec.java:115)
	at org.openqa.selenium.remote.http.W3CHttpResponseCodec.decode(W3CHttpResponseCodec.java:45)
	at org.openqa.selenium.remote.HttpCommandExecutor.execute(HttpCommandExecutor.java:164)
	at org.openqa.selenium.remote.service.DriverCommandExecutor.execute(DriverCommandExecutor.java:82)
	at org.openqa.selenium.remote.RemoteWebDriver.execute(RemoteWebDriver.java:637)
	at org.openqa.selenium.remote.RemoteWebDriver.findElement(RemoteWebDriver.java:410)
	at org.openqa.selenium.remote.RemoteWebDriver.findElementByXPath(RemoteWebDriver.java:509)
	at org.openqa.selenium.By$ByXPath.findElement(By.java:361)
	at org.openqa.selenium.remote.RemoteWebDriver.findElement(RemoteWebDriver.java:402)
	at pageObjects.LasVegasMarket.UXPExhibitorsAndProductsTabPage.getVerifyExhibitorDirectory(UXPExhibitorsAndProductsTabPage.java:75)
	at PROD.LagVegasMarketSmokeTest_PROD.TS011_VerifyAllLinksUnderYearRoundTabTest(LagVegasMarketSmokeTest_PROD.java:789)
... Removed 28 stack frames]]>
    </failure>
  </testcase> <!-- TS011_VerifyAllLinksUnderYearRoundTabTest -->
  <testcase name="TS013_VerifyAllLinksUnderExploreMarketTabTest" time="155.338" classname="PROD.LagVegasMarketSmokeTest_PROD"/>
</testsuite> <!-- SequencialTest -->
