<?xml version="1.0" encoding="UTF-8"?>
<!-- Generated by org.testng.reporters.JUnitXMLReporter -->
<testsuite hostname="Anuppa-VD3" name="SequencialTest" tests="13" failures="4" timestamp="11 May 2023 16:40:10 GMT" time="1415.87" errors="0">
  <testcase name="TS001_LVM_VerifyMarketPlannerLoginTest" time="32.106" classname="PROD.LagVegasMarketSmokeTest_PROD"/>
  <testcase name="TS002_LVM_VerifAllLinksUnderExhibitTabTest" time="42.772" classname="PROD.LagVegasMarketSmokeTest_PROD">
    <failure type="org.openqa.selenium.TimeoutException" message="Expected condition failed: waiting for visibility of element located by By.xpath: //a[contains(text(),&amp;apos;Juniper&amp;apos;)] (tried for 20 second(s) with 500 MILLISECONDS interval)">
      <![CDATA[org.openqa.selenium.TimeoutException: Expected condition failed: waiting for visibility of element located by By.xpath: //a[contains(text(),'Juniper')] (tried for 20 second(s) with 500 MILLISECONDS interval)
	at org.openqa.selenium.support.ui.WebDriverWait.timeoutException(WebDriverWait.java:80)
	at org.openqa.selenium.support.ui.FluentWait.until(FluentWait.java:232)
	at pageObjects.LasVegasMarket.UXPExhibitPage.getJuniperMenu(UXPExhibitPage.java:72)
	at PROD.LagVegasMarketSmokeTest_PROD.TS002_LVM_VerifAllLinksUnderExhibitTabTest(LagVegasMarketSmokeTest_PROD.java:188)
Caused by: org.openqa.selenium.NoSuchElementException: Cannot locate an element using By.xpath: //a[contains(text(),'Juniper')]
For documentation on this error, please visit: http://seleniumhq.org/exceptions/no_such_element.html
Build info: version: '3.4.0', revision: 'unknown', time: 'unknown'
System info: host: 'ANUPPA-VD3', ip: '172.27.182.66', os.name: 'Windows 10', os.arch: 'amd64', os.version: '10.0', java.version: '1.8.0_361'
Driver info: driver.version: unknown
	at org.openqa.selenium.support.ui.ExpectedConditions.lambda$findElement$0(ExpectedConditions.java:883)
	at java.util.Optional.orElseThrow(Unknown Source)
	at org.openqa.selenium.support.ui.ExpectedConditions.findElement(ExpectedConditions.java:882)
	at org.openqa.selenium.support.ui.ExpectedConditions.access$000(ExpectedConditions.java:44)
	at org.openqa.selenium.support.ui.ExpectedConditions$7.apply(ExpectedConditions.java:206)
	at org.openqa.selenium.support.ui.ExpectedConditions$7.apply(ExpectedConditions.java:202)
	at org.openqa.selenium.support.ui.FluentWait.until(FluentWait.java:209)
	... 26 more
... Removed 24 stack frames]]>
    </failure>
  </testcase> <!-- TS002_LVM_VerifAllLinksUnderExhibitTabTest -->
  <testcase name="TS003_LVM_VerifyMarketPlannerProfileAndSettingsOptionTest" time="12.647" classname="PROD.LagVegasMarketSmokeTest_PROD"/>
  <testcase name="TS004_LVM_VerifyAllLinksUnderExhibitorsAndProductsTabTest" time="63.556" classname="PROD.LagVegasMarketSmokeTest_PROD">
    <failure type="org.openqa.selenium.TimeoutException" message="Expected condition failed: waiting for element to be clickable: By.xpath: //a[contains(text(), &amp;apos;JuniperMarket&amp;apos;)] (tried for 20 second(s) with 500 MILLISECONDS interval)">
      <![CDATA[org.openqa.selenium.TimeoutException: Expected condition failed: waiting for element to be clickable: By.xpath: //a[contains(text(), 'JuniperMarket')] (tried for 20 second(s) with 500 MILLISECONDS interval)
	at org.openqa.selenium.support.ui.WebDriverWait.timeoutException(WebDriverWait.java:80)
	at org.openqa.selenium.support.ui.FluentWait.until(FluentWait.java:232)
	at pageObjects.LasVegasMarket.UXPExhibitorsAndProductsTabPage.getJuniperMarketProd(UXPExhibitorsAndProductsTabPage.java:85)
	at PROD.LagVegasMarketSmokeTest_PROD.TS004_LVM_VerifyAllLinksUnderExhibitorsAndProductsTabTest(LagVegasMarketSmokeTest_PROD.java:281)
Caused by: org.openqa.selenium.NoSuchElementException: Cannot locate an element using By.xpath: //a[contains(text(), 'JuniperMarket')]
For documentation on this error, please visit: http://seleniumhq.org/exceptions/no_such_element.html
Build info: version: '3.4.0', revision: 'unknown', time: 'unknown'
System info: host: 'ANUPPA-VD3', ip: '172.27.182.66', os.name: 'Windows 10', os.arch: 'amd64', os.version: '10.0', java.version: '1.8.0_361'
Driver info: driver.version: unknown
	at org.openqa.selenium.support.ui.ExpectedConditions.lambda$findElement$0(ExpectedConditions.java:883)
	at java.util.Optional.orElseThrow(Unknown Source)
	at org.openqa.selenium.support.ui.ExpectedConditions.findElement(ExpectedConditions.java:882)
	at org.openqa.selenium.support.ui.ExpectedConditions.access$000(ExpectedConditions.java:44)
	at org.openqa.selenium.support.ui.ExpectedConditions$7.apply(ExpectedConditions.java:206)
	at org.openqa.selenium.support.ui.ExpectedConditions$7.apply(ExpectedConditions.java:202)
	at org.openqa.selenium.support.ui.ExpectedConditions$22.apply(ExpectedConditions.java:644)
	at org.openqa.selenium.support.ui.ExpectedConditions$22.apply(ExpectedConditions.java:641)
	at org.openqa.selenium.support.ui.FluentWait.until(FluentWait.java:209)
	... 26 more
... Removed 24 stack frames]]>
    </failure>
  </testcase> <!-- TS004_LVM_VerifyAllLinksUnderExhibitorsAndProductsTabTest -->
  <testcase name="TS005_LVM_VerifyAllLinksUnderMarketInfoTabTest" time="45.497" classname="PROD.LagVegasMarketSmokeTest_PROD"/>
  <testcase name="TS013_LVM_VerifyAllLinksUnderExploreMarketTabTest" time="31.476" classname="PROD.LagVegasMarketSmokeTest_PROD"/>
  <testcase name="TS007_LVM_VerifyAllLinksUnderAttendTabTest" time="186.628" classname="PROD.LagVegasMarketSmokeTest_PROD"/>
  <testcase name="TS008_LVM_VerifyFooterLinksTest" time="739.309" classname="PROD.LagVegasMarketSmokeTest_PROD"/>
  <testcase name="TS009_LVM_VerifyExhibitorDirectoryTest" time="9.049" classname="PROD.LagVegasMarketSmokeTest_PROD">
    <failure type="java.lang.AssertionError">
      <![CDATA[java.lang.AssertionError
	at org.junit.Assert.fail(Assert.java:86)
	at org.junit.Assert.assertTrue(Assert.java:41)
	at org.junit.Assert.assertTrue(Assert.java:52)
	at PROD.LagVegasMarketSmokeTest_PROD.TS009_LVM_VerifyExhibitorDirectoryTest(LagVegasMarketSmokeTest_PROD.java:678)
... Removed 24 stack frames]]>
    </failure>
  </testcase> <!-- TS009_LVM_VerifyExhibitorDirectoryTest -->
  <testcase name="TS010_LVM_VerifyGlobalSearchFunctionalityTest" time="3.687" classname="PROD.LagVegasMarketSmokeTest_PROD"/>
  <testcase name="TS012_LVM_VerifyAllSocialMediaLinksOnFooterTest" time="6.614" classname="PROD.LagVegasMarketSmokeTest_PROD"/>
  <testcase name="TS006_LVM_VerifyHeaderChannelLinksTest" time="170.75" classname="PROD.LagVegasMarketSmokeTest_PROD"/>
  <testcase name="TS011_LVM_VerifyAllLinksUnderYearRoundTabTest" time="32.983" classname="PROD.LagVegasMarketSmokeTest_PROD">
    <failure type="org.openqa.selenium.TimeoutException" message="Expected condition failed: waiting for visibility of element located by By.xpath: //div[@class =&amp;apos;imc-section&amp;apos;]/div[1]/div[6]/div[2] (tried for 20 second(s) with 500 MILLISECONDS interval)">
      <![CDATA[org.openqa.selenium.TimeoutException: Expected condition failed: waiting for visibility of element located by By.xpath: //div[@class ='imc-section']/div[1]/div[6]/div[2] (tried for 20 second(s) with 500 MILLISECONDS interval)
	at org.openqa.selenium.support.ui.WebDriverWait.timeoutException(WebDriverWait.java:80)
	at org.openqa.selenium.support.ui.FluentWait.until(FluentWait.java:232)
	at pageObjects.LasVegasMarket.UXPYearRoundPage.getVerifyYearRoundSection(UXPYearRoundPage.java:91)
	at PROD.LagVegasMarketSmokeTest_PROD.TS011_LVM_VerifyAllLinksUnderYearRoundTabTest(LagVegasMarketSmokeTest_PROD.java:791)
Caused by: org.openqa.selenium.NoSuchElementException: Cannot locate an element using By.xpath: //div[@class ='imc-section']/div[1]/div[6]/div[2]
For documentation on this error, please visit: http://seleniumhq.org/exceptions/no_such_element.html
Build info: version: '3.4.0', revision: 'unknown', time: 'unknown'
System info: host: 'ANUPPA-VD3', ip: '172.27.182.66', os.name: 'Windows 10', os.arch: 'amd64', os.version: '10.0', java.version: '1.8.0_361'
Driver info: driver.version: unknown
	at org.openqa.selenium.support.ui.ExpectedConditions.lambda$findElement$0(ExpectedConditions.java:883)
	at java.util.Optional.orElseThrow(Unknown Source)
	at org.openqa.selenium.support.ui.ExpectedConditions.findElement(ExpectedConditions.java:882)
	at org.openqa.selenium.support.ui.ExpectedConditions.access$000(ExpectedConditions.java:44)
	at org.openqa.selenium.support.ui.ExpectedConditions$7.apply(ExpectedConditions.java:206)
	at org.openqa.selenium.support.ui.ExpectedConditions$7.apply(ExpectedConditions.java:202)
	at org.openqa.selenium.support.ui.FluentWait.until(FluentWait.java:209)
	... 26 more
... Removed 24 stack frames]]>
    </failure>
  </testcase> <!-- TS011_LVM_VerifyAllLinksUnderYearRoundTabTest -->
</testsuite> <!-- SequencialTest -->
