<?xml version="1.0" encoding="UTF-8"?>
<!-- Generated by org.testng.reporters.JUnitXMLReporter -->
<testsuite hostname="NILAMMA-W10" name="SequencialTest" tests="68" failures="0" timestamp="10 May 2022 05:49:03 GMT" time="63.553" errors="0">
  <testcase name="@BeforeTest initialize" time="0.0" classname="americasmart.AmericasMartSmokeTest_PROD">
    <failure type="java.lang.NullPointerException">
      <![CDATA[java.lang.NullPointerException
	at atlantaapparel.AtlantaAppSmokeTest_PROD.initialize(AtlantaAppSmokeTest_PROD.java:111)
... Removed 22 stack frames]]>
    </failure>
  </testcase> <!-- @BeforeTest initialize -->
  <testcase name="@BeforeTest initialize" time="0.0" classname="americasmart.AmericasMartSmokeTest_PROD">
    <skipped/>
  </testcase> <!-- @BeforeTest initialize -->
  <testcase name="@BeforeTest initialize" time="0.0" classname="americasmart.AmericasMartSmokeTest_PROD">
    <skipped/>
  </testcase> <!-- @BeforeTest initialize -->
  <testcase name="@BeforeTest initialize" time="0.0" classname="americasmart.AmericasMartSmokeTest_PROD">
    <skipped/>
  </testcase> <!-- @BeforeTest initialize -->
  <testcase name="@BeforeTest initialize" time="0.0" classname="americasmart.AmericasMartSmokeTest_PROD">
    <skipped/>
  </testcase> <!-- @BeforeTest initialize -->
  <testcase name="TS001_VerifyMarketPlannerLoginTest" time="0.059" classname="lasvegasmarket.LagVegasMarketSmokeTest_PROD">
    <skipped/>
  </testcase> <!-- TS001_VerifyMarketPlannerLoginTest -->
  <testcase name="TS002_VerifAllLinksUnderExhibitTabTest" time="0.182" classname="lasvegasmarket.LagVegasMarketSmokeTest_PROD">
    <skipped/>
  </testcase> <!-- TS002_VerifAllLinksUnderExhibitTabTest -->
  <testcase name="TS003_VerifyMarketPlannerProfileAndSettingsOptionTest" time="0.006" classname="lasvegasmarket.LagVegasMarketSmokeTest_PROD">
    <skipped/>
  </testcase> <!-- TS003_VerifyMarketPlannerProfileAndSettingsOptionTest -->
  <testcase name="TS004_VerifyAllLinksUnderExhibitorsAndProductsTabTest" time="0.006" classname="lasvegasmarket.LagVegasMarketSmokeTest_PROD">
    <skipped/>
  </testcase> <!-- TS004_VerifyAllLinksUnderExhibitorsAndProductsTabTest -->
  <testcase name="TS005_VerifyAllLinksUnderMarketInfoTabTest" time="0.007" classname="lasvegasmarket.LagVegasMarketSmokeTest_PROD">
    <skipped/>
  </testcase> <!-- TS005_VerifyAllLinksUnderMarketInfoTabTest -->
  <testcase name="TS006_VerifyAllLinksUnderExploreMarketTabTest" time="0.008" classname="lasvegasmarket.LagVegasMarketSmokeTest_PROD">
    <skipped/>
  </testcase> <!-- TS006_VerifyAllLinksUnderExploreMarketTabTest -->
  <testcase name="TS007_VerifyGlobalSearchFunctionalityTest" time="0.01" classname="lasvegasmarket.LagVegasMarketSmokeTest_PROD">
    <skipped/>
  </testcase> <!-- TS007_VerifyGlobalSearchFunctionalityTest -->
  <testcase name="TS008_VerifyFooterLinksTest" time="0.003" classname="lasvegasmarket.LagVegasMarketSmokeTest_PROD">
    <skipped/>
  </testcase> <!-- TS008_VerifyFooterLinksTest -->
  <testcase name="TS009_VerifyExhibitorDirectoryTest" time="0.185" classname="lasvegasmarket.LagVegasMarketSmokeTest_PROD">
    <skipped/>
  </testcase> <!-- TS009_VerifyExhibitorDirectoryTest -->
  <testcase name="TS010_VerifyAllLinksUnderAttendTabTest" time="0.011" classname="lasvegasmarket.LagVegasMarketSmokeTest_PROD">
    <skipped/>
  </testcase> <!-- TS010_VerifyAllLinksUnderAttendTabTest -->
  <testcase name="TS011_VerifyAllLinksUnderYearRoundTabTest" time="0.003" classname="lasvegasmarket.LagVegasMarketSmokeTest_PROD">
    <skipped/>
  </testcase> <!-- TS011_VerifyAllLinksUnderYearRoundTabTest -->
  <testcase name="TS013_VerifyAllSocialMediaLinksOnFooterTest" time="0.007" classname="lasvegasmarket.LagVegasMarketSmokeTest_PROD">
    <skipped/>
  </testcase> <!-- TS013_VerifyAllSocialMediaLinksOnFooterTest -->
  <testcase name="TS012_VerifyHeaderChannelLinksTest" time="0.005" classname="lasvegasmarket.LagVegasMarketSmokeTest_PROD">
    <skipped/>
  </testcase> <!-- TS012_VerifyHeaderChannelLinksTest -->
  <testcase name="TS001_VerifyMarketPlannerLoginTest" time="0.03" classname="atlantamarket.AtlantaMarketSmokeTest_PROD">
    <skipped/>
  </testcase> <!-- TS001_VerifyMarketPlannerLoginTest -->
  <testcase name="TS002_VerifyMarketPlannerProfileAndSettingsOptionTest" time="0.005" classname="atlantamarket.AtlantaMarketSmokeTest_PROD">
    <skipped/>
  </testcase> <!-- TS002_VerifyMarketPlannerProfileAndSettingsOptionTest -->
  <testcase name="TS003_VerifyGlobalSearchFunctionalityTest" time="0.003" classname="atlantamarket.AtlantaMarketSmokeTest_PROD">
    <skipped/>
  </testcase> <!-- TS003_VerifyGlobalSearchFunctionalityTest -->
  <testcase name="TS004_VerifyMarketPlannerRegistrationsOptionTest" time="0.117" classname="atlantamarket.AtlantaMarketSmokeTest_PROD">
    <skipped/>
  </testcase> <!-- TS004_VerifyMarketPlannerRegistrationsOptionTest -->
  <testcase name="TS005_VerifyExhibitorDirectoryTest" time="0.002" classname="atlantamarket.AtlantaMarketSmokeTest_PROD">
    <skipped/>
  </testcase> <!-- TS005_VerifyExhibitorDirectoryTest -->
  <testcase name="TS008_VerifAllLinksUnderExhibitTabTest" time="0.017" classname="atlantamarket.AtlantaMarketSmokeTest_PROD">
    <skipped/>
  </testcase> <!-- TS008_VerifAllLinksUnderExhibitTabTest -->
  <testcase name="TS007_VerifyAllLinksUnderExhibitorsAndProductsTabTest" time="0.012" classname="atlantamarket.AtlantaMarketSmokeTest_PROD">
    <skipped/>
  </testcase> <!-- TS007_VerifyAllLinksUnderExhibitorsAndProductsTabTest -->
  <testcase name="TS006_VerifyAllLinksUnderMarketInfoTabTest" time="0.01" classname="atlantamarket.AtlantaMarketSmokeTest_PROD">
    <skipped/>
  </testcase> <!-- TS006_VerifyAllLinksUnderMarketInfoTabTest -->
  <testcase name="TS009_VerifyAllChannelsLinksTest" time="0.009" classname="atlantamarket.AtlantaMarketSmokeTest_PROD">
    <skipped/>
  </testcase> <!-- TS009_VerifyAllChannelsLinksTest -->
  <testcase name="TS010_VerifyAllSocialMediaLinksOnFooterTest" time="0.007" classname="atlantamarket.AtlantaMarketSmokeTest_PROD">
    <skipped/>
  </testcase> <!-- TS010_VerifyAllSocialMediaLinksOnFooterTest -->
  <testcase name="TS011_VerifyFooterLinksTest" time="0.002" classname="atlantamarket.AtlantaMarketSmokeTest_PROD">
    <skipped/>
  </testcase> <!-- TS011_VerifyFooterLinksTest -->
  <testcase name="TS012_VerifyAllLinksUnderAttendTabTest" time="0.005" classname="atlantamarket.AtlantaMarketSmokeTest_PROD">
    <skipped/>
  </testcase> <!-- TS012_VerifyAllLinksUnderAttendTabTest -->
  <testcase name="TS013_VerifyAllNewsAndTrendsMenuTest" time="0.004" classname="atlantamarket.AtlantaMarketSmokeTest_PROD">
    <skipped/>
  </testcase> <!-- TS013_VerifyAllNewsAndTrendsMenuTest -->
  <testcase name="TS001_VerifyMarketPlannerLoginTest" time="0.294" classname="americasmart.AmericasMartSmokeTest_PROD">
    <skipped/>
  </testcase> <!-- TS001_VerifyMarketPlannerLoginTest -->
  <testcase name="TS002_VerifyMarketPlannerProfileAndSettingsOptionTest" time="0.015" classname="americasmart.AmericasMartSmokeTest_PROD">
    <skipped/>
  </testcase> <!-- TS002_VerifyMarketPlannerProfileAndSettingsOptionTest -->
  <testcase name="TS003_VerifyMarketPlannerExhibitorPortalOptionTest" time="0.005" classname="americasmart.AmericasMartSmokeTest_PROD">
    <skipped/>
  </testcase> <!-- TS003_VerifyMarketPlannerExhibitorPortalOptionTest -->
  <testcase name="TS004_VerifyAllLinksUnderExhibitTest" time="0.008" classname="americasmart.AmericasMartSmokeTest_PROD">
    <skipped/>
  </testcase> <!-- TS004_VerifyAllLinksUnderExhibitTest -->
  <testcase name="TS005_VerifyAllLinksUnderAboutTabTest" time="0.023" classname="americasmart.AmericasMartSmokeTest_PROD">
    <skipped/>
  </testcase> <!-- TS005_VerifyAllLinksUnderAboutTabTest -->
  <testcase name="TS006_VerifyAllHeaderChanelLinksTest" time="0.003" classname="americasmart.AmericasMartSmokeTest_PROD">
    <skipped/>
  </testcase> <!-- TS006_VerifyAllHeaderChanelLinksTest -->
  <testcase name="TS007_VerifyAllLinksUnderMarketsAndEventsTabTest" time="0.005" classname="americasmart.AmericasMartSmokeTest_PROD">
    <skipped/>
  </testcase> <!-- TS007_VerifyAllLinksUnderMarketsAndEventsTabTest -->
  <testcase name="TS008_VerifyFooterLinksTest" time="0.002" classname="americasmart.AmericasMartSmokeTest_PROD">
    <skipped/>
  </testcase> <!-- TS008_VerifyFooterLinksTest -->
  <testcase name="TS009_VerifyGlobalSearchFunctionalityTest" time="0.044" classname="americasmart.AmericasMartSmokeTest_PROD">
    <skipped/>
  </testcase> <!-- TS009_VerifyGlobalSearchFunctionalityTest -->
  <testcase name="TS010_VerifyAllLinksUnderOpenYearRoundTest" time="0.007" classname="americasmart.AmericasMartSmokeTest_PROD">
    <skipped/>
  </testcase> <!-- TS010_VerifyAllLinksUnderOpenYearRoundTest -->
  <testcase name="TS011_VerifyExhibitorDirectoryTest" time="0.001" classname="americasmart.AmericasMartSmokeTest_PROD">
    <skipped/>
  </testcase> <!-- TS011_VerifyExhibitorDirectoryTest -->
  <testcase name="TS012_VerifyAllSocialMediaLinksOnFooterTest" time="0.002" classname="americasmart.AmericasMartSmokeTest_PROD">
    <skipped/>
  </testcase> <!-- TS012_VerifyAllSocialMediaLinksOnFooterTest -->
  <testcase name="TS001_VerifyMarketPlannerLoginTest" time="0.002" classname="atlantaapparel.AtlantaAppSmokeTest_PROD">
    <skipped/>
  </testcase> <!-- TS001_VerifyMarketPlannerLoginTest -->
  <testcase name="TS002_VerifyMarketPlannerProfileOptionTest" time="0.018" classname="atlantaapparel.AtlantaAppSmokeTest_PROD">
    <skipped/>
  </testcase> <!-- TS002_VerifyMarketPlannerProfileOptionTest -->
  <testcase name="TS003_VerifyMarketPlannerExhibitorPortalOptionTest" time="0.008" classname="atlantaapparel.AtlantaAppSmokeTest_PROD">
    <skipped/>
  </testcase> <!-- TS003_VerifyMarketPlannerExhibitorPortalOptionTest -->
  <testcase name="TS004_VerifyGlobalSearchFunctionalityTest" time="0.004" classname="atlantaapparel.AtlantaAppSmokeTest_PROD">
    <skipped/>
  </testcase> <!-- TS004_VerifyGlobalSearchFunctionalityTest -->
  <testcase name="TS005_VerifyExhibitorDirectoryTest" time="0.003" classname="atlantaapparel.AtlantaAppSmokeTest_PROD">
    <skipped/>
  </testcase> <!-- TS005_VerifyExhibitorDirectoryTest -->
  <testcase name="TS006_VerifyAllLinksUnderMarketsTabTest" time="0.004" classname="atlantaapparel.AtlantaAppSmokeTest_PROD">
    <skipped/>
  </testcase> <!-- TS006_VerifyAllLinksUnderMarketsTabTest -->
  <testcase name="TS007_VerifyAllLinksUnderExhibitorsAndBrandsTabTest" time="0.002" classname="atlantaapparel.AtlantaAppSmokeTest_PROD">
    <skipped/>
  </testcase> <!-- TS007_VerifyAllLinksUnderExhibitorsAndBrandsTabTest -->
  <testcase name="TS008_VerifyAllLinksUnderAttendTabTest" time="0.007" classname="atlantaapparel.AtlantaAppSmokeTest_PROD">
    <skipped/>
  </testcase> <!-- TS008_VerifyAllLinksUnderAttendTabTest -->
  <testcase name="TS009_VerifyAllLinksUnderFashionGalleryTabTest" time="0.005" classname="atlantaapparel.AtlantaAppSmokeTest_PROD">
    <skipped/>
  </testcase> <!-- TS009_VerifyAllLinksUnderFashionGalleryTabTest -->
  <testcase name="TS010_VerifyAllLinksUnderExhibitTabTest" time="0.001" classname="atlantaapparel.AtlantaAppSmokeTest_PROD">
    <skipped/>
  </testcase> <!-- TS010_VerifyAllLinksUnderExhibitTabTest -->
  <testcase name="TS011_VerifyAllLinksUnderYearRoundTabTest" time="0.128" classname="atlantaapparel.AtlantaAppSmokeTest_PROD">
    <skipped/>
  </testcase> <!-- TS011_VerifyAllLinksUnderYearRoundTabTest -->
  <testcase name="TS012_VerifyFooterLinksTest" time="0.009" classname="atlantaapparel.AtlantaAppSmokeTest_PROD">
    <skipped/>
  </testcase> <!-- TS012_VerifyFooterLinksTest -->
  <testcase name="TS013_VerifySocialMediaLinksTest" time="0.004" classname="atlantaapparel.AtlantaAppSmokeTest_PROD">
    <skipped/>
  </testcase> <!-- TS013_VerifySocialMediaLinksTest -->
  <testcase name="TS001_VerifyExhibitorPortalLoginTest" time="0.002" classname="exhibitorportal.ExhibitorPortalSmokeTest_PROD">
    <skipped/>
  </testcase> <!-- TS001_VerifyExhibitorPortalLoginTest -->
  <testcase name="TS002_VerifyNotificationsTabTest" time="0.003" classname="exhibitorportal.ExhibitorPortalSmokeTest_PROD">
    <skipped/>
  </testcase> <!-- TS002_VerifyNotificationsTabTest -->
  <testcase name="TS003_VerifySettingsTabTest" time="0.002" classname="exhibitorportal.ExhibitorPortalSmokeTest_PROD">
    <skipped/>
  </testcase> <!-- TS003_VerifySettingsTabTest -->
  <testcase name="TS004_VerifyAllLinkUnderEXPRegistrationsAndServicesTabTest" time="0.002" classname="exhibitorportal.ExhibitorPortalSmokeTest_PROD">
    <skipped/>
  </testcase> <!-- TS004_VerifyAllLinkUnderEXPRegistrationsAndServicesTabTest -->
  <testcase name="TS005_VerifyAllLinkUnderEXPApplicationsAndLeasesTest" time="0.001" classname="exhibitorportal.ExhibitorPortalSmokeTest_PROD">
    <skipped/>
  </testcase> <!-- TS005_VerifyAllLinkUnderEXPApplicationsAndLeasesTest -->
  <testcase name="TS006_VerifyAllLinkUnderYourDigiShowroomTest" time="0.002" classname="exhibitorportal.ExhibitorPortalSmokeTest_PROD">
    <skipped/>
  </testcase> <!-- TS006_VerifyAllLinkUnderYourDigiShowroomTest -->
  <testcase name="TS007_VerifyAllLinkUnderEXPMarketTabTest" time="0.008" classname="exhibitorportal.ExhibitorPortalSmokeTest_PROD">
    <skipped/>
  </testcase> <!-- TS007_VerifyAllLinkUnderEXPMarketTabTest -->
  <testcase name="TS008_VerifyExhibitorPortalFooterLinksTest" time="0.006" classname="exhibitorportal.ExhibitorPortalSmokeTest_PROD">
    <skipped/>
  </testcase> <!-- TS008_VerifyExhibitorPortalFooterLinksTest -->
  <testcase name="TS001_VerifySitecoreLoginTest" time="0.004" classname="sitecore.SitecoreSmokeTest_PROD">
    <skipped/>
  </testcase> <!-- TS001_VerifySitecoreLoginTest -->
  <testcase name="TS002_VerifyContentEditorTest" time="0.17" classname="sitecore.SitecoreSmokeTest_PROD">
    <skipped/>
  </testcase> <!-- TS002_VerifyContentEditorTest -->
  <testcase name="TS003_VerifyDigitalAdminPanelTest" time="0.002" classname="sitecore.SitecoreSmokeTest_PROD">
    <skipped/>
  </testcase> <!-- TS003_VerifyDigitalAdminPanelTest -->
  <testcase name="TS004_VerifyShowSpecialApprovalsTest" time="0.002" classname="sitecore.SitecoreSmokeTest_PROD">
    <skipped/>
  </testcase> <!-- TS004_VerifyShowSpecialApprovalsTest -->
  <testcase name="TS005_VerifyExhibitorEventsApprovalTest" time="0.022" classname="sitecore.SitecoreSmokeTest_PROD">
    <skipped/>
  </testcase> <!-- TS005_VerifyExhibitorEventsApprovalTest -->
  <testcase name="TS006_VerifyIMCReportsTest" time="0.004" classname="sitecore.SitecoreSmokeTest_PROD">
    <skipped/>
  </testcase> <!-- TS006_VerifyIMCReportsTest -->
  <testcase name="TS007_VerifyTaxonomyManagerTest" time="0.004" classname="sitecore.SitecoreSmokeTest_PROD">
    <skipped/>
  </testcase> <!-- TS007_VerifyTaxonomyManagerTest -->
  <testcase name="TS008_VerifyEmailExperienceManagerTest" time="0.002" classname="sitecore.SitecoreSmokeTest_PROD">
    <skipped/>
  </testcase> <!-- TS008_VerifyEmailExperienceManagerTest -->
  <testcase name="TS009_VerifyControlPanelTest" time="0.001" classname="sitecore.SitecoreSmokeTest_PROD">
    <skipped/>
  </testcase> <!-- TS009_VerifyControlPanelTest -->
</testsuite> <!-- SequencialTest -->
