<?xml version="1.0" encoding="UTF-8"?>
<!-- Generated by org.testng.reporters.JUnitXMLReporter -->
<testsuite hostname="NILAMMA-W10" name="SequencialTest" tests="2" failures="2" timestamp="30 Aug 2022 10:28:24 GMT" time="158.963" errors="0">
  <testcase name="TS006_VerifyAllLinksUnderMarketsTabTest" time="121.496" classname="PROD.AtlantaAppSmokeTest_PROD">
    <failure type="org.openqa.selenium.TimeoutException" message="Expected condition failed: waiting for element to be clickable: By.xpath: //div[@class =&amp;apos;imc-section&amp;apos;]/div[1]/div[1]/div[1]/a[1] (tried for 20 second(s) with 500 MILLISECONDS interval)">
      <![CDATA[org.openqa.selenium.TimeoutException: Expected condition failed: waiting for element to be clickable: By.xpath: //div[@class ='imc-section']/div[1]/div[1]/div[1]/a[1] (tried for 20 second(s) with 500 MILLISECONDS interval)
	at org.openqa.selenium.support.ui.WebDriverWait.timeoutException(WebDriverWait.java:80)
	at org.openqa.selenium.support.ui.FluentWait.until(FluentWait.java:232)
	at pageObjects.LasVegasMarket.UXPMarketInfoPage.getMarketInfoHeader(UXPMarketInfoPage.java:44)
	at PROD.AtlantaAppSmokeTest_PROD.TS006_VerifyAllLinksUnderMarketsTabTest(AtlantaAppSmokeTest_PROD.java:367)
Caused by: org.openqa.selenium.NoSuchElementException: Cannot locate an element using By.xpath: //div[@class ='imc-section']/div[1]/div[1]/div[1]/a[1]
For documentation on this error, please visit: http://seleniumhq.org/exceptions/no_such_element.html
Build info: version: '3.4.0', revision: 'unknown', time: 'unknown'
System info: host: 'NILAMMA-W10', ip: '192.168.68.2', os.name: 'Windows 10', os.arch: 'amd64', os.version: '10.0', java.version: '1.8.0_161'
Driver info: driver.version: unknown
	at org.openqa.selenium.support.ui.ExpectedConditions.lambda$findElement$0(ExpectedConditions.java:883)
	at java.util.Optional.orElseThrow(Unknown Source)
	at org.openqa.selenium.support.ui.ExpectedConditions.findElement(ExpectedConditions.java:882)
	at org.openqa.selenium.support.ui.ExpectedConditions.access$000(ExpectedConditions.java:44)
	at org.openqa.selenium.support.ui.ExpectedConditions$7.apply(ExpectedConditions.java:206)
	at org.openqa.selenium.support.ui.ExpectedConditions$7.apply(ExpectedConditions.java:202)
	at org.openqa.selenium.support.ui.ExpectedConditions$22.apply(ExpectedConditions.java:644)
	at org.openqa.selenium.support.ui.ExpectedConditions$22.apply(ExpectedConditions.java:641)
	at org.openqa.selenium.support.ui.FluentWait.until(FluentWait.java:209)
	... 26 more
... Removed 24 stack frames]]>
    </failure>
  </testcase> <!-- TS006_VerifyAllLinksUnderMarketsTabTest -->
  <testcase name="TS007_VerifyAllLinksUnderExhibitorsAndBrandsTabTest" time="8.491" classname="PROD.AtlantaAppSmokeTest_PROD">
    <failure type="java.lang.NullPointerException">
      <![CDATA[java.lang.NullPointerException
	at org.openqa.selenium.remote.RemoteWebDriver.findElements(RemoteWebDriver.java:446)
	at org.openqa.selenium.remote.RemoteWebDriver.findElementsByXPath(RemoteWebDriver.java:513)
	at org.openqa.selenium.By$ByXPath.findElements(By.java:356)
	at org.openqa.selenium.remote.RemoteWebDriver.findElements(RemoteWebDriver.java:398)
	at org.openqa.selenium.support.ui.ExpectedConditions.findElements(ExpectedConditions.java:901)
	at org.openqa.selenium.support.ui.ExpectedConditions.access$200(ExpectedConditions.java:44)
	at org.openqa.selenium.support.ui.ExpectedConditions$8.apply(ExpectedConditions.java:232)
	at org.openqa.selenium.support.ui.ExpectedConditions$8.apply(ExpectedConditions.java:229)
	at org.openqa.selenium.support.ui.FluentWait.until(FluentWait.java:209)
	at pageObjects.LasVegasMarket.UXPExhibitorsAndProductsTabPage.getExhibitorsAndProducts(UXPExhibitorsAndProductsTabPage.java:38)
	at PROD.AtlantaAppSmokeTest_PROD.TS007_VerifyAllLinksUnderExhibitorsAndBrandsTabTest(AtlantaAppSmokeTest_PROD.java:411)
... Removed 24 stack frames]]>
    </failure>
  </testcase> <!-- TS007_VerifyAllLinksUnderExhibitorsAndBrandsTabTest -->
</testsuite> <!-- SequencialTest -->
