<?xml version="1.0" encoding="UTF-8"?>
<!-- Generated by org.testng.reporters.JUnitXMLReporter -->
<testsuite hostname="swapnili" name="SequencialTest" tests="1" failures="1" timestamp="21 Jul 2022 11:22:56 GMT" time="68.906" errors="0">
  <testcase name="TS008_VerifyFooterLinksTest" time="54.349" classname="PROD.LagVegasMarketSmokeTest_PROD">
    <failure type="org.openqa.selenium.NoSuchElementException" message="no such element: Unable to locate element: {&amp;quot;method&amp;quot;:&amp;quot;xpath&amp;quot;,&amp;quot;selector&amp;quot;:&amp;quot;//a[contains(@href,&amp;apos;https://www.atlantamarket.com/&amp;apos;)]&amp;quot;}
  (Session info: chrome=102.0.5005.63)
For documentation on this error, please visit: http://seleniumhq.org/exceptions/no_such_element.html
Build info: version: &amp;apos;3.4.0&amp;apos;, revision: &amp;apos;unknown&amp;apos;, time: &amp;apos;unknown&amp;apos;
System info: host: &amp;apos;SWAPNILI&amp;apos;, ip: &amp;apos;172.27.182.57&amp;apos;, os.name: &amp;apos;Windows 8.1&amp;apos;, os.arch: &amp;apos;amd64&amp;apos;, os.version: &amp;apos;6.3&amp;apos;, java.version: &amp;apos;1.8.0_161&amp;apos;
Driver info: org.openqa.selenium.chrome.ChromeDriver
Capabilities [{networkConnectionEnabled=false, chrome={chromedriverVersion=102.0.5005.61 (0e59bcc00cc4985ce39ad31c150065f159d95ad3-refs/branch-heads/5005@{#819}), userDataDir=C:\Users\swapnili\AppData\Local\Temp\scoped_dir9604_1748966680}, timeouts={implicit=0.0, pageLoad=300000.0, script=30000.0}, pageLoadStrategy=normal, unhandledPromptBehavior=dismiss and notify, strictFileInteractability=false, platform=ANY, proxy=Proxy(), goog:chromeOptions={debuggerAddress=localhost:53433}, webauthn:extension:credBlob=true, acceptInsecureCerts=false, browserVersion=102.0.5005.63, browserName=chrome, javascriptEnabled=true, platformName=windows, setWindowRect=true, webauthn:extension:largeBlob=true, webauthn:virtualAuthenticators=true}]
Session ID: 5b0713be3e250e25771ff7c329c5a16c
*** Element info: {Using=xpath, value=//a[contains(@href,&amp;apos;https://www.atlantamarket.com/&amp;apos;)]}">
      <![CDATA[org.openqa.selenium.NoSuchElementException: no such element: Unable to locate element: {"method":"xpath","selector":"//a[contains(@href,'https://www.atlantamarket.com/')]"}
  (Session info: chrome=102.0.5005.63)
For documentation on this error, please visit: http://seleniumhq.org/exceptions/no_such_element.html
Build info: version: '3.4.0', revision: 'unknown', time: 'unknown'
System info: host: 'SWAPNILI', ip: '172.27.182.57', os.name: 'Windows 8.1', os.arch: 'amd64', os.version: '6.3', java.version: '1.8.0_161'
Driver info: org.openqa.selenium.chrome.ChromeDriver
Capabilities [{networkConnectionEnabled=false, chrome={chromedriverVersion=102.0.5005.61 (0e59bcc00cc4985ce39ad31c150065f159d95ad3-refs/branch-heads/5005@{#819}), userDataDir=C:\Users\swapnili\AppData\Local\Temp\scoped_dir9604_1748966680}, timeouts={implicit=0.0, pageLoad=300000.0, script=30000.0}, pageLoadStrategy=normal, unhandledPromptBehavior=dismiss and notify, strictFileInteractability=false, platform=ANY, proxy=Proxy(), goog:chromeOptions={debuggerAddress=localhost:53433}, webauthn:extension:credBlob=true, acceptInsecureCerts=false, browserVersion=102.0.5005.63, browserName=chrome, javascriptEnabled=true, platformName=windows, setWindowRect=true, webauthn:extension:largeBlob=true, webauthn:virtualAuthenticators=true}]
Session ID: 5b0713be3e250e25771ff7c329c5a16c
*** Element info: {Using=xpath, value=//a[contains(@href,'https://www.atlantamarket.com/')]}
	at org.openqa.selenium.remote.http.W3CHttpResponseCodec.createException(W3CHttpResponseCodec.java:150)
	at org.openqa.selenium.remote.http.W3CHttpResponseCodec.decode(W3CHttpResponseCodec.java:115)
	at org.openqa.selenium.remote.http.W3CHttpResponseCodec.decode(W3CHttpResponseCodec.java:45)
	at org.openqa.selenium.remote.HttpCommandExecutor.execute(HttpCommandExecutor.java:164)
	at org.openqa.selenium.remote.service.DriverCommandExecutor.execute(DriverCommandExecutor.java:82)
	at org.openqa.selenium.remote.RemoteWebDriver.execute(RemoteWebDriver.java:637)
	at org.openqa.selenium.remote.RemoteWebDriver.findElement(RemoteWebDriver.java:410)
	at org.openqa.selenium.remote.RemoteWebDriver.findElementByXPath(RemoteWebDriver.java:509)
	at org.openqa.selenium.By$ByXPath.findElement(By.java:361)
	at org.openqa.selenium.remote.RemoteWebDriver.findElement(RemoteWebDriver.java:402)
	at pageObjects.LasVegasMarket.UXPFooterLinksNavigationPage.getAtlantaMarket(UXPFooterLinksNavigationPage.java:85)
	at PROD.LagVegasMarketSmokeTest_PROD.TS008_VerifyFooterLinksTest(LagVegasMarketSmokeTest_PROD.java:535)
... Removed 28 stack frames]]>
    </failure>
  </testcase> <!-- TS008_VerifyFooterLinksTest -->
</testsuite> <!-- SequencialTest -->
