<?xml version="1.0" encoding="UTF-8"?>
<!-- Generated by org.testng.reporters.JUnitXMLReporter -->
<testsuite hostname="Anuppa-VD3" name="SequencialTest" tests="10" failures="0" timestamp="26 Oct 2023 11:29:38 GMT" time="510.175" errors="0">
  <testcase name="TS001_ATLApp_VerifyAllLinksUnderYearRoundTabTest" time="35.646" classname="PROD.AtlantaAppSmokeTest_PROD"/>
  <testcase name="TS003_ATLApp_VerifyAllLinksUnderAttendTabTest" time="135.389" classname="PROD.AtlantaAppSmokeTest_PROD"/>
  <testcase name="TS004_ATLApp_VerifyGlobalSearchFunctionalityTest" time="19.831" classname="PROD.AtlantaAppSmokeTest_PROD"/>
  <testcase name="TS005_ATLApp_VerifyExhibitorDirectoryTest" time="30.026" classname="PROD.AtlantaAppSmokeTest_PROD"/>
  <testcase name="TS006_ATLApp_VerifyAllLinksUnderMarketsTabTest" time="62.46" classname="PROD.AtlantaAppSmokeTest_PROD"/>
  <testcase name="TS007_ATLApp_VerifyAllLinksUnderExhibitorsAndBrandsTabTest" time="16.093" classname="PROD.AtlantaAppSmokeTest_PROD"/>
  <testcase name="TS008_ATLApp_VerifySocialMediaLinksTest" time="8.658" classname="PROD.AtlantaAppSmokeTest_PROD"/>
  <testcase name="TS010_ATLApp_VerifyAllLinksUnderExhibitTabTest" time="60.955" classname="PROD.AtlantaAppSmokeTest_PROD"/>
  <testcase name="TS009_ATLApp_VerifyAllLinksUnderTheBestOfFashionTabTest" time="25.967" classname="PROD.AtlantaAppSmokeTest_PROD"/>
  <testcase name="TS011_ATLApp_VerifyFooterLinksTest" time="100.647" classname="PROD.AtlantaAppSmokeTest_PROD"/>
</testsuite> <!-- SequencialTest -->
