<?xml version="1.0" encoding="UTF-8"?>
<!-- Generated by org.testng.reporters.JUnitXMLReporter -->
<testsuite hostname="Anuppa-VD3" name="SequencialTest" tests="8" failures="0" timestamp="14 Jun 2024 10:01:01 GMT" time="465.531" errors="0">
  <testcase name="TS001_LVMApp_VerifyAllHeaderChanelLinksTest" time="193.781" classname="PROD.LasVegasAppSmokeTest_PROD"/>
  <testcase name="TS002_LVMApp_VerifyGlobalSearchFunctionalityTest" time="12.27" classname="PROD.LasVegasAppSmokeTest_PROD"/>
  <testcase name="TS003_LVMApp_VerifyAllLinksUnderAboutTabTest" time="17.347" classname="PROD.LasVegasAppSmokeTest_PROD"/>
  <testcase name="TS004_LVMApp_VerifyAllLinksUnderExhibitorsAndProductsTabTest" time="15.93" classname="PROD.LasVegasAppSmokeTest_PROD"/>
  <testcase name="TS005_LVMApp_VerifyAllLinksUnderAttendTabTest" time="71.632" classname="PROD.LasVegasAppSmokeTest_PROD"/>
  <testcase name="TS006_LVMApp_VerifyAllLinksUnderExhibitTabTest" time="59.281" classname="PROD.LasVegasAppSmokeTest_PROD"/>
  <testcase name="TS007_LVMApp_VerifyFooterLinksTest" time="68.874" classname="PROD.LasVegasAppSmokeTest_PROD"/>
  <testcase name="TS008_LVMApp_VerifySocialMediaLinksTest" time="7.66" classname="PROD.LasVegasAppSmokeTest_PROD"/>
</testsuite> <!-- SequencialTest -->
