<?xml version="1.0" encoding="UTF-8"?>
<!-- Generated by org.testng.reporters.JUnitXMLReporter -->
<testsuite hostname="eon-swapnili" name="SequencialTest" tests="9" failures="0" timestamp="6 Sep 2023 09:40:24 GMT" time="643.482" errors="0">
  <testcase name="TS002_LVMApp_VerifyGlobalSearchFunctionalityTest" time="13.516" classname="PROD.LasVegasAppSmokeTest_PROD"/>
  <testcase name="TS004_LVMApp_VerifyAllLinksUnderAboutTabTest" time="7.876" classname="PROD.LasVegasAppSmokeTest_PROD"/>
  <testcase name="TS005_LVMApp_VerifyAllLinksUnderExhibitorsAndProductsTabTest" time="6.189" classname="PROD.LasVegasAppSmokeTest_PROD"/>
  <testcase name="TS006_LVMApp_VerifyAllLinksUnderAttendTabTest" time="18.587" classname="PROD.LasVegasAppSmokeTest_PROD"/>
  <testcase name="TS007_LVMApp_VerifyAllLinksUnderExhibitTabTest" time="26.367" classname="PROD.LasVegasAppSmokeTest_PROD"/>
  <testcase name="TS008_LVMApp_VerifyFooterLinksTest" time="223.344" classname="PROD.LasVegasAppSmokeTest_PROD"/>
  <testcase name="TS009_LVMApp_VerifySocialMediaLinksTest" time="8.361" classname="PROD.LasVegasAppSmokeTest_PROD"/>
  <testcase name="TS015_LVMApp_MarketRecap" time="6.622" classname="PROD.LasVegasAppSmokeTest_PROD"/>
  <testcase name="TS001_VerifyAllHeaderChanelLinksTest" time="306.808" classname="PROD.LasVegasAppSmokeTest_PROD"/>
</testsuite> <!-- SequencialTest -->
