<?xml version="1.0" encoding="UTF-8"?>
<!-- Generated by org.testng.reporters.JUnitXMLReporter -->
<testsuite hostname="Anuppa-VD3" name="SequencialTest" tests="9" failures="0" timestamp="18 Jul 2023 08:06:53 GMT" time="172.008" errors="0">
  <testcase name="TS001_SC_VerifySitecoreLoginTest" time="36.159" classname="PROD.SitecoreSmokeTest_PROD"/>
  <testcase name="TS002_SC_VerifyContentEditorTest" time="6.246" classname="PROD.SitecoreSmokeTest_PROD"/>
  <testcase name="TS003_SC_VerifyControlPanelTest" time="31.03" classname="PROD.SitecoreSmokeTest_PROD"/>
  <testcase name="TS004_SC_VerifyShowSpecialApprovalsTest" time="7.5" classname="PROD.SitecoreSmokeTest_PROD"/>
  <testcase name="TS005_SC_VerifyEmailExperienceManagerTest" time="9.255" classname="PROD.SitecoreSmokeTest_PROD"/>
  <testcase name="TS006_SC_VerifyIMCReportsTest" time="29.098" classname="PROD.SitecoreSmokeTest_PROD"/>
  <testcase name="TS007_SC_VerifyTaxonomyManagerTest" time="8.743" classname="PROD.SitecoreSmokeTest_PROD"/>
  <testcase name="TS008_SC_VerifyExhibitorEventsApprovalTest" time="28.814" classname="PROD.SitecoreSmokeTest_PROD"/>
  <testcase name="TS009_SC_VerifyDigitalAdminPanelTest" time="8.162" classname="PROD.SitecoreSmokeTest_PROD"/>
</testsuite> <!-- SequencialTest -->
