<?xml version="1.0" encoding="UTF-8"?>
<!-- Generated by org.testng.reporters.JUnitXMLReporter -->
<testsuite hostname="Anuppa-VD3" name="SequencialTest" tests="8" failures="0" timestamp="11 Jul 2024 03:42:08 GMT" time="652.081" errors="0">
  <testcase name="TS001_EXP_VerifyExhibitorPortalLoginTest" time="43.407" classname="PROD.ExhibitorPortalSmokeTest_PROD"/>
  <testcase name="TS002_EXP_VerifyNotificationsTabTest" time="2.766" classname="PROD.ExhibitorPortalSmokeTest_PROD"/>
  <testcase name="TS008_EXP_VerifyExhibitorPortalFooterLinksTest" time="367.305" classname="PROD.ExhibitorPortalSmokeTest_PROD"/>
  <testcase name="TS005_EXP_VerifyAllLinkUnderEXPApplicationsAndLeasesTest" time="47.025" classname="PROD.ExhibitorPortalSmokeTest_PROD"/>
  <testcase name="TS006_EXP_VerifyAllLinkUnderYourDigiShowroomTest" time="61.963" classname="PROD.ExhibitorPortalSmokeTest_PROD"/>
  <testcase name="TS007_EXP_VerifyAllLinkUnderEXPMarketTabTest" time="23.235" classname="PROD.ExhibitorPortalSmokeTest_PROD"/>
  <testcase name="TS003_EXP_VerifySettingsTabTest" time="18.507" classname="PROD.ExhibitorPortalSmokeTest_PROD"/>
  <testcase name="TS004_EXP_VerifyAllLinkUnderEXPRegistrationsAndServicesTabTest" time="79.398" classname="PROD.ExhibitorPortalSmokeTest_PROD"/>
</testsuite> <!-- SequencialTest -->
