<?xml version="1.0" encoding="UTF-8"?>
<!-- Generated by org.testng.reporters.JUnitXMLReporter -->
<testsuite hostname="Anuppa-VD3" name="SequencialTest" tests="9" failures="1" timestamp="19 Oct 2023 05:41:09 GMT" time="1053.382" errors="0">
  <testcase name="TS001_AMC_VerifyAllHeaderChanelLinksTest" time="302.541" classname="PROD.AmericasMartSmokeTest_PROD"/>
  <testcase name="TS002_AMC_VerifyAllSocialMediaLinksOnFooterTest" time="43.476" classname="PROD.AmericasMartSmokeTest_PROD"/>
  <testcase name="TS003_AMC_VerifyAllLinksUnderMarketsAndEventsTabTest" time="253.592" classname="PROD.AmericasMartSmokeTest_PROD"/>
  <testcase name="TS004_AMC_VerifyGlobalSearchFunctionalityTest" time="54.564" classname="PROD.AmericasMartSmokeTest_PROD"/>
  <testcase name="TS005_AMC_VerifyAllLinksUnderAboutTabTest" time="98.902" classname="PROD.AmericasMartSmokeTest_PROD"/>
  <testcase name="TS006_AMC_VerifyAllLinksUnderExhibitTest" time="53.327" classname="PROD.AmericasMartSmokeTest_PROD"/>
  <testcase name="TS007_AMC_VerifyAllLinksUnderOpenYearRoundTest" time="109.078" classname="PROD.AmericasMartSmokeTest_PROD"/>
  <testcase name="TS008_AMC_VerifyExhibitorDirectoryTest" time="26.864" classname="PROD.AmericasMartSmokeTest_PROD"/>
  <testcase name="TS009_AMC_VerifyFooterLinksTest" time="78.011" classname="PROD.AmericasMartSmokeTest_PROD">
    <failure type="org.openqa.selenium.TimeoutException" message="Expected condition failed: waiting for element to be clickable: By.xpath: //a[@data-xpath=&amp;apos;breadcrumb.link&amp;apos;] (tried for 30 second(s) with 500 MILLISECONDS interval)">
      <![CDATA[org.openqa.selenium.TimeoutException: Expected condition failed: waiting for element to be clickable: By.xpath: //a[@data-xpath='breadcrumb.link'] (tried for 30 second(s) with 500 MILLISECONDS interval)
	at org.openqa.selenium.support.ui.WebDriverWait.timeoutException(WebDriverWait.java:80)
	at org.openqa.selenium.support.ui.FluentWait.until(FluentWait.java:232)
	at pageObjects.LasVegasMarket.UXPExhibitorsAndProductsTabPage.getVerifyBreadcrumb(UXPExhibitorsAndProductsTabPage.java:128)
	at PROD.AmericasMartSmokeTest_PROD.TS009_AMC_VerifyFooterLinksTest(AmericasMartSmokeTest_PROD.java:649)
	at java.util.concurrent.ThreadPoolExecutor.runWorker(Unknown Source)
	at java.util.concurrent.ThreadPoolExecutor$Worker.run(Unknown Source)
	at java.lang.Thread.run(Unknown Source)
Caused by: org.openqa.selenium.NoSuchElementException: Cannot locate an element using By.xpath: //a[@data-xpath='breadcrumb.link']
For documentation on this error, please visit: http://seleniumhq.org/exceptions/no_such_element.html
Build info: version: '3.4.0', revision: 'unknown', time: 'unknown'
System info: host: 'ANUPPA-VD3', ip: '172.27.182.66', os.name: 'Windows 10', os.arch: 'amd64', os.version: '10.0', java.version: '1.8.0_381'
Driver info: driver.version: unknown
	at org.openqa.selenium.support.ui.ExpectedConditions.lambda$findElement$0(ExpectedConditions.java:883)
	at java.util.Optional.orElseThrow(Unknown Source)
	at org.openqa.selenium.support.ui.ExpectedConditions.findElement(ExpectedConditions.java:882)
	at org.openqa.selenium.support.ui.ExpectedConditions.access$000(ExpectedConditions.java:44)
	at org.openqa.selenium.support.ui.ExpectedConditions$7.apply(ExpectedConditions.java:206)
	at org.openqa.selenium.support.ui.ExpectedConditions$7.apply(ExpectedConditions.java:202)
	at org.openqa.selenium.support.ui.ExpectedConditions$22.apply(ExpectedConditions.java:644)
	at org.openqa.selenium.support.ui.ExpectedConditions$22.apply(ExpectedConditions.java:641)
	at org.openqa.selenium.support.ui.FluentWait.until(FluentWait.java:209)
	... 15 more
... Removed 10 stack frames]]>
    </failure>
  </testcase> <!-- TS009_AMC_VerifyFooterLinksTest -->
</testsuite> <!-- SequencialTest -->
