<?xml version="1.0" encoding="UTF-8"?>
<!-- Generated by org.testng.reporters.JUnitXMLReporter -->
<testsuite ignored="9" hostname="eon-swapnili" failures="1" tests="1" name="SequencialTest" time="105.766" errors="0" timestamp="2024-11-05T11:52:56 IST">
  <testcase classname="PROD.LVMSmoke_PROD" name="TS002_LVM_VerifAllLinksUnderExhibitorDirectoryTabTest" time="46.307">
    <failure type="org.openqa.selenium.TimeoutException" message="Expected condition failed: waiting for element to be clickable: By.xpath: (//div[@class=&amp;apos;desktop-menu imc-content--fixed imc-content--full-width imc-breakpoint-display--hide-tablet&amp;apos;]//a[contains(text(),&amp;apos;Exhibitor Directory&amp;apos;)])[1] (tried for 40 second(s) with 500 milliseconds interval)
Build info: version: &amp;apos;4.25.0&amp;apos;, revision: &amp;apos;8a8aea2337&amp;apos;
System info: os.name: &amp;apos;Windows 10&amp;apos;, os.arch: &amp;apos;amd64&amp;apos;, os.version: &amp;apos;10.0&amp;apos;, java.version: &amp;apos;11.0.2&amp;apos;
Driver info: org.openqa.selenium.chrome.ChromeDriver
Capabilities {acceptInsecureCerts: false, browserName: chrome, browserVersion: 130.0.6723.92, chrome: {chromedriverVersion: 130.0.6723.91 (53ac07678369..., userDataDir: C:\Users\swapnili\AppData\L...}, fedcm:accounts: true, goog:chromeOptions: {debuggerAddress: localhost:60557}, networkConnectionEnabled: false, pageLoadStrategy: normal, platformName: windows, proxy: Proxy(), se:cdp: ws://localhost:60557/devtoo..., se:cdpVersion: 130.0.6723.92, setWindowRect: true, strictFileInteractability: false, timeouts: {implicit: 0, pageLoad: 300000, script: 30000}, unhandledPromptBehavior: dismiss and notify, webauthn:extension:credBlob: true, webauthn:extension:largeBlob: true, webauthn:extension:minPinLength: true, webauthn:extension:prf: true, webauthn:virtualAuthenticators: true}
Session ID: 83b4b32f4856136a8ad4adcdde010ebc">
      <![CDATA[org.openqa.selenium.TimeoutException: Expected condition failed: waiting for element to be clickable: By.xpath: (//div[@class='desktop-menu imc-content--fixed imc-content--full-width imc-breakpoint-display--hide-tablet']//a[contains(text(),'Exhibitor Directory')])[1] (tried for 40 second(s) with 500 milliseconds interval)
Build info: version: '4.25.0', revision: '8a8aea2337'
System info: os.name: 'Windows 10', os.arch: 'amd64', os.version: '10.0', java.version: '11.0.2'
Driver info: org.openqa.selenium.chrome.ChromeDriver
Capabilities {acceptInsecureCerts: false, browserName: chrome, browserVersion: 130.0.6723.92, chrome: {chromedriverVersion: 130.0.6723.91 (53ac07678369..., userDataDir: C:\Users\swapnili\AppData\L...}, fedcm:accounts: true, goog:chromeOptions: {debuggerAddress: localhost:60557}, networkConnectionEnabled: false, pageLoadStrategy: normal, platformName: windows, proxy: Proxy(), se:cdp: ws://localhost:60557/devtoo..., se:cdpVersion: 130.0.6723.92, setWindowRect: true, strictFileInteractability: false, timeouts: {implicit: 0, pageLoad: 300000, script: 30000}, unhandledPromptBehavior: dismiss and notify, webauthn:extension:credBlob: true, webauthn:extension:largeBlob: true, webauthn:extension:minPinLength: true, webauthn:extension:prf: true, webauthn:virtualAuthenticators: true}
Session ID: 83b4b32f4856136a8ad4adcdde010ebc
at org.openqa.selenium.support.ui.WebDriverWait.timeoutException(WebDriverWait.java:84)
at org.openqa.selenium.support.ui.FluentWait.until(FluentWait.java:228)
at pageObjects.LasVegasMarket.UXPExhibitPage.getExhibitorDirectoryUnderExhibitorDirectoryTab(UXPExhibitPage.java:209)
at PROD.LVMSmoke_PROD.TS002_LVM_VerifAllLinksUnderExhibitorDirectoryTabTest(LVMSmoke_PROD.java:299)
at java.base/java.util.concurrent.ThreadPoolExecutor.runWorker(ThreadPoolExecutor.java:1128)
at java.base/java.util.concurrent.ThreadPoolExecutor$Worker.run(ThreadPoolExecutor.java:628)
at java.base/java.lang.Thread.run(Thread.java:834)
... Removed 12 stack frames]]>
    </failure>
  </testcase> <!-- TS002_LVM_VerifAllLinksUnderExhibitorDirectoryTabTest -->
  <testcase classname="PROD.LVMSmoke_PROD" name="TS07_LVM_VerifyAllSocialMediaLinksOnFooterTest" time="0.0">
    <ignored/>
  </testcase> <!-- TS07_LVM_VerifyAllSocialMediaLinksOnFooterTest -->
  <testcase classname="PROD.LVMSmoke_PROD" name="TS009_LVM_VerifyFooterLinksTest" time="0.0">
    <ignored/>
  </testcase> <!-- TS009_LVM_VerifyFooterLinksTest -->
  <testcase classname="PROD.LVMSmoke_PROD" name="TS008_LVM_VerifyGlobalSearchFunctionalityTest" time="0.0">
    <ignored/>
  </testcase> <!-- TS008_LVM_VerifyGlobalSearchFunctionalityTest -->
  <testcase classname="PROD.LVMSmoke_PROD" name="TS006_LVM_VerifAllLinksUnderSourceYearRoundTabTest" time="0.0">
    <ignored/>
  </testcase> <!-- TS006_LVM_VerifAllLinksUnderSourceYearRoundTabTest -->
  <testcase classname="PROD.LVMSmoke_PROD" name="TS003_LVM_VerifAllLinksUnderVisitTabTest" time="0.0">
    <ignored/>
  </testcase> <!-- TS003_LVM_VerifAllLinksUnderVisitTabTest -->
  <testcase classname="PROD.LVMSmoke_PROD" name="TS010_LVM_VerifRegisterButtonTest" time="0.0">
    <ignored/>
  </testcase> <!-- TS010_LVM_VerifRegisterButtonTest -->
  <testcase classname="PROD.LVMSmoke_PROD" name="TS004_LVM_VerifAllLinksUnderDiscoverTabTest" time="0.0">
    <ignored/>
  </testcase> <!-- TS004_LVM_VerifAllLinksUnderDiscoverTabTest -->
  <testcase classname="PROD.LVMSmoke_PROD" name="TS005_LVM_VerifAllLinksUnderExhibitTabTest" time="0.0">
    <ignored/>
  </testcase> <!-- TS005_LVM_VerifAllLinksUnderExhibitTabTest -->
  <testcase classname="PROD.LVMSmoke_PROD" name="TS001_LVM_VerifyHeaderChannelLinksTest" time="0.0">
    <ignored/>
  </testcase> <!-- TS001_LVM_VerifyHeaderChannelLinksTest -->
</testsuite> <!-- SequencialTest -->
