<?xml version="1.0" encoding="UTF-8"?>
<!-- Generated by org.testng.reporters.JUnitXMLReporter -->
<testsuite hostname="Anuppa-VD3" name="SequencialTest" tests="9" failures="0" timestamp="31 Jul 2023 10:17:50 GMT" time="104.421" errors="0">
  <testcase name="TS001_SC_VerifySitecoreLoginTest" time="27.787" classname="PROD.SitecoreSmokeTest_PROD"/>
  <testcase name="TS002_SC_VerifyContentEditorTest" time="9.408" classname="PROD.SitecoreSmokeTest_PROD"/>
  <testcase name="TS003_SC_VerifyControlPanelTest" time="9.539" classname="PROD.SitecoreSmokeTest_PROD"/>
  <testcase name="TS004_SC_VerifyShowSpecialApprovalsTest" time="8.015" classname="PROD.SitecoreSmokeTest_PROD"/>
  <testcase name="TS005_SC_VerifyEmailExperienceManagerTest" time="8.935" classname="PROD.SitecoreSmokeTest_PROD"/>
  <testcase name="TS006_SC_VerifyIMCReportsTest" time="7.402" classname="PROD.SitecoreSmokeTest_PROD"/>
  <testcase name="TS007_SC_VerifyTaxonomyManagerTest" time="7.941" classname="PROD.SitecoreSmokeTest_PROD"/>
  <testcase name="TS008_SC_VerifyExhibitorEventsApprovalTest" time="7.5" classname="PROD.SitecoreSmokeTest_PROD"/>
  <testcase name="TS009_SC_VerifyDigitalAdminPanelTest" time="8.689" classname="PROD.SitecoreSmokeTest_PROD"/>
</testsuite> <!-- SequencialTest -->
