<?xml version="1.0" encoding="UTF-8"?>
<!-- Generated by org.testng.reporters.JUnitXMLReporter -->
<testsuite hostname="Anuppa-VD3" name="SequencialTest" tests="2" failures="0" timestamp="12 Jun 2023 10:36:30 GMT" time="266.889" errors="0">
  <testcase name="TS001_EXP_VerifyExhibitorPortalLoginTest" time="50.385" classname="PROD.ExhibitorPortalSmokeTest_PROD"/>
  <testcase name="TS008_EXP_VerifyExhibitorPortalFooterLinksTest" time="211.558" classname="PROD.ExhibitorPortalSmokeTest_PROD"/>
</testsuite> <!-- SequencialTest -->
