<?xml version="1.0" encoding="UTF-8"?>
<!-- Generated by org.testng.reporters.JUnitXMLReporter -->
<testsuite hostname="Anuppa-VD3" name="SequencialTest" tests="8" failures="0" timestamp="9 Oct 2023 09:12:18 GMT" time="547.695" errors="0">
  <testcase name="TS001_EXP_VerifyExhibitorPortalLoginTest" time="46.244" classname="PROD.ExhibitorPortalSmokeTest_PROD"/>
  <testcase name="TS002_EXP_VerifyNotificationsTabTest" time="2.758" classname="PROD.ExhibitorPortalSmokeTest_PROD"/>
  <testcase name="TS008_EXP_VerifyExhibitorPortalFooterLinksTest" time="262.832" classname="PROD.ExhibitorPortalSmokeTest_PROD"/>
  <testcase name="TS005_EXP_VerifyAllLinkUnderEXPApplicationsAndLeasesTest" time="74.206" classname="PROD.ExhibitorPortalSmokeTest_PROD"/>
  <testcase name="TS006_EXP_VerifyAllLinkUnderYourDigiShowroomTest" time="60.024" classname="PROD.ExhibitorPortalSmokeTest_PROD"/>
  <testcase name="TS007_EXP_VerifyAllLinkUnderEXPMarketTabTest" time="25.438" classname="PROD.ExhibitorPortalSmokeTest_PROD"/>
  <testcase name="TS003_EXP_VerifySettingsTabTest" time="17.555" classname="PROD.ExhibitorPortalSmokeTest_PROD"/>
  <testcase name="TS004_EXP_VerifyAllLinkUnderEXPRegistrationsAndServicesTabTest" time="51.254" classname="PROD.ExhibitorPortalSmokeTest_PROD"/>
</testsuite> <!-- SequencialTest -->
