<?xml version="1.0" encoding="UTF-8"?>
<!-- Generated by org.testng.reporters.JUnitXMLReporter -->
<testsuite hostname="Anuppa-VD3" name="SequencialTest" tests="9" failures="1" timestamp="5 Oct 2023 07:39:31 GMT" time="1060.085" errors="0">
  <testcase name="TS001_AMC_VerifyAllHeaderChanelLinksTest" time="279.489" classname="PROD.AmericasMartSmokeTest_PROD"/>
  <testcase name="TS002_AMC_VerifyAllSocialMediaLinksOnFooterTest" time="43.286" classname="PROD.AmericasMartSmokeTest_PROD"/>
  <testcase name="TS003_AMC_VerifyAllLinksUnderMarketsAndEventsTabTest" time="246.019" classname="PROD.AmericasMartSmokeTest_PROD"/>
  <testcase name="TS004_AMC_VerifyGlobalSearchFunctionalityTest" time="53.619" classname="PROD.AmericasMartSmokeTest_PROD"/>
  <testcase name="TS005_AMC_VerifyAllLinksUnderAboutTabTest" time="100.234" classname="PROD.AmericasMartSmokeTest_PROD"/>
  <testcase name="TS006_AMC_VerifyAllLinksUnderExhibitTest" time="56.761" classname="PROD.AmericasMartSmokeTest_PROD"/>
  <testcase name="TS007_AMC_VerifyAllLinksUnderOpenYearRoundTest" time="150.084" classname="PROD.AmericasMartSmokeTest_PROD">
    <failure type="org.openqa.selenium.TimeoutException" message="Expected condition failed: waiting for element to be clickable: By.xpath: //a[contains(text(),&amp;apos;Open Year Round&amp;apos;)] (tried for 30 second(s) with 500 MILLISECONDS interval)">
      <![CDATA[org.openqa.selenium.TimeoutException: Expected condition failed: waiting for element to be clickable: By.xpath: //a[contains(text(),'Open Year Round')] (tried for 30 second(s) with 500 MILLISECONDS interval)
	at org.openqa.selenium.support.ui.WebDriverWait.timeoutException(WebDriverWait.java:80)
	at org.openqa.selenium.support.ui.FluentWait.until(FluentWait.java:232)
	at pageObjects.AmericasMart.AMOpenYearRoundPage.getOpenYearRoundTab(AMOpenYearRoundPage.java:36)
	at PROD.AmericasMartSmokeTest_PROD.TS007_AMC_VerifyAllLinksUnderOpenYearRoundTest(AmericasMartSmokeTest_PROD.java:552)
	at java.util.concurrent.ThreadPoolExecutor.runWorker(Unknown Source)
	at java.util.concurrent.ThreadPoolExecutor$Worker.run(Unknown Source)
	at java.lang.Thread.run(Unknown Source)
Caused by: org.openqa.selenium.NoSuchElementException: Cannot locate an element using By.xpath: //a[contains(text(),'Open Year Round')]
For documentation on this error, please visit: http://seleniumhq.org/exceptions/no_such_element.html
Build info: version: '3.4.0', revision: 'unknown', time: 'unknown'
System info: host: 'ANUPPA-VD3', ip: '172.27.182.66', os.name: 'Windows 10', os.arch: 'amd64', os.version: '10.0', java.version: '1.8.0_381'
Driver info: driver.version: unknown
	at org.openqa.selenium.support.ui.ExpectedConditions.lambda$findElement$0(ExpectedConditions.java:883)
	at java.util.Optional.orElseThrow(Unknown Source)
	at org.openqa.selenium.support.ui.ExpectedConditions.findElement(ExpectedConditions.java:882)
	at org.openqa.selenium.support.ui.ExpectedConditions.access$000(ExpectedConditions.java:44)
	at org.openqa.selenium.support.ui.ExpectedConditions$7.apply(ExpectedConditions.java:206)
	at org.openqa.selenium.support.ui.ExpectedConditions$7.apply(ExpectedConditions.java:202)
	at org.openqa.selenium.support.ui.ExpectedConditions$22.apply(ExpectedConditions.java:644)
	at org.openqa.selenium.support.ui.ExpectedConditions$22.apply(ExpectedConditions.java:641)
	at org.openqa.selenium.support.ui.FluentWait.until(FluentWait.java:209)
	... 15 more
... Removed 10 stack frames]]>
    </failure>
  </testcase> <!-- TS007_AMC_VerifyAllLinksUnderOpenYearRoundTest -->
  <testcase name="TS008_AMC_VerifyExhibitorDirectoryTest" time="25.999" classname="PROD.AmericasMartSmokeTest_PROD"/>
  <testcase name="TS009_AMC_VerifyFooterLinksTest" time="79.097" classname="PROD.AmericasMartSmokeTest_PROD"/>
</testsuite> <!-- SequencialTest -->
