<?xml version="1.0" encoding="UTF-8"?>
<!-- Generated by org.testng.reporters.JUnitXMLReporter -->
<testsuite hostname="NILAMMA-W10" name="SequencialTest" tests="2" failures="0" timestamp="7 Oct 2022 11:16:07 GMT" time="152.605" errors="0">
  <testcase name="TS002_VerifAllLinksUnderExhibitTabTest" time="65.528" classname="PROD.LagVegasMarketSmokeTest_PROD"/>
  <testcase name="TS005_VerifyAllLinksUnderMarketInfoTabTest" time="56.765" classname="PROD.LagVegasMarketSmokeTest_PROD"/>
</testsuite> <!-- SequencialTest -->
