<?xml version="1.0" encoding="UTF-8"?>
<!-- Generated by org.testng.reporters.JUnitXMLReporter -->
<testsuite hostname="NILAMMA-W10" name="Test" tests="12" failures="2" timestamp="18 Feb 2022 14:08:38 GMT" time="1406.665" errors="0">
  <testcase name="TS001_VerifyMarketPlannerLoginTest" time="68.21" classname="americasmart.AmericasMartSmokeTest_PROD"/>
  <testcase name="TS002_VerifyMarketPlannerProfileAndSettingsOptionTest" time="19.178" classname="americasmart.AmericasMartSmokeTest_PROD"/>
  <testcase name="TS003_VerifyMarketPlannerExhibitorPortalOptionTest" time="19.36" classname="americasmart.AmericasMartSmokeTest_PROD"/>
  <testcase name="TS004_VerifyAllSocialMediaLinksOnFooterTest" time="35.748" classname="americasmart.AmericasMartSmokeTest_PROD"/>
  <testcase name="TS005_VerifyAllLinksUnderAboutTabTest" time="108.539" classname="americasmart.AmericasMartSmokeTest_PROD">
    <failure type="org.junit.ComparisonFailure" message="expected:&amp;lt;C[ontact U]s&amp;gt; but was:&amp;lt;C[areer]s&amp;gt;">
      <![CDATA[org.junit.ComparisonFailure: expected:<C[ontact U]s> but was:<C[areer]s>
	at org.junit.Assert.assertEquals(Assert.java:115)
	at org.junit.Assert.assertEquals(Assert.java:144)
	at americasmart.AmericasMartSmokeTest_PROD.TS005_VerifyAllLinksUnderAboutTabTest(AmericasMartSmokeTest_PROD.java:251)
... Removed 24 stack frames]]>
    </failure>
  </testcase> <!-- TS005_VerifyAllLinksUnderAboutTabTest -->
  <testcase name="TS006_VerifyAllHeaderChanelLinksTest" time="118.312" classname="americasmart.AmericasMartSmokeTest_PROD"/>
  <testcase name="TS007_VerifyAllLinksUnderMarketsAndEventsTabTest" time="181.283" classname="americasmart.AmericasMartSmokeTest_PROD"/>
  <testcase name="TS008_VerifyFooterLinksTest" time="587.913" classname="americasmart.AmericasMartSmokeTest_PROD"/>
  <testcase name="TS009_VerifyGlobalSearchFunctionalityTest" time="14.32" classname="americasmart.AmericasMartSmokeTest_PROD"/>
  <testcase name="TS010_VerifyAllLinksUnderOpenYearRoundTest" time="102.907" classname="americasmart.AmericasMartSmokeTest_PROD"/>
  <testcase name="TS011_VerifyAllLinksUnderExhibitTest" time="1.238" classname="americasmart.AmericasMartSmokeTest_PROD">
    <failure type="org.junit.ComparisonFailure" message="expected:&amp;lt;[Open Year Round]&amp;gt; but was:&amp;lt;[Exhibit]&amp;gt;">
      <![CDATA[org.junit.ComparisonFailure: expected:<[Open Year Round]> but was:<[Exhibit]>
	at org.junit.Assert.assertEquals(Assert.java:115)
	at org.junit.Assert.assertEquals(Assert.java:144)
	at americasmart.AmericasMartSmokeTest_PROD.TS011_VerifyAllLinksUnderExhibitTest(AmericasMartSmokeTest_PROD.java:619)
... Removed 24 stack frames]]>
    </failure>
  </testcase> <!-- TS011_VerifyAllLinksUnderExhibitTest -->
  <testcase name="TS012_VerifyExhibitorDirectoryTest" time="80.398" classname="americasmart.AmericasMartSmokeTest_PROD"/>
</testsuite> <!-- Test -->
