<?xml version="1.0" encoding="UTF-8"?>
<!-- Generated by org.testng.reporters.JUnitXMLReporter -->
<testsuite hostname="shradhama-win10" name="Test" tests="9" failures="0" timestamp="6 May 2022 09:12:47 GMT" time="400.11" errors="0">
  <testcase name="TS001_VerifySitecoreLoginTest" time="15.66" classname="sitecore.SitecoreSmokeTest_PROD"/>
  <testcase name="TS002_VerifyContentEditorTest" time="125.756" classname="sitecore.SitecoreSmokeTest_PROD"/>
  <testcase name="TS003_VerifyDigitalAdminPanelTest" time="44.35" classname="sitecore.SitecoreSmokeTest_PROD"/>
  <testcase name="TS004_VerifyShowSpecialApprovalsTest" time="43.488" classname="sitecore.SitecoreSmokeTest_PROD"/>
  <testcase name="TS005_VerifyExhibitorEventsApprovalTest" time="42.962" classname="sitecore.SitecoreSmokeTest_PROD"/>
  <testcase name="TS006_VerifyIMCReportsTest" time="47.447" classname="sitecore.SitecoreSmokeTest_PROD"/>
  <testcase name="TS007_VerifyTaxonomyManagerTest" time="11.601" classname="sitecore.SitecoreSmokeTest_PROD"/>
  <testcase name="TS008_VerifyEmailExperienceManagerTest" time="11.839" classname="sitecore.SitecoreSmokeTest_PROD"/>
  <testcase name="TS009_VerifyControlPanelTest" time="43.908" classname="sitecore.SitecoreSmokeTest_PROD"/>
</testsuite> <!-- Test -->
