<?xml version="1.0" encoding="UTF-8"?>
<!-- Generated by org.testng.reporters.JUnitXMLReporter -->
<testsuite hostname="NILAMMA-W10" name="Test" tests="9" failures="0" timestamp="6 Apr 2022 10:13:33 GMT" time="339.186" errors="0">
  <testcase name="TS001_VerifySitecoreLoginTest" time="17.027" classname="sitecore.SitecoreSmokeTest_PROD"/>
  <testcase name="TS002_VerifyContentEditorTest" time="16.714" classname="sitecore.SitecoreSmokeTest_PROD"/>
  <testcase name="TS003_VerifyDigitalAdminPanelTest" time="11.58" classname="sitecore.SitecoreSmokeTest_PROD"/>
  <testcase name="TS004_VerifyShowSpecialApprovalsTest" time="12.034" classname="sitecore.SitecoreSmokeTest_PROD"/>
  <testcase name="TS005_VerifyExhibitorEventsApprovalTest" time="46.773" classname="sitecore.SitecoreSmokeTest_PROD"/>
  <testcase name="TS006_VerifyIMCReportsTest" time="50.148" classname="sitecore.SitecoreSmokeTest_PROD"/>
  <testcase name="TS007_VerifyTaxonomyManagerTest" time="12.986" classname="sitecore.SitecoreSmokeTest_PROD"/>
  <testcase name="TS008_VerifyEmailExperienceManagerTest" time="26.593" classname="sitecore.SitecoreSmokeTest_PROD"/>
  <testcase name="TS009_VerifyControlPanelTest" time="112.219" classname="sitecore.SitecoreSmokeTest_PROD"/>
</testsuite> <!-- Test -->
