<?xml version="1.0" encoding="UTF-8"?>
<!-- Generated by org.testng.reporters.JUnitXMLReporter -->
<testsuite hostname="shradhama-win10" name="Test" tests="9" failures="0" timestamp="31 Mar 2022 04:47:25 GMT" time="45.13" errors="0">
  <testcase name="TS001_VerifySitecoreLoginTest" time="7.379" classname="sitecore.SitecoreSmokeTest_PROD"/>
  <testcase name="TS002_VerifyContentEditorTest" time="6.829" classname="sitecore.SitecoreSmokeTest_PROD"/>
  <testcase name="TS003_VerifyDigitalAdminPanelTest" time="4.026" classname="sitecore.SitecoreSmokeTest_PROD"/>
  <testcase name="TS004_VerifyShowSpecialApprovalsTest" time="2.228" classname="sitecore.SitecoreSmokeTest_PROD"/>
  <testcase name="TS005_VerifyExhibitorEventsApprovalTest" time="2.345" classname="sitecore.SitecoreSmokeTest_PROD"/>
  <testcase name="TS006_VerifyIMCReportsTest" time="2.531" classname="sitecore.SitecoreSmokeTest_PROD"/>
  <testcase name="TS007_VerifyTaxonomyManagerTest" time="1.855" classname="sitecore.SitecoreSmokeTest_PROD"/>
  <testcase name="TS008_VerifyEmailExperienceManagerTest" time="3.315" classname="sitecore.SitecoreSmokeTest_PROD"/>
  <testcase name="TS009_VerifyControlPanelTest" time="2.2" classname="sitecore.SitecoreSmokeTest_PROD"/>
</testsuite> <!-- Test -->
