<?xml version="1.0" encoding="UTF-8"?>
<testng-results skipped="0" failed="1" total="1" passed="0">
  <reporter-output>
  </reporter-output>
  <suite name="Suite" duration-ms="5342" started-at="2022-12-12T05:00:11Z" finished-at="2022-12-12T05:00:16Z">
    <groups>
    </groups>
    <test name="Test" duration-ms="5342" started-at="2022-12-12T05:00:11Z" finished-at="2022-12-12T05:00:16Z">
      <class name="UAT.AtlantaMarketLoginTest_UAT">
        <test-method status="PASS" signature="driverInitialize()[pri:0, instance:UAT.AtlantaMarketLoginTest_UAT@343f4d3d]" name="driverInitialize" is-config="true" duration-ms="3737" started-at="2022-12-12T10:30:11Z" finished-at="2022-12-12T10:30:15Z">
          <reporter-output>
          </reporter-output>
        </test-method> <!-- driverInitialize -->
        <test-method status="FAIL" signature="atlMarketOpen()[pri:0, instance:UAT.AtlantaMarketLoginTest_UAT@343f4d3d]" name="atlMarketOpen" duration-ms="8" started-at="2022-12-12T10:30:15Z" finished-at="2022-12-12T10:30:15Z">
          <exception class="java.lang.NullPointerException">
            <message>
              <![CDATA[null value in entry: url=null]]>
            </message>
            <full-stacktrace>
              <![CDATA[java.lang.NullPointerException: null value in entry: url=null
	at com.google.common.collect.CollectPreconditions.checkEntryNotNull(CollectPreconditions.java:34)
	at com.google.common.collect.SingletonImmutableBiMap.<init>(SingletonImmutableBiMap.java:42)
	at com.google.common.collect.ImmutableBiMap.of(ImmutableBiMap.java:73)
	at com.google.common.collect.ImmutableMap.of(ImmutableMap.java:120)
	at org.openqa.selenium.remote.RemoteWebDriver.get(RemoteWebDriver.java:364)
	at UAT.AtlantaMarketLoginTest_UAT.atlMarketOpen(AtlantaMarketLoginTest_UAT.java:35)
	at sun.reflect.NativeMethodAccessorImpl.invoke0(Native Method)
	at sun.reflect.NativeMethodAccessorImpl.invoke(Unknown Source)
	at sun.reflect.DelegatingMethodAccessorImpl.invoke(Unknown Source)
	at java.lang.reflect.Method.invoke(Unknown Source)
	at org.testng.internal.MethodInvocationHelper.invokeMethod(MethodInvocationHelper.java:80)
	at org.testng.internal.Invoker.invokeMethod(Invoker.java:714)
	at org.testng.internal.Invoker.invokeTestMethod(Invoker.java:901)
	at org.testng.internal.Invoker.invokeTestMethods(Invoker.java:1231)
	at org.testng.internal.TestMethodWorker.invokeTestMethods(TestMethodWorker.java:127)
	at org.testng.internal.TestMethodWorker.run(TestMethodWorker.java:111)
	at org.testng.TestRunner.privateRun(TestRunner.java:767)
	at org.testng.TestRunner.run(TestRunner.java:617)
	at org.testng.SuiteRunner.runTest(SuiteRunner.java:334)
	at org.testng.SuiteRunner.runSequentially(SuiteRunner.java:329)
	at org.testng.SuiteRunner.privateRun(SuiteRunner.java:291)
	at org.testng.SuiteRunner.run(SuiteRunner.java:240)
	at org.testng.SuiteRunnerWorker.runSuite(SuiteRunnerWorker.java:52)
	at org.testng.SuiteRunnerWorker.run(SuiteRunnerWorker.java:86)
	at org.testng.TestNG.runSuitesSequentially(TestNG.java:1198)
	at org.testng.TestNG.runSuitesLocally(TestNG.java:1123)
	at org.testng.TestNG.run(TestNG.java:1031)
	at org.testng.remote.AbstractRemoteTestNG.run(AbstractRemoteTestNG.java:132)
	at org.testng.remote.RemoteTestNG.initAndRun(RemoteTestNG.java:236)
	at org.testng.remote.RemoteTestNG.main(RemoteTestNG.java:81)
]]>
            </full-stacktrace>
          </exception> <!-- java.lang.NullPointerException -->
          <reporter-output>
          </reporter-output>
        </test-method> <!-- atlMarketOpen -->
        <test-method status="PASS" signature="quitBrowser()[pri:0, instance:UAT.AtlantaMarketLoginTest_UAT@343f4d3d]" name="quitBrowser" is-config="true" duration-ms="1558" started-at="2022-12-12T10:30:15Z" finished-at="2022-12-12T10:30:16Z">
          <reporter-output>
          </reporter-output>
        </test-method> <!-- quitBrowser -->
      </class> <!-- UAT.AtlantaMarketLoginTest_UAT -->
    </test> <!-- Test -->
  </suite> <!-- Suite -->
</testng-results>
