<?xml version="1.0" encoding="UTF-8"?>
<testng-results skipped="0" failed="1" total="2" passed="1">
  <reporter-output>
  </reporter-output>
  <suite name="SmokeTestSuite" duration-ms="134079" started-at="2022-01-10T04:01:49Z" finished-at="2022-01-10T04:04:03Z">
    <groups>
    </groups>
    <test name="Test" duration-ms="134079" started-at="2022-01-10T04:01:49Z" finished-at="2022-01-10T04:04:03Z">
      <class name="lasvegasmarket.LagVegasMarketSmokeTest">
        <test-method status="PASS" signature="initialize()[pri:0, instance:lasvegasmarket.LagVegasMarketSmokeTest@3ffc5af1]" name="initialize" is-config="true" duration-ms="43493" started-at="2022-01-10T09:31:49Z" finished-at="2022-01-10T09:32:32Z">
          <reporter-output>
          </reporter-output>
        </test-method> <!-- initialize -->
        <test-method status="PASS" signature="TS001_VerifyMarketPlannerLoginTest()[pri:0, instance:lasvegasmarket.LagVegasMarketSmokeTest@3ffc5af1]" name="TS001_VerifyMarketPlannerLoginTest" duration-ms="65417" started-at="2022-01-10T09:32:32Z" finished-at="2022-01-10T09:33:38Z">
          <reporter-output>
          </reporter-output>
        </test-method> <!-- TS001_VerifyMarketPlannerLoginTest -->
        <test-method status="FAIL" signature="TS003_VerifyMarketPlannerProfileAndSettingsOptionTest()[pri:0, instance:lasvegasmarket.LagVegasMarketSmokeTest@3ffc5af1]" name="TS003_VerifyMarketPlannerProfileAndSettingsOptionTest" duration-ms="24731" started-at="2022-01-10T09:33:38Z" finished-at="2022-01-10T09:34:02Z">
          <exception class="java.lang.AssertionError">
            <message>
              <![CDATA[expected:<[[ChromeDriver: chrome on ANY (8ff0ea9e51f2cfb5db7b200c30d47015)] -> xpath: //ul[@class = 'imc-breadcrumb']/li[2]/a[1]]]]><![CDATA[> but was:<My profile>]]>
            </message>
            <full-stacktrace>
              <![CDATA[java.lang.AssertionError: expected:<[[ChromeDriver: chrome on ANY (8ff0ea9e51f2cfb5db7b200c30d47015)] -> xpath: //ul[@class = 'imc-breadcrumb']/li[2]/a[1]]]]><![CDATA[> but was:<My profile>
	at org.junit.Assert.fail(Assert.java:88)
	at org.junit.Assert.failNotEquals(Assert.java:834)
	at org.junit.Assert.assertEquals(Assert.java:118)
	at org.junit.Assert.assertEquals(Assert.java:144)
	at lasvegasmarket.LagVegasMarketSmokeTest.TS003_VerifyMarketPlannerProfileAndSettingsOptionTest(LagVegasMarketSmokeTest.java:195)
	at sun.reflect.NativeMethodAccessorImpl.invoke0(Native Method)
	at sun.reflect.NativeMethodAccessorImpl.invoke(NativeMethodAccessorImpl.java:62)
	at sun.reflect.DelegatingMethodAccessorImpl.invoke(DelegatingMethodAccessorImpl.java:43)
	at java.lang.reflect.Method.invoke(Method.java:498)
	at org.testng.internal.MethodInvocationHelper.invokeMethod(MethodInvocationHelper.java:80)
	at org.testng.internal.Invoker.invokeMethod(Invoker.java:714)
	at org.testng.internal.Invoker.invokeTestMethod(Invoker.java:901)
	at org.testng.internal.Invoker.invokeTestMethods(Invoker.java:1231)
	at org.testng.internal.TestMethodWorker.invokeTestMethods(TestMethodWorker.java:127)
	at org.testng.internal.TestMethodWorker.run(TestMethodWorker.java:111)
	at org.testng.TestRunner.privateRun(TestRunner.java:767)
	at org.testng.TestRunner.run(TestRunner.java:617)
	at org.testng.SuiteRunner.runTest(SuiteRunner.java:334)
	at org.testng.SuiteRunner.runSequentially(SuiteRunner.java:329)
	at org.testng.SuiteRunner.privateRun(SuiteRunner.java:291)
	at org.testng.SuiteRunner.run(SuiteRunner.java:240)
	at org.testng.SuiteRunnerWorker.runSuite(SuiteRunnerWorker.java:52)
	at org.testng.SuiteRunnerWorker.run(SuiteRunnerWorker.java:86)
	at org.testng.TestNG.runSuitesSequentially(TestNG.java:1198)
	at org.testng.TestNG.runSuitesLocally(TestNG.java:1123)
	at org.testng.TestNG.run(TestNG.java:1031)
	at org.testng.remote.AbstractRemoteTestNG.run(AbstractRemoteTestNG.java:114)
	at org.testng.remote.RemoteTestNG.initAndRun(RemoteTestNG.java:251)
	at org.testng.remote.RemoteTestNG.main(RemoteTestNG.java:77)
]]>
            </full-stacktrace>
          </exception> <!-- java.lang.AssertionError -->
          <reporter-output>
          </reporter-output>
        </test-method> <!-- TS003_VerifyMarketPlannerProfileAndSettingsOptionTest -->
      </class> <!-- lasvegasmarket.LagVegasMarketSmokeTest -->
    </test> <!-- Test -->
  </suite> <!-- SmokeTestSuite -->
</testng-results>
