<?xml version="1.0" encoding="UTF-8"?>
<testng-results ignored="0" total="10" passed="10" failed="0" skipped="0">
  <reporter-output>
  </reporter-output>
  <suite started-at="2024-10-25T13:32:06 IST" name="Default suite" finished-at="2024-10-25T13:47:08 IST" duration-ms="902302">
    <groups>
    </groups>
    <test started-at="2024-10-25T13:32:06 IST" name="Default test" finished-at="2024-10-25T13:47:08 IST" duration-ms="902302">
      <class name="PROD.LVMSmoke_PROD">
        <test-method is-config="true" signature="initialize()[pri:0, instance:PROD.LVMSmoke_PROD@29215f06]" started-at="2024-10-25T13:32:06 IST" name="initialize" finished-at="2024-10-25T13:33:10 IST" duration-ms="64446" status="PASS">
          <reporter-output>
          </reporter-output>
        </test-method> <!-- initialize -->
        <test-method signature="TS001_LVM_VerifyHeaderChannelLinksTest()[pri:1, instance:PROD.LVMSmoke_PROD@29215f06]" started-at="2024-10-25T13:33:10 IST" name="TS001_LVM_VerifyHeaderChannelLinksTest" finished-at="2024-10-25T13:40:21 IST" duration-ms="430916" status="PASS">
          <reporter-output>
          </reporter-output>
        </test-method> <!-- TS001_LVM_VerifyHeaderChannelLinksTest -->
        <test-method signature="TS002_LVM_VerifAllLinksUnderExhibitorDirectoryTabTest()[pri:2, instance:PROD.LVMSmoke_PROD@29215f06]" started-at="2024-10-25T13:40:21 IST" name="TS002_LVM_VerifAllLinksUnderExhibitorDirectoryTabTest" finished-at="2024-10-25T13:40:27 IST" duration-ms="6002" status="PASS">
          <reporter-output>
          </reporter-output>
        </test-method> <!-- TS002_LVM_VerifAllLinksUnderExhibitorDirectoryTabTest -->
        <test-method signature="TS003_LVM_VerifAllLinksUnderVisitTabTest()[pri:3, instance:PROD.LVMSmoke_PROD@29215f06]" started-at="2024-10-25T13:40:27 IST" name="TS003_LVM_VerifAllLinksUnderVisitTabTest" finished-at="2024-10-25T13:41:33 IST" duration-ms="66314" status="PASS">
          <reporter-output>
          </reporter-output>
        </test-method> <!-- TS003_LVM_VerifAllLinksUnderVisitTabTest -->
        <test-method signature="TS004_LVM_VerifAllLinksUnderDiscoverTabTest()[pri:4, instance:PROD.LVMSmoke_PROD@29215f06]" started-at="2024-10-25T13:41:33 IST" name="TS004_LVM_VerifAllLinksUnderDiscoverTabTest" finished-at="2024-10-25T13:42:23 IST" duration-ms="49491" status="PASS">
          <reporter-output>
          </reporter-output>
        </test-method> <!-- TS004_LVM_VerifAllLinksUnderDiscoverTabTest -->
        <test-method signature="TS005_LVM_VerifAllLinksUnderExhibitTabTest()[pri:5, instance:PROD.LVMSmoke_PROD@29215f06]" started-at="2024-10-25T13:42:23 IST" name="TS005_LVM_VerifAllLinksUnderExhibitTabTest" finished-at="2024-10-25T13:42:46 IST" duration-ms="22717" status="PASS">
          <reporter-output>
          </reporter-output>
        </test-method> <!-- TS005_LVM_VerifAllLinksUnderExhibitTabTest -->
        <test-method signature="TS006_LVM_VerifAllLinksUnderSourceYearRoundTabTest()[pri:6, instance:PROD.LVMSmoke_PROD@29215f06]" started-at="2024-10-25T13:42:46 IST" name="TS006_LVM_VerifAllLinksUnderSourceYearRoundTabTest" finished-at="2024-10-25T13:43:12 IST" duration-ms="26186" status="PASS">
          <reporter-output>
          </reporter-output>
        </test-method> <!-- TS006_LVM_VerifAllLinksUnderSourceYearRoundTabTest -->
        <test-method signature="TS07_LVM_VerifyAllSocialMediaLinksOnFooterTest()[pri:7, instance:PROD.LVMSmoke_PROD@29215f06]" started-at="2024-10-25T13:43:12 IST" name="TS07_LVM_VerifyAllSocialMediaLinksOnFooterTest" finished-at="2024-10-25T13:43:20 IST" duration-ms="8539" status="PASS">
          <reporter-output>
          </reporter-output>
        </test-method> <!-- TS07_LVM_VerifyAllSocialMediaLinksOnFooterTest -->
        <test-method signature="TS008_LVM_VerifyGlobalSearchFunctionalityTest()[pri:8, instance:PROD.LVMSmoke_PROD@29215f06]" started-at="2024-10-25T13:43:20 IST" name="TS008_LVM_VerifyGlobalSearchFunctionalityTest" finished-at="2024-10-25T13:43:30 IST" duration-ms="9519" status="PASS">
          <reporter-output>
          </reporter-output>
        </test-method> <!-- TS008_LVM_VerifyGlobalSearchFunctionalityTest -->
        <test-method signature="TS009_LVM_VerifyFooterLinksTest()[pri:9, instance:PROD.LVMSmoke_PROD@29215f06]" started-at="2024-10-25T13:43:30 IST" name="TS009_LVM_VerifyFooterLinksTest" finished-at="2024-10-25T13:46:53 IST" duration-ms="203325" status="PASS">
          <reporter-output>
          </reporter-output>
        </test-method> <!-- TS009_LVM_VerifyFooterLinksTest -->
        <test-method signature="TS010_LVM_VerifRegisterButtonTest()[pri:10, instance:PROD.LVMSmoke_PROD@29215f06]" started-at="2024-10-25T13:46:53 IST" name="TS010_LVM_VerifRegisterButtonTest" finished-at="2024-10-25T13:47:08 IST" duration-ms="14804" status="PASS">
          <reporter-output>
          </reporter-output>
        </test-method> <!-- TS010_LVM_VerifRegisterButtonTest -->
      </class> <!-- PROD.LVMSmoke_PROD -->
    </test> <!-- Default test -->
  </suite> <!-- Default suite -->
</testng-results>
