<?xml version="1.0" encoding="UTF-8"?>
<testng-results skipped="0" failed="2" total="13" passed="11">
  <reporter-output>
  </reporter-output>
  <suite name="SmokeTestSuite" duration-ms="1806574" started-at="2022-12-09T10:39:26Z" finished-at="2022-12-09T11:09:33Z">
    <groups>
    </groups>
    <test name="SequencialTest" duration-ms="1806574" started-at="2022-12-09T10:39:26Z" finished-at="2022-12-09T11:09:33Z">
      <class name="PROD.LagVegasMarketSmokeTest_PROD">
        <test-method status="PASS" signature="initialize()[pri:0, instance:PROD.LagVegasMarketSmokeTest_PROD@146ba0ac]" name="initialize" is-config="true" duration-ms="110573" started-at="2022-12-09T16:09:26Z" finished-at="2022-12-09T16:11:17Z">
          <reporter-output>
          </reporter-output>
        </test-method> <!-- initialize -->
        <test-method status="PASS" signature="TS001_VerifyMarketPlannerLoginTest()[pri:0, instance:PROD.LagVegasMarketSmokeTest_PROD@146ba0ac]" name="TS001_VerifyMarketPlannerLoginTest" duration-ms="49680" started-at="2022-12-09T16:11:17Z" finished-at="2022-12-09T16:12:06Z">
          <reporter-output>
          </reporter-output>
        </test-method> <!-- TS001_VerifyMarketPlannerLoginTest -->
        <test-method status="PASS" signature="TS002_VerifAllLinksUnderExhibitTabTest()[pri:0, instance:PROD.LagVegasMarketSmokeTest_PROD@146ba0ac]" name="TS002_VerifAllLinksUnderExhibitTabTest" duration-ms="35848" started-at="2022-12-09T16:12:07Z" finished-at="2022-12-09T16:12:42Z">
          <reporter-output>
          </reporter-output>
        </test-method> <!-- TS002_VerifAllLinksUnderExhibitTabTest -->
        <test-method status="PASS" signature="TS003_VerifyMarketPlannerProfileAndSettingsOptionTest()[pri:0, instance:PROD.LagVegasMarketSmokeTest_PROD@146ba0ac]" name="TS003_VerifyMarketPlannerProfileAndSettingsOptionTest" duration-ms="20625" started-at="2022-12-09T16:12:42Z" finished-at="2022-12-09T16:13:03Z">
          <reporter-output>
          </reporter-output>
        </test-method> <!-- TS003_VerifyMarketPlannerProfileAndSettingsOptionTest -->
        <test-method status="FAIL" signature="TS004_VerifyAllLinksUnderExhibitorsAndProductsTabTest()[pri:0, instance:PROD.LagVegasMarketSmokeTest_PROD@146ba0ac]" name="TS004_VerifyAllLinksUnderExhibitorsAndProductsTabTest" duration-ms="66265" started-at="2022-12-09T16:13:03Z" finished-at="2022-12-09T16:14:09Z">
          <exception class="org.openqa.selenium.NoSuchElementException">
            <message>
              <![CDATA[no such element: Unable to locate element: {"method":"xpath","selector":"//a[contains(text(), 'New Product Introductions')]"}
  (Session info: chrome=108.0.5359.95)
For documentation on this error, please visit: http://seleniumhq.org/exceptions/no_such_element.html
Build info: version: '3.4.0', revision: 'unknown', time: 'unknown'
System info: host: 'NILAMMA-W10', ip: '192.168.68.2', os.name: 'Windows 10', os.arch: 'amd64', os.version: '10.0', java.version: '1.8.0_161'
Driver info: org.openqa.selenium.chrome.ChromeDriver
Capabilities [{networkConnectionEnabled=false, chrome={chromedriverVersion=108.0.5359.71 (1e0e3868ee06e91ad636a874420e3ca3ae3756ac-refs/branch-heads/5359@{#1016}), userDataDir=C:\Users\nilamma\AppData\Local\Temp\scoped_dir18172_1741758685}, timeouts={implicit=0.0, pageLoad=300000.0, script=30000.0}, pageLoadStrategy=normal, unhandledPromptBehavior=dismiss and notify, strictFileInteractability=false, platform=ANY, proxy=Proxy(), goog:chromeOptions={debuggerAddress=localhost:56455}, webauthn:extension:credBlob=true, acceptInsecureCerts=false, browserVersion=108.0.5359.95, browserName=chrome, javascriptEnabled=true, platformName=windows, setWindowRect=true, webauthn:extension:largeBlob=true, webauthn:virtualAuthenticators=true}]
Session ID: 2c49a61685a7f831bd960de5e5e98e16
*** Element info: {Using=xpath, value=//a[contains(text(), 'New Product Introductions')]}]]>
            </message>
            <full-stacktrace>
              <![CDATA[org.openqa.selenium.NoSuchElementException: no such element: Unable to locate element: {"method":"xpath","selector":"//a[contains(text(), 'New Product Introductions')]"}
  (Session info: chrome=108.0.5359.95)
For documentation on this error, please visit: http://seleniumhq.org/exceptions/no_such_element.html
Build info: version: '3.4.0', revision: 'unknown', time: 'unknown'
System info: host: 'NILAMMA-W10', ip: '192.168.68.2', os.name: 'Windows 10', os.arch: 'amd64', os.version: '10.0', java.version: '1.8.0_161'
Driver info: org.openqa.selenium.chrome.ChromeDriver
Capabilities [{networkConnectionEnabled=false, chrome={chromedriverVersion=108.0.5359.71 (1e0e3868ee06e91ad636a874420e3ca3ae3756ac-refs/branch-heads/5359@{#1016}), userDataDir=C:\Users\nilamma\AppData\Local\Temp\scoped_dir18172_1741758685}, timeouts={implicit=0.0, pageLoad=300000.0, script=30000.0}, pageLoadStrategy=normal, unhandledPromptBehavior=dismiss and notify, strictFileInteractability=false, platform=ANY, proxy=Proxy(), goog:chromeOptions={debuggerAddress=localhost:56455}, webauthn:extension:credBlob=true, acceptInsecureCerts=false, browserVersion=108.0.5359.95, browserName=chrome, javascriptEnabled=true, platformName=windows, setWindowRect=true, webauthn:extension:largeBlob=true, webauthn:virtualAuthenticators=true}]
Session ID: 2c49a61685a7f831bd960de5e5e98e16
*** Element info: {Using=xpath, value=//a[contains(text(), 'New Product Introductions')]}
	at sun.reflect.NativeConstructorAccessorImpl.newInstance0(Native Method)
	at sun.reflect.NativeConstructorAccessorImpl.newInstance(Unknown Source)
	at sun.reflect.DelegatingConstructorAccessorImpl.newInstance(Unknown Source)
	at java.lang.reflect.Constructor.newInstance(Unknown Source)
	at org.openqa.selenium.remote.http.W3CHttpResponseCodec.createException(W3CHttpResponseCodec.java:150)
	at org.openqa.selenium.remote.http.W3CHttpResponseCodec.decode(W3CHttpResponseCodec.java:115)
	at org.openqa.selenium.remote.http.W3CHttpResponseCodec.decode(W3CHttpResponseCodec.java:45)
	at org.openqa.selenium.remote.HttpCommandExecutor.execute(HttpCommandExecutor.java:164)
	at org.openqa.selenium.remote.service.DriverCommandExecutor.execute(DriverCommandExecutor.java:82)
	at org.openqa.selenium.remote.RemoteWebDriver.execute(RemoteWebDriver.java:637)
	at org.openqa.selenium.remote.RemoteWebDriver.findElement(RemoteWebDriver.java:410)
	at org.openqa.selenium.remote.RemoteWebDriver.findElementByXPath(RemoteWebDriver.java:509)
	at org.openqa.selenium.By$ByXPath.findElement(By.java:361)
	at org.openqa.selenium.remote.RemoteWebDriver.findElement(RemoteWebDriver.java:402)
	at pageObjects.LasVegasMarket.UXPExhibitorsAndProductsTabPage.getNewProductIntroductions(UXPExhibitorsAndProductsTabPage.java:61)
	at PROD.LagVegasMarketSmokeTest_PROD.TS004_VerifyAllLinksUnderExhibitorsAndProductsTabTest(LagVegasMarketSmokeTest_PROD.java:279)
	at sun.reflect.NativeMethodAccessorImpl.invoke0(Native Method)
	at sun.reflect.NativeMethodAccessorImpl.invoke(Unknown Source)
	at sun.reflect.DelegatingMethodAccessorImpl.invoke(Unknown Source)
	at java.lang.reflect.Method.invoke(Unknown Source)
	at org.testng.internal.MethodInvocationHelper.invokeMethod(MethodInvocationHelper.java:80)
	at org.testng.internal.Invoker.invokeMethod(Invoker.java:714)
	at org.testng.internal.Invoker.invokeTestMethod(Invoker.java:901)
	at org.testng.internal.Invoker.invokeTestMethods(Invoker.java:1231)
	at org.testng.internal.TestMethodWorker.invokeTestMethods(TestMethodWorker.java:127)
	at org.testng.internal.TestMethodWorker.run(TestMethodWorker.java:111)
	at org.testng.TestRunner.privateRun(TestRunner.java:767)
	at org.testng.TestRunner.run(TestRunner.java:617)
	at org.testng.SuiteRunner.runTest(SuiteRunner.java:334)
	at org.testng.SuiteRunner.runSequentially(SuiteRunner.java:329)
	at org.testng.SuiteRunner.privateRun(SuiteRunner.java:291)
	at org.testng.SuiteRunner.run(SuiteRunner.java:240)
	at org.testng.SuiteRunnerWorker.runSuite(SuiteRunnerWorker.java:52)
	at org.testng.SuiteRunnerWorker.run(SuiteRunnerWorker.java:86)
	at org.testng.TestNG.runSuitesSequentially(TestNG.java:1198)
	at org.testng.TestNG.runSuitesLocally(TestNG.java:1123)
	at org.testng.TestNG.run(TestNG.java:1031)
	at org.testng.remote.AbstractRemoteTestNG.run(AbstractRemoteTestNG.java:132)
	at org.testng.remote.RemoteTestNG.initAndRun(RemoteTestNG.java:236)
	at org.testng.remote.RemoteTestNG.main(RemoteTestNG.java:81)
]]>
            </full-stacktrace>
          </exception> <!-- org.openqa.selenium.NoSuchElementException -->
          <reporter-output>
          </reporter-output>
        </test-method> <!-- TS004_VerifyAllLinksUnderExhibitorsAndProductsTabTest -->
        <test-method status="PASS" signature="TS005_VerifyAllLinksUnderMarketInfoTabTest()[pri:0, instance:PROD.LagVegasMarketSmokeTest_PROD@146ba0ac]" name="TS005_VerifyAllLinksUnderMarketInfoTabTest" duration-ms="83888" started-at="2022-12-09T16:14:09Z" finished-at="2022-12-09T16:15:33Z">
          <reporter-output>
          </reporter-output>
        </test-method> <!-- TS005_VerifyAllLinksUnderMarketInfoTabTest -->
        <test-method status="FAIL" signature="TS013_VerifyAllLinksUnderExploreMarketTabTest()[pri:0, instance:PROD.LagVegasMarketSmokeTest_PROD@146ba0ac]" name="TS013_VerifyAllLinksUnderExploreMarketTabTest" duration-ms="53616" started-at="2022-12-09T16:15:33Z" finished-at="2022-12-09T16:16:27Z">
          <exception class="org.openqa.selenium.NoSuchElementException">
            <message>
              <![CDATA[no such element: Unable to locate element: {"method":"xpath","selector":"//a[contains(text(),'Virtual Resources')]"}
  (Session info: chrome=108.0.5359.95)
For documentation on this error, please visit: http://seleniumhq.org/exceptions/no_such_element.html
Build info: version: '3.4.0', revision: 'unknown', time: 'unknown'
System info: host: 'NILAMMA-W10', ip: '192.168.68.2', os.name: 'Windows 10', os.arch: 'amd64', os.version: '10.0', java.version: '1.8.0_161'
Driver info: org.openqa.selenium.chrome.ChromeDriver
Capabilities [{networkConnectionEnabled=false, chrome={chromedriverVersion=108.0.5359.71 (1e0e3868ee06e91ad636a874420e3ca3ae3756ac-refs/branch-heads/5359@{#1016}), userDataDir=C:\Users\nilamma\AppData\Local\Temp\scoped_dir18172_1741758685}, timeouts={implicit=0.0, pageLoad=300000.0, script=30000.0}, pageLoadStrategy=normal, unhandledPromptBehavior=dismiss and notify, strictFileInteractability=false, platform=ANY, proxy=Proxy(), goog:chromeOptions={debuggerAddress=localhost:56455}, webauthn:extension:credBlob=true, acceptInsecureCerts=false, browserVersion=108.0.5359.95, browserName=chrome, javascriptEnabled=true, platformName=windows, setWindowRect=true, webauthn:extension:largeBlob=true, webauthn:virtualAuthenticators=true}]
Session ID: 2c49a61685a7f831bd960de5e5e98e16
*** Element info: {Using=xpath, value=//a[contains(text(),'Virtual Resources')]}]]>
            </message>
            <full-stacktrace>
              <![CDATA[org.openqa.selenium.NoSuchElementException: no such element: Unable to locate element: {"method":"xpath","selector":"//a[contains(text(),'Virtual Resources')]"}
  (Session info: chrome=108.0.5359.95)
For documentation on this error, please visit: http://seleniumhq.org/exceptions/no_such_element.html
Build info: version: '3.4.0', revision: 'unknown', time: 'unknown'
System info: host: 'NILAMMA-W10', ip: '192.168.68.2', os.name: 'Windows 10', os.arch: 'amd64', os.version: '10.0', java.version: '1.8.0_161'
Driver info: org.openqa.selenium.chrome.ChromeDriver
Capabilities [{networkConnectionEnabled=false, chrome={chromedriverVersion=108.0.5359.71 (1e0e3868ee06e91ad636a874420e3ca3ae3756ac-refs/branch-heads/5359@{#1016}), userDataDir=C:\Users\nilamma\AppData\Local\Temp\scoped_dir18172_1741758685}, timeouts={implicit=0.0, pageLoad=300000.0, script=30000.0}, pageLoadStrategy=normal, unhandledPromptBehavior=dismiss and notify, strictFileInteractability=false, platform=ANY, proxy=Proxy(), goog:chromeOptions={debuggerAddress=localhost:56455}, webauthn:extension:credBlob=true, acceptInsecureCerts=false, browserVersion=108.0.5359.95, browserName=chrome, javascriptEnabled=true, platformName=windows, setWindowRect=true, webauthn:extension:largeBlob=true, webauthn:virtualAuthenticators=true}]
Session ID: 2c49a61685a7f831bd960de5e5e98e16
*** Element info: {Using=xpath, value=//a[contains(text(),'Virtual Resources')]}
	at sun.reflect.NativeConstructorAccessorImpl.newInstance0(Native Method)
	at sun.reflect.NativeConstructorAccessorImpl.newInstance(Unknown Source)
	at sun.reflect.DelegatingConstructorAccessorImpl.newInstance(Unknown Source)
	at java.lang.reflect.Constructor.newInstance(Unknown Source)
	at org.openqa.selenium.remote.http.W3CHttpResponseCodec.createException(W3CHttpResponseCodec.java:150)
	at org.openqa.selenium.remote.http.W3CHttpResponseCodec.decode(W3CHttpResponseCodec.java:115)
	at org.openqa.selenium.remote.http.W3CHttpResponseCodec.decode(W3CHttpResponseCodec.java:45)
	at org.openqa.selenium.remote.HttpCommandExecutor.execute(HttpCommandExecutor.java:164)
	at org.openqa.selenium.remote.service.DriverCommandExecutor.execute(DriverCommandExecutor.java:82)
	at org.openqa.selenium.remote.RemoteWebDriver.execute(RemoteWebDriver.java:637)
	at org.openqa.selenium.remote.RemoteWebDriver.findElement(RemoteWebDriver.java:410)
	at org.openqa.selenium.remote.RemoteWebDriver.findElementByXPath(RemoteWebDriver.java:509)
	at org.openqa.selenium.By$ByXPath.findElement(By.java:361)
	at org.openqa.selenium.remote.RemoteWebDriver.findElement(RemoteWebDriver.java:402)
	at pageObjects.LasVegasMarket.UXPExploreMarketPage.getVirtualResourcesMenu(UXPExploreMarketPage.java:44)
	at PROD.LagVegasMarketSmokeTest_PROD.TS013_VerifyAllLinksUnderExploreMarketTabTest(LagVegasMarketSmokeTest_PROD.java:427)
	at sun.reflect.NativeMethodAccessorImpl.invoke0(Native Method)
	at sun.reflect.NativeMethodAccessorImpl.invoke(Unknown Source)
	at sun.reflect.DelegatingMethodAccessorImpl.invoke(Unknown Source)
	at java.lang.reflect.Method.invoke(Unknown Source)
	at org.testng.internal.MethodInvocationHelper.invokeMethod(MethodInvocationHelper.java:80)
	at org.testng.internal.Invoker.invokeMethod(Invoker.java:714)
	at org.testng.internal.Invoker.invokeTestMethod(Invoker.java:901)
	at org.testng.internal.Invoker.invokeTestMethods(Invoker.java:1231)
	at org.testng.internal.TestMethodWorker.invokeTestMethods(TestMethodWorker.java:127)
	at org.testng.internal.TestMethodWorker.run(TestMethodWorker.java:111)
	at org.testng.TestRunner.privateRun(TestRunner.java:767)
	at org.testng.TestRunner.run(TestRunner.java:617)
	at org.testng.SuiteRunner.runTest(SuiteRunner.java:334)
	at org.testng.SuiteRunner.runSequentially(SuiteRunner.java:329)
	at org.testng.SuiteRunner.privateRun(SuiteRunner.java:291)
	at org.testng.SuiteRunner.run(SuiteRunner.java:240)
	at org.testng.SuiteRunnerWorker.runSuite(SuiteRunnerWorker.java:52)
	at org.testng.SuiteRunnerWorker.run(SuiteRunnerWorker.java:86)
	at org.testng.TestNG.runSuitesSequentially(TestNG.java:1198)
	at org.testng.TestNG.runSuitesLocally(TestNG.java:1123)
	at org.testng.TestNG.run(TestNG.java:1031)
	at org.testng.remote.AbstractRemoteTestNG.run(AbstractRemoteTestNG.java:132)
	at org.testng.remote.RemoteTestNG.initAndRun(RemoteTestNG.java:236)
	at org.testng.remote.RemoteTestNG.main(RemoteTestNG.java:81)
]]>
            </full-stacktrace>
          </exception> <!-- org.openqa.selenium.NoSuchElementException -->
          <reporter-output>
          </reporter-output>
        </test-method> <!-- TS013_VerifyAllLinksUnderExploreMarketTabTest -->
        <test-method status="PASS" signature="TS007_VerifyAllLinksUnderAttendTabTest()[pri:0, instance:PROD.LagVegasMarketSmokeTest_PROD@146ba0ac]" name="TS007_VerifyAllLinksUnderAttendTabTest" duration-ms="199553" started-at="2022-12-09T16:16:27Z" finished-at="2022-12-09T16:19:46Z">
          <reporter-output>
          </reporter-output>
        </test-method> <!-- TS007_VerifyAllLinksUnderAttendTabTest -->
        <test-method status="PASS" signature="TS008_VerifyFooterLinksTest()[pri:0, instance:PROD.LagVegasMarketSmokeTest_PROD@146ba0ac]" name="TS008_VerifyFooterLinksTest" duration-ms="888504" started-at="2022-12-09T16:19:46Z" finished-at="2022-12-09T16:34:35Z">
          <reporter-output>
          </reporter-output>
        </test-method> <!-- TS008_VerifyFooterLinksTest -->
        <test-method status="PASS" signature="TS009_VerifyExhibitorDirectoryTest()[pri:0, instance:PROD.LagVegasMarketSmokeTest_PROD@146ba0ac]" name="TS009_VerifyExhibitorDirectoryTest" duration-ms="13585" started-at="2022-12-09T16:34:35Z" finished-at="2022-12-09T16:34:49Z">
          <reporter-output>
          </reporter-output>
        </test-method> <!-- TS009_VerifyExhibitorDirectoryTest -->
        <test-method status="PASS" signature="TS010_VerifyGlobalSearchFunctionalityTest()[pri:0, instance:PROD.LagVegasMarketSmokeTest_PROD@146ba0ac]" name="TS010_VerifyGlobalSearchFunctionalityTest" duration-ms="4787" started-at="2022-12-09T16:34:49Z" finished-at="2022-12-09T16:34:53Z">
          <reporter-output>
          </reporter-output>
        </test-method> <!-- TS010_VerifyGlobalSearchFunctionalityTest -->
        <test-method status="PASS" signature="TS012_VerifyAllSocialMediaLinksOnFooterTest()[pri:0, instance:PROD.LagVegasMarketSmokeTest_PROD@146ba0ac]" name="TS012_VerifyAllSocialMediaLinksOnFooterTest" duration-ms="8605" started-at="2022-12-09T16:34:53Z" finished-at="2022-12-09T16:35:02Z">
          <reporter-output>
          </reporter-output>
        </test-method> <!-- TS012_VerifyAllSocialMediaLinksOnFooterTest -->
        <test-method status="PASS" signature="TS011_VerifyAllLinksUnderYearRoundTabTest()[pri:0, instance:PROD.LagVegasMarketSmokeTest_PROD@146ba0ac]" name="TS011_VerifyAllLinksUnderYearRoundTabTest" duration-ms="44022" started-at="2022-12-09T16:35:02Z" finished-at="2022-12-09T16:35:46Z">
          <reporter-output>
          </reporter-output>
        </test-method> <!-- TS011_VerifyAllLinksUnderYearRoundTabTest -->
        <test-method status="PASS" signature="TS006_VerifyHeaderChannelLinksTest()[pri:0, instance:PROD.LagVegasMarketSmokeTest_PROD@146ba0ac]" name="TS006_VerifyHeaderChannelLinksTest" duration-ms="220750" started-at="2022-12-09T16:35:46Z" finished-at="2022-12-09T16:39:27Z">
          <reporter-output>
          </reporter-output>
        </test-method> <!-- TS006_VerifyHeaderChannelLinksTest -->
        <test-method status="PASS" signature="tearDown()[pri:0, instance:PROD.LagVegasMarketSmokeTest_PROD@146ba0ac]" name="tearDown" is-config="true" duration-ms="5963" started-at="2022-12-09T16:39:27Z" finished-at="2022-12-09T16:39:33Z">
          <reporter-output>
          </reporter-output>
        </test-method> <!-- tearDown -->
        <test-method status="PASS" signature="sendEmail()[pri:0, instance:PROD.LagVegasMarketSmokeTest_PROD@146ba0ac]" name="sendEmail" is-config="true" duration-ms="1646" started-at="2022-12-09T16:39:37Z" finished-at="2022-12-09T16:39:39Z">
          <reporter-output>
          </reporter-output>
        </test-method> <!-- sendEmail -->
      </class> <!-- PROD.LagVegasMarketSmokeTest_PROD -->
    </test> <!-- SequencialTest -->
  </suite> <!-- SmokeTestSuite -->
</testng-results>
