<?xml version="1.0" encoding="UTF-8"?>
<testng-results skipped="0" failed="0" total="1" passed="1">
  <reporter-output>
  </reporter-output>
  <suite name="AMMart_SmokeTestSuite" duration-ms="117090" started-at="2022-02-11T16:03:59Z" finished-at="2022-02-11T16:05:56Z">
    <groups>
    </groups>
    <test name="Test" duration-ms="117090" started-at="2022-02-11T16:03:59Z" finished-at="2022-02-11T16:05:56Z">
      <class name="americasmart.AmericasMartSmokeTest_UAT">
        <test-method status="PASS" signature="initialize()[pri:0, instance:americasmart.AmericasMartSmokeTest_UAT@3ffc5af1]" name="initialize" is-config="true" duration-ms="50416" started-at="2022-02-11T21:33:59Z" finished-at="2022-02-11T21:34:50Z">
          <reporter-output>
          </reporter-output>
        </test-method> <!-- initialize -->
        <test-method status="PASS" signature="T005_VerifyAllHeaderChanelLinksTest()[pri:0, instance:americasmart.AmericasMartSmokeTest_UAT@3ffc5af1]" name="T005_VerifyAllHeaderChanelLinksTest" duration-ms="66654" started-at="2022-02-11T21:34:50Z" finished-at="2022-02-11T21:35:56Z">
          <reporter-output>
          </reporter-output>
        </test-method> <!-- T005_VerifyAllHeaderChanelLinksTest -->
      </class> <!-- americasmart.AmericasMartSmokeTest_UAT -->
<testng-results skipped="0" failed="1" total="13" passed="12">
  <reporter-output>
  </reporter-output>
  <suite name="ATLMrkt_SmokeTestSuite" duration-ms="1271708" started-at="2022-02-11T09:22:22Z" finished-at="2022-02-11T09:43:34Z">
    <groups>
    </groups>
    <test name="Test" duration-ms="1271708" started-at="2022-02-11T09:22:22Z" finished-at="2022-02-11T09:43:34Z">
      <class name="atlantamarket.AtlantaMarketSmokeTest_UAT">
        <test-method status="PASS" signature="initialize()[pri:0, instance:atlantamarket.AtlantaMarketSmokeTest_UAT@5b275dab]" name="initialize" is-config="true" duration-ms="59732" started-at="2022-02-11T14:52:22Z" finished-at="2022-02-11T14:53:22Z">
          <reporter-output>
          </reporter-output>
        </test-method> <!-- initialize -->
        <test-method status="PASS" signature="TS001_VerifyMarketPlannerLoginTest()[pri:0, instance:atlantamarket.AtlantaMarketSmokeTest_UAT@5b275dab]" name="TS001_VerifyMarketPlannerLoginTest" duration-ms="43840" started-at="2022-02-11T14:53:22Z" finished-at="2022-02-11T14:54:05Z">
          <reporter-output>
          </reporter-output>
        </test-method> <!-- TS001_VerifyMarketPlannerLoginTest -->
        <test-method status="PASS" signature="TS002_VerifyMarketPlannerProfileAndSettingsOptionTest()[pri:0, instance:atlantamarket.AtlantaMarketSmokeTest_UAT@5b275dab]" name="TS002_VerifyMarketPlannerProfileAndSettingsOptionTest" duration-ms="13291" started-at="2022-02-11T14:54:05Z" finished-at="2022-02-11T14:54:19Z">
          <reporter-output>
          </reporter-output>
        </test-method> <!-- TS002_VerifyMarketPlannerProfileAndSettingsOptionTest -->
        <test-method status="PASS" signature="TS003_VerifyGlobalSearchFunctionalityTest()[pri:0, instance:atlantamarket.AtlantaMarketSmokeTest_UAT@5b275dab]" name="TS003_VerifyGlobalSearchFunctionalityTest" duration-ms="11052" started-at="2022-02-11T14:54:19Z" finished-at="2022-02-11T14:54:30Z">
          <reporter-output>
          </reporter-output>
        </test-method> <!-- TS003_VerifyGlobalSearchFunctionalityTest -->
        <test-method status="PASS" signature="TS004_VerifyMarketPlannerRegistrationsOptionTest()[pri:0, instance:atlantamarket.AtlantaMarketSmokeTest_UAT@5b275dab]" name="TS004_VerifyMarketPlannerRegistrationsOptionTest" duration-ms="7394" started-at="2022-02-11T14:54:30Z" finished-at="2022-02-11T14:54:37Z">
          <reporter-output>
          </reporter-output>
        </test-method> <!-- TS004_VerifyMarketPlannerRegistrationsOptionTest -->
        <test-method status="PASS" signature="TS005_VerifyExhibitorDirectoryTest()[pri:0, instance:atlantamarket.AtlantaMarketSmokeTest_UAT@5b275dab]" name="TS005_VerifyExhibitorDirectoryTest" duration-ms="21756" started-at="2022-02-11T14:54:37Z" finished-at="2022-02-11T14:54:59Z">
          <reporter-output>
          </reporter-output>
        </test-method> <!-- TS005_VerifyExhibitorDirectoryTest -->
        <test-method status="PASS" signature="TS006_VerifyAllLinksUnderMarketInfoTabTest()[pri:0, instance:atlantamarket.AtlantaMarketSmokeTest_UAT@5b275dab]" name="TS006_VerifyAllLinksUnderMarketInfoTabTest" duration-ms="120269" started-at="2022-02-11T14:54:59Z" finished-at="2022-02-11T14:56:59Z">
          <reporter-output>
          </reporter-output>
        </test-method> <!-- TS006_VerifyAllLinksUnderMarketInfoTabTest -->
        <test-method status="PASS" signature="TS007_VerifyAllLinksUnderExhibitorsAndProductsTabTest()[pri:0, instance:atlantamarket.AtlantaMarketSmokeTest_UAT@5b275dab]" name="TS007_VerifyAllLinksUnderExhibitorsAndProductsTabTest" duration-ms="126566" started-at="2022-02-11T14:56:59Z" finished-at="2022-02-11T14:59:06Z">
          <reporter-output>
          </reporter-output>
        </test-method> <!-- TS007_VerifyAllLinksUnderExhibitorsAndProductsTabTest -->
        <test-method status="PASS" signature="TS008_VerifAllLinksUnderExhibitTabTest()[pri:0, instance:atlantamarket.AtlantaMarketSmokeTest_UAT@5b275dab]" name="TS008_VerifAllLinksUnderExhibitTabTest" duration-ms="91835" started-at="2022-02-11T14:59:06Z" finished-at="2022-02-11T15:00:38Z">
          <reporter-output>
          </reporter-output>
        </test-method> <!-- TS008_VerifAllLinksUnderExhibitTabTest -->
        <test-method status="PASS" signature="TS009_VerifyAllChannelsLinksTest()[pri:0, instance:atlantamarket.AtlantaMarketSmokeTest_UAT@5b275dab]" name="TS009_VerifyAllChannelsLinksTest" duration-ms="101764" started-at="2022-02-11T15:00:38Z" finished-at="2022-02-11T15:02:19Z">
          <reporter-output>
          </reporter-output>
        </test-method> <!-- TS009_VerifyAllChannelsLinksTest -->
        <test-method status="PASS" signature="TS010_VerifyAllSocialMediaLinksOnFooterTest()[pri:0, instance:atlantamarket.AtlantaMarketSmokeTest_UAT@5b275dab]" name="TS010_VerifyAllSocialMediaLinksOnFooterTest" duration-ms="77088" started-at="2022-02-11T15:02:19Z" finished-at="2022-02-11T15:03:37Z">
          <reporter-output>
          </reporter-output>
        </test-method> <!-- TS010_VerifyAllSocialMediaLinksOnFooterTest -->
        <test-method status="PASS" signature="TS011_VerifyFooterLinksTest()[pri:0, instance:atlantamarket.AtlantaMarketSmokeTest_UAT@5b275dab]" name="TS011_VerifyFooterLinksTest" duration-ms="462977" started-at="2022-02-11T15:03:37Z" finished-at="2022-02-11T15:11:19Z">
          <reporter-output>
          </reporter-output>
        </test-method> <!-- TS011_VerifyFooterLinksTest -->
        <test-method status="FAIL" signature="TS012_VerifyAllLinksUnderAttendTabTest()[pri:0, instance:atlantamarket.AtlantaMarketSmokeTest_UAT@5b275dab]" name="TS012_VerifyAllLinksUnderAttendTabTest" duration-ms="47231" started-at="2022-02-11T15:11:19Z" finished-at="2022-02-11T15:12:07Z">
          <exception class="org.openqa.selenium.NoSuchElementException">
            <message>
              <![CDATA[no such element: Unable to locate element: {"method":"xpath","selector":"//div[@class ='imc-section']/div[1]/div[3]/div[2]/div[1]/div[1]/a"}
  (Session info: chrome=98.0.4758.81)
For documentation on this error, please visit: http://seleniumhq.org/exceptions/no_such_element.html
Build info: version: '3.4.0', revision: 'unknown', time: 'unknown'
System info: host: 'NILAMMA-W10', ip: '192.168.68.2', os.name: 'Windows 10', os.arch: 'amd64', os.version: '10.0', java.version: '1.8.0_161'
Driver info: org.openqa.selenium.chrome.ChromeDriver
Capabilities [{networkConnectionEnabled=false, chrome={chromedriverVersion=97.0.4692.71 (adefa7837d02a07a604c1e6eff0b3a09422ab88d-refs/branch-heads/4692@{#1247}), userDataDir=C:\Users\nilamma\AppData\Local\Temp\scoped_dir12568_923662867}, timeouts={implicit=0.0, pageLoad=300000.0, script=30000.0}, pageLoadStrategy=normal, unhandledPromptBehavior=dismiss and notify, strictFileInteractability=false, platform=ANY, proxy=Proxy(), goog:chromeOptions={debuggerAddress=localhost:53973}, webauthn:extension:credBlob=true, acceptInsecureCerts=false, browserVersion=98.0.4758.81, browserName=chrome, javascriptEnabled=true, platformName=windows, setWindowRect=true, webauthn:extension:largeBlob=true, webauthn:virtualAuthenticators=true}]
Session ID: 2a8516f215c5ec1b0758dd3bcf044b07
*** Element info: {Using=xpath, value=//div[@class ='imc-section']/div[1]/div[3]/div[2]/div[1]/div[1]/a}]]>
            </message>
            <full-stacktrace>
              <![CDATA[org.openqa.selenium.NoSuchElementException: no such element: Unable to locate element: {"method":"xpath","selector":"//div[@class ='imc-section']/div[1]/div[3]/div[2]/div[1]/div[1]/a"}
  (Session info: chrome=98.0.4758.81)
For documentation on this error, please visit: http://seleniumhq.org/exceptions/no_such_element.html
Build info: version: '3.4.0', revision: 'unknown', time: 'unknown'
System info: host: 'NILAMMA-W10', ip: '192.168.68.2', os.name: 'Windows 10', os.arch: 'amd64', os.version: '10.0', java.version: '1.8.0_161'
Driver info: org.openqa.selenium.chrome.ChromeDriver
Capabilities [{networkConnectionEnabled=false, chrome={chromedriverVersion=97.0.4692.71 (adefa7837d02a07a604c1e6eff0b3a09422ab88d-refs/branch-heads/4692@{#1247}), userDataDir=C:\Users\nilamma\AppData\Local\Temp\scoped_dir12568_923662867}, timeouts={implicit=0.0, pageLoad=300000.0, script=30000.0}, pageLoadStrategy=normal, unhandledPromptBehavior=dismiss and notify, strictFileInteractability=false, platform=ANY, proxy=Proxy(), goog:chromeOptions={debuggerAddress=localhost:53973}, webauthn:extension:credBlob=true, acceptInsecureCerts=false, browserVersion=98.0.4758.81, browserName=chrome, javascriptEnabled=true, platformName=windows, setWindowRect=true, webauthn:extension:largeBlob=true, webauthn:virtualAuthenticators=true}]
Session ID: 2a8516f215c5ec1b0758dd3bcf044b07
*** Element info: {Using=xpath, value=//div[@class ='imc-section']/div[1]/div[3]/div[2]/div[1]/div[1]/a}
	at sun.reflect.NativeConstructorAccessorImpl.newInstance0(Native Method)
	at sun.reflect.NativeConstructorAccessorImpl.newInstance(Unknown Source)
	at sun.reflect.DelegatingConstructorAccessorImpl.newInstance(Unknown Source)
	at java.lang.reflect.Constructor.newInstance(Unknown Source)
	at org.openqa.selenium.remote.http.W3CHttpResponseCodec.createException(W3CHttpResponseCodec.java:150)
	at org.openqa.selenium.remote.http.W3CHttpResponseCodec.decode(W3CHttpResponseCodec.java:115)
	at org.openqa.selenium.remote.http.W3CHttpResponseCodec.decode(W3CHttpResponseCodec.java:45)
	at org.openqa.selenium.remote.HttpCommandExecutor.execute(HttpCommandExecutor.java:164)
	at org.openqa.selenium.remote.service.DriverCommandExecutor.execute(DriverCommandExecutor.java:82)
	at org.openqa.selenium.remote.RemoteWebDriver.execute(RemoteWebDriver.java:637)
	at org.openqa.selenium.remote.RemoteWebDriver.findElement(RemoteWebDriver.java:410)
	at org.openqa.selenium.remote.RemoteWebDriver.findElementByXPath(RemoteWebDriver.java:509)
	at org.openqa.selenium.By$ByXPath.findElement(By.java:361)
	at org.openqa.selenium.remote.RemoteWebDriver.findElement(RemoteWebDriver.java:402)
	at pageObjects.AtlantaMarket.ATLAttendPage.getATLWhyAttend(ATLAttendPage.java:46)
	at atlantamarket.AtlantaMarketSmokeTest_UAT.TS012_VerifyAllLinksUnderAttendTabTest(AtlantaMarketSmokeTest_UAT.java:621)
	at sun.reflect.NativeMethodAccessorImpl.invoke0(Native Method)
	at sun.reflect.NativeMethodAccessorImpl.invoke(Unknown Source)
	at sun.reflect.DelegatingMethodAccessorImpl.invoke(Unknown Source)
	at java.lang.reflect.Method.invoke(Unknown Source)
	at org.testng.internal.MethodInvocationHelper.invokeMethod(MethodInvocationHelper.java:80)
	at org.testng.internal.Invoker.invokeMethod(Invoker.java:714)
	at org.testng.internal.Invoker.invokeTestMethod(Invoker.java:901)
	at org.testng.internal.Invoker.invokeTestMethods(Invoker.java:1231)
	at org.testng.internal.TestMethodWorker.invokeTestMethods(TestMethodWorker.java:127)
	at org.testng.internal.TestMethodWorker.run(TestMethodWorker.java:111)
	at org.testng.TestRunner.privateRun(TestRunner.java:767)
	at org.testng.TestRunner.run(TestRunner.java:617)
	at org.testng.SuiteRunner.runTest(SuiteRunner.java:334)
	at org.testng.SuiteRunner.runSequentially(SuiteRunner.java:329)
	at org.testng.SuiteRunner.privateRun(SuiteRunner.java:291)
	at org.testng.SuiteRunner.run(SuiteRunner.java:240)
	at org.testng.SuiteRunnerWorker.runSuite(SuiteRunnerWorker.java:52)
	at org.testng.SuiteRunnerWorker.run(SuiteRunnerWorker.java:86)
	at org.testng.TestNG.runSuitesSequentially(TestNG.java:1198)
	at org.testng.TestNG.runSuitesLocally(TestNG.java:1123)
	at org.testng.TestNG.run(TestNG.java:1031)
	at org.testng.remote.AbstractRemoteTestNG.run(AbstractRemoteTestNG.java:132)
	at org.testng.remote.RemoteTestNG.initAndRun(RemoteTestNG.java:236)
	at org.testng.remote.RemoteTestNG.main(RemoteTestNG.java:81)
]]>
            </full-stacktrace>
          </exception> <!-- org.openqa.selenium.NoSuchElementException -->
          <reporter-output>
          </reporter-output>
        </test-method> <!-- TS012_VerifyAllLinksUnderAttendTabTest -->
        <test-method status="PASS" signature="TS013_VerifyAllNewsAndTrendsMenuTest()[pri:0, instance:atlantamarket.AtlantaMarketSmokeTest_UAT@5b275dab]" name="TS013_VerifyAllNewsAndTrendsMenuTest" duration-ms="85782" started-at="2022-02-11T15:12:08Z" finished-at="2022-02-11T15:13:34Z">
          <reporter-output>
          </reporter-output>
        </test-method> <!-- TS013_VerifyAllNewsAndTrendsMenuTest -->
      </class> <!-- atlantamarket.AtlantaMarketSmokeTest_UAT -->
    </test> <!-- Test -->
  </suite> <!-- ATLMrkt_SmokeTestSuite -->
</testng-results>
