<?xml version="1.0" encoding="UTF-8"?>
<testng-results skipped="0" failed="0" total="1" passed="1">
  <reporter-output>
  </reporter-output>
  <suite name="AMMart_SmokeTestSuite" duration-ms="81992" started-at="2022-02-14T11:46:57Z" finished-at="2022-02-14T11:48:19Z">
    <groups>
    </groups>
    <test name="Test" duration-ms="81992" started-at="2022-02-14T11:46:57Z" finished-at="2022-02-14T11:48:19Z">
      <class name="americasmart.AmericasMartSmokeTest_UAT">
        <test-method status="PASS" signature="initialize()[pri:0, instance:americasmart.AmericasMartSmokeTest_UAT@5e5792a0]" name="initialize" is-config="true" duration-ms="70713" started-at="2022-02-14T17:16:57Z" finished-at="2022-02-14T17:18:08Z">
          <reporter-output>
          </reporter-output>
        </test-method> <!-- initialize -->
        <test-method status="PASS" signature="TS008_VerifyGlobalSearchFunctionalityTest()[pri:0, instance:americasmart.AmericasMartSmokeTest_UAT@5e5792a0]" name="TS008_VerifyGlobalSearchFunctionalityTest" duration-ms="11235" started-at="2022-02-14T17:18:08Z" finished-at="2022-02-14T17:18:19Z">
          <reporter-output>
          </reporter-output>
        </test-method> <!-- TS008_VerifyGlobalSearchFunctionalityTest -->
      </class> <!-- americasmart.AmericasMartSmokeTest_UAT -->
    </test> <!-- Test -->
  </suite> <!-- AMMart_SmokeTestSuite -->
</testng-results>
