<?xml version="1.0" encoding="UTF-8"?>
<testng-results skipped="0" failed="0" total="1" passed="1">
  <reporter-output>
  </reporter-output>
  <suite name="SmokeTestSuite" duration-ms="576577" started-at="2022-07-25T13:24:51Z" finished-at="2022-07-25T13:34:28Z">
    <groups>
    </groups>
    <test name="SequencialTest" duration-ms="576577" started-at="2022-07-25T13:24:51Z" finished-at="2022-07-25T13:34:28Z">
      <class name="PROD.AtlantaMarketSmokeTest_PROD">
        <test-method status="PASS" signature="initialize()[pri:0, instance:PROD.AtlantaMarketSmokeTest_PROD@4dfa3a9d]" name="initialize" is-config="true" duration-ms="43035" started-at="2022-07-25T18:54:51Z" finished-at="2022-07-25T18:55:34Z">
          <reporter-output>
          </reporter-output>
        </test-method> <!-- initialize -->
        <test-method status="PASS" signature="TS011_VerifyFooterLinksTest()[pri:0, instance:PROD.AtlantaMarketSmokeTest_PROD@4dfa3a9d]" name="TS011_VerifyFooterLinksTest" duration-ms="533504" started-at="2022-07-25T18:55:34Z" finished-at="2022-07-25T19:04:28Z">
          <reporter-output>
          </reporter-output>
        </test-method> <!-- TS011_VerifyFooterLinksTest -->
      </class> <!-- PROD.AtlantaMarketSmokeTest_PROD -->
    </test> <!-- SequencialTest -->
  </suite> <!-- SmokeTestSuite -->
</testng-results>
