<?xml version="1.0" encoding="UTF-8"?>
<testng-results skipped="0" failed="0" total="1" passed="1">
  <reporter-output>
  </reporter-output>
  <suite name="ATLMrkt_SmokeTestSuite" duration-ms="77443" started-at="2022-02-08T09:02:31Z" finished-at="2022-02-08T09:03:49Z">
    <groups>
    </groups>
    <test name="Test" duration-ms="77443" started-at="2022-02-08T09:02:31Z" finished-at="2022-02-08T09:03:49Z">
      <class name="americasmart.AmericasMartSmokeTest_UAT">
        <test-method status="PASS" signature="initialize()[pri:0, instance:americasmart.AmericasMartSmokeTest_UAT@3ffc5af1]" name="initialize" is-config="true" duration-ms="50800" started-at="2022-02-08T14:32:31Z" finished-at="2022-02-08T14:33:22Z">
          <reporter-output>
          </reporter-output>
        </test-method> <!-- initialize -->
        <test-method status="PASS" signature="TS001_VerifyMarketPlannerLoginTest()[pri:0, instance:americasmart.AmericasMartSmokeTest_UAT@3ffc5af1]" name="TS001_VerifyMarketPlannerLoginTest" duration-ms="26593" started-at="2022-02-08T14:33:22Z" finished-at="2022-02-08T14:33:49Z">
          <reporter-output>
          </reporter-output>
        </test-method> <!-- TS001_VerifyMarketPlannerLoginTest -->
      </class> <!-- americasmart.AmericasMartSmokeTest_UAT -->
    </test> <!-- Test -->
  </suite> <!-- ATLMrkt_SmokeTestSuite -->
</testng-results>
