<?xml version="1.0" encoding="UTF-8"?>
<testng-results skipped="0" failed="0" total="1" passed="1">
  <reporter-output>
  </reporter-output>
  <suite name="SmokeTestSuite" duration-ms="37917" started-at="2022-01-12T12:45:21Z" finished-at="2022-01-12T12:45:59Z">
    <groups>
    </groups>
    <test name="Test" duration-ms="37917" started-at="2022-01-12T12:45:21Z" finished-at="2022-01-12T12:45:59Z">
      <class name="lasvegasmarket.LagVegasMarketSmokeTest">
        <test-method status="PASS" signature="initialize()[pri:0, instance:lasvegasmarket.LagVegasMarketSmokeTest@5e5792a0]" name="initialize" is-config="true" duration-ms="16535" started-at="2022-01-12T18:15:21Z" finished-at="2022-01-12T18:15:37Z">
          <reporter-output>
          </reporter-output>
        </test-method> <!-- initialize -->
        <test-method status="PASS" signature="TS009_VerifyExhibitorDirectoryTest()[pri:0, instance:lasvegasmarket.LagVegasMarketSmokeTest@5e5792a0]" name="TS009_VerifyExhibitorDirectoryTest" duration-ms="21250" started-at="2022-01-12T18:15:37Z" finished-at="2022-01-12T18:15:59Z">
          <reporter-output>
          </reporter-output>
        </test-method> <!-- TS009_VerifyExhibitorDirectoryTest -->
      </class> <!-- lasvegasmarket.LagVegasMarketSmokeTest -->
    </test> <!-- Test -->
  </suite> <!-- SmokeTestSuite -->
</testng-results>
