<?xml version="1.0" encoding="UTF-8"?>
<testng-results skipped="0" failed="0" total="12" passed="12">
  <reporter-output>
  </reporter-output>
  <suite name="AMMart_SmokeTestSuite" duration-ms="1432428" started-at="2022-03-21T08:39:20Z" finished-at="2022-03-21T09:03:12Z">
    <groups>
    </groups>
    <test name="Test" duration-ms="1432428" started-at="2022-03-21T08:39:20Z" finished-at="2022-03-21T09:03:12Z">
      <class name="americasmart.AmericasMartSmokeTest_PROD">
        <test-method status="PASS" signature="initialize()[pri:0, instance:americasmart.AmericasMartSmokeTest_PROD@5b275dab]" name="initialize" is-config="true" duration-ms="62468" started-at="2022-03-21T14:09:20Z" finished-at="2022-03-21T14:10:22Z">
          <reporter-output>
          </reporter-output>
        </test-method> <!-- initialize -->
        <test-method status="PASS" signature="TS001_VerifyMarketPlannerLoginTest()[pri:0, instance:americasmart.AmericasMartSmokeTest_PROD@5b275dab]" name="TS001_VerifyMarketPlannerLoginTest" duration-ms="56536" started-at="2022-03-21T14:10:23Z" finished-at="2022-03-21T14:11:19Z">
          <reporter-output>
          </reporter-output>
        </test-method> <!-- TS001_VerifyMarketPlannerLoginTest -->
        <test-method status="PASS" signature="TS002_VerifyMarketPlannerProfileAndSettingsOptionTest()[pri:0, instance:americasmart.AmericasMartSmokeTest_PROD@5b275dab]" name="TS002_VerifyMarketPlannerProfileAndSettingsOptionTest" duration-ms="19394" started-at="2022-03-21T14:11:19Z" finished-at="2022-03-21T14:11:38Z">
          <reporter-output>
          </reporter-output>
        </test-method> <!-- TS002_VerifyMarketPlannerProfileAndSettingsOptionTest -->
        <test-method status="PASS" signature="TS003_VerifyMarketPlannerExhibitorPortalOptionTest()[pri:0, instance:americasmart.AmericasMartSmokeTest_PROD@5b275dab]" name="TS003_VerifyMarketPlannerExhibitorPortalOptionTest" duration-ms="25300" started-at="2022-03-21T14:11:38Z" finished-at="2022-03-21T14:12:04Z">
          <reporter-output>
          </reporter-output>
        </test-method> <!-- TS003_VerifyMarketPlannerExhibitorPortalOptionTest -->
        <test-method status="PASS" signature="TS004_VerifyAllLinksUnderExhibitTest()[pri:0, instance:americasmart.AmericasMartSmokeTest_PROD@5b275dab]" name="TS004_VerifyAllLinksUnderExhibitTest" duration-ms="68206" started-at="2022-03-21T14:12:04Z" finished-at="2022-03-21T14:13:12Z">
          <reporter-output>
          </reporter-output>
        </test-method> <!-- TS004_VerifyAllLinksUnderExhibitTest -->
        <test-method status="PASS" signature="TS005_VerifyAllLinksUnderAboutTabTest()[pri:0, instance:americasmart.AmericasMartSmokeTest_PROD@5b275dab]" name="TS005_VerifyAllLinksUnderAboutTabTest" duration-ms="157883" started-at="2022-03-21T14:13:12Z" finished-at="2022-03-21T14:15:50Z">
          <reporter-output>
          </reporter-output>
        </test-method> <!-- TS005_VerifyAllLinksUnderAboutTabTest -->
        <test-method status="PASS" signature="TS006_VerifyAllHeaderChanelLinksTest()[pri:0, instance:americasmart.AmericasMartSmokeTest_PROD@5b275dab]" name="TS006_VerifyAllHeaderChanelLinksTest" duration-ms="133741" started-at="2022-03-21T14:15:50Z" finished-at="2022-03-21T14:18:04Z">
          <reporter-output>
          </reporter-output>
        </test-method> <!-- TS006_VerifyAllHeaderChanelLinksTest -->
        <test-method status="PASS" signature="TS007_VerifyAllLinksUnderMarketsAndEventsTabTest()[pri:0, instance:americasmart.AmericasMartSmokeTest_PROD@5b275dab]" name="TS007_VerifyAllLinksUnderMarketsAndEventsTabTest" duration-ms="196265" started-at="2022-03-21T14:18:04Z" finished-at="2022-03-21T14:21:20Z">
          <reporter-output>
          </reporter-output>
        </test-method> <!-- TS007_VerifyAllLinksUnderMarketsAndEventsTabTest -->
        <test-method status="PASS" signature="TS008_VerifyFooterLinksTest()[pri:0, instance:americasmart.AmericasMartSmokeTest_PROD@5b275dab]" name="TS008_VerifyFooterLinksTest" duration-ms="488388" started-at="2022-03-21T14:21:20Z" finished-at="2022-03-21T14:29:28Z">
          <reporter-output>
          </reporter-output>
        </test-method> <!-- TS008_VerifyFooterLinksTest -->
        <test-method status="PASS" signature="TS009_VerifyGlobalSearchFunctionalityTest()[pri:0, instance:americasmart.AmericasMartSmokeTest_PROD@5b275dab]" name="TS009_VerifyGlobalSearchFunctionalityTest" duration-ms="16312" started-at="2022-03-21T14:29:28Z" finished-at="2022-03-21T14:29:45Z">
          <reporter-output>
          </reporter-output>
        </test-method> <!-- TS009_VerifyGlobalSearchFunctionalityTest -->
        <test-method status="PASS" signature="TS010_VerifyAllLinksUnderOpenYearRoundTest()[pri:0, instance:americasmart.AmericasMartSmokeTest_PROD@5b275dab]" name="TS010_VerifyAllLinksUnderOpenYearRoundTest" duration-ms="92863" started-at="2022-03-21T14:29:45Z" finished-at="2022-03-21T14:31:17Z">
          <reporter-output>
          </reporter-output>
        </test-method> <!-- TS010_VerifyAllLinksUnderOpenYearRoundTest -->
        <test-method status="PASS" signature="TS011_VerifyExhibitorDirectoryTest()[pri:0, instance:americasmart.AmericasMartSmokeTest_PROD@5b275dab]" name="TS011_VerifyExhibitorDirectoryTest" duration-ms="77679" started-at="2022-03-21T14:31:17Z" finished-at="2022-03-21T14:32:35Z">
          <reporter-output>
          </reporter-output>
        </test-method> <!-- TS011_VerifyExhibitorDirectoryTest -->
        <test-method status="PASS" signature="TS012_VerifyAllSocialMediaLinksOnFooterTest()[pri:0, instance:americasmart.AmericasMartSmokeTest_PROD@5b275dab]" name="TS012_VerifyAllSocialMediaLinksOnFooterTest" duration-ms="37284" started-at="2022-03-21T14:32:35Z" finished-at="2022-03-21T14:33:12Z">
          <reporter-output>
          </reporter-output>
        </test-method> <!-- TS012_VerifyAllSocialMediaLinksOnFooterTest -->
      </class> <!-- americasmart.AmericasMartSmokeTest_PROD -->
    </test> <!-- Test -->
  </suite> <!-- AMMart_SmokeTestSuite -->
</testng-results>
