<?xml version="1.0" encoding="UTF-8"?>
<testng-results skipped="0" failed="0" total="2" passed="2">
  <reporter-output>
  </reporter-output>
  <suite name="ATLMrkt_SmokeTestSuite" duration-ms="140455" started-at="2022-01-24T07:17:57Z" finished-at="2022-01-24T07:20:17Z">
    <groups>
    </groups>
    <test name="Test" duration-ms="140455" started-at="2022-01-24T07:17:57Z" finished-at="2022-01-24T07:20:17Z">
      <class name="atlantamarket.AtlantaMarketSmokeTest_UAT">
        <test-method status="PASS" signature="initialize()[pri:0, instance:atlantamarket.AtlantaMarketSmokeTest_UAT@3ffc5af1]" name="initialize" is-config="true" duration-ms="76652" started-at="2022-01-24T12:47:57Z" finished-at="2022-01-24T12:49:14Z">
          <reporter-output>
          </reporter-output>
        </test-method> <!-- initialize -->
        <test-method status="PASS" signature="TS001_VerifyMarketPlannerLoginTest()[pri:0, instance:atlantamarket.AtlantaMarketSmokeTest_UAT@3ffc5af1]" name="TS001_VerifyMarketPlannerLoginTest" duration-ms="49105" started-at="2022-01-24T12:49:14Z" finished-at="2022-01-24T12:50:03Z">
          <reporter-output>
          </reporter-output>
        </test-method> <!-- TS001_VerifyMarketPlannerLoginTest -->
        <test-method status="PASS" signature="TS005_VerifyMarketPlannerRegistrationsOptionTest()[pri:0, instance:atlantamarket.AtlantaMarketSmokeTest_UAT@3ffc5af1]" name="TS005_VerifyMarketPlannerRegistrationsOptionTest" duration-ms="14614" started-at="2022-01-24T12:50:03Z" finished-at="2022-01-24T12:50:17Z">
          <reporter-output>
          </reporter-output>
        </test-method> <!-- TS005_VerifyMarketPlannerRegistrationsOptionTest -->
      </class> <!-- atlantamarket.AtlantaMarketSmokeTest_UAT -->
    </test> <!-- Test -->
  </suite> <!-- ATLMrkt_SmokeTestSuite -->
</testng-results>
