<?xml version="1.0" encoding="UTF-8"?>
<testng-results skipped="0" failed="0" total="7" passed="7">
  <reporter-output>
  </reporter-output>
  <suite name="SmokeTestSuite" duration-ms="669349" started-at="2022-01-12T09:45:24Z" finished-at="2022-01-12T09:56:33Z">
    <groups>
    </groups>
    <test name="Test" duration-ms="669349" started-at="2022-01-12T09:45:24Z" finished-at="2022-01-12T09:56:33Z">
      <class name="lasvegasmarket.LagVegasMarketSmokeTest">
        <test-method status="PASS" signature="initialize()[pri:0, instance:lasvegasmarket.LagVegasMarketSmokeTest@523884b2]" name="initialize" is-config="true" duration-ms="46165" started-at="2022-01-12T15:15:24Z" finished-at="2022-01-12T15:16:10Z">
          <reporter-output>
          </reporter-output>
        </test-method> <!-- initialize -->
        <test-method status="PASS" signature="TS001_VerifyMarketPlannerLoginTest()[pri:0, instance:lasvegasmarket.LagVegasMarketSmokeTest@523884b2]" name="TS001_VerifyMarketPlannerLoginTest" duration-ms="81428" started-at="2022-01-12T15:16:10Z" finished-at="2022-01-12T15:17:32Z">
          <reporter-output>
          </reporter-output>
        </test-method> <!-- TS001_VerifyMarketPlannerLoginTest -->
        <test-method status="PASS" signature="TS002_VerifAllLinksUnderExhibitTabTest()[pri:0, instance:lasvegasmarket.LagVegasMarketSmokeTest@523884b2]" name="TS002_VerifAllLinksUnderExhibitTabTest" duration-ms="117210" started-at="2022-01-12T15:17:32Z" finished-at="2022-01-12T15:19:29Z">
          <reporter-output>
          </reporter-output>
        </test-method> <!-- TS002_VerifAllLinksUnderExhibitTabTest -->
        <test-method status="PASS" signature="TS003_VerifyMarketPlannerProfileAndSettingsOptionTest()[pri:0, instance:lasvegasmarket.LagVegasMarketSmokeTest@523884b2]" name="TS003_VerifyMarketPlannerProfileAndSettingsOptionTest" duration-ms="28643" started-at="2022-01-12T15:19:29Z" finished-at="2022-01-12T15:19:57Z">
          <reporter-output>
          </reporter-output>
        </test-method> <!-- TS003_VerifyMarketPlannerProfileAndSettingsOptionTest -->
        <test-method status="PASS" signature="TS004_VerifyAllLinksUnderExhibitorsAndProductsTabTest()[pri:0, instance:lasvegasmarket.LagVegasMarketSmokeTest@523884b2]" name="TS004_VerifyAllLinksUnderExhibitorsAndProductsTabTest" duration-ms="67643" started-at="2022-01-12T15:19:57Z" finished-at="2022-01-12T15:21:05Z">
          <reporter-output>
          </reporter-output>
        </test-method> <!-- TS004_VerifyAllLinksUnderExhibitorsAndProductsTabTest -->
        <test-method status="PASS" signature="TS005_VerifyAllLinksUnderMarketInfoTabTest()[pri:0, instance:lasvegasmarket.LagVegasMarketSmokeTest@523884b2]" name="TS005_VerifyAllLinksUnderMarketInfoTabTest" duration-ms="201256" started-at="2022-01-12T15:21:05Z" finished-at="2022-01-12T15:24:26Z">
          <reporter-output>
          </reporter-output>
        </test-method> <!-- TS005_VerifyAllLinksUnderMarketInfoTabTest -->
        <test-method status="PASS" signature="TS006_VerifyAllLinksUnderExploreMarketTabTest()[pri:0, instance:lasvegasmarket.LagVegasMarketSmokeTest@523884b2]" name="TS006_VerifyAllLinksUnderExploreMarketTabTest" duration-ms="116124" started-at="2022-01-12T15:24:26Z" finished-at="2022-01-12T15:26:22Z">
          <reporter-output>
          </reporter-output>
        </test-method> <!-- TS006_VerifyAllLinksUnderExploreMarketTabTest -->
        <test-method status="PASS" signature="TS007_VerifyGlobalSearchFunctionalityTest()[pri:0, instance:lasvegasmarket.LagVegasMarketSmokeTest@523884b2]" name="TS007_VerifyGlobalSearchFunctionalityTest" duration-ms="10842" started-at="2022-01-12T15:26:22Z" finished-at="2022-01-12T15:26:33Z">
          <reporter-output>
          </reporter-output>
        </test-method> <!-- TS007_VerifyGlobalSearchFunctionalityTest -->
      </class> <!-- lasvegasmarket.LagVegasMarketSmokeTest -->
    </test> <!-- Test -->
  </suite> <!-- SmokeTestSuite -->
</testng-results>
