<?xml version="1.0" encoding="UTF-8"?>
<testng-results skipped="0" failed="0" total="2" passed="2">
  <reporter-output>
  </reporter-output>
  <suite name="SmokeTestSuite" duration-ms="168014" started-at="2022-01-10T09:37:58Z" finished-at="2022-01-10T09:40:46Z">
    <groups>
    </groups>
    <test name="Test" duration-ms="168014" started-at="2022-01-10T09:37:58Z" finished-at="2022-01-10T09:40:46Z">
      <class name="lasvegasmarket.LagVegasMarketSmokeTest">
        <test-method status="PASS" signature="initialize()[pri:0, instance:lasvegasmarket.LagVegasMarketSmokeTest@3ffc5af1]" name="initialize" is-config="true" duration-ms="37875" started-at="2022-01-10T15:07:58Z" finished-at="2022-01-10T15:08:36Z">
          <reporter-output>
          </reporter-output>
        </test-method> <!-- initialize -->
        <test-method status="PASS" signature="TS001_VerifyMarketPlannerLoginTest()[pri:0, instance:lasvegasmarket.LagVegasMarketSmokeTest@3ffc5af1]" name="TS001_VerifyMarketPlannerLoginTest" duration-ms="63302" started-at="2022-01-10T15:08:36Z" finished-at="2022-01-10T15:09:39Z">
          <reporter-output>
          </reporter-output>
        </test-method> <!-- TS001_VerifyMarketPlannerLoginTest -->
        <test-method status="PASS" signature="TS006_VerifyAllLinksUnderExploreMarketTabTest()[pri:0, instance:lasvegasmarket.LagVegasMarketSmokeTest@3ffc5af1]" name="TS006_VerifyAllLinksUnderExploreMarketTabTest" duration-ms="66785" started-at="2022-01-10T15:09:39Z" finished-at="2022-01-10T15:10:46Z">
          <reporter-output>
          </reporter-output>
        </test-method> <!-- TS006_VerifyAllLinksUnderExploreMarketTabTest -->
      </class> <!-- lasvegasmarket.LagVegasMarketSmokeTest -->
    </test> <!-- Test -->
  </suite> <!-- SmokeTestSuite -->
</testng-results>
