<?xml version="1.0" encoding="UTF-8"?>
<testng-results skipped="0" failed="0" total="2" passed="2">
  <reporter-output>
  </reporter-output>
  <suite name="SmokeTestSuite" duration-ms="126693" started-at="2022-09-06T06:08:45Z" finished-at="2022-09-06T06:10:52Z">
    <groups>
    </groups>
    <test name="Parallel Test" duration-ms="126693" started-at="2022-09-06T06:08:45Z" finished-at="2022-09-06T06:10:52Z">
      <class name="PROD.LagVegasMarketSmokeTest_PROD">
        <test-method status="PASS" signature="initialize()[pri:0, instance:PROD.LagVegasMarketSmokeTest_PROD@f6c48ac]" name="initialize" is-config="true" duration-ms="54874" started-at="2022-09-06T11:38:45Z" finished-at="2022-09-06T11:39:40Z">
          <reporter-output>
          </reporter-output>
        </test-method> <!-- initialize -->
        <test-method status="PASS" signature="TS001_VerifyMarketPlannerLoginTest()[pri:0, instance:PROD.LagVegasMarketSmokeTest_PROD@f6c48ac]" name="TS001_VerifyMarketPlannerLoginTest" duration-ms="57114" started-at="2022-09-06T11:39:40Z" finished-at="2022-09-06T11:40:37Z">
          <reporter-output>
          </reporter-output>
        </test-method> <!-- TS001_VerifyMarketPlannerLoginTest -->
        <test-method status="PASS" signature="tearDown()[pri:0, instance:PROD.LagVegasMarketSmokeTest_PROD@f6c48ac]" name="tearDown" is-config="true" duration-ms="14533" started-at="2022-09-06T11:40:37Z" finished-at="2022-09-06T11:40:52Z">
          <reporter-output>
          </reporter-output>
        </test-method> <!-- tearDown -->
      </class> <!-- PROD.LagVegasMarketSmokeTest_PROD -->
      <class name="PROD.AtlantaMarketSmokeTest_PROD">
        <test-method status="PASS" signature="initialize()[pri:0, instance:PROD.AtlantaMarketSmokeTest_PROD@59ec2012]" name="initialize" is-config="true" duration-ms="67973" started-at="2022-09-06T11:38:45Z" finished-at="2022-09-06T11:39:53Z">
          <reporter-output>
          </reporter-output>
        </test-method> <!-- initialize -->
        <test-method status="PASS" signature="TS001_VerifyMarketPlannerLoginTest()[pri:0, instance:PROD.AtlantaMarketSmokeTest_PROD@59ec2012]" name="TS001_VerifyMarketPlannerLoginTest" duration-ms="49648" started-at="2022-09-06T11:39:53Z" finished-at="2022-09-06T11:40:43Z">
          <reporter-output>
          </reporter-output>
        </test-method> <!-- TS001_VerifyMarketPlannerLoginTest -->
        <test-method status="PASS" signature="tearDown()[pri:0, instance:PROD.AtlantaMarketSmokeTest_PROD@59ec2012]" name="tearDown" is-config="true" duration-ms="8974" started-at="2022-09-06T11:40:43Z" finished-at="2022-09-06T11:40:52Z">
          <reporter-output>
          </reporter-output>
        </test-method> <!-- tearDown -->
      </class> <!-- PROD.AtlantaMarketSmokeTest_PROD -->
    </test> <!-- Parallel Test -->
  </suite> <!-- SmokeTestSuite -->
</testng-results>
