<?xml version="1.0" encoding="UTF-8"?>
<testng-results skipped="0" failed="0" total="8" passed="8">
  <reporter-output>
  </reporter-output>
  <suite name="SmokeTestSuite" duration-ms="465531" started-at="2024-06-14T09:53:15Z" finished-at="2024-06-14T10:01:00Z">
    <groups>
    </groups>
    <test name="SequencialTest" duration-ms="465531" started-at="2024-06-14T09:53:15Z" finished-at="2024-06-14T10:01:00Z">
      <class name="PROD.LasVegasAppSmokeTest_PROD">
        <test-method status="PASS" signature="initialize()[pri:0, instance:PROD.LasVegasAppSmokeTest_PROD@204f30ec]" name="initialize" is-config="true" duration-ms="16090" started-at="2024-06-14T15:23:15Z" finished-at="2024-06-14T15:23:31Z">
          <reporter-output>
          </reporter-output>
        </test-method> <!-- initialize -->
        <test-method status="PASS" signature="TS001_LVMApp_VerifyAllHeaderChanelLinksTest()[pri:0, instance:PROD.LasVegasAppSmokeTest_PROD@204f30ec]" name="TS001_LVMApp_VerifyAllHeaderChanelLinksTest" duration-ms="193781" started-at="2024-06-14T15:23:31Z" finished-at="2024-06-14T15:26:45Z">
          <reporter-output>
          </reporter-output>
        </test-method> <!-- TS001_LVMApp_VerifyAllHeaderChanelLinksTest -->
        <test-method status="PASS" signature="TS002_LVMApp_VerifyGlobalSearchFunctionalityTest()[pri:0, instance:PROD.LasVegasAppSmokeTest_PROD@204f30ec]" name="TS002_LVMApp_VerifyGlobalSearchFunctionalityTest" duration-ms="12270" started-at="2024-06-14T15:26:45Z" finished-at="2024-06-14T15:26:57Z">
          <reporter-output>
          </reporter-output>
        </test-method> <!-- TS002_LVMApp_VerifyGlobalSearchFunctionalityTest -->
        <test-method status="PASS" signature="TS003_LVMApp_VerifyAllLinksUnderAboutTabTest()[pri:0, instance:PROD.LasVegasAppSmokeTest_PROD@204f30ec]" name="TS003_LVMApp_VerifyAllLinksUnderAboutTabTest" duration-ms="17347" started-at="2024-06-14T15:26:57Z" finished-at="2024-06-14T15:27:14Z">
          <reporter-output>
          </reporter-output>
        </test-method> <!-- TS003_LVMApp_VerifyAllLinksUnderAboutTabTest -->
        <test-method status="PASS" signature="TS004_LVMApp_VerifyAllLinksUnderExhibitorsAndProductsTabTest()[pri:0, instance:PROD.LasVegasAppSmokeTest_PROD@204f30ec]" name="TS004_LVMApp_VerifyAllLinksUnderExhibitorsAndProductsTabTest" duration-ms="15930" started-at="2024-06-14T15:27:14Z" finished-at="2024-06-14T15:27:30Z">
          <reporter-output>
          </reporter-output>
        </test-method> <!-- TS004_LVMApp_VerifyAllLinksUnderExhibitorsAndProductsTabTest -->
        <test-method status="PASS" signature="TS005_LVMApp_VerifyAllLinksUnderAttendTabTest()[pri:0, instance:PROD.LasVegasAppSmokeTest_PROD@204f30ec]" name="TS005_LVMApp_VerifyAllLinksUnderAttendTabTest" duration-ms="71632" started-at="2024-06-14T15:27:30Z" finished-at="2024-06-14T15:28:42Z">
          <reporter-output>
          </reporter-output>
        </test-method> <!-- TS005_LVMApp_VerifyAllLinksUnderAttendTabTest -->
        <test-method status="PASS" signature="TS006_LVMApp_VerifyAllLinksUnderExhibitTabTest()[pri:0, instance:PROD.LasVegasAppSmokeTest_PROD@204f30ec]" name="TS006_LVMApp_VerifyAllLinksUnderExhibitTabTest" duration-ms="59281" started-at="2024-06-14T15:28:42Z" finished-at="2024-06-14T15:29:41Z">
          <reporter-output>
          </reporter-output>
        </test-method> <!-- TS006_LVMApp_VerifyAllLinksUnderExhibitTabTest -->
        <test-method status="PASS" signature="TS007_LVMApp_VerifyFooterLinksTest()[pri:0, instance:PROD.LasVegasAppSmokeTest_PROD@204f30ec]" name="TS007_LVMApp_VerifyFooterLinksTest" duration-ms="68874" started-at="2024-06-14T15:29:41Z" finished-at="2024-06-14T15:30:50Z">
          <reporter-output>
          </reporter-output>
        </test-method> <!-- TS007_LVMApp_VerifyFooterLinksTest -->
        <test-method status="PASS" signature="TS008_LVMApp_VerifySocialMediaLinksTest()[pri:0, instance:PROD.LasVegasAppSmokeTest_PROD@204f30ec]" name="TS008_LVMApp_VerifySocialMediaLinksTest" duration-ms="7660" started-at="2024-06-14T15:30:50Z" finished-at="2024-06-14T15:30:58Z">
          <reporter-output>
          </reporter-output>
        </test-method> <!-- TS008_LVMApp_VerifySocialMediaLinksTest -->
        <test-method status="PASS" signature="tearDown()[pri:0, instance:PROD.LasVegasAppSmokeTest_PROD@204f30ec]" name="tearDown" is-config="true" duration-ms="2622" started-at="2024-06-14T15:30:58Z" finished-at="2024-06-14T15:31:00Z">
          <reporter-output>
          </reporter-output>
        </test-method> <!-- tearDown -->
      </class> <!-- PROD.LasVegasAppSmokeTest_PROD -->
    </test> <!-- SequencialTest -->
  </suite> <!-- SmokeTestSuite -->
</testng-results>
