<?xml version="1.0" encoding="UTF-8"?>
<testng-results skipped="0" failed="0" total="1" passed="1">
  <reporter-output>
  </reporter-output>
  <suite name="Default suite" duration-ms="100960" started-at="2024-07-22T10:50:40Z" finished-at="2024-07-22T10:52:21Z">
    <groups>
    </groups>
    <test name="Default test" duration-ms="100960" started-at="2024-07-22T10:50:40Z" finished-at="2024-07-22T10:52:21Z">
      <class name="PROD.LagVegasMarketSmokeTest_PROD">
        <test-method status="PASS" signature="initialize()[pri:0, instance:PROD.LagVegasMarketSmokeTest_PROD@4dfa3a9d]" name="initialize" is-config="true" duration-ms="75759" started-at="2024-07-22T16:20:40Z" finished-at="2024-07-22T16:21:56Z">
          <reporter-output>
          </reporter-output>
        </test-method> <!-- initialize -->
        <test-method status="PASS" signature="TS012_LVM_VerifyAllLinksUnderYearRoundTabTest()[pri:0, instance:PROD.LagVegasMarketSmokeTest_PROD@4dfa3a9d]" name="TS012_LVM_VerifyAllLinksUnderYearRoundTabTest" duration-ms="25176" started-at="2024-07-22T16:21:56Z" finished-at="2024-07-22T16:22:21Z">
          <reporter-output>
          </reporter-output>
        </test-method> <!-- TS012_LVM_VerifyAllLinksUnderYearRoundTabTest -->
        <test-method status="PASS" signature="tearDown()[pri:0, instance:PROD.LagVegasMarketSmokeTest_PROD@4dfa3a9d]" name="tearDown" is-config="true" duration-ms="0" started-at="2024-07-22T16:22:21Z" finished-at="2024-07-22T16:22:21Z">
          <reporter-output>
          </reporter-output>
        </test-method> <!-- tearDown -->
      </class> <!-- PROD.LagVegasMarketSmokeTest_PROD -->
    </test> <!-- Default test -->
  </suite> <!-- Default suite -->
</testng-results>
