<?xml version="1.0" encoding="UTF-8"?>

<testng-results skipped="0" failed="1" total="2" passed="1">
  <reporter-output>
  </reporter-output>
  <suite name="SmokeTestSuite" duration-ms="247677" started-at="2023-08-29T09:24:21Z" finished-at="2023-08-29T09:28:29Z">
    <groups>
    </groups>
    <test name="SequencialTest" duration-ms="247677" started-at="2023-08-29T09:24:21Z" finished-at="2023-08-29T09:28:29Z">
      <class name="PROD.ExhibitorPortalSmokeTest_PROD">
        <test-method status="PASS" signature="initialize()[pri:0, instance:PROD.ExhibitorPortalSmokeTest_PROD@6eebc39e]" name="initialize" is-config="true" duration-ms="5408" started-at="2023-08-29T14:54:21Z" finished-at="2023-08-29T14:54:26Z">
          <reporter-output>
          </reporter-output>
        </test-method> <!-- initialize -->
        <test-method status="PASS" signature="TS001_EXP_VerifyExhibitorPortalLoginTest()[pri:0, instance:PROD.ExhibitorPortalSmokeTest_PROD@6eebc39e]" name="TS001_EXP_VerifyExhibitorPortalLoginTest" duration-ms="49126" started-at="2023-08-29T14:54:26Z" finished-at="2023-08-29T14:55:15Z">
          <reporter-output>
          </reporter-output>
        </test-method> <!-- TS001_EXP_VerifyExhibitorPortalLoginTest -->
        <test-method status="FAIL" signature="TS008_EXP_VerifyExhibitorPortalFooterLinksTest()[pri:0, instance:PROD.ExhibitorPortalSmokeTest_PROD@6eebc39e]" name="TS008_EXP_VerifyExhibitorPortalFooterLinksTest" duration-ms="190575" started-at="2023-08-29T14:55:15Z" finished-at="2023-08-29T14:58:26Z">
          <exception class="org.openqa.selenium.TimeoutException">
            <message>
              <![CDATA[Expected condition failed: waiting for element to be clickable: By.xpath: //div[@class='EPFooter_linksColumn__3MJdw']//a[contains(text(), 'Las Vegas Apparel')] (tried for 20 second(s) with 500 MILLISECONDS interval)]]>
            </message>
            <full-stacktrace>
              <![CDATA[org.openqa.selenium.TimeoutException: Expected condition failed: waiting for element to be clickable: By.xpath: //div[@class='EPFooter_linksColumn__3MJdw']//a[contains(text(), 'Las Vegas Apparel')] (tried for 20 second(s) with 500 MILLISECONDS interval)
	at org.openqa.selenium.support.ui.WebDriverWait.timeoutException(WebDriverWait.java:80)
	at org.openqa.selenium.support.ui.FluentWait.until(FluentWait.java:232)
	at pageObjects.ExhibitorPortal.EXPFooterLinksPage.getLasVegasApparel(EXPFooterLinksPage.java:114)
	at PROD.ExhibitorPortalSmokeTest_PROD.TS008_EXP_VerifyExhibitorPortalFooterLinksTest(ExhibitorPortalSmokeTest_PROD.java:619)
	at sun.reflect.NativeMethodAccessorImpl.invoke0(Native Method)
	at sun.reflect.NativeMethodAccessorImpl.invoke(Unknown Source)
	at sun.reflect.DelegatingMethodAccessorImpl.invoke(Unknown Source)
	at java.lang.reflect.Method.invoke(Unknown Source)
	at org.testng.internal.MethodInvocationHelper.invokeMethod(MethodInvocationHelper.java:80)
	at org.testng.internal.Invoker.invokeMethod(Invoker.java:714)
	at org.testng.internal.Invoker.invokeTestMethod(Invoker.java:901)
	at org.testng.internal.Invoker.invokeTestMethods(Invoker.java:1231)
	at org.testng.internal.TestMethodWorker.invokeTestMethods(TestMethodWorker.java:127)
	at org.testng.internal.TestMethodWorker.run(TestMethodWorker.java:111)

<testng-results total="1" passed="1" failed="0" skipped="0">
  <reporter-output>
  </reporter-output>
  <suite started-at="2023-08-31T05:02:45Z" name="Default suite" finished-at="2023-08-31T05:03:13Z" duration-ms="28954">
    <groups>
    </groups>
    <test started-at="2023-08-31T05:02:45Z" name="Default test" finished-at="2023-08-31T05:03:13Z" duration-ms="28954">
      <class name="PROD.AtlantaAppSmokeTest_PROD">
        <test-method is-config="true" signature="initialize()[pri:0, instance:PROD.AtlantaAppSmokeTest_PROD@6138e79a]" started-at="2023-08-31T10:32:45Z" name="initialize" finished-at="2023-08-31T10:32:57Z" duration-ms="12479" status="PASS">
          <reporter-output>
          </reporter-output>
        </test-method> <!-- initialize -->
        <test-method signature="TS014_ATLApp_MarketRecap()[pri:0, instance:PROD.AtlantaAppSmokeTest_PROD@6138e79a]" started-at="2023-08-31T10:32:57Z" name="TS014_ATLApp_MarketRecap" finished-at="2023-08-31T10:33:13Z" duration-ms="16120" status="PASS">
          <reporter-output>
          </reporter-output>
        </test-method> <!-- TS014_ATLApp_MarketRecap -->
        <test-method is-config="true" signature="tearDown()[pri:0, instance:PROD.AtlantaAppSmokeTest_PROD@6138e79a]" started-at="2023-08-31T10:33:13Z" name="tearDown" finished-at="2023-08-31T10:33:13Z" duration-ms="0" status="FAIL">
          <exception class="org.openqa.selenium.remote.UnreachableBrowserException">
            <message>
              <![CDATA[Error communicating with the remote browser. It may have died.
Build info: version: '3.4.0', revision: 'unknown', time: 'unknown'
System info: host: 'EON-PRASANNSHEE', ip: '172.22.22.79', os.name: 'Windows 11', os.arch: 'amd64', os.version: '10.0', java.version: '17.0.7'
Driver info: driver.version: RemoteWebDriver
Capabilities [{networkConnectionEnabled=false, chrome={chromedriverVersion=116.0.5845.96 (1a391816688002153ef791ffe60d9e899a71a037-refs/branch-heads/5845@{#1382}), userDataDir=C:\Users\PRASAN~1\AppData\Local\Temp\scoped_dir23636_2071791219}, timeouts={implicit=0.0, pageLoad=300000.0, script=30000.0}, pageLoadStrategy=normal, unhandledPromptBehavior=dismiss and notify, strictFileInteractability=false, platform=ANY, proxy=Proxy(), webauthn:extension:minPinLength=true, goog:chromeOptions={debuggerAddress=localhost:61683}, webauthn:extension:credBlob=true, webauthn:extension:prf=true, acceptInsecureCerts=false, browserVersion=116.0.5845.111, fedcm:accounts=true, browserName=chrome, javascriptEnabled=true, platformName=windows, setWindowRect=true, webauthn:extension:largeBlob=true, webauthn:virtualAuthenticators=true}]
Session ID: b34797a7963a8f7de5e0ca5b179f6717]]>
            </message>
            <full-stacktrace>
              <![CDATA[org.openqa.selenium.remote.UnreachableBrowserException: Error communicating with the remote browser. It may have died.
Build info: version: '3.4.0', revision: 'unknown', time: 'unknown'
System info: host: 'EON-PRASANNSHEE', ip: '172.22.22.79', os.name: 'Windows 11', os.arch: 'amd64', os.version: '10.0', java.version: '17.0.7'
Driver info: driver.version: RemoteWebDriver
Capabilities [{networkConnectionEnabled=false, chrome={chromedriverVersion=116.0.5845.96 (1a391816688002153ef791ffe60d9e899a71a037-refs/branch-heads/5845@{#1382}), userDataDir=C:\Users\PRASAN~1\AppData\Local\Temp\scoped_dir23636_2071791219}, timeouts={implicit=0.0, pageLoad=300000.0, script=30000.0}, pageLoadStrategy=normal, unhandledPromptBehavior=dismiss and notify, strictFileInteractability=false, platform=ANY, proxy=Proxy(), webauthn:extension:minPinLength=true, goog:chromeOptions={debuggerAddress=localhost:61683}, webauthn:extension:credBlob=true, webauthn:extension:prf=true, acceptInsecureCerts=false, browserVersion=116.0.5845.111, fedcm:accounts=true, browserName=chrome, javascriptEnabled=true, platformName=windows, setWindowRect=true, webauthn:extension:largeBlob=true, webauthn:virtualAuthenticators=true}]
Session ID: b34797a7963a8f7de5e0ca5b179f6717
	at org.openqa.selenium.remote.RemoteWebDriver.execute(RemoteWebDriver.java:658)
	at org.openqa.selenium.remote.RemoteWebDriver.execute(RemoteWebDriver.java:694)
	at org.openqa.selenium.remote.RemoteWebDriver.quit(RemoteWebDriver.java:533)
	at PROD.AtlantaAppSmokeTest_PROD.tearDown(AtlantaAppSmokeTest_PROD.java:1133)
	at java.base/jdk.internal.reflect.NativeMethodAccessorImpl.invoke0(Native Method)
	at java.base/jdk.internal.reflect.NativeMethodAccessorImpl.invoke(NativeMethodAccessorImpl.java:77)
	at java.base/jdk.internal.reflect.DelegatingMethodAccessorImpl.invoke(DelegatingMethodAccessorImpl.java:43)
	at java.base/java.lang.reflect.Method.invoke(Method.java:568)
	at org.testng.internal.MethodInvocationHelper.invokeMethod(MethodInvocationHelper.java:80)
	at org.testng.internal.Invoker.invokeConfigurationMethod(Invoker.java:564)
	at org.testng.internal.Invoker.invokeConfigurations(Invoker.java:213)
	at org.testng.internal.Invoker.invokeConfigurations(Invoker.java:138)
	at org.testng.internal.TestMethodWorker.invokeAfterClassMethods(TestMethodWorker.java:225)
	at org.testng.internal.TestMethodWorker.run(TestMethodWorker.java:114)

	at org.testng.TestRunner.privateRun(TestRunner.java:767)
	at org.testng.TestRunner.run(TestRunner.java:617)
	at org.testng.SuiteRunner.runTest(SuiteRunner.java:334)
	at org.testng.SuiteRunner.runSequentially(SuiteRunner.java:329)
	at org.testng.SuiteRunner.privateRun(SuiteRunner.java:291)
	at org.testng.SuiteRunner.run(SuiteRunner.java:240)
	at org.testng.SuiteRunnerWorker.runSuite(SuiteRunnerWorker.java:52)
	at org.testng.SuiteRunnerWorker.run(SuiteRunnerWorker.java:86)
	at org.testng.TestNG.runSuitesSequentially(TestNG.java:1198)
	at org.testng.TestNG.runSuitesLocally(TestNG.java:1123)
	at org.testng.TestNG.run(TestNG.java:1031)

	at org.testng.remote.AbstractRemoteTestNG.run(AbstractRemoteTestNG.java:126)
	at org.testng.remote.RemoteTestNG.initAndRun(RemoteTestNG.java:137)
	at org.testng.remote.RemoteTestNG.main(RemoteTestNG.java:58)
Caused by: org.openqa.selenium.NoSuchElementException: Cannot locate an element using By.xpath: //div[@class='EPFooter_linksColumn__3MJdw']//a[contains(text(), 'Las Vegas Apparel')]
For documentation on this error, please visit: http://seleniumhq.org/exceptions/no_such_element.html
Build info: version: '3.4.0', revision: 'unknown', time: 'unknown'
System info: host: 'ANUPPA-VD3', ip: '172.27.182.66', os.name: 'Windows 10', os.arch: 'amd64', os.version: '10.0', java.version: '1.8.0_381'
Driver info: driver.version: unknown
	at org.openqa.selenium.support.ui.ExpectedConditions.lambda$findElement$0(ExpectedConditions.java:883)
	at java.util.Optional.orElseThrow(Unknown Source)
	at org.openqa.selenium.support.ui.ExpectedConditions.findElement(ExpectedConditions.java:882)
	at org.openqa.selenium.support.ui.ExpectedConditions.access$000(ExpectedConditions.java:44)
	at org.openqa.selenium.support.ui.ExpectedConditions$7.apply(ExpectedConditions.java:206)
	at org.openqa.selenium.support.ui.ExpectedConditions$7.apply(ExpectedConditions.java:202)
	at org.openqa.selenium.support.ui.ExpectedConditions$22.apply(ExpectedConditions.java:644)
	at org.openqa.selenium.support.ui.ExpectedConditions$22.apply(ExpectedConditions.java:641)
	at org.openqa.selenium.support.ui.FluentWait.until(FluentWait.java:209)
	... 26 more
]]>
            </full-stacktrace>
          </exception> <!-- org.openqa.selenium.TimeoutException -->
          <reporter-output>
          </reporter-output>
        </test-method> <!-- TS008_EXP_VerifyExhibitorPortalFooterLinksTest -->
        <test-method status="PASS" signature="tearDown()[pri:0, instance:PROD.ExhibitorPortalSmokeTest_PROD@6eebc39e]" name="tearDown" is-config="true" duration-ms="2527" started-at="2023-08-29T14:58:26Z" finished-at="2023-08-29T14:58:29Z">
          <reporter-output>
          </reporter-output>
        </test-method> <!-- tearDown -->
      </class> <!-- PROD.ExhibitorPortalSmokeTest_PROD -->
    </test> <!-- SequencialTest -->
  </suite> <!-- SmokeTestSuite -->

	at org.testng.remote.AbstractRemoteTestNG.run(AbstractRemoteTestNG.java:115)
	at org.testng.remote.RemoteTestNG.initAndRun(RemoteTestNG.java:251)
	at org.testng.remote.RemoteTestNG.main(RemoteTestNG.java:77)
Caused by: java.lang.RuntimeException: Process refused to die after 10 seconds, and couldn't taskkill it: Couldn't detect pid
	at org.openqa.selenium.os.ProcessUtils.killWinProcess(ProcessUtils.java:133)
	at org.openqa.selenium.os.ProcessUtils.killProcess(ProcessUtils.java:81)
	at org.openqa.selenium.os.UnixProcess$SeleniumWatchDog.destroyHarder(UnixProcess.java:246)
	at org.openqa.selenium.os.UnixProcess$SeleniumWatchDog.access$200(UnixProcess.java:200)
	at org.openqa.selenium.os.UnixProcess.destroy(UnixProcess.java:126)
	at org.openqa.selenium.os.CommandLine.destroy(CommandLine.java:153)
	at org.openqa.selenium.remote.service.DriverService.stop(DriverService.java:221)
	at org.openqa.selenium.remote.service.DriverCommandExecutor.execute(DriverCommandExecutor.java:94)
	at org.openqa.selenium.remote.RemoteWebDriver.execute(RemoteWebDriver.java:637)
	... 27 more
Caused by: java.lang.RuntimeException: Couldn't detect pid
	at org.openqa.selenium.os.ProcessUtils.getProcessId(ProcessUtils.java:195)
	at org.openqa.selenium.os.ProcessUtils.killWinProcess(ProcessUtils.java:128)
	... 35 more
Caused by: java.lang.reflect.InaccessibleObjectException: Unable to make field private final long java.lang.ProcessImpl.handle accessible: module java.base does not "opens java.lang" to unnamed module @9629756
	at java.base/java.lang.reflect.AccessibleObject.checkCanSetAccessible(AccessibleObject.java:354)
	at java.base/java.lang.reflect.AccessibleObject.checkCanSetAccessible(AccessibleObject.java:297)
	at java.base/java.lang.reflect.Field.checkCanSetAccessible(Field.java:178)
	at java.base/java.lang.reflect.Field.setAccessible(Field.java:172)
	at org.openqa.selenium.os.ProcessUtils.getProcessId(ProcessUtils.java:181)
	... 36 more
]]>
            </full-stacktrace>
          </exception> <!-- org.openqa.selenium.remote.UnreachableBrowserException -->
          <reporter-output>
          </reporter-output>
        </test-method> <!-- tearDown -->
      </class> <!-- PROD.AtlantaAppSmokeTest_PROD -->
    </test> <!-- Default test -->
  </suite> <!-- Default suite -->

</testng-results>
