<?xml version="1.0" encoding="UTF-8"?>
<testng-results skipped="0" failed="1" total="2" passed="1">
  <reporter-output>
  </reporter-output>
  <suite name="EXP_SmokeTestSuite" duration-ms="93729" started-at="2022-04-27T09:59:01Z" finished-at="2022-04-27T10:00:34Z">
    <groups>
    </groups>
    <test name="Test" duration-ms="93729" started-at="2022-04-27T09:59:01Z" finished-at="2022-04-27T10:00:34Z">
      <class name="exhibitorportal.ExhibitorPortalSmokeTest_PROD">
        <test-method status="PASS" signature="initialize()[pri:0, instance:exhibitorportal.ExhibitorPortalSmokeTest_PROD@5e5792a0]" name="initialize" is-config="true" duration-ms="23596" started-at="2022-04-27T15:29:01Z" finished-at="2022-04-27T15:29:24Z">
          <reporter-output>
          </reporter-output>
        </test-method> <!-- initialize -->
        <test-method status="PASS" signature="TS001_VerifyExhibitorPortalLoginTest()[pri:0, instance:exhibitorportal.ExhibitorPortalSmokeTest_PROD@5e5792a0]" name="TS001_VerifyExhibitorPortalLoginTest" duration-ms="50175" started-at="2022-04-27T15:29:24Z" finished-at="2022-04-27T15:30:15Z">
          <reporter-output>
          </reporter-output>
        </test-method> <!-- TS001_VerifyExhibitorPortalLoginTest -->
        <test-method status="FAIL" signature="TS007_VerifyAllLinkUnderEXPMarketTabTest()[pri:0, instance:exhibitorportal.ExhibitorPortalSmokeTest_PROD@5e5792a0]" name="TS007_VerifyAllLinkUnderEXPMarketTabTest" duration-ms="19460" started-at="2022-04-27T15:30:15Z" finished-at="2022-04-27T15:30:34Z">
          <exception class="java.lang.NullPointerException">
            <full-stacktrace>
              <![CDATA[java.lang.NullPointerException
	at exhibitorportal.ExhibitorPortalSmokeTest_PROD.TS007_VerifyAllLinkUnderEXPMarketTabTest(ExhibitorPortalSmokeTest_PROD.java:537)
	at sun.reflect.NativeMethodAccessorImpl.invoke0(Native Method)
	at sun.reflect.NativeMethodAccessorImpl.invoke(Unknown Source)
	at sun.reflect.DelegatingMethodAccessorImpl.invoke(Unknown Source)
	at java.lang.reflect.Method.invoke(Unknown Source)
	at org.testng.internal.MethodInvocationHelper.invokeMethod(MethodInvocationHelper.java:80)
	at org.testng.internal.Invoker.invokeMethod(Invoker.java:714)
	at org.testng.internal.Invoker.invokeTestMethod(Invoker.java:901)
	at org.testng.internal.Invoker.invokeTestMethods(Invoker.java:1231)
	at org.testng.internal.TestMethodWorker.invokeTestMethods(TestMethodWorker.java:127)
	at org.testng.internal.TestMethodWorker.run(TestMethodWorker.java:111)
	at org.testng.TestRunner.privateRun(TestRunner.java:767)
	at org.testng.TestRunner.run(TestRunner.java:617)
	at org.testng.SuiteRunner.runTest(SuiteRunner.java:334)
	at org.testng.SuiteRunner.runSequentially(SuiteRunner.java:329)
	at org.testng.SuiteRunner.privateRun(SuiteRunner.java:291)
	at org.testng.SuiteRunner.run(SuiteRunner.java:240)
	at org.testng.SuiteRunnerWorker.runSuite(SuiteRunnerWorker.java:52)
	at org.testng.SuiteRunnerWorker.run(SuiteRunnerWorker.java:86)
	at org.testng.TestNG.runSuitesSequentially(TestNG.java:1198)
	at org.testng.TestNG.runSuitesLocally(TestNG.java:1123)
	at org.testng.TestNG.run(TestNG.java:1031)
	at org.testng.remote.AbstractRemoteTestNG.run(AbstractRemoteTestNG.java:132)
	at org.testng.remote.RemoteTestNG.initAndRun(RemoteTestNG.java:236)
	at org.testng.remote.RemoteTestNG.main(RemoteTestNG.java:81)
]]>
            </full-stacktrace>
          </exception> <!-- java.lang.NullPointerException -->
          <reporter-output>
          </reporter-output>
        </test-method> <!-- TS007_VerifyAllLinkUnderEXPMarketTabTest -->
      </class> <!-- exhibitorportal.ExhibitorPortalSmokeTest_PROD -->
    </test> <!-- Test -->
  </suite> <!-- EXP_SmokeTestSuite -->
</testng-results>
