<?xml version="1.0" encoding="UTF-8"?>
<testng-results total="9" passed="9" failed="0" skipped="0">
  <reporter-output>
  </reporter-output>
  <suite started-at="2023-08-31T04:03:46Z" name="Default suite" finished-at="2023-08-31T04:13:40Z" duration-ms="594657">
    <groups>
    </groups>
    <test started-at="2023-08-31T04:03:46Z" name="Default test" finished-at="2023-08-31T04:13:40Z" duration-ms="594657">
      <class name="PROD.LasVegasAppSmokeTest_PROD">
        <test-method is-config="true" signature="initialize()[pri:0, instance:PROD.LasVegasAppSmokeTest_PROD@71812481]" started-at="2023-08-31T09:33:46Z" name="initialize" finished-at="2023-08-31T09:33:59Z" duration-ms="13157" status="PASS">
          <reporter-output>
          </reporter-output>
        </test-method> <!-- initialize -->
        <test-method signature="TS002_LVMApp_VerifyGlobalSearchFunctionalityTest()[pri:0, instance:PROD.LasVegasAppSmokeTest_PROD@71812481]" started-at="2023-08-31T09:33:59Z" name="TS002_LVMApp_VerifyGlobalSearchFunctionalityTest" finished-at="2023-08-31T09:34:11Z" duration-ms="12267" status="PASS">
          <reporter-output>
          </reporter-output>
        </test-method> <!-- TS002_LVMApp_VerifyGlobalSearchFunctionalityTest -->
        <test-method signature="TS004_LVMApp_VerifyAllLinksUnderAboutTabTest()[pri:0, instance:PROD.LasVegasAppSmokeTest_PROD@71812481]" started-at="2023-08-31T09:34:11Z" name="TS004_LVMApp_VerifyAllLinksUnderAboutTabTest" finished-at="2023-08-31T09:34:19Z" duration-ms="7657" status="PASS">
          <reporter-output>
          </reporter-output>
        </test-method> <!-- TS004_LVMApp_VerifyAllLinksUnderAboutTabTest -->
        <test-method signature="TS005_LVMApp_VerifyAllLinksUnderExhibitorsAndProductsTabTest()[pri:0, instance:PROD.LasVegasAppSmokeTest_PROD@71812481]" started-at="2023-08-31T09:34:19Z" name="TS005_LVMApp_VerifyAllLinksUnderExhibitorsAndProductsTabTest" finished-at="2023-08-31T09:34:25Z" duration-ms="6286" status="PASS">
          <reporter-output>
          </reporter-output>
        </test-method> <!-- TS005_LVMApp_VerifyAllLinksUnderExhibitorsAndProductsTabTest -->
        <test-method signature="TS006_LVMApp_VerifyAllLinksUnderAttendTabTest()[pri:0, instance:PROD.LasVegasAppSmokeTest_PROD@71812481]" started-at="2023-08-31T09:34:25Z" name="TS006_LVMApp_VerifyAllLinksUnderAttendTabTest" finished-at="2023-08-31T09:34:36Z" duration-ms="11059" status="PASS">
          <reporter-output>
          </reporter-output>
        </test-method> <!-- TS006_LVMApp_VerifyAllLinksUnderAttendTabTest -->
        <test-method signature="TS007_LVMApp_VerifyAllLinksUnderExhibitTabTest()[pri:0, instance:PROD.LasVegasAppSmokeTest_PROD@71812481]" started-at="2023-08-31T09:34:36Z" name="TS007_LVMApp_VerifyAllLinksUnderExhibitTabTest" finished-at="2023-08-31T09:35:04Z" duration-ms="27802" status="PASS">
          <reporter-output>
          </reporter-output>
        </test-method> <!-- TS007_LVMApp_VerifyAllLinksUnderExhibitTabTest -->
        <test-method signature="TS008_LVMApp_VerifyFooterLinksTest()[pri:0, instance:PROD.LasVegasAppSmokeTest_PROD@71812481]" started-at="2023-08-31T09:35:04Z" name="TS008_LVMApp_VerifyFooterLinksTest" finished-at="2023-08-31T09:38:18Z" duration-ms="194203" status="PASS">
          <reporter-output>
          </reporter-output>
        </test-method> <!-- TS008_LVMApp_VerifyFooterLinksTest -->
        <test-method signature="TS009_LVMApp_VerifySocialMediaLinksTest()[pri:0, instance:PROD.LasVegasAppSmokeTest_PROD@71812481]" started-at="2023-08-31T09:38:18Z" name="TS009_LVMApp_VerifySocialMediaLinksTest" finished-at="2023-08-31T09:38:25Z" duration-ms="7028" status="PASS">
          <reporter-output>
          </reporter-output>
        </test-method> <!-- TS009_LVMApp_VerifySocialMediaLinksTest -->
        <test-method signature="TS015_LVMApp_MarketRecap()[pri:0, instance:PROD.LasVegasAppSmokeTest_PROD@71812481]" started-at="2023-08-31T09:38:25Z" name="TS015_LVMApp_MarketRecap" finished-at="2023-08-31T09:38:34Z" duration-ms="8897" status="PASS">
          <reporter-output>
          </reporter-output>
        </test-method> <!-- TS015_LVMApp_MarketRecap -->
        <test-method signature="TS001_VerifyAllHeaderChanelLinksTest()[pri:0, instance:PROD.LasVegasAppSmokeTest_PROD@71812481]" started-at="2023-08-31T09:38:34Z" name="TS001_VerifyAllHeaderChanelLinksTest" finished-at="2023-08-31T09:43:40Z" duration-ms="305697" status="PASS">
          <reporter-output>
          </reporter-output>
        </test-method> <!-- TS001_VerifyAllHeaderChanelLinksTest -->
        <test-method is-config="true" signature="tearDown()[pri:0, instance:PROD.LasVegasAppSmokeTest_PROD@71812481]" started-at="2023-08-31T09:43:40Z" name="tearDown" finished-at="2023-08-31T09:43:40Z" duration-ms="0" status="FAIL">
          <exception class="org.openqa.selenium.remote.UnreachableBrowserException">
            <message>
              <![CDATA[Error communicating with the remote browser. It may have died.
Build info: version: '3.4.0', revision: 'unknown', time: 'unknown'
System info: host: 'EON-PRASANNSHEE', ip: '172.22.22.79', os.name: 'Windows 11', os.arch: 'amd64', os.version: '10.0', java.version: '17.0.7'
Driver info: driver.version: RemoteWebDriver
Capabilities [{networkConnectionEnabled=false, chrome={chromedriverVersion=116.0.5845.96 (1a391816688002153ef791ffe60d9e899a71a037-refs/branch-heads/5845@{#1382}), userDataDir=C:\Users\PRASAN~1\AppData\Local\Temp\scoped_dir26564_857119188}, timeouts={implicit=0.0, pageLoad=300000.0, script=30000.0}, pageLoadStrategy=normal, unhandledPromptBehavior=dismiss and notify, strictFileInteractability=false, platform=ANY, proxy=Proxy(), webauthn:extension:minPinLength=true, goog:chromeOptions={debuggerAddress=localhost:57053}, webauthn:extension:credBlob=true, webauthn:extension:prf=true, acceptInsecureCerts=false, browserVersion=116.0.5845.111, fedcm:accounts=true, browserName=chrome, javascriptEnabled=true, platformName=windows, setWindowRect=true, webauthn:extension:largeBlob=true, webauthn:virtualAuthenticators=true}]
Session ID: 6e70862f328c8b1accdac8f46f4afc40]]>
            </message>
            <full-stacktrace>
              <![CDATA[org.openqa.selenium.remote.UnreachableBrowserException: Error communicating with the remote browser. It may have died.
Build info: version: '3.4.0', revision: 'unknown', time: 'unknown'
System info: host: 'EON-PRASANNSHEE', ip: '172.22.22.79', os.name: 'Windows 11', os.arch: 'amd64', os.version: '10.0', java.version: '17.0.7'
Driver info: driver.version: RemoteWebDriver
Capabilities [{networkConnectionEnabled=false, chrome={chromedriverVersion=116.0.5845.96 (1a391816688002153ef791ffe60d9e899a71a037-refs/branch-heads/5845@{#1382}), userDataDir=C:\Users\PRASAN~1\AppData\Local\Temp\scoped_dir26564_857119188}, timeouts={implicit=0.0, pageLoad=300000.0, script=30000.0}, pageLoadStrategy=normal, unhandledPromptBehavior=dismiss and notify, strictFileInteractability=false, platform=ANY, proxy=Proxy(), webauthn:extension:minPinLength=true, goog:chromeOptions={debuggerAddress=localhost:57053}, webauthn:extension:credBlob=true, webauthn:extension:prf=true, acceptInsecureCerts=false, browserVersion=116.0.5845.111, fedcm:accounts=true, browserName=chrome, javascriptEnabled=true, platformName=windows, setWindowRect=true, webauthn:extension:largeBlob=true, webauthn:virtualAuthenticators=true}]
Session ID: 6e70862f328c8b1accdac8f46f4afc40
	at org.openqa.selenium.remote.RemoteWebDriver.execute(RemoteWebDriver.java:658)
	at org.openqa.selenium.remote.RemoteWebDriver.execute(RemoteWebDriver.java:694)
	at org.openqa.selenium.remote.RemoteWebDriver.quit(RemoteWebDriver.java:533)
	at PROD.LasVegasAppSmokeTest_PROD.tearDown(LasVegasAppSmokeTest_PROD.java:653)
	at java.base/jdk.internal.reflect.NativeMethodAccessorImpl.invoke0(Native Method)
	at java.base/jdk.internal.reflect.NativeMethodAccessorImpl.invoke(NativeMethodAccessorImpl.java:77)
	at java.base/jdk.internal.reflect.DelegatingMethodAccessorImpl.invoke(DelegatingMethodAccessorImpl.java:43)
	at java.base/java.lang.reflect.Method.invoke(Method.java:568)
	at org.testng.internal.MethodInvocationHelper.invokeMethod(MethodInvocationHelper.java:80)
	at org.testng.internal.Invoker.invokeConfigurationMethod(Invoker.java:564)
	at org.testng.internal.Invoker.invokeConfigurations(Invoker.java:213)
	at org.testng.internal.Invoker.invokeConfigurations(Invoker.java:138)
	at org.testng.internal.TestMethodWorker.invokeAfterClassMethods(TestMethodWorker.java:225)
	at org.testng.internal.TestMethodWorker.run(TestMethodWorker.java:114)
	at org.testng.TestRunner.privateRun(TestRunner.java:767)
	at org.testng.TestRunner.run(TestRunner.java:617)
	at org.testng.SuiteRunner.runTest(SuiteRunner.java:334)
	at org.testng.SuiteRunner.runSequentially(SuiteRunner.java:329)
	at org.testng.SuiteRunner.privateRun(SuiteRunner.java:291)
	at org.testng.SuiteRunner.run(SuiteRunner.java:240)
	at org.testng.SuiteRunnerWorker.runSuite(SuiteRunnerWorker.java:52)
	at org.testng.SuiteRunnerWorker.run(SuiteRunnerWorker.java:86)
	at org.testng.TestNG.runSuitesSequentially(TestNG.java:1198)
	at org.testng.TestNG.runSuitesLocally(TestNG.java:1123)
	at org.testng.TestNG.run(TestNG.java:1031)
	at org.testng.remote.AbstractRemoteTestNG.run(AbstractRemoteTestNG.java:115)
	at org.testng.remote.RemoteTestNG.initAndRun(RemoteTestNG.java:251)
	at org.testng.remote.RemoteTestNG.main(RemoteTestNG.java:77)
Caused by: java.lang.RuntimeException: Process refused to die after 10 seconds, and couldn't taskkill it: Couldn't detect pid
	at org.openqa.selenium.os.ProcessUtils.killWinProcess(ProcessUtils.java:133)
	at org.openqa.selenium.os.ProcessUtils.killProcess(ProcessUtils.java:81)
	at org.openqa.selenium.os.UnixProcess$SeleniumWatchDog.destroyHarder(UnixProcess.java:246)
	at org.openqa.selenium.os.UnixProcess$SeleniumWatchDog.access$200(UnixProcess.java:200)
	at org.openqa.selenium.os.UnixProcess.destroy(UnixProcess.java:126)
	at org.openqa.selenium.os.CommandLine.destroy(CommandLine.java:153)
	at org.openqa.selenium.remote.service.DriverService.stop(DriverService.java:221)
	at org.openqa.selenium.remote.service.DriverCommandExecutor.execute(DriverCommandExecutor.java:94)
	at org.openqa.selenium.remote.RemoteWebDriver.execute(RemoteWebDriver.java:637)
	... 27 more
Caused by: java.lang.RuntimeException: Couldn't detect pid
	at org.openqa.selenium.os.ProcessUtils.getProcessId(ProcessUtils.java:195)
	at org.openqa.selenium.os.ProcessUtils.killWinProcess(ProcessUtils.java:128)
	... 35 more
Caused by: java.lang.reflect.InaccessibleObjectException: Unable to make field private final long java.lang.ProcessImpl.handle accessible: module java.base does not "opens java.lang" to unnamed module @9629756
	at java.base/java.lang.reflect.AccessibleObject.checkCanSetAccessible(AccessibleObject.java:354)
	at java.base/java.lang.reflect.AccessibleObject.checkCanSetAccessible(AccessibleObject.java:297)
	at java.base/java.lang.reflect.Field.checkCanSetAccessible(Field.java:178)
	at java.base/java.lang.reflect.Field.setAccessible(Field.java:172)
	at org.openqa.selenium.os.ProcessUtils.getProcessId(ProcessUtils.java:181)
	... 36 more
]]>
            </full-stacktrace>
          </exception> <!-- org.openqa.selenium.remote.UnreachableBrowserException -->
          <reporter-output>
          </reporter-output>
        </test-method> <!-- tearDown -->
      </class> <!-- PROD.LasVegasAppSmokeTest_PROD -->
    </test> <!-- Default test -->
  </suite> <!-- Default suite -->
</testng-results>
