<?xml version="1.0" encoding="UTF-8"?>
<testng-results skipped="0" failed="0" total="1" passed="1">
  <reporter-output>
  </reporter-output>
  <suite name="SmokeTestSuite" duration-ms="85384" started-at="2022-01-17T12:25:58Z" finished-at="2022-01-17T12:27:23Z">
    <groups>
    </groups>
    <test name="Test" duration-ms="85384" started-at="2022-01-17T12:25:58Z" finished-at="2022-01-17T12:27:23Z">
      <class name="lasvegasmarket.LagVegasMarketSmokeTest_UAT">
        <test-method status="PASS" signature="initialize()[pri:0, instance:lasvegasmarket.LagVegasMarketSmokeTest_UAT@5e5792a0]" name="initialize" is-config="true" duration-ms="34138" started-at="2022-01-17T17:55:58Z" finished-at="2022-01-17T17:56:32Z">
          <reporter-output>
          </reporter-output>
        </test-method> <!-- initialize -->
        <test-method status="PASS" signature="TS012_VerifyHeaderChannelLinksTest()[pri:0, instance:lasvegasmarket.LagVegasMarketSmokeTest_UAT@5e5792a0]" name="TS012_VerifyHeaderChannelLinksTest" duration-ms="51219" started-at="2022-01-17T17:56:32Z" finished-at="2022-01-17T17:57:23Z">
          <reporter-output>
          </reporter-output>
        </test-method> <!-- TS012_VerifyHeaderChannelLinksTest -->
      </class> <!-- lasvegasmarket.LagVegasMarketSmokeTest_UAT -->
    </test> <!-- Test -->
  </suite> <!-- SmokeTestSuite -->
</testng-results>
