<?xml version="1.0" encoding="UTF-8"?>
<testng-results skipped="0" failed="0" total="1" passed="1">
  <reporter-output>
  </reporter-output>
  <suite name="ATLMrkt_SmokeTestSuite" duration-ms="319093" started-at="2022-02-04T12:22:26Z" finished-at="2022-02-04T12:27:45Z">
    <groups>
    </groups>
    <test name="Test" duration-ms="319093" started-at="2022-02-04T12:22:26Z" finished-at="2022-02-04T12:27:45Z">
      <class name="atlantamarket.AtlantaMarketSmokeTest_UAT">
        <test-method status="PASS" signature="initialize()[pri:0, instance:atlantamarket.AtlantaMarketSmokeTest_UAT@5e5792a0]" name="initialize" is-config="true" duration-ms="62450" started-at="2022-02-04T17:52:26Z" finished-at="2022-02-04T17:53:28Z">
          <reporter-output>
          </reporter-output>
        </test-method> <!-- initialize -->
        <test-method status="PASS" signature="TS012_VerifyAllLinksUnderAttendTabTest()[pri:0, instance:atlantamarket.AtlantaMarketSmokeTest_UAT@5e5792a0]" name="TS012_VerifyAllLinksUnderAttendTabTest" duration-ms="256560" started-at="2022-02-04T17:53:28Z" finished-at="2022-02-04T17:57:45Z">
          <reporter-output>
          </reporter-output>
        </test-method> <!-- TS012_VerifyAllLinksUnderAttendTabTest -->
      </class> <!-- atlantamarket.AtlantaMarketSmokeTest_UAT -->
    </test> <!-- Test -->
  </suite> <!-- ATLMrkt_SmokeTestSuite -->
</testng-results>
