<?xml version="1.0" encoding="UTF-8"?>
<testng-results skipped="0" failed="2" total="7" passed="5">
  <reporter-output>
  </reporter-output>
  <suite name="SmokeTestSuite" duration-ms="448681" started-at="2022-01-10T12:03:19Z" finished-at="2022-01-10T12:10:48Z">
    <groups>
    </groups>
    <test name="Test" duration-ms="448681" started-at="2022-01-10T12:03:19Z" finished-at="2022-01-10T12:10:48Z">
      <class name="lasvegasmarket.LagVegasMarketSmokeTest">
        <test-method status="PASS" signature="initialize()[pri:0, instance:lasvegasmarket.LagVegasMarketSmokeTest@523884b2]" name="initialize" is-config="true" duration-ms="19497" started-at="2022-01-10T17:33:19Z" finished-at="2022-01-10T17:33:39Z">
          <reporter-output>
          </reporter-output>
        </test-method> <!-- initialize -->
        <test-method status="PASS" signature="TS001_VerifyMarketPlannerLoginTest()[pri:0, instance:lasvegasmarket.LagVegasMarketSmokeTest@523884b2]" name="TS001_VerifyMarketPlannerLoginTest" duration-ms="65987" started-at="2022-01-10T17:33:39Z" finished-at="2022-01-10T17:34:45Z">
          <reporter-output>
          </reporter-output>
        </test-method> <!-- TS001_VerifyMarketPlannerLoginTest -->
        <test-method status="FAIL" signature="TS002_VerifAllLinksUnderExhibitTabTest()[pri:0, instance:lasvegasmarket.LagVegasMarketSmokeTest@523884b2]" name="TS002_VerifAllLinksUnderExhibitTabTest" duration-ms="40380" started-at="2022-01-10T17:34:45Z" finished-at="2022-01-10T17:35:25Z">
          <exception class="org.openqa.selenium.NoSuchElementException">
            <message>
              <![CDATA[no such element: Unable to locate element: {"method":"xpath","selector":"//a[contains(text(),'Why Exhibit?')]"}
  (Session info: chrome=97.0.4692.71)
For documentation on this error, please visit: http://seleniumhq.org/exceptions/no_such_element.html
Build info: version: '3.4.0', revision: 'unknown', time: 'unknown'
System info: host: 'SHRADHAMA-W10', ip: '172.27.182.74', os.name: 'Windows 10', os.arch: 'amd64', os.version: '10.0', java.version: '1.8.0_161'
Driver info: org.openqa.selenium.chrome.ChromeDriver
Capabilities [{networkConnectionEnabled=false, chrome={chromedriverVersion=97.0.4692.71 (adefa7837d02a07a604c1e6eff0b3a09422ab88d-refs/branch-heads/4692@{#1247}), userDataDir=C:\Users\SHRADH~1\AppData\Local\Temp\scoped_dir19148_729665259}, timeouts={implicit=0.0, pageLoad=300000.0, script=30000.0}, pageLoadStrategy=normal, unhandledPromptBehavior=dismiss and notify, strictFileInteractability=false, platform=ANY, proxy=Proxy(), goog:chromeOptions={debuggerAddress=localhost:57150}, webauthn:extension:credBlob=true, acceptInsecureCerts=false, browserVersion=97.0.4692.71, browserName=chrome, javascriptEnabled=true, platformName=windows, setWindowRect=true, webauthn:extension:largeBlob=true, webauthn:virtualAuthenticators=true}]
Session ID: 9e4a7c3c743835d84c12735ae28d2215
*** Element info: {Using=xpath, value=//a[contains(text(),'Why Exhibit?')]}]]>
            </message>
            <full-stacktrace>
              <![CDATA[org.openqa.selenium.NoSuchElementException: no such element: Unable to locate element: {"method":"xpath","selector":"//a[contains(text(),'Why Exhibit?')]"}
  (Session info: chrome=97.0.4692.71)
For documentation on this error, please visit: http://seleniumhq.org/exceptions/no_such_element.html
Build info: version: '3.4.0', revision: 'unknown', time: 'unknown'
System info: host: 'SHRADHAMA-W10', ip: '172.27.182.74', os.name: 'Windows 10', os.arch: 'amd64', os.version: '10.0', java.version: '1.8.0_161'
Driver info: org.openqa.selenium.chrome.ChromeDriver
Capabilities [{networkConnectionEnabled=false, chrome={chromedriverVersion=97.0.4692.71 (adefa7837d02a07a604c1e6eff0b3a09422ab88d-refs/branch-heads/4692@{#1247}), userDataDir=C:\Users\SHRADH~1\AppData\Local\Temp\scoped_dir19148_729665259}, timeouts={implicit=0.0, pageLoad=300000.0, script=30000.0}, pageLoadStrategy=normal, unhandledPromptBehavior=dismiss and notify, strictFileInteractability=false, platform=ANY, proxy=Proxy(), goog:chromeOptions={debuggerAddress=localhost:57150}, webauthn:extension:credBlob=true, acceptInsecureCerts=false, browserVersion=97.0.4692.71, browserName=chrome, javascriptEnabled=true, platformName=windows, setWindowRect=true, webauthn:extension:largeBlob=true, webauthn:virtualAuthenticators=true}]
Session ID: 9e4a7c3c743835d84c12735ae28d2215
*** Element info: {Using=xpath, value=//a[contains(text(),'Why Exhibit?')]}
	at sun.reflect.NativeConstructorAccessorImpl.newInstance0(Native Method)
	at sun.reflect.NativeConstructorAccessorImpl.newInstance(NativeConstructorAccessorImpl.java:62)
	at sun.reflect.DelegatingConstructorAccessorImpl.newInstance(DelegatingConstructorAccessorImpl.java:45)
	at java.lang.reflect.Constructor.newInstance(Constructor.java:423)
	at org.openqa.selenium.remote.http.W3CHttpResponseCodec.createException(W3CHttpResponseCodec.java:150)
	at org.openqa.selenium.remote.http.W3CHttpResponseCodec.decode(W3CHttpResponseCodec.java:115)
	at org.openqa.selenium.remote.http.W3CHttpResponseCodec.decode(W3CHttpResponseCodec.java:45)
	at org.openqa.selenium.remote.HttpCommandExecutor.execute(HttpCommandExecutor.java:164)
	at org.openqa.selenium.remote.service.DriverCommandExecutor.execute(DriverCommandExecutor.java:82)
	at org.openqa.selenium.remote.RemoteWebDriver.execute(RemoteWebDriver.java:637)
	at org.openqa.selenium.remote.RemoteWebDriver.findElement(RemoteWebDriver.java:410)
	at org.openqa.selenium.remote.RemoteWebDriver.findElementByXPath(RemoteWebDriver.java:509)
	at org.openqa.selenium.By$ByXPath.findElement(By.java:361)
	at org.openqa.selenium.remote.RemoteWebDriver.findElement(RemoteWebDriver.java:402)
	at pageObjects.LasVegasMarket.UXPExhibitPage.getWhyExhibitMenu(UXPExhibitPage.java:35)
	at lasvegasmarket.LagVegasMarketSmokeTest.TS002_VerifAllLinksUnderExhibitTabTest(LagVegasMarketSmokeTest.java:83)
	at sun.reflect.NativeMethodAccessorImpl.invoke0(Native Method)
	at sun.reflect.NativeMethodAccessorImpl.invoke(NativeMethodAccessorImpl.java:62)
	at sun.reflect.DelegatingMethodAccessorImpl.invoke(DelegatingMethodAccessorImpl.java:43)
	at java.lang.reflect.Method.invoke(Method.java:498)
	at org.testng.internal.MethodInvocationHelper.invokeMethod(MethodInvocationHelper.java:80)
	at org.testng.internal.Invoker.invokeMethod(Invoker.java:714)
	at org.testng.internal.Invoker.invokeTestMethod(Invoker.java:901)
	at org.testng.internal.Invoker.invokeTestMethods(Invoker.java:1231)
	at org.testng.internal.TestMethodWorker.invokeTestMethods(TestMethodWorker.java:127)
	at org.testng.internal.TestMethodWorker.run(TestMethodWorker.java:111)
	at org.testng.TestRunner.privateRun(TestRunner.java:767)
	at org.testng.TestRunner.run(TestRunner.java:617)
	at org.testng.SuiteRunner.runTest(SuiteRunner.java:334)
	at org.testng.SuiteRunner.runSequentially(SuiteRunner.java:329)
	at org.testng.SuiteRunner.privateRun(SuiteRunner.java:291)
	at org.testng.SuiteRunner.run(SuiteRunner.java:240)
	at org.testng.SuiteRunnerWorker.runSuite(SuiteRunnerWorker.java:52)
	at org.testng.SuiteRunnerWorker.run(SuiteRunnerWorker.java:86)
	at org.testng.TestNG.runSuitesSequentially(TestNG.java:1198)
	at org.testng.TestNG.runSuitesLocally(TestNG.java:1123)
	at org.testng.TestNG.run(TestNG.java:1031)
	at org.testng.remote.AbstractRemoteTestNG.run(AbstractRemoteTestNG.java:114)
	at org.testng.remote.RemoteTestNG.initAndRun(RemoteTestNG.java:251)
	at org.testng.remote.RemoteTestNG.main(RemoteTestNG.java:77)
]]>
            </full-stacktrace>
          </exception> <!-- org.openqa.selenium.NoSuchElementException -->
          <reporter-output>
          </reporter-output>
        </test-method> <!-- TS002_VerifAllLinksUnderExhibitTabTest -->
        <test-method status="PASS" signature="TS003_VerifyMarketPlannerProfileAndSettingsOptionTest()[pri:0, instance:lasvegasmarket.LagVegasMarketSmokeTest@523884b2]" name="TS003_VerifyMarketPlannerProfileAndSettingsOptionTest" duration-ms="26215" started-at="2022-01-10T17:35:25Z" finished-at="2022-01-10T17:35:51Z">
          <reporter-output>
          </reporter-output>
        </test-method> <!-- TS003_VerifyMarketPlannerProfileAndSettingsOptionTest -->
        <test-method status="PASS" signature="TS004_VerifyAllLinksUnderExhibitorsAndProductsTabTest()[pri:0, instance:lasvegasmarket.LagVegasMarketSmokeTest@523884b2]" name="TS004_VerifyAllLinksUnderExhibitorsAndProductsTabTest" duration-ms="62795" started-at="2022-01-10T17:35:51Z" finished-at="2022-01-10T17:36:54Z">
          <reporter-output>
          </reporter-output>
        </test-method> <!-- TS004_VerifyAllLinksUnderExhibitorsAndProductsTabTest -->
        <test-method status="PASS" signature="TS005_VerifyAllLinksUnderMarketInfoTabTest()[pri:0, instance:lasvegasmarket.LagVegasMarketSmokeTest@523884b2]" name="TS005_VerifyAllLinksUnderMarketInfoTabTest" duration-ms="203370" started-at="2022-01-10T17:36:54Z" finished-at="2022-01-10T17:40:18Z">
          <reporter-output>
          </reporter-output>
        </test-method> <!-- TS005_VerifyAllLinksUnderMarketInfoTabTest -->
        <test-method status="FAIL" signature="TS006_VerifyAllLinksUnderExploreMarketTabTest()[pri:0, instance:lasvegasmarket.LagVegasMarketSmokeTest@523884b2]" name="TS006_VerifyAllLinksUnderExploreMarketTabTest" duration-ms="19270" started-at="2022-01-10T17:40:18Z" finished-at="2022-01-10T17:40:37Z">
          <exception class="java.lang.AssertionError">
            <full-stacktrace>
              <![CDATA[java.lang.AssertionError
	at org.junit.Assert.fail(Assert.java:86)
	at org.junit.Assert.assertTrue(Assert.java:41)
	at org.junit.Assert.assertTrue(Assert.java:52)
	at lasvegasmarket.LagVegasMarketSmokeTest.TS006_VerifyAllLinksUnderExploreMarketTabTest(LagVegasMarketSmokeTest.java:379)
	at sun.reflect.NativeMethodAccessorImpl.invoke0(Native Method)
	at sun.reflect.NativeMethodAccessorImpl.invoke(NativeMethodAccessorImpl.java:62)
	at sun.reflect.DelegatingMethodAccessorImpl.invoke(DelegatingMethodAccessorImpl.java:43)
	at java.lang.reflect.Method.invoke(Method.java:498)
	at org.testng.internal.MethodInvocationHelper.invokeMethod(MethodInvocationHelper.java:80)
	at org.testng.internal.Invoker.invokeMethod(Invoker.java:714)
	at org.testng.internal.Invoker.invokeTestMethod(Invoker.java:901)
	at org.testng.internal.Invoker.invokeTestMethods(Invoker.java:1231)
	at org.testng.internal.TestMethodWorker.invokeTestMethods(TestMethodWorker.java:127)
	at org.testng.internal.TestMethodWorker.run(TestMethodWorker.java:111)
	at org.testng.TestRunner.privateRun(TestRunner.java:767)
	at org.testng.TestRunner.run(TestRunner.java:617)
	at org.testng.SuiteRunner.runTest(SuiteRunner.java:334)
	at org.testng.SuiteRunner.runSequentially(SuiteRunner.java:329)
	at org.testng.SuiteRunner.privateRun(SuiteRunner.java:291)
	at org.testng.SuiteRunner.run(SuiteRunner.java:240)
	at org.testng.SuiteRunnerWorker.runSuite(SuiteRunnerWorker.java:52)
	at org.testng.SuiteRunnerWorker.run(SuiteRunnerWorker.java:86)
	at org.testng.TestNG.runSuitesSequentially(TestNG.java:1198)
	at org.testng.TestNG.runSuitesLocally(TestNG.java:1123)
	at org.testng.TestNG.run(TestNG.java:1031)
	at org.testng.remote.AbstractRemoteTestNG.run(AbstractRemoteTestNG.java:114)
	at org.testng.remote.RemoteTestNG.initAndRun(RemoteTestNG.java:251)
	at org.testng.remote.RemoteTestNG.main(RemoteTestNG.java:77)
]]>
            </full-stacktrace>
          </exception> <!-- java.lang.AssertionError -->
          <reporter-output>
          </reporter-output>
        </test-method> <!-- TS006_VerifyAllLinksUnderExploreMarketTabTest -->
        <test-method status="PASS" signature="TS007_VerifyGlobalSearchFunctionalityTest()[pri:0, instance:lasvegasmarket.LagVegasMarketSmokeTest@523884b2]" name="TS007_VerifyGlobalSearchFunctionalityTest" duration-ms="10391" started-at="2022-01-10T17:40:37Z" finished-at="2022-01-10T17:40:48Z">
          <reporter-output>
          </reporter-output>
        </test-method> <!-- TS007_VerifyGlobalSearchFunctionalityTest -->
      </class> <!-- lasvegasmarket.LagVegasMarketSmokeTest -->
    </test> <!-- Test -->
  </suite> <!-- SmokeTestSuite -->
</testng-results>
