<?xml version="1.0" encoding="UTF-8"?>
<testng-results skipped="0" failed="0" total="2" passed="2">
  <reporter-output>
  </reporter-output>
  <suite name="SmokeTestSuite" duration-ms="57887" started-at="2023-09-01T14:51:28Z" finished-at="2023-09-01T14:52:25Z">
    <groups>
    </groups>
    <test name="SequencialTest" duration-ms="57887" started-at="2023-09-01T14:51:28Z" finished-at="2023-09-01T14:52:25Z">
      <class name="PROD.ExhibitorPortalSmokeTest_PROD">
        <test-method status="PASS" signature="initialize()[pri:0, instance:PROD.ExhibitorPortalSmokeTest_PROD@6eebc39e]" name="initialize" is-config="true" duration-ms="3936" started-at="2023-09-01T20:21:28Z" finished-at="2023-09-01T20:21:31Z">
          <reporter-output>
          </reporter-output>
        </test-method> <!-- initialize -->
        <test-method status="PASS" signature="TS001_EXP_VerifyExhibitorPortalLoginTest()[pri:0, instance:PROD.ExhibitorPortalSmokeTest_PROD@6eebc39e]" name="TS001_EXP_VerifyExhibitorPortalLoginTest" duration-ms="41492" started-at="2023-09-01T20:21:31Z" finished-at="2023-09-01T20:22:13Z">
          <reporter-output>
          </reporter-output>
        </test-method> <!-- TS001_EXP_VerifyExhibitorPortalLoginTest -->
        <test-method status="PASS" signature="TS003_EXP_VerifySettingsTabTest()[pri:0, instance:PROD.ExhibitorPortalSmokeTest_PROD@6eebc39e]" name="TS003_EXP_VerifySettingsTabTest" duration-ms="10606" started-at="2023-09-01T20:22:13Z" finished-at="2023-09-01T20:22:24Z">
          <reporter-output>
          </reporter-output>
        </test-method> <!-- TS003_EXP_VerifySettingsTabTest -->
        <test-method status="PASS" signature="tearDown()[pri:0, instance:PROD.ExhibitorPortalSmokeTest_PROD@6eebc39e]" name="tearDown" is-config="true" duration-ms="1820" started-at="2023-09-01T20:22:24Z" finished-at="2023-09-01T20:22:25Z">
          <reporter-output>
          </reporter-output>
        </test-method> <!-- tearDown -->
      </class> <!-- PROD.ExhibitorPortalSmokeTest_PROD -->
    </test> <!-- SequencialTest -->
  </suite> <!-- SmokeTestSuite -->
</testng-results>
