<?xml version="1.0" encoding="UTF-8"?>
<testng-results skipped="0" failed="0" total="13" passed="13">
  <reporter-output>
  </reporter-output>
  <suite name="ATLApp_SmokeTestSuite" duration-ms="1640240" started-at="2022-03-17T07:02:21Z" finished-at="2022-03-17T07:29:42Z">
    <groups>
    </groups>
    <test name="Test" duration-ms="1640240" started-at="2022-03-17T07:02:21Z" finished-at="2022-03-17T07:29:42Z">
      <class name="atlantaapparel.AtalntaAppSmokeTest_UAT">
        <test-method status="PASS" signature="initialize()[pri:0, instance:atlantaapparel.AtalntaAppSmokeTest_UAT@5b275dab]" name="initialize" is-config="true" duration-ms="59892" started-at="2022-03-17T12:32:21Z" finished-at="2022-03-17T12:33:21Z">
          <reporter-output>
          </reporter-output>
        </test-method> <!-- initialize -->
        <test-method status="PASS" signature="TS001_VerifyMarketPlannerLoginTest()[pri:0, instance:atlantaapparel.AtalntaAppSmokeTest_UAT@5b275dab]" name="TS001_VerifyMarketPlannerLoginTest" duration-ms="65963" started-at="2022-03-17T12:33:21Z" finished-at="2022-03-17T12:34:27Z">
          <reporter-output>
          </reporter-output>
        </test-method> <!-- TS001_VerifyMarketPlannerLoginTest -->
        <test-method status="PASS" signature="TS002_VerifyMarketPlannerProfileOptionTest()[pri:0, instance:atlantaapparel.AtalntaAppSmokeTest_UAT@5b275dab]" name="TS002_VerifyMarketPlannerProfileOptionTest" duration-ms="27413" started-at="2022-03-17T12:34:27Z" finished-at="2022-03-17T12:34:55Z">
          <reporter-output>
          </reporter-output>
        </test-method> <!-- TS002_VerifyMarketPlannerProfileOptionTest -->
        <test-method status="PASS" signature="TS003_VerifyMarketPlannerExhibitorPortalOptionTest()[pri:0, instance:atlantaapparel.AtalntaAppSmokeTest_UAT@5b275dab]" name="TS003_VerifyMarketPlannerExhibitorPortalOptionTest" duration-ms="31872" started-at="2022-03-17T12:34:55Z" finished-at="2022-03-17T12:35:27Z">
          <reporter-output>
          </reporter-output>
        </test-method> <!-- TS003_VerifyMarketPlannerExhibitorPortalOptionTest -->
        <test-method status="PASS" signature="TS004_VerifyGlobalSearchFunctionalityTest()[pri:0, instance:atlantaapparel.AtalntaAppSmokeTest_UAT@5b275dab]" name="TS004_VerifyGlobalSearchFunctionalityTest" duration-ms="59180" started-at="2022-03-17T12:35:27Z" finished-at="2022-03-17T12:36:26Z">
          <reporter-output>
          </reporter-output>
        </test-method> <!-- TS004_VerifyGlobalSearchFunctionalityTest -->
        <test-method status="PASS" signature="TS005_VerifyExhibitorDirectoryTest()[pri:0, instance:atlantaapparel.AtalntaAppSmokeTest_UAT@5b275dab]" name="TS005_VerifyExhibitorDirectoryTest" duration-ms="74110" started-at="2022-03-17T12:36:26Z" finished-at="2022-03-17T12:37:40Z">
          <reporter-output>
          </reporter-output>
        </test-method> <!-- TS005_VerifyExhibitorDirectoryTest -->
        <test-method status="PASS" signature="TS006_VerifyAllLinksUnderMarketsTabTest()[pri:0, instance:atlantaapparel.AtalntaAppSmokeTest_UAT@5b275dab]" name="TS006_VerifyAllLinksUnderMarketsTabTest" duration-ms="182687" started-at="2022-03-17T12:37:40Z" finished-at="2022-03-17T12:40:43Z">
          <reporter-output>
          </reporter-output>
        </test-method> <!-- TS006_VerifyAllLinksUnderMarketsTabTest -->
        <test-method status="PASS" signature="TS007_VerifyAllLinksUnderExhibitorsAndBrandsTabTest()[pri:0, instance:atlantaapparel.AtalntaAppSmokeTest_UAT@5b275dab]" name="TS007_VerifyAllLinksUnderExhibitorsAndBrandsTabTest" duration-ms="44955" started-at="2022-03-17T12:40:43Z" finished-at="2022-03-17T12:41:28Z">
          <reporter-output>
          </reporter-output>
        </test-method> <!-- TS007_VerifyAllLinksUnderExhibitorsAndBrandsTabTest -->
        <test-method status="PASS" signature="TS008_VerifyAllLinksUnderAttendTabTest()[pri:0, instance:atlantaapparel.AtalntaAppSmokeTest_UAT@5b275dab]" name="TS008_VerifyAllLinksUnderAttendTabTest" duration-ms="316673" started-at="2022-03-17T12:41:28Z" finished-at="2022-03-17T12:46:44Z">
          <reporter-output>
          </reporter-output>
        </test-method> <!-- TS008_VerifyAllLinksUnderAttendTabTest -->
        <test-method status="PASS" signature="TS009_VerifyAllLinksUnderFashionGalleryTabTest()[pri:0, instance:atlantaapparel.AtalntaAppSmokeTest_UAT@5b275dab]" name="TS009_VerifyAllLinksUnderFashionGalleryTabTest" duration-ms="140315" started-at="2022-03-17T12:46:44Z" finished-at="2022-03-17T12:49:05Z">
          <reporter-output>
          </reporter-output>
        </test-method> <!-- TS009_VerifyAllLinksUnderFashionGalleryTabTest -->
        <test-method status="PASS" signature="TS010_VerifyAllLinksUnderExhibitTabTest()[pri:0, instance:atlantaapparel.AtalntaAppSmokeTest_UAT@5b275dab]" name="TS010_VerifyAllLinksUnderExhibitTabTest" duration-ms="224004" started-at="2022-03-17T12:49:05Z" finished-at="2022-03-17T12:52:49Z">
          <reporter-output>
          </reporter-output>
        </test-method> <!-- TS010_VerifyAllLinksUnderExhibitTabTest -->
        <test-method status="PASS" signature="TS011_VerifyAllLinksUnderYearRoundTabTest()[pri:0, instance:atlantaapparel.AtalntaAppSmokeTest_UAT@5b275dab]" name="TS011_VerifyAllLinksUnderYearRoundTabTest" duration-ms="61123" started-at="2022-03-17T12:52:49Z" finished-at="2022-03-17T12:53:50Z">
          <reporter-output>
          </reporter-output>
        </test-method> <!-- TS011_VerifyAllLinksUnderYearRoundTabTest -->
        <test-method status="PASS" signature="TS012_VerifyFooterLinksTest()[pri:0, instance:atlantaapparel.AtalntaAppSmokeTest_UAT@5b275dab]" name="TS012_VerifyFooterLinksTest" duration-ms="231427" started-at="2022-03-17T12:53:50Z" finished-at="2022-03-17T12:57:41Z">
          <reporter-output>
          </reporter-output>
        </test-method> <!-- TS012_VerifyFooterLinksTest -->
        <test-method status="PASS" signature="TS013_VerifySocialMediaLinksTest()[pri:0, instance:atlantaapparel.AtalntaAppSmokeTest_UAT@5b275dab]" name="TS013_VerifySocialMediaLinksTest" duration-ms="120522" started-at="2022-03-17T12:57:41Z" finished-at="2022-03-17T12:59:42Z">
          <reporter-output>
          </reporter-output>
        </test-method> <!-- TS013_VerifySocialMediaLinksTest -->
      </class> <!-- atlantaapparel.AtalntaAppSmokeTest_UAT -->
    </test> <!-- Test -->
  </suite> <!-- ATLApp_SmokeTestSuite -->
</testng-results>
