<?xml version="1.0" encoding="UTF-8"?>
<testng-results skipped="0" failed="0" total="2" passed="2">
  <reporter-output>
  </reporter-output>
  <suite name="SmokeTestSuite" duration-ms="400064" started-at="2023-01-18T09:25:16Z" finished-at="2023-01-18T09:31:56Z">
    <groups>
    </groups>
    <test name="SequencialTest" duration-ms="400064" started-at="2023-01-18T09:25:16Z" finished-at="2023-01-18T09:31:56Z">
      <class name="PROD.AtlantaMarketSmokeTest_PROD">
        <test-method status="PASS" signature="initialize()[pri:0, instance:PROD.AtlantaMarketSmokeTest_PROD@13deb50e]" name="initialize" is-config="true" duration-ms="107859" started-at="2023-01-18T14:55:16Z" finished-at="2023-01-18T14:57:04Z">
          <reporter-output>
          </reporter-output>
        </test-method> <!-- initialize -->
        <test-method status="PASS" signature="TS012_VerifyAllLinksUnderAttendTabTest()[pri:0, instance:PROD.AtlantaMarketSmokeTest_PROD@13deb50e]" name="TS012_VerifyAllLinksUnderAttendTabTest" duration-ms="214174" started-at="2023-01-18T14:57:04Z" finished-at="2023-01-18T15:00:38Z">
          <reporter-output>
          </reporter-output>
        </test-method> <!-- TS012_VerifyAllLinksUnderAttendTabTest -->
        <test-method status="PASS" signature="TS013_VerifyAllNewsAndTrendsMenuTest()[pri:0, instance:PROD.AtlantaMarketSmokeTest_PROD@13deb50e]" name="TS013_VerifyAllNewsAndTrendsMenuTest" duration-ms="70118" started-at="2023-01-18T15:00:38Z" finished-at="2023-01-18T15:01:48Z">
          <reporter-output>
          </reporter-output>
        </test-method> <!-- TS013_VerifyAllNewsAndTrendsMenuTest -->
        <test-method status="PASS" signature="tearDown()[pri:0, instance:PROD.AtlantaMarketSmokeTest_PROD@13deb50e]" name="tearDown" is-config="true" duration-ms="7801" started-at="2023-01-18T15:01:48Z" finished-at="2023-01-18T15:01:56Z">
          <reporter-output>
          </reporter-output>
        </test-method> <!-- tearDown -->
      </class> <!-- PROD.AtlantaMarketSmokeTest_PROD -->
    </test> <!-- SequencialTest -->
  </suite> <!-- SmokeTestSuite -->
</testng-results>
