<?xml version="1.0" encoding="UTF-8"?>
<testng-results skipped="0" failed="1" total="64" passed="63">
  <reporter-output>
  </reporter-output>
  <suite name="SmokeTestSuite" duration-ms="1532037" started-at="2024-08-09T09:48:25Z" finished-at="2024-08-09T10:13:57Z">
    <groups>
    </groups>
    <test name="Parallel Test" duration-ms="1532037" started-at="2024-08-09T09:48:25Z" finished-at="2024-08-09T10:13:57Z">
      <class name="PROD.LagVegasMarketSmokeTest_PROD">
        <test-method status="PASS" signature="initialize()[pri:0, instance:PROD.LagVegasMarketSmokeTest_PROD@3fb6a447]" name="initialize" is-config="true" duration-ms="99068" started-at="2024-08-09T15:18:25Z" finished-at="2024-08-09T15:20:04Z">
          <reporter-output>
          </reporter-output>
        </test-method> <!-- initialize -->
        <test-method status="PASS" signature="TS001_LVM_VerifyHeaderChannelLinksTest()[pri:0, instance:PROD.LagVegasMarketSmokeTest_PROD@3fb6a447]" name="TS001_LVM_VerifyHeaderChannelLinksTest" duration-ms="638709" started-at="2024-08-09T15:20:04Z" finished-at="2024-08-09T15:30:43Z">
          <reporter-output>
          </reporter-output>
        </test-method> <!-- TS001_LVM_VerifyHeaderChannelLinksTest -->
        <test-method status="PASS" signature="TS002_LVM_VerifAllLinksUnderExhibitTabTest()[pri:0, instance:PROD.LagVegasMarketSmokeTest_PROD@3fb6a447]" name="TS002_LVM_VerifAllLinksUnderExhibitTabTest" duration-ms="51612" started-at="2024-08-09T15:30:43Z" finished-at="2024-08-09T15:31:34Z">
          <reporter-output>
          </reporter-output>
        </test-method> <!-- TS002_LVM_VerifAllLinksUnderExhibitTabTest -->
        <test-method status="PASS" signature="TS004_LVM_VerifyAllLinksUnderExhibitorsAndProductsTabTest()[pri:0, instance:PROD.LagVegasMarketSmokeTest_PROD@3fb6a447]" name="TS004_LVM_VerifyAllLinksUnderExhibitorsAndProductsTabTest" duration-ms="62625" started-at="2024-08-09T15:31:34Z" finished-at="2024-08-09T15:32:37Z">
          <reporter-output>
          </reporter-output>
        </test-method> <!-- TS004_LVM_VerifyAllLinksUnderExhibitorsAndProductsTabTest -->
        <test-method status="PASS" signature="TS005_LVM_VerifyAllLinksUnderMarketInfoTabTest()[pri:0, instance:PROD.LagVegasMarketSmokeTest_PROD@3fb6a447]" name="TS005_LVM_VerifyAllLinksUnderMarketInfoTabTest" duration-ms="51767" started-at="2024-08-09T15:32:37Z" finished-at="2024-08-09T15:33:29Z">
          <reporter-output>
          </reporter-output>
        </test-method> <!-- TS005_LVM_VerifyAllLinksUnderMarketInfoTabTest -->
        <test-method status="PASS" signature="TS006_LVM_VerifyAllLinksUnderAttendTabTest()[pri:0, instance:PROD.LagVegasMarketSmokeTest_PROD@3fb6a447]" name="TS006_LVM_VerifyAllLinksUnderAttendTabTest" duration-ms="152319" started-at="2024-08-09T15:33:29Z" finished-at="2024-08-09T15:36:01Z">
          <reporter-output>
          </reporter-output>
        </test-method> <!-- TS006_LVM_VerifyAllLinksUnderAttendTabTest -->
        <test-method status="PASS" signature="TS007_LVM_VerifyAllLinksUnderExploreMarketTabTest()[pri:0, instance:PROD.LagVegasMarketSmokeTest_PROD@3fb6a447]" name="TS007_LVM_VerifyAllLinksUnderExploreMarketTabTest" duration-ms="24994" started-at="2024-08-09T15:36:01Z" finished-at="2024-08-09T15:36:26Z">
          <reporter-output>
          </reporter-output>
        </test-method> <!-- TS007_LVM_VerifyAllLinksUnderExploreMarketTabTest -->
        <test-method status="PASS" signature="TS008_LVM_VerifyExhibitorDirectoryTest()[pri:0, instance:PROD.LagVegasMarketSmokeTest_PROD@3fb6a447]" name="TS008_LVM_VerifyExhibitorDirectoryTest" duration-ms="7982" started-at="2024-08-09T15:36:26Z" finished-at="2024-08-09T15:36:34Z">
          <reporter-output>
          </reporter-output>
        </test-method> <!-- TS008_LVM_VerifyExhibitorDirectoryTest -->
        <test-method status="PASS" signature="TS009_LVM_VerifyGlobalSearchFunctionalityTest()[pri:0, instance:PROD.LagVegasMarketSmokeTest_PROD@3fb6a447]" name="TS009_LVM_VerifyGlobalSearchFunctionalityTest" duration-ms="3466" started-at="2024-08-09T15:36:34Z" finished-at="2024-08-09T15:36:37Z">
          <reporter-output>
          </reporter-output>
        </test-method> <!-- TS009_LVM_VerifyGlobalSearchFunctionalityTest -->
        <test-method status="PASS" signature="TS010_LVM_VerifyFooterLinksTest()[pri:0, instance:PROD.LagVegasMarketSmokeTest_PROD@3fb6a447]" name="TS010_LVM_VerifyFooterLinksTest" duration-ms="365571" started-at="2024-08-09T15:36:37Z" finished-at="2024-08-09T15:42:43Z">
          <reporter-output>
          </reporter-output>
        </test-method> <!-- TS010_LVM_VerifyFooterLinksTest -->
        <test-method status="PASS" signature="TS011_LVM_VerifyAllSocialMediaLinksOnFooterTest()[pri:0, instance:PROD.LagVegasMarketSmokeTest_PROD@3fb6a447]" name="TS011_LVM_VerifyAllSocialMediaLinksOnFooterTest" duration-ms="46951" started-at="2024-08-09T15:42:43Z" finished-at="2024-08-09T15:43:30Z">
          <reporter-output>
          </reporter-output>
        </test-method> <!-- TS011_LVM_VerifyAllSocialMediaLinksOnFooterTest -->
        <test-method status="FAIL" signature="TS012_LVM_VerifyAllLinksUnderYearRoundTabTest()[pri:0, instance:PROD.LagVegasMarketSmokeTest_PROD@3fb6a447]" name="TS012_LVM_VerifyAllLinksUnderYearRoundTabTest" duration-ms="25450" started-at="2024-08-09T15:43:30Z" finished-at="2024-08-09T15:43:55Z">
          <exception class="java.lang.AssertionError">
            <full-stacktrace>
              <![CDATA[java.lang.AssertionError
	at org.junit.Assert.fail(Assert.java:86)
	at org.junit.Assert.assertTrue(Assert.java:41)
	at org.junit.Assert.assertTrue(Assert.java:52)
	at PROD.LagVegasMarketSmokeTest_PROD.TS012_LVM_VerifyAllLinksUnderYearRoundTabTest(LagVegasMarketSmokeTest_PROD.java:1210)
	at sun.reflect.NativeMethodAccessorImpl.invoke0(Native Method)
	at sun.reflect.NativeMethodAccessorImpl.invoke(Unknown Source)
	at sun.reflect.DelegatingMethodAccessorImpl.invoke(Unknown Source)
	at java.lang.reflect.Method.invoke(Unknown Source)
	at org.testng.internal.MethodInvocationHelper.invokeMethod(MethodInvocationHelper.java:85)
	at org.testng.internal.Invoker.invokeMethod(Invoker.java:663)
	at org.testng.internal.Invoker.invokeTestMethod(Invoker.java:849)
	at org.testng.internal.Invoker.invokeTestMethods(Invoker.java:1157)
	at org.testng.internal.TestMethodWorker.invokeTestMethods(TestMethodWorker.java:124)
	at org.testng.internal.TestMethodWorker.run(TestMethodWorker.java:108)
	at java.util.concurrent.ThreadPoolExecutor.runWorker(Unknown Source)
	at java.util.concurrent.ThreadPoolExecutor$Worker.run(Unknown Source)
	at java.lang.Thread.run(Unknown Source)
]]>
            </full-stacktrace>
          </exception> <!-- java.lang.AssertionError -->
          <reporter-output>
          </reporter-output>
        </test-method> <!-- TS012_LVM_VerifyAllLinksUnderYearRoundTabTest -->
        <test-method status="PASS" signature="tearDown()[pri:0, instance:PROD.LagVegasMarketSmokeTest_PROD@3fb6a447]" name="tearDown" is-config="true" duration-ms="1497" started-at="2024-08-09T15:43:55Z" finished-at="2024-08-09T15:43:57Z">
          <reporter-output>
          </reporter-output>
        </test-method> <!-- tearDown -->
      </class> <!-- PROD.LagVegasMarketSmokeTest_PROD -->
      <class name="PROD.AtlantaAppSmokeTest_PROD">
        <test-method status="PASS" signature="initialize()[pri:0, instance:PROD.AtlantaAppSmokeTest_PROD@1324409e]" name="initialize" is-config="true" duration-ms="21718" started-at="2024-08-09T15:18:25Z" finished-at="2024-08-09T15:18:47Z">
          <reporter-output>
          </reporter-output>
        </test-method> <!-- initialize -->
        <test-method status="PASS" signature="TS001_ATLApp_VerifyAllLinksUnderYearRoundTabTest()[pri:0, instance:PROD.AtlantaAppSmokeTest_PROD@1324409e]" name="TS001_ATLApp_VerifyAllLinksUnderYearRoundTabTest" duration-ms="61172" started-at="2024-08-09T15:18:47Z" finished-at="2024-08-09T15:19:48Z">
          <reporter-output>
          </reporter-output>
        </test-method> <!-- TS001_ATLApp_VerifyAllLinksUnderYearRoundTabTest -->
        <test-method status="PASS" signature="TS003_ATLApp_VerifyAllLinksUnderAttendTabTest()[pri:0, instance:PROD.AtlantaAppSmokeTest_PROD@1324409e]" name="TS003_ATLApp_VerifyAllLinksUnderAttendTabTest" duration-ms="136095" started-at="2024-08-09T15:19:48Z" finished-at="2024-08-09T15:22:04Z">
          <reporter-output>
          </reporter-output>
        </test-method> <!-- TS003_ATLApp_VerifyAllLinksUnderAttendTabTest -->
        <test-method status="PASS" signature="TS004_ATLApp_VerifyGlobalSearchFunctionalityTest()[pri:0, instance:PROD.AtlantaAppSmokeTest_PROD@1324409e]" name="TS004_ATLApp_VerifyGlobalSearchFunctionalityTest" duration-ms="19353" started-at="2024-08-09T15:22:04Z" finished-at="2024-08-09T15:22:23Z">
          <reporter-output>
          </reporter-output>
        </test-method> <!-- TS004_ATLApp_VerifyGlobalSearchFunctionalityTest -->
        <test-method status="PASS" signature="TS005_ATLApp_VerifyExhibitorDirectoryTest()[pri:0, instance:PROD.AtlantaAppSmokeTest_PROD@1324409e]" name="TS005_ATLApp_VerifyExhibitorDirectoryTest" duration-ms="29706" started-at="2024-08-09T15:22:23Z" finished-at="2024-08-09T15:22:53Z">
          <reporter-output>
          </reporter-output>
        </test-method> <!-- TS005_ATLApp_VerifyExhibitorDirectoryTest -->
        <test-method status="PASS" signature="TS006_ATLApp_VerifyAllLinksUnderMarketsTabTest()[pri:0, instance:PROD.AtlantaAppSmokeTest_PROD@1324409e]" name="TS006_ATLApp_VerifyAllLinksUnderMarketsTabTest" duration-ms="59643" started-at="2024-08-09T15:22:53Z" finished-at="2024-08-09T15:23:53Z">
          <reporter-output>
          </reporter-output>
        </test-method> <!-- TS006_ATLApp_VerifyAllLinksUnderMarketsTabTest -->
        <test-method status="PASS" signature="TS007_ATLApp_VerifyAllLinksUnderExhibitorsAndBrandsTabTest()[pri:0, instance:PROD.AtlantaAppSmokeTest_PROD@1324409e]" name="TS007_ATLApp_VerifyAllLinksUnderExhibitorsAndBrandsTabTest" duration-ms="14449" started-at="2024-08-09T15:23:53Z" finished-at="2024-08-09T15:24:07Z">
          <reporter-output>
          </reporter-output>
        </test-method> <!-- TS007_ATLApp_VerifyAllLinksUnderExhibitorsAndBrandsTabTest -->
        <test-method status="PASS" signature="TS008_ATLApp_VerifySocialMediaLinksTest()[pri:0, instance:PROD.AtlantaAppSmokeTest_PROD@1324409e]" name="TS008_ATLApp_VerifySocialMediaLinksTest" duration-ms="8603" started-at="2024-08-09T15:24:07Z" finished-at="2024-08-09T15:24:16Z">
          <reporter-output>
          </reporter-output>
        </test-method> <!-- TS008_ATLApp_VerifySocialMediaLinksTest -->
        <test-method status="PASS" signature="TS010_ATLApp_VerifyAllLinksUnderExhibitTabTest()[pri:0, instance:PROD.AtlantaAppSmokeTest_PROD@1324409e]" name="TS010_ATLApp_VerifyAllLinksUnderExhibitTabTest" duration-ms="43968" started-at="2024-08-09T15:24:16Z" finished-at="2024-08-09T15:25:00Z">
          <reporter-output>
          </reporter-output>
        </test-method> <!-- TS010_ATLApp_VerifyAllLinksUnderExhibitTabTest -->
        <test-method status="PASS" signature="TS009_ATLApp_VerifyAllLinksUnderTheBestOfFashionTabTest()[pri:0, instance:PROD.AtlantaAppSmokeTest_PROD@1324409e]" name="TS009_ATLApp_VerifyAllLinksUnderTheBestOfFashionTabTest" duration-ms="59015" started-at="2024-08-09T15:25:00Z" finished-at="2024-08-09T15:25:59Z">
          <reporter-output>
          </reporter-output>
        </test-method> <!-- TS009_ATLApp_VerifyAllLinksUnderTheBestOfFashionTabTest -->
        <test-method status="PASS" signature="TS011_ATLApp_VerifyFooterLinksTest()[pri:0, instance:PROD.AtlantaAppSmokeTest_PROD@1324409e]" name="TS011_ATLApp_VerifyFooterLinksTest" duration-ms="249398" started-at="2024-08-09T15:25:59Z" finished-at="2024-08-09T15:30:08Z">
          <reporter-output>
          </reporter-output>
        </test-method> <!-- TS011_ATLApp_VerifyFooterLinksTest -->
        <test-method status="PASS" signature="tearDown()[pri:0, instance:PROD.AtlantaAppSmokeTest_PROD@1324409e]" name="tearDown" is-config="true" duration-ms="1583" started-at="2024-08-09T15:30:08Z" finished-at="2024-08-09T15:30:10Z">
          <reporter-output>
          </reporter-output>
        </test-method> <!-- tearDown -->
      </class> <!-- PROD.AtlantaAppSmokeTest_PROD -->
      <class name="PROD.AtlantaMarketSmokeTest_PROD">
        <test-method status="PASS" signature="initialize()[pri:0, instance:PROD.AtlantaMarketSmokeTest_PROD@735f7ae5]" name="initialize" is-config="true" duration-ms="60318" started-at="2024-08-09T15:18:25Z" finished-at="2024-08-09T15:19:25Z">
          <reporter-output>
          </reporter-output>
        </test-method> <!-- initialize -->
        <test-method status="PASS" signature="TS002_ATL_VerifyGlobalSearchFunctionalityTest()[pri:0, instance:PROD.AtlantaMarketSmokeTest_PROD@735f7ae5]" name="TS002_ATL_VerifyGlobalSearchFunctionalityTest" duration-ms="25007" started-at="2024-08-09T15:19:25Z" finished-at="2024-08-09T15:19:50Z">
          <reporter-output>
          </reporter-output>
        </test-method> <!-- TS002_ATL_VerifyGlobalSearchFunctionalityTest -->
        <test-method status="PASS" signature="TS003_ATL_VerifyExhibitorDirectoryTest()[pri:0, instance:PROD.AtlantaMarketSmokeTest_PROD@735f7ae5]" name="TS003_ATL_VerifyExhibitorDirectoryTest" duration-ms="15017" started-at="2024-08-09T15:19:50Z" finished-at="2024-08-09T15:20:05Z">
          <reporter-output>
          </reporter-output>
        </test-method> <!-- TS003_ATL_VerifyExhibitorDirectoryTest -->
        <test-method status="PASS" signature="TS004_ATL_VerifyAllLinksUnderMarketInfoTabTest()[pri:0, instance:PROD.AtlantaMarketSmokeTest_PROD@735f7ae5]" name="TS004_ATL_VerifyAllLinksUnderMarketInfoTabTest" duration-ms="154192" started-at="2024-08-09T15:20:05Z" finished-at="2024-08-09T15:22:39Z">
          <reporter-output>
          </reporter-output>
        </test-method> <!-- TS004_ATL_VerifyAllLinksUnderMarketInfoTabTest -->
        <test-method status="PASS" signature="TS005_ATL_VerifyAllLinksUnderExhibitorsAndProductsTabTest()[pri:0, instance:PROD.AtlantaMarketSmokeTest_PROD@735f7ae5]" name="TS005_ATL_VerifyAllLinksUnderExhibitorsAndProductsTabTest" duration-ms="13374" started-at="2024-08-09T15:22:39Z" finished-at="2024-08-09T15:22:53Z">
          <reporter-output>
          </reporter-output>
        </test-method> <!-- TS005_ATL_VerifyAllLinksUnderExhibitorsAndProductsTabTest -->
        <test-method status="PASS" signature="TS006_ATL_VerifyAllNewsAndTrendsMenuTest()[pri:0, instance:PROD.AtlantaMarketSmokeTest_PROD@735f7ae5]" name="TS006_ATL_VerifyAllNewsAndTrendsMenuTest" duration-ms="75066" started-at="2024-08-09T15:22:53Z" finished-at="2024-08-09T15:24:08Z">
          <reporter-output>
          </reporter-output>
        </test-method> <!-- TS006_ATL_VerifyAllNewsAndTrendsMenuTest -->
        <test-method status="PASS" signature="TS007_ATL_VerifyAllChannelsLinksTest()[pri:0, instance:PROD.AtlantaMarketSmokeTest_PROD@735f7ae5]" name="TS007_ATL_VerifyAllChannelsLinksTest" duration-ms="440420" started-at="2024-08-09T15:24:08Z" finished-at="2024-08-09T15:31:28Z">
          <reporter-output>
          </reporter-output>
        </test-method> <!-- TS007_ATL_VerifyAllChannelsLinksTest -->
        <test-method status="PASS" signature="TS008_ATL_VerifyAllSocialMediaLinksOnFooterTest()[pri:0, instance:PROD.AtlantaMarketSmokeTest_PROD@735f7ae5]" name="TS008_ATL_VerifyAllSocialMediaLinksOnFooterTest" duration-ms="90269" started-at="2024-08-09T15:31:28Z" finished-at="2024-08-09T15:32:59Z">
          <reporter-output>
          </reporter-output>
        </test-method> <!-- TS008_ATL_VerifyAllSocialMediaLinksOnFooterTest -->
        <test-method status="PASS" signature="TS009_ATL_VerifyAllLinksUnderAttendTabTest()[pri:0, instance:PROD.AtlantaMarketSmokeTest_PROD@735f7ae5]" name="TS009_ATL_VerifyAllLinksUnderAttendTabTest" duration-ms="139247" started-at="2024-08-09T15:32:59Z" finished-at="2024-08-09T15:35:18Z">
          <reporter-output>
          </reporter-output>
        </test-method> <!-- TS009_ATL_VerifyAllLinksUnderAttendTabTest -->
        <test-method status="PASS" signature="TS010_ATL_VerifAllLinksUnderExhibitTabTest()[pri:0, instance:PROD.AtlantaMarketSmokeTest_PROD@735f7ae5]" name="TS010_ATL_VerifAllLinksUnderExhibitTabTest" duration-ms="44705" started-at="2024-08-09T15:35:18Z" finished-at="2024-08-09T15:36:03Z">
          <reporter-output>
          </reporter-output>
        </test-method> <!-- TS010_ATL_VerifAllLinksUnderExhibitTabTest -->
        <test-method status="PASS" signature="TS011_ATL_VerifyFooterLinksTest()[pri:0, instance:PROD.AtlantaMarketSmokeTest_PROD@735f7ae5]" name="TS011_ATL_VerifyFooterLinksTest" duration-ms="179161" started-at="2024-08-09T15:36:03Z" finished-at="2024-08-09T15:39:02Z">
          <reporter-output>
          </reporter-output>
        </test-method> <!-- TS011_ATL_VerifyFooterLinksTest -->
        <test-method status="PASS" signature="tearDown()[pri:0, instance:PROD.AtlantaMarketSmokeTest_PROD@735f7ae5]" name="tearDown" is-config="true" duration-ms="1337" started-at="2024-08-09T15:39:02Z" finished-at="2024-08-09T15:39:03Z">
          <reporter-output>
          </reporter-output>
        </test-method> <!-- tearDown -->
      </class> <!-- PROD.AtlantaMarketSmokeTest_PROD -->
      <class name="PROD.AmericasMartSmokeTest_PROD">
        <test-method status="PASS" signature="initialize()[pri:0, instance:PROD.AmericasMartSmokeTest_PROD@180bc464]" name="initialize" is-config="true" duration-ms="67749" started-at="2024-08-09T15:18:25Z" finished-at="2024-08-09T15:19:33Z">
          <reporter-output>
          </reporter-output>
        </test-method> <!-- initialize -->
        <test-method status="PASS" signature="TS001_AMC_VerifyAllHeaderChanelLinksTest()[pri:0, instance:PROD.AmericasMartSmokeTest_PROD@180bc464]" name="TS001_AMC_VerifyAllHeaderChanelLinksTest" duration-ms="631120" started-at="2024-08-09T15:19:33Z" finished-at="2024-08-09T15:30:04Z">
          <reporter-output>
          </reporter-output>
        </test-method> <!-- TS001_AMC_VerifyAllHeaderChanelLinksTest -->
        <test-method status="PASS" signature="TS002_AMC_VerifyAllSocialMediaLinksOnFooterTest()[pri:0, instance:PROD.AmericasMartSmokeTest_PROD@180bc464]" name="TS002_AMC_VerifyAllSocialMediaLinksOnFooterTest" duration-ms="43629" started-at="2024-08-09T15:30:04Z" finished-at="2024-08-09T15:30:47Z">
          <reporter-output>
          </reporter-output>
        </test-method> <!-- TS002_AMC_VerifyAllSocialMediaLinksOnFooterTest -->
        <test-method status="PASS" signature="TS003_AMC_VerifyAllLinksUnderMarketsAndEventsTabTest()[pri:0, instance:PROD.AmericasMartSmokeTest_PROD@180bc464]" name="TS003_AMC_VerifyAllLinksUnderMarketsAndEventsTabTest" duration-ms="243125" started-at="2024-08-09T15:30:47Z" finished-at="2024-08-09T15:34:51Z">
          <reporter-output>
          </reporter-output>
        </test-method> <!-- TS003_AMC_VerifyAllLinksUnderMarketsAndEventsTabTest -->
        <test-method status="PASS" signature="TS004_AMC_VerifyGlobalSearchFunctionalityTest()[pri:0, instance:PROD.AmericasMartSmokeTest_PROD@180bc464]" name="TS004_AMC_VerifyGlobalSearchFunctionalityTest" duration-ms="56816" started-at="2024-08-09T15:34:51Z" finished-at="2024-08-09T15:35:47Z">
          <reporter-output>
          </reporter-output>
        </test-method> <!-- TS004_AMC_VerifyGlobalSearchFunctionalityTest -->
        <test-method status="PASS" signature="TS005_AMC_VerifyAllLinksUnderAboutTabTest()[pri:0, instance:PROD.AmericasMartSmokeTest_PROD@180bc464]" name="TS005_AMC_VerifyAllLinksUnderAboutTabTest" duration-ms="97709" started-at="2024-08-09T15:35:47Z" finished-at="2024-08-09T15:37:25Z">
          <reporter-output>
          </reporter-output>
        </test-method> <!-- TS005_AMC_VerifyAllLinksUnderAboutTabTest -->
        <test-method status="PASS" signature="TS006_AMC_VerifyAllLinksUnderExhibitTest()[pri:0, instance:PROD.AmericasMartSmokeTest_PROD@180bc464]" name="TS006_AMC_VerifyAllLinksUnderExhibitTest" duration-ms="52796" started-at="2024-08-09T15:37:25Z" finished-at="2024-08-09T15:38:18Z">
          <reporter-output>
          </reporter-output>
        </test-method> <!-- TS006_AMC_VerifyAllLinksUnderExhibitTest -->
        <test-method status="PASS" signature="TS007_AMC_VerifyAllLinksUnderOpenYearRoundTest()[pri:0, instance:PROD.AmericasMartSmokeTest_PROD@180bc464]" name="TS007_AMC_VerifyAllLinksUnderOpenYearRoundTest" duration-ms="103386" started-at="2024-08-09T15:38:18Z" finished-at="2024-08-09T15:40:01Z">
          <reporter-output>
          </reporter-output>
        </test-method> <!-- TS007_AMC_VerifyAllLinksUnderOpenYearRoundTest -->
        <test-method status="PASS" signature="TS008_AMC_VerifyExhibitorDirectoryTest()[pri:0, instance:PROD.AmericasMartSmokeTest_PROD@180bc464]" name="TS008_AMC_VerifyExhibitorDirectoryTest" duration-ms="26912" started-at="2024-08-09T15:40:01Z" finished-at="2024-08-09T15:40:28Z">
          <reporter-output>
          </reporter-output>
        </test-method> <!-- TS008_AMC_VerifyExhibitorDirectoryTest -->
        <test-method status="PASS" signature="TS009_AMC_VerifyFooterLinksTest()[pri:0, instance:PROD.AmericasMartSmokeTest_PROD@180bc464]" name="TS009_AMC_VerifyFooterLinksTest" duration-ms="106559" started-at="2024-08-09T15:40:28Z" finished-at="2024-08-09T15:42:15Z">
          <reporter-output>
          </reporter-output>
        </test-method> <!-- TS009_AMC_VerifyFooterLinksTest -->
        <test-method status="PASS" signature="tearDown()[pri:0, instance:PROD.AmericasMartSmokeTest_PROD@180bc464]" name="tearDown" is-config="true" duration-ms="1200" started-at="2024-08-09T15:42:15Z" finished-at="2024-08-09T15:42:16Z">
          <reporter-output>
          </reporter-output>
        </test-method> <!-- tearDown -->
      </class> <!-- PROD.AmericasMartSmokeTest_PROD -->
      <class name="PROD.ExhibitorPortalSmokeTest_PROD">
        <test-method status="PASS" signature="initialize()[pri:0, instance:PROD.ExhibitorPortalSmokeTest_PROD@2c6a3f77]" name="initialize" is-config="true" duration-ms="7038" started-at="2024-08-09T15:18:25Z" finished-at="2024-08-09T15:18:32Z">
          <reporter-output>
          </reporter-output>
        </test-method> <!-- initialize -->
        <test-method status="PASS" signature="TS001_EXP_VerifyExhibitorPortalLoginTest()[pri:0, instance:PROD.ExhibitorPortalSmokeTest_PROD@2c6a3f77]" name="TS001_EXP_VerifyExhibitorPortalLoginTest" duration-ms="43612" started-at="2024-08-09T15:18:32Z" finished-at="2024-08-09T15:19:16Z">
          <reporter-output>
          </reporter-output>
        </test-method> <!-- TS001_EXP_VerifyExhibitorPortalLoginTest -->
        <test-method status="PASS" signature="TS002_EXP_VerifyNotificationsTabTest()[pri:0, instance:PROD.ExhibitorPortalSmokeTest_PROD@2c6a3f77]" name="TS002_EXP_VerifyNotificationsTabTest" duration-ms="2094" started-at="2024-08-09T15:19:16Z" finished-at="2024-08-09T15:19:18Z">
          <reporter-output>
          </reporter-output>
        </test-method> <!-- TS002_EXP_VerifyNotificationsTabTest -->
        <test-method status="PASS" signature="TS008_EXP_VerifyExhibitorPortalFooterLinksTest()[pri:0, instance:PROD.ExhibitorPortalSmokeTest_PROD@2c6a3f77]" name="TS008_EXP_VerifyExhibitorPortalFooterLinksTest" duration-ms="422083" started-at="2024-08-09T15:19:18Z" finished-at="2024-08-09T15:26:20Z">
          <reporter-output>
          </reporter-output>
        </test-method> <!-- TS008_EXP_VerifyExhibitorPortalFooterLinksTest -->
        <test-method status="PASS" signature="TS005_EXP_VerifyAllLinkUnderEXPApplicationsAndLeasesTest()[pri:0, instance:PROD.ExhibitorPortalSmokeTest_PROD@2c6a3f77]" name="TS005_EXP_VerifyAllLinkUnderEXPApplicationsAndLeasesTest" duration-ms="43253" started-at="2024-08-09T15:26:20Z" finished-at="2024-08-09T15:27:03Z">
          <reporter-output>
          </reporter-output>
        </test-method> <!-- TS005_EXP_VerifyAllLinkUnderEXPApplicationsAndLeasesTest -->
        <test-method status="PASS" signature="TS006_EXP_VerifyAllLinkUnderYourDigiShowroomTest()[pri:0, instance:PROD.ExhibitorPortalSmokeTest_PROD@2c6a3f77]" name="TS006_EXP_VerifyAllLinkUnderYourDigiShowroomTest" duration-ms="61346" started-at="2024-08-09T15:27:03Z" finished-at="2024-08-09T15:28:04Z">
          <reporter-output>
          </reporter-output>
        </test-method> <!-- TS006_EXP_VerifyAllLinkUnderYourDigiShowroomTest -->
        <test-method status="PASS" signature="TS007_EXP_VerifyAllLinkUnderEXPMarketTabTest()[pri:0, instance:PROD.ExhibitorPortalSmokeTest_PROD@2c6a3f77]" name="TS007_EXP_VerifyAllLinkUnderEXPMarketTabTest" duration-ms="26841" started-at="2024-08-09T15:28:04Z" finished-at="2024-08-09T15:28:31Z">
          <reporter-output>
          </reporter-output>
        </test-method> <!-- TS007_EXP_VerifyAllLinkUnderEXPMarketTabTest -->
        <test-method status="PASS" signature="TS003_EXP_VerifySettingsTabTest()[pri:0, instance:PROD.ExhibitorPortalSmokeTest_PROD@2c6a3f77]" name="TS003_EXP_VerifySettingsTabTest" duration-ms="16667" started-at="2024-08-09T15:28:31Z" finished-at="2024-08-09T15:28:48Z">
          <reporter-output>
          </reporter-output>
        </test-method> <!-- TS003_EXP_VerifySettingsTabTest -->
        <test-method status="PASS" signature="TS004_EXP_VerifyAllLinkUnderEXPRegistrationsAndServicesTabTest()[pri:0, instance:PROD.ExhibitorPortalSmokeTest_PROD@2c6a3f77]" name="TS004_EXP_VerifyAllLinkUnderEXPRegistrationsAndServicesTabTest" duration-ms="102144" started-at="2024-08-09T15:28:48Z" finished-at="2024-08-09T15:30:30Z">
          <reporter-output>
          </reporter-output>
        </test-method> <!-- TS004_EXP_VerifyAllLinkUnderEXPRegistrationsAndServicesTabTest -->
        <test-method status="PASS" signature="tearDown()[pri:0, instance:PROD.ExhibitorPortalSmokeTest_PROD@2c6a3f77]" name="tearDown" is-config="true" duration-ms="1210" started-at="2024-08-09T15:30:30Z" finished-at="2024-08-09T15:30:31Z">
          <reporter-output>
          </reporter-output>
        </test-method> <!-- tearDown -->
      </class> <!-- PROD.ExhibitorPortalSmokeTest_PROD -->
      <class name="PROD.LasVegasAppSmokeTest_PROD">
        <test-method status="PASS" signature="initialize()[pri:0, instance:PROD.LasVegasAppSmokeTest_PROD@62043840]" name="initialize" is-config="true" duration-ms="17224" started-at="2024-08-09T15:18:25Z" finished-at="2024-08-09T15:18:42Z">
          <reporter-output>
          </reporter-output>
        </test-method> <!-- initialize -->
        <test-method status="PASS" signature="TS001_LVMApp_VerifyAllHeaderChanelLinksTest()[pri:0, instance:PROD.LasVegasAppSmokeTest_PROD@62043840]" name="TS001_LVMApp_VerifyAllHeaderChanelLinksTest" duration-ms="463387" started-at="2024-08-09T15:18:42Z" finished-at="2024-08-09T15:26:25Z">
          <reporter-output>
          </reporter-output>
        </test-method> <!-- TS001_LVMApp_VerifyAllHeaderChanelLinksTest -->
        <test-method status="PASS" signature="TS002_LVMApp_VerifyGlobalSearchFunctionalityTest()[pri:0, instance:PROD.LasVegasAppSmokeTest_PROD@62043840]" name="TS002_LVMApp_VerifyGlobalSearchFunctionalityTest" duration-ms="11618" started-at="2024-08-09T15:26:25Z" finished-at="2024-08-09T15:26:37Z">
          <reporter-output>
          </reporter-output>
        </test-method> <!-- TS002_LVMApp_VerifyGlobalSearchFunctionalityTest -->
        <test-method status="PASS" signature="TS003_LVMApp_VerifyAllLinksUnderAboutTabTest()[pri:0, instance:PROD.LasVegasAppSmokeTest_PROD@62043840]" name="TS003_LVMApp_VerifyAllLinksUnderAboutTabTest" duration-ms="17165" started-at="2024-08-09T15:26:37Z" finished-at="2024-08-09T15:26:54Z">
          <reporter-output>
          </reporter-output>
        </test-method> <!-- TS003_LVMApp_VerifyAllLinksUnderAboutTabTest -->
        <test-method status="PASS" signature="TS004_LVMApp_VerifyAllLinksUnderExhibitorsAndProductsTabTest()[pri:0, instance:PROD.LasVegasAppSmokeTest_PROD@62043840]" name="TS004_LVMApp_VerifyAllLinksUnderExhibitorsAndProductsTabTest" duration-ms="10929" started-at="2024-08-09T15:26:54Z" finished-at="2024-08-09T15:27:05Z">
          <reporter-output>
          </reporter-output>
        </test-method> <!-- TS004_LVMApp_VerifyAllLinksUnderExhibitorsAndProductsTabTest -->
        <test-method status="PASS" signature="TS005_LVMApp_VerifyAllLinksUnderAttendTabTest()[pri:0, instance:PROD.LasVegasAppSmokeTest_PROD@62043840]" name="TS005_LVMApp_VerifyAllLinksUnderAttendTabTest" duration-ms="71114" started-at="2024-08-09T15:27:05Z" finished-at="2024-08-09T15:28:16Z">
          <reporter-output>
          </reporter-output>
        </test-method> <!-- TS005_LVMApp_VerifyAllLinksUnderAttendTabTest -->
        <test-method status="PASS" signature="TS006_LVMApp_VerifyAllLinksUnderExhibitTabTest()[pri:0, instance:PROD.LasVegasAppSmokeTest_PROD@62043840]" name="TS006_LVMApp_VerifyAllLinksUnderExhibitTabTest" duration-ms="59859" started-at="2024-08-09T15:28:16Z" finished-at="2024-08-09T15:29:16Z">
          <reporter-output>
          </reporter-output>
        </test-method> <!-- TS006_LVMApp_VerifyAllLinksUnderExhibitTabTest -->
        <test-method status="PASS" signature="TS007_LVMApp_VerifyFooterLinksTest()[pri:0, instance:PROD.LasVegasAppSmokeTest_PROD@62043840]" name="TS007_LVMApp_VerifyFooterLinksTest" duration-ms="137344" started-at="2024-08-09T15:29:16Z" finished-at="2024-08-09T15:31:34Z">
          <reporter-output>
          </reporter-output>
        </test-method> <!-- TS007_LVMApp_VerifyFooterLinksTest -->
        <test-method status="PASS" signature="TS008_LVMApp_VerifySocialMediaLinksTest()[pri:0, instance:PROD.LasVegasAppSmokeTest_PROD@62043840]" name="TS008_LVMApp_VerifySocialMediaLinksTest" duration-ms="6604" started-at="2024-08-09T15:31:34Z" finished-at="2024-08-09T15:31:40Z">
          <reporter-output>
          </reporter-output>
        </test-method> <!-- TS008_LVMApp_VerifySocialMediaLinksTest -->
        <test-method status="PASS" signature="tearDown()[pri:0, instance:PROD.LasVegasAppSmokeTest_PROD@62043840]" name="tearDown" is-config="true" duration-ms="1294" started-at="2024-08-09T15:31:40Z" finished-at="2024-08-09T15:31:41Z">
          <reporter-output>
          </reporter-output>
        </test-method> <!-- tearDown -->
      </class> <!-- PROD.LasVegasAppSmokeTest_PROD -->
      <class name="PROD.SitecoreSmokeTest_PROD">
        <test-method status="PASS" signature="initialize()[pri:0, instance:PROD.SitecoreSmokeTest_PROD@246ae04d]" name="initialize" is-config="true" duration-ms="6359" started-at="2024-08-09T15:18:25Z" finished-at="2024-08-09T15:18:31Z">
          <reporter-output>
          </reporter-output>
        </test-method> <!-- initialize -->
        <test-method status="PASS" signature="TS001_SC_VerifySitecoreLoginTest()[pri:0, instance:PROD.SitecoreSmokeTest_PROD@246ae04d]" name="TS001_SC_VerifySitecoreLoginTest" duration-ms="21364" started-at="2024-08-09T15:18:31Z" finished-at="2024-08-09T15:18:53Z">
          <reporter-output>
          </reporter-output>
        </test-method> <!-- TS001_SC_VerifySitecoreLoginTest -->
        <test-method status="PASS" signature="TS002_SC_VerifyContentEditorTest()[pri:0, instance:PROD.SitecoreSmokeTest_PROD@246ae04d]" name="TS002_SC_VerifyContentEditorTest" duration-ms="8267" started-at="2024-08-09T15:18:53Z" finished-at="2024-08-09T15:19:01Z">
          <reporter-output>
          </reporter-output>
        </test-method> <!-- TS002_SC_VerifyContentEditorTest -->
        <test-method status="PASS" signature="TS003_SC_VerifyControlPanelTest()[pri:0, instance:PROD.SitecoreSmokeTest_PROD@246ae04d]" name="TS003_SC_VerifyControlPanelTest" duration-ms="10186" started-at="2024-08-09T15:19:01Z" finished-at="2024-08-09T15:19:11Z">
          <reporter-output>
          </reporter-output>
        </test-method> <!-- TS003_SC_VerifyControlPanelTest -->
        <test-method status="PASS" signature="TS004_SC_VerifyShowSpecialApprovalsTest()[pri:0, instance:PROD.SitecoreSmokeTest_PROD@246ae04d]" name="TS004_SC_VerifyShowSpecialApprovalsTest" duration-ms="7591" started-at="2024-08-09T15:19:11Z" finished-at="2024-08-09T15:19:19Z">
          <reporter-output>
          </reporter-output>
        </test-method> <!-- TS004_SC_VerifyShowSpecialApprovalsTest -->
        <test-method status="PASS" signature="TS006_SC_VerifyIMCReportsTest()[pri:0, instance:PROD.SitecoreSmokeTest_PROD@246ae04d]" name="TS006_SC_VerifyIMCReportsTest" duration-ms="7617" started-at="2024-08-09T15:19:19Z" finished-at="2024-08-09T15:19:26Z">
          <reporter-output>
          </reporter-output>
        </test-method> <!-- TS006_SC_VerifyIMCReportsTest -->
        <test-method status="PASS" signature="TS007_SC_VerifyTaxonomyManagerTest()[pri:0, instance:PROD.SitecoreSmokeTest_PROD@246ae04d]" name="TS007_SC_VerifyTaxonomyManagerTest" duration-ms="7691" started-at="2024-08-09T15:19:26Z" finished-at="2024-08-09T15:19:34Z">
          <reporter-output>
          </reporter-output>
        </test-method> <!-- TS007_SC_VerifyTaxonomyManagerTest -->
        <test-method status="PASS" signature="TS008_SC_VerifyExhibitorEventsApprovalTest()[pri:0, instance:PROD.SitecoreSmokeTest_PROD@246ae04d]" name="TS008_SC_VerifyExhibitorEventsApprovalTest" duration-ms="6761" started-at="2024-08-09T15:19:34Z" finished-at="2024-08-09T15:19:41Z">
          <reporter-output>
          </reporter-output>
        </test-method> <!-- TS008_SC_VerifyExhibitorEventsApprovalTest -->
        <test-method status="PASS" signature="TS009_SC_VerifyDigitalAdminPanelTest()[pri:0, instance:PROD.SitecoreSmokeTest_PROD@246ae04d]" name="TS009_SC_VerifyDigitalAdminPanelTest" duration-ms="8247" started-at="2024-08-09T15:19:41Z" finished-at="2024-08-09T15:19:49Z">
          <reporter-output>
          </reporter-output>
        </test-method> <!-- TS009_SC_VerifyDigitalAdminPanelTest -->
        <test-method status="PASS" signature="tearDown()[pri:0, instance:PROD.SitecoreSmokeTest_PROD@246ae04d]" name="tearDown" is-config="true" duration-ms="832" started-at="2024-08-09T15:19:49Z" finished-at="2024-08-09T15:19:50Z">
          <reporter-output>
          </reporter-output>
        </test-method> <!-- tearDown -->
      </class> <!-- PROD.SitecoreSmokeTest_PROD -->
    </test> <!-- Parallel Test -->
  </suite> <!-- SmokeTestSuite -->
</testng-results>
