<?xml version="1.0" encoding="UTF-8"?>
<testng-results skipped="0" failed="0" total="1" passed="1">
  <reporter-output>
  </reporter-output>
  <suite name="SmokeTestSuite" duration-ms="236169" started-at="2023-09-04T11:45:22Z" finished-at="2023-09-04T11:49:18Z">
    <groups>
    </groups>
    <test name="SequencialTest" duration-ms="236169" started-at="2023-09-04T11:45:22Z" finished-at="2023-09-04T11:49:18Z">
      <class name="PROD.LasVegasAppSmokeTest_PROD">
        <test-method status="PASS" signature="initialize()[pri:0, instance:PROD.LasVegasAppSmokeTest_PROD@14bf9759]" name="initialize" is-config="true" duration-ms="13819" started-at="2023-09-04T17:15:22Z" finished-at="2023-09-04T17:15:36Z">
          <reporter-output>
          </reporter-output>
        </test-method> <!-- initialize -->
        <test-method status="PASS" signature="TS008_LVMApp_VerifyFooterLinksTest()[pri:0, instance:PROD.LasVegasAppSmokeTest_PROD@14bf9759]" name="TS008_LVMApp_VerifyFooterLinksTest" duration-ms="221370" started-at="2023-09-04T17:15:36Z" finished-at="2023-09-04T17:19:17Z">
          <reporter-output>
          </reporter-output>
        </test-method> <!-- TS008_LVMApp_VerifyFooterLinksTest -->
        <test-method status="PASS" signature="tearDown()[pri:0, instance:PROD.LasVegasAppSmokeTest_PROD@14bf9759]" name="tearDown" is-config="true" duration-ms="963" started-at="2023-09-04T17:19:17Z" finished-at="2023-09-04T17:19:18Z">
          <reporter-output>
          </reporter-output>
        </test-method> <!-- tearDown -->
      </class> <!-- PROD.LasVegasAppSmokeTest_PROD -->
    </test> <!-- SequencialTest -->
  </suite> <!-- SmokeTestSuite -->
</testng-results>
