<?xml version="1.0" encoding="UTF-8"?>
<testng-results skipped="0" failed="0" total="2" passed="2">
  <reporter-output>
  </reporter-output>
  <suite name="SmokeTestSuite" duration-ms="266889" started-at="2023-06-12T10:32:03Z" finished-at="2023-06-12T10:36:30Z">
    <groups>
    </groups>
    <test name="SequencialTest" duration-ms="266889" started-at="2023-06-12T10:32:03Z" finished-at="2023-06-12T10:36:30Z">
      <class name="PROD.ExhibitorPortalSmokeTest_PROD">
        <test-method status="PASS" signature="initialize()[pri:0, instance:PROD.ExhibitorPortalSmokeTest_PROD@239963d8]" name="initialize" is-config="true" duration-ms="4906" started-at="2023-06-12T16:02:03Z" finished-at="2023-06-12T16:02:08Z">
          <reporter-output>
          </reporter-output>
        </test-method> <!-- initialize -->
        <test-method status="PASS" signature="TS001_EXP_VerifyExhibitorPortalLoginTest()[pri:0, instance:PROD.ExhibitorPortalSmokeTest_PROD@239963d8]" name="TS001_EXP_VerifyExhibitorPortalLoginTest" duration-ms="50385" started-at="2023-06-12T16:02:08Z" finished-at="2023-06-12T16:02:58Z">
          <reporter-output>
          </reporter-output>
        </test-method> <!-- TS001_EXP_VerifyExhibitorPortalLoginTest -->
        <test-method status="PASS" signature="TS008_EXP_VerifyExhibitorPortalFooterLinksTest()[pri:0, instance:PROD.ExhibitorPortalSmokeTest_PROD@239963d8]" name="TS008_EXP_VerifyExhibitorPortalFooterLinksTest" duration-ms="211558" started-at="2023-06-12T16:02:58Z" finished-at="2023-06-12T16:06:30Z">
          <reporter-output>
          </reporter-output>
        </test-method> <!-- TS008_EXP_VerifyExhibitorPortalFooterLinksTest -->
        <test-method status="PASS" signature="tearDown()[pri:0, instance:PROD.ExhibitorPortalSmokeTest_PROD@239963d8]" name="tearDown" is-config="true" duration-ms="1" started-at="2023-06-12T16:06:30Z" finished-at="2023-06-12T16:06:30Z">
          <reporter-output>
          </reporter-output>
        </test-method> <!-- tearDown -->
      </class> <!-- PROD.ExhibitorPortalSmokeTest_PROD -->
    </test> <!-- SequencialTest -->
  </suite> <!-- SmokeTestSuite -->
</testng-results>
