<?xml version="1.0" encoding="UTF-8"?>
<testng-results skipped="0" failed="1" total="13" passed="12">
  <reporter-output>
  </reporter-output>
  <suite name="SmokeTestSuite" duration-ms="922791" started-at="2022-08-26T07:27:52Z" finished-at="2022-08-26T07:43:14Z">
    <groups>
    </groups>
    <test name="SequencialTest" duration-ms="922791" started-at="2022-08-26T07:27:52Z" finished-at="2022-08-26T07:43:14Z">
      <class name="PROD.LagVegasMarketSmokeTest_PROD">
        <test-method status="PASS" signature="initialize()[pri:0, instance:PROD.LagVegasMarketSmokeTest_PROD@4667ae56]" name="initialize" is-config="true" duration-ms="39993" started-at="2022-08-26T12:57:52Z" finished-at="2022-08-26T12:58:32Z">
          <reporter-output>
          </reporter-output>
        </test-method> <!-- initialize -->
        <test-method status="PASS" signature="TS001_VerifyMarketPlannerLoginTest()[pri:0, instance:PROD.LagVegasMarketSmokeTest_PROD@4667ae56]" name="TS001_VerifyMarketPlannerLoginTest" duration-ms="45157" started-at="2022-08-26T12:58:32Z" finished-at="2022-08-26T12:59:17Z">
          <reporter-output>
          </reporter-output>
        </test-method> <!-- TS001_VerifyMarketPlannerLoginTest -->
        <test-method status="PASS" signature="TS002_VerifAllLinksUnderExhibitTabTest()[pri:0, instance:PROD.LagVegasMarketSmokeTest_PROD@4667ae56]" name="TS002_VerifAllLinksUnderExhibitTabTest" duration-ms="35649" started-at="2022-08-26T12:59:17Z" finished-at="2022-08-26T12:59:52Z">
          <reporter-output>
          </reporter-output>
        </test-method> <!-- TS002_VerifAllLinksUnderExhibitTabTest -->
        <test-method status="PASS" signature="TS003_VerifyMarketPlannerProfileAndSettingsOptionTest()[pri:0, instance:PROD.LagVegasMarketSmokeTest_PROD@4667ae56]" name="TS003_VerifyMarketPlannerProfileAndSettingsOptionTest" duration-ms="17488" started-at="2022-08-26T12:59:52Z" finished-at="2022-08-26T13:00:10Z">
          <reporter-output>
          </reporter-output>
        </test-method> <!-- TS003_VerifyMarketPlannerProfileAndSettingsOptionTest -->
        <test-method status="PASS" signature="TS004_VerifyAllLinksUnderExhibitorsAndProductsTabTest()[pri:0, instance:PROD.LagVegasMarketSmokeTest_PROD@4667ae56]" name="TS004_VerifyAllLinksUnderExhibitorsAndProductsTabTest" duration-ms="111746" started-at="2022-08-26T13:00:10Z" finished-at="2022-08-26T13:02:02Z">
          <reporter-output>
          </reporter-output>
        </test-method> <!-- TS004_VerifyAllLinksUnderExhibitorsAndProductsTabTest -->
        <test-method status="PASS" signature="TS005_VerifyAllLinksUnderMarketInfoTabTest()[pri:0, instance:PROD.LagVegasMarketSmokeTest_PROD@4667ae56]" name="TS005_VerifyAllLinksUnderMarketInfoTabTest" duration-ms="97237" started-at="2022-08-26T13:02:02Z" finished-at="2022-08-26T13:03:39Z">
          <reporter-output>
          </reporter-output>
        </test-method> <!-- TS005_VerifyAllLinksUnderMarketInfoTabTest -->
        <test-method status="PASS" signature="TS006_VerifyHeaderChannelLinksTest()[pri:0, instance:PROD.LagVegasMarketSmokeTest_PROD@4667ae56]" name="TS006_VerifyHeaderChannelLinksTest" duration-ms="86509" started-at="2022-08-26T13:03:39Z" finished-at="2022-08-26T13:05:05Z">
          <reporter-output>
          </reporter-output>
        </test-method> <!-- TS006_VerifyHeaderChannelLinksTest -->
        <test-method status="PASS" signature="TS007_VerifyAllLinksUnderAttendTabTest()[pri:0, instance:PROD.LagVegasMarketSmokeTest_PROD@4667ae56]" name="TS007_VerifyAllLinksUnderAttendTabTest" duration-ms="155100" started-at="2022-08-26T13:05:05Z" finished-at="2022-08-26T13:07:41Z">
          <reporter-output>
          </reporter-output>
        </test-method> <!-- TS007_VerifyAllLinksUnderAttendTabTest -->
        <test-method status="PASS" signature="TS008_VerifyFooterLinksTest()[pri:0, instance:PROD.LagVegasMarketSmokeTest_PROD@4667ae56]" name="TS008_VerifyFooterLinksTest" duration-ms="247313" started-at="2022-08-26T13:07:41Z" finished-at="2022-08-26T13:11:48Z">
          <reporter-output>
          </reporter-output>
        </test-method> <!-- TS008_VerifyFooterLinksTest -->
        <test-method status="PASS" signature="TS009_VerifyExhibitorDirectoryTest()[pri:0, instance:PROD.LagVegasMarketSmokeTest_PROD@4667ae56]" name="TS009_VerifyExhibitorDirectoryTest" duration-ms="12467" started-at="2022-08-26T13:11:48Z" finished-at="2022-08-26T13:12:00Z">
          <reporter-output>
          </reporter-output>
        </test-method> <!-- TS009_VerifyExhibitorDirectoryTest -->
        <test-method status="PASS" signature="TS010_VerifyGlobalSearchFunctionalityTest()[pri:0, instance:PROD.LagVegasMarketSmokeTest_PROD@4667ae56]" name="TS010_VerifyGlobalSearchFunctionalityTest" duration-ms="7225" started-at="2022-08-26T13:12:00Z" finished-at="2022-08-26T13:12:08Z">
          <reporter-output>
          </reporter-output>
        </test-method> <!-- TS010_VerifyGlobalSearchFunctionalityTest -->
        <test-method status="PASS" signature="TS012_VerifyAllSocialMediaLinksOnFooterTest()[pri:0, instance:PROD.LagVegasMarketSmokeTest_PROD@4667ae56]" name="TS012_VerifyAllSocialMediaLinksOnFooterTest" duration-ms="8190" started-at="2022-08-26T13:12:08Z" finished-at="2022-08-26T13:12:16Z">
          <reporter-output>
          </reporter-output>
        </test-method> <!-- TS012_VerifyAllSocialMediaLinksOnFooterTest -->
        <test-method status="PASS" signature="TS011_VerifyAllLinksUnderYearRoundTabTest()[pri:0, instance:PROD.LagVegasMarketSmokeTest_PROD@4667ae56]" name="TS011_VerifyAllLinksUnderYearRoundTabTest" duration-ms="38787" started-at="2022-08-26T13:12:16Z" finished-at="2022-08-26T13:12:55Z">
          <reporter-output>
          </reporter-output>
        </test-method> <!-- TS011_VerifyAllLinksUnderYearRoundTabTest -->
        <test-method status="FAIL" signature="TS013_VerifyAllLinksUnderExploreMarketTabTest()[pri:0, instance:PROD.LagVegasMarketSmokeTest_PROD@4667ae56]" name="TS013_VerifyAllLinksUnderExploreMarketTabTest" duration-ms="19748" started-at="2022-08-26T13:12:55Z" finished-at="2022-08-26T13:13:14Z">
          <exception class="org.openqa.selenium.WebDriverException">
            <message>
              <![CDATA[element click intercepted: Element <a href="/" class="imc-navigation__tier1Link" aria-expanded="false" aria-controls="navigation-tier2-" data-xpath="navigation.tier1Link" target="_self">...</a> is not clickable at point (608, 161). Other element would receive the click: <div class="genericModal--popup">...</div>
  (Session info: chrome=104.0.5112.102)
Build info: version: '3.4.0', revision: 'unknown', time: 'unknown'
System info: host: 'NILAMMA-W10', ip: '192.168.68.2', os.name: 'Windows 10', os.arch: 'amd64', os.version: '10.0', java.version: '1.8.0_161'
Driver info: org.openqa.selenium.chrome.ChromeDriver
Capabilities [{networkConnectionEnabled=false, chrome={chromedriverVersion=104.0.5112.79 (3cf3e8c8a07d104b9e1260c910efb8f383285dc5-refs/branch-heads/5112@{#1307}), userDataDir=C:\Users\nilamma\AppData\Local\Temp\scoped_dir16920_1060252205}, timeouts={implicit=0.0, pageLoad=300000.0, script=30000.0}, pageLoadStrategy=normal, unhandledPromptBehavior=dismiss and notify, strictFileInteractability=false, platform=ANY, proxy=Proxy(), goog:chromeOptions={debuggerAddress=localhost:50492}, webauthn:extension:credBlob=true, acceptInsecureCerts=false, browserVersion=104.0.5112.102, browserName=chrome, javascriptEnabled=true, platformName=windows, setWindowRect=true, webauthn:extension:largeBlob=true, webauthn:virtualAuthenticators=true}]
Session ID: 24e6655353f51bbc12395dbcb6ac38bb]]>
            </message>
            <full-stacktrace>
              <![CDATA[org.openqa.selenium.WebDriverException: element click intercepted: Element <a href="/" class="imc-navigation__tier1Link" aria-expanded="false" aria-controls="navigation-tier2-" data-xpath="navigation.tier1Link" target="_self">...</a> is not clickable at point (608, 161). Other element would receive the click: <div class="genericModal--popup">...</div>
  (Session info: chrome=104.0.5112.102)
Build info: version: '3.4.0', revision: 'unknown', time: 'unknown'
System info: host: 'NILAMMA-W10', ip: '192.168.68.2', os.name: 'Windows 10', os.arch: 'amd64', os.version: '10.0', java.version: '1.8.0_161'
Driver info: org.openqa.selenium.chrome.ChromeDriver
Capabilities [{networkConnectionEnabled=false, chrome={chromedriverVersion=104.0.5112.79 (3cf3e8c8a07d104b9e1260c910efb8f383285dc5-refs/branch-heads/5112@{#1307}), userDataDir=C:\Users\nilamma\AppData\Local\Temp\scoped_dir16920_1060252205}, timeouts={implicit=0.0, pageLoad=300000.0, script=30000.0}, pageLoadStrategy=normal, unhandledPromptBehavior=dismiss and notify, strictFileInteractability=false, platform=ANY, proxy=Proxy(), goog:chromeOptions={debuggerAddress=localhost:50492}, webauthn:extension:credBlob=true, acceptInsecureCerts=false, browserVersion=104.0.5112.102, browserName=chrome, javascriptEnabled=true, platformName=windows, setWindowRect=true, webauthn:extension:largeBlob=true, webauthn:virtualAuthenticators=true}]
Session ID: 24e6655353f51bbc12395dbcb6ac38bb
	at sun.reflect.NativeConstructorAccessorImpl.newInstance0(Native Method)
	at sun.reflect.NativeConstructorAccessorImpl.newInstance(Unknown Source)
	at sun.reflect.DelegatingConstructorAccessorImpl.newInstance(Unknown Source)
	at java.lang.reflect.Constructor.newInstance(Unknown Source)
	at org.openqa.selenium.remote.http.W3CHttpResponseCodec.createException(W3CHttpResponseCodec.java:150)
	at org.openqa.selenium.remote.http.W3CHttpResponseCodec.decode(W3CHttpResponseCodec.java:115)
	at org.openqa.selenium.remote.http.W3CHttpResponseCodec.decode(W3CHttpResponseCodec.java:45)
	at org.openqa.selenium.remote.HttpCommandExecutor.execute(HttpCommandExecutor.java:164)
	at org.openqa.selenium.remote.service.DriverCommandExecutor.execute(DriverCommandExecutor.java:82)
	at org.openqa.selenium.remote.RemoteWebDriver.execute(RemoteWebDriver.java:637)
	at org.openqa.selenium.remote.RemoteWebElement.execute(RemoteWebElement.java:272)
	at org.openqa.selenium.remote.RemoteWebElement.click(RemoteWebElement.java:82)
	at PROD.LagVegasMarketSmokeTest_PROD.TS013_VerifyAllLinksUnderExploreMarketTabTest(LagVegasMarketSmokeTest_PROD.java:412)
	at sun.reflect.NativeMethodAccessorImpl.invoke0(Native Method)
	at sun.reflect.NativeMethodAccessorImpl.invoke(Unknown Source)
	at sun.reflect.DelegatingMethodAccessorImpl.invoke(Unknown Source)
	at java.lang.reflect.Method.invoke(Unknown Source)
	at org.testng.internal.MethodInvocationHelper.invokeMethod(MethodInvocationHelper.java:80)
	at org.testng.internal.Invoker.invokeMethod(Invoker.java:714)
	at org.testng.internal.Invoker.invokeTestMethod(Invoker.java:901)
	at org.testng.internal.Invoker.invokeTestMethods(Invoker.java:1231)
	at org.testng.internal.TestMethodWorker.invokeTestMethods(TestMethodWorker.java:127)
	at org.testng.internal.TestMethodWorker.run(TestMethodWorker.java:111)
	at org.testng.TestRunner.privateRun(TestRunner.java:767)
	at org.testng.TestRunner.run(TestRunner.java:617)
	at org.testng.SuiteRunner.runTest(SuiteRunner.java:334)
	at org.testng.SuiteRunner.runSequentially(SuiteRunner.java:329)
	at org.testng.SuiteRunner.privateRun(SuiteRunner.java:291)
	at org.testng.SuiteRunner.run(SuiteRunner.java:240)
	at org.testng.SuiteRunnerWorker.runSuite(SuiteRunnerWorker.java:52)
	at org.testng.SuiteRunnerWorker.run(SuiteRunnerWorker.java:86)
	at org.testng.TestNG.runSuitesSequentially(TestNG.java:1198)
	at org.testng.TestNG.runSuitesLocally(TestNG.java:1123)
	at org.testng.TestNG.run(TestNG.java:1031)
	at org.testng.remote.AbstractRemoteTestNG.run(AbstractRemoteTestNG.java:132)
	at org.testng.remote.RemoteTestNG.initAndRun(RemoteTestNG.java:236)
	at org.testng.remote.RemoteTestNG.main(RemoteTestNG.java:81)
]]>
            </full-stacktrace>
          </exception> <!-- org.openqa.selenium.WebDriverException -->
          <reporter-output>
          </reporter-output>
        </test-method> <!-- TS013_VerifyAllLinksUnderExploreMarketTabTest -->
      </class> <!-- PROD.LagVegasMarketSmokeTest_PROD -->
    </test> <!-- SequencialTest -->
  </suite> <!-- SmokeTestSuite -->
</testng-results>
