<?xml version="1.0" encoding="UTF-8"?>
<testng-results skipped="0" failed="0" total="1" passed="1">
  <reporter-output>
  </reporter-output>
  <suite name="SmokeTestSuite" duration-ms="178404" started-at="2023-05-10T11:16:27Z" finished-at="2023-05-10T11:19:25Z">
    <groups>
    </groups>
    <test name="SequencialTest" duration-ms="178404" started-at="2023-05-10T11:16:27Z" finished-at="2023-05-10T11:19:25Z">
      <class name="PROD.AmericasMartSmokeTest_PROD">
        <test-method status="PASS" signature="initialize()[pri:0, instance:PROD.AmericasMartSmokeTest_PROD@6eebc39e]" name="initialize" is-config="true" duration-ms="32215" started-at="2023-05-10T16:46:27Z" finished-at="2023-05-10T16:46:59Z">
          <reporter-output>
          </reporter-output>
        </test-method> <!-- initialize -->
        <test-method status="PASS" signature="TS012_AMC_VerifyFooterLinksTest()[pri:0, instance:PROD.AmericasMartSmokeTest_PROD@6eebc39e]" name="TS012_AMC_VerifyFooterLinksTest" duration-ms="146154" started-at="2023-05-10T16:46:59Z" finished-at="2023-05-10T16:49:25Z">
          <reporter-output>
          </reporter-output>
        </test-method> <!-- TS012_AMC_VerifyFooterLinksTest -->
        <test-method status="PASS" signature="tearDown()[pri:0, instance:PROD.AmericasMartSmokeTest_PROD@6eebc39e]" name="tearDown" is-config="true" duration-ms="0" started-at="2023-05-10T16:49:25Z" finished-at="2023-05-10T16:49:25Z">
          <reporter-output>
          </reporter-output>
        </test-method> <!-- tearDown -->
      </class> <!-- PROD.AmericasMartSmokeTest_PROD -->
    </test> <!-- SequencialTest -->
  </suite> <!-- SmokeTestSuite -->
</testng-results>
