<?xml version="1.0" encoding="UTF-8"?>
<testng-results skipped="0" failed="0" total="8" passed="8">
  <reporter-output>
  </reporter-output>
  <suite name="SmokeTestSuite" duration-ms="547695" started-at="2023-10-09T09:03:09Z" finished-at="2023-10-09T09:12:17Z">
    <groups>
    </groups>
    <test name="SequencialTest" duration-ms="547695" started-at="2023-10-09T09:03:09Z" finished-at="2023-10-09T09:12:17Z">
      <class name="PROD.ExhibitorPortalSmokeTest_PROD">
        <test-method status="PASS" signature="initialize()[pri:0, instance:PROD.ExhibitorPortalSmokeTest_PROD@e25b2fe]" name="initialize" is-config="true" duration-ms="4976" started-at="2023-10-09T14:33:09Z" finished-at="2023-10-09T14:33:14Z">
          <reporter-output>
          </reporter-output>
        </test-method> <!-- initialize -->
        <test-method status="PASS" signature="TS001_EXP_VerifyExhibitorPortalLoginTest()[pri:0, instance:PROD.ExhibitorPortalSmokeTest_PROD@e25b2fe]" name="TS001_EXP_VerifyExhibitorPortalLoginTest" duration-ms="46244" started-at="2023-10-09T14:33:14Z" finished-at="2023-10-09T14:34:01Z">
          <reporter-output>
          </reporter-output>
        </test-method> <!-- TS001_EXP_VerifyExhibitorPortalLoginTest -->
        <test-method status="PASS" signature="TS002_EXP_VerifyNotificationsTabTest()[pri:0, instance:PROD.ExhibitorPortalSmokeTest_PROD@e25b2fe]" name="TS002_EXP_VerifyNotificationsTabTest" duration-ms="2758" started-at="2023-10-09T14:34:01Z" finished-at="2023-10-09T14:34:03Z">
          <reporter-output>
          </reporter-output>
        </test-method> <!-- TS002_EXP_VerifyNotificationsTabTest -->
        <test-method status="PASS" signature="TS008_EXP_VerifyExhibitorPortalFooterLinksTest()[pri:0, instance:PROD.ExhibitorPortalSmokeTest_PROD@e25b2fe]" name="TS008_EXP_VerifyExhibitorPortalFooterLinksTest" duration-ms="262832" started-at="2023-10-09T14:34:03Z" finished-at="2023-10-09T14:38:26Z">
          <reporter-output>
          </reporter-output>
        </test-method> <!-- TS008_EXP_VerifyExhibitorPortalFooterLinksTest -->
        <test-method status="PASS" signature="TS005_EXP_VerifyAllLinkUnderEXPApplicationsAndLeasesTest()[pri:0, instance:PROD.ExhibitorPortalSmokeTest_PROD@e25b2fe]" name="TS005_EXP_VerifyAllLinkUnderEXPApplicationsAndLeasesTest" duration-ms="74206" started-at="2023-10-09T14:38:26Z" finished-at="2023-10-09T14:39:40Z">
          <reporter-output>
          </reporter-output>
        </test-method> <!-- TS005_EXP_VerifyAllLinkUnderEXPApplicationsAndLeasesTest -->
        <test-method status="PASS" signature="TS006_EXP_VerifyAllLinkUnderYourDigiShowroomTest()[pri:0, instance:PROD.ExhibitorPortalSmokeTest_PROD@e25b2fe]" name="TS006_EXP_VerifyAllLinkUnderYourDigiShowroomTest" duration-ms="60024" started-at="2023-10-09T14:39:40Z" finished-at="2023-10-09T14:40:41Z">
          <reporter-output>
          </reporter-output>
        </test-method> <!-- TS006_EXP_VerifyAllLinkUnderYourDigiShowroomTest -->
        <test-method status="PASS" signature="TS007_EXP_VerifyAllLinkUnderEXPMarketTabTest()[pri:0, instance:PROD.ExhibitorPortalSmokeTest_PROD@e25b2fe]" name="TS007_EXP_VerifyAllLinkUnderEXPMarketTabTest" duration-ms="25438" started-at="2023-10-09T14:40:41Z" finished-at="2023-10-09T14:41:06Z">
          <reporter-output>
          </reporter-output>
        </test-method> <!-- TS007_EXP_VerifyAllLinkUnderEXPMarketTabTest -->
        <test-method status="PASS" signature="TS003_EXP_VerifySettingsTabTest()[pri:0, instance:PROD.ExhibitorPortalSmokeTest_PROD@e25b2fe]" name="TS003_EXP_VerifySettingsTabTest" duration-ms="17555" started-at="2023-10-09T14:41:06Z" finished-at="2023-10-09T14:41:24Z">
          <reporter-output>
          </reporter-output>
        </test-method> <!-- TS003_EXP_VerifySettingsTabTest -->
        <test-method status="PASS" signature="TS004_EXP_VerifyAllLinkUnderEXPRegistrationsAndServicesTabTest()[pri:0, instance:PROD.ExhibitorPortalSmokeTest_PROD@e25b2fe]" name="TS004_EXP_VerifyAllLinkUnderEXPRegistrationsAndServicesTabTest" duration-ms="51254" started-at="2023-10-09T14:41:24Z" finished-at="2023-10-09T14:42:15Z">
          <reporter-output>
          </reporter-output>
        </test-method> <!-- TS004_EXP_VerifyAllLinkUnderEXPRegistrationsAndServicesTabTest -->
        <test-method status="PASS" signature="tearDown()[pri:0, instance:PROD.ExhibitorPortalSmokeTest_PROD@e25b2fe]" name="tearDown" is-config="true" duration-ms="2359" started-at="2023-10-09T14:42:15Z" finished-at="2023-10-09T14:42:17Z">
          <reporter-output>
          </reporter-output>
        </test-method> <!-- tearDown -->
      </class> <!-- PROD.ExhibitorPortalSmokeTest_PROD -->
    </test> <!-- SequencialTest -->
  </suite> <!-- SmokeTestSuite -->
</testng-results>
