<?xml version="1.0" encoding="UTF-8"?>
<testng-results skipped="0" failed="0" total="13" passed="13">
  <reporter-output>
  </reporter-output>
  <suite name="AtlApp_SmokeTestSuite" duration-ms="1152714" started-at="2022-03-28T10:46:56Z" finished-at="2022-03-28T11:06:09Z">
    <groups>
    </groups>
    <test name="Test" duration-ms="1152714" started-at="2022-03-28T10:46:56Z" finished-at="2022-03-28T11:06:09Z">
      <class name="atlantaapparel.AtlantaAppSmokeTest_PROD">
        <test-method status="PASS" signature="initialize()[pri:0, instance:atlantaapparel.AtlantaAppSmokeTest_PROD@5b275dab]" name="initialize" is-config="true" duration-ms="45165" started-at="2022-03-28T16:16:56Z" finished-at="2022-03-28T16:17:41Z">
          <reporter-output>
          </reporter-output>
        </test-method> <!-- initialize -->
        <test-method status="PASS" signature="TS001_VerifyMarketPlannerLoginTest()[pri:0, instance:atlantaapparel.AtlantaAppSmokeTest_PROD@5b275dab]" name="TS001_VerifyMarketPlannerLoginTest" duration-ms="26463" started-at="2022-03-28T16:17:41Z" finished-at="2022-03-28T16:18:08Z">
          <reporter-output>
          </reporter-output>
        </test-method> <!-- TS001_VerifyMarketPlannerLoginTest -->
        <test-method status="PASS" signature="TS002_VerifyMarketPlannerProfileOptionTest()[pri:0, instance:atlantaapparel.AtlantaAppSmokeTest_PROD@5b275dab]" name="TS002_VerifyMarketPlannerProfileOptionTest" duration-ms="25127" started-at="2022-03-28T16:18:08Z" finished-at="2022-03-28T16:18:33Z">
          <reporter-output>
          </reporter-output>
        </test-method> <!-- TS002_VerifyMarketPlannerProfileOptionTest -->
        <test-method status="PASS" signature="TS003_VerifyMarketPlannerExhibitorPortalOptionTest()[pri:0, instance:atlantaapparel.AtlantaAppSmokeTest_PROD@5b275dab]" name="TS003_VerifyMarketPlannerExhibitorPortalOptionTest" duration-ms="30556" started-at="2022-03-28T16:18:33Z" finished-at="2022-03-28T16:19:04Z">
          <reporter-output>
          </reporter-output>
        </test-method> <!-- TS003_VerifyMarketPlannerExhibitorPortalOptionTest -->
        <test-method status="PASS" signature="TS004_VerifyGlobalSearchFunctionalityTest()[pri:0, instance:atlantaapparel.AtlantaAppSmokeTest_PROD@5b275dab]" name="TS004_VerifyGlobalSearchFunctionalityTest" duration-ms="39704" started-at="2022-03-28T16:19:04Z" finished-at="2022-03-28T16:19:43Z">
          <reporter-output>
          </reporter-output>
        </test-method> <!-- TS004_VerifyGlobalSearchFunctionalityTest -->
        <test-method status="PASS" signature="TS005_VerifyExhibitorDirectoryTest()[pri:0, instance:atlantaapparel.AtlantaAppSmokeTest_PROD@5b275dab]" name="TS005_VerifyExhibitorDirectoryTest" duration-ms="78609" started-at="2022-03-28T16:19:43Z" finished-at="2022-03-28T16:21:02Z">
          <reporter-output>
          </reporter-output>
        </test-method> <!-- TS005_VerifyExhibitorDirectoryTest -->
        <test-method status="PASS" signature="TS006_VerifyAllLinksUnderMarketsTabTest()[pri:0, instance:atlantaapparel.AtlantaAppSmokeTest_PROD@5b275dab]" name="TS006_VerifyAllLinksUnderMarketsTabTest" duration-ms="163899" started-at="2022-03-28T16:21:02Z" finished-at="2022-03-28T16:23:46Z">
          <reporter-output>
          </reporter-output>
        </test-method> <!-- TS006_VerifyAllLinksUnderMarketsTabTest -->
        <test-method status="PASS" signature="TS007_VerifyAllLinksUnderExhibitorsAndBrandsTabTest()[pri:0, instance:atlantaapparel.AtlantaAppSmokeTest_PROD@5b275dab]" name="TS007_VerifyAllLinksUnderExhibitorsAndBrandsTabTest" duration-ms="28490" started-at="2022-03-28T16:23:46Z" finished-at="2022-03-28T16:24:14Z">
          <reporter-output>
          </reporter-output>
        </test-method> <!-- TS007_VerifyAllLinksUnderExhibitorsAndBrandsTabTest -->
        <test-method status="PASS" signature="TS008_VerifyAllLinksUnderAttendTabTest()[pri:0, instance:atlantaapparel.AtlantaAppSmokeTest_PROD@5b275dab]" name="TS008_VerifyAllLinksUnderAttendTabTest" duration-ms="183736" started-at="2022-03-28T16:24:14Z" finished-at="2022-03-28T16:27:18Z">
          <reporter-output>
          </reporter-output>
        </test-method> <!-- TS008_VerifyAllLinksUnderAttendTabTest -->
        <test-method status="PASS" signature="TS009_VerifyAllLinksUnderFashionGalleryTabTest()[pri:0, instance:atlantaapparel.AtlantaAppSmokeTest_PROD@5b275dab]" name="TS009_VerifyAllLinksUnderFashionGalleryTabTest" duration-ms="116042" started-at="2022-03-28T16:27:18Z" finished-at="2022-03-28T16:29:14Z">
          <reporter-output>
          </reporter-output>
        </test-method> <!-- TS009_VerifyAllLinksUnderFashionGalleryTabTest -->
        <test-method status="PASS" signature="TS010_VerifyAllLinksUnderExhibitTabTest()[pri:0, instance:atlantaapparel.AtlantaAppSmokeTest_PROD@5b275dab]" name="TS010_VerifyAllLinksUnderExhibitTabTest" duration-ms="155087" started-at="2022-03-28T16:29:14Z" finished-at="2022-03-28T16:31:49Z">
          <reporter-output>
          </reporter-output>
        </test-method> <!-- TS010_VerifyAllLinksUnderExhibitTabTest -->
        <test-method status="PASS" signature="TS011_VerifyAllLinksUnderYearRoundTabTest()[pri:0, instance:atlantaapparel.AtlantaAppSmokeTest_PROD@5b275dab]" name="TS011_VerifyAllLinksUnderYearRoundTabTest" duration-ms="42100" started-at="2022-03-28T16:31:49Z" finished-at="2022-03-28T16:32:31Z">
          <reporter-output>
          </reporter-output>
        </test-method> <!-- TS011_VerifyAllLinksUnderYearRoundTabTest -->
        <test-method status="PASS" signature="TS012_VerifyFooterLinksTest()[pri:0, instance:atlantaapparel.AtlantaAppSmokeTest_PROD@5b275dab]" name="TS012_VerifyFooterLinksTest" duration-ms="202995" started-at="2022-03-28T16:32:31Z" finished-at="2022-03-28T16:35:54Z">
          <reporter-output>
          </reporter-output>
        </test-method> <!-- TS012_VerifyFooterLinksTest -->
        <test-method status="PASS" signature="TS013_VerifySocialMediaLinksTest()[pri:0, instance:atlantaapparel.AtlantaAppSmokeTest_PROD@5b275dab]" name="TS013_VerifySocialMediaLinksTest" duration-ms="14667" started-at="2022-03-28T16:35:54Z" finished-at="2022-03-28T16:36:09Z">
          <reporter-output>
          </reporter-output>
        </test-method> <!-- TS013_VerifySocialMediaLinksTest -->
      </class> <!-- atlantaapparel.AtlantaAppSmokeTest_PROD -->
    </test> <!-- Test -->
  </suite> <!-- AtlApp_SmokeTestSuite -->
</testng-results>
