<?xml version="1.0" encoding="UTF-8"?>
<testng-results ignored="1" total="9" passed="8" failed="0" skipped="0">
  <reporter-output>
  </reporter-output>
  <suite started-at="2024-11-11T11:45:04 IST" name="Default suite" finished-at="2024-11-11T11:47:27 IST" duration-ms="142899">
    <groups>
    </groups>
    <test started-at="2024-11-11T11:45:04 IST" name="Default test" finished-at="2024-11-11T11:47:27 IST" duration-ms="142899">
      <class name="PROD.SitecoreSmokeTest_PROD">
        <test-method is-config="true" signature="initialize()[pri:0, instance:PROD.SitecoreSmokeTest_PROD@5e600dd5]" started-at="2024-11-11T11:45:04 IST" name="initialize" finished-at="2024-11-11T11:45:08 IST" duration-ms="3754" status="PASS">
          <reporter-output>
          </reporter-output>
        </test-method> <!-- initialize -->
        <test-method signature="TS001_SC_VerifySitecoreLoginTest()[pri:1, instance:PROD.SitecoreSmokeTest_PROD@5e600dd5]" started-at="2024-11-11T11:45:08 IST" name="TS001_SC_VerifySitecoreLoginTest" finished-at="2024-11-11T11:45:51 IST" duration-ms="42925" status="PASS">
          <reporter-output>
          </reporter-output>
        </test-method> <!-- TS001_SC_VerifySitecoreLoginTest -->
        <test-method signature="TS002_SC_VerifyContentEditorTest()[pri:2, instance:PROD.SitecoreSmokeTest_PROD@5e600dd5]" started-at="2024-11-11T11:45:51 IST" name="TS002_SC_VerifyContentEditorTest" finished-at="2024-11-11T11:46:11 IST" duration-ms="19432" status="PASS">
          <reporter-output>
          </reporter-output>
        </test-method> <!-- TS002_SC_VerifyContentEditorTest -->
        <test-method signature="TS003_SC_VerifyControlPanelTest()[pri:3, instance:PROD.SitecoreSmokeTest_PROD@5e600dd5]" started-at="2024-11-11T11:46:11 IST" name="TS003_SC_VerifyControlPanelTest" finished-at="2024-11-11T11:46:23 IST" duration-ms="12751" status="PASS">
          <reporter-output>
          </reporter-output>
        </test-method> <!-- TS003_SC_VerifyControlPanelTest -->
        <test-method signature="TS004_SC_VerifyShowSpecialApprovalsTest()[pri:4, instance:PROD.SitecoreSmokeTest_PROD@5e600dd5]" started-at="2024-11-11T11:46:23 IST" name="TS004_SC_VerifyShowSpecialApprovalsTest" finished-at="2024-11-11T11:46:36 IST" duration-ms="12393" status="PASS">
          <reporter-output>
          </reporter-output>
        </test-method> <!-- TS004_SC_VerifyShowSpecialApprovalsTest -->
        <test-method signature="TS006_SC_VerifyIMCReportsTest()[pri:6, instance:PROD.SitecoreSmokeTest_PROD@5e600dd5]" started-at="2024-11-11T11:46:36 IST" name="TS006_SC_VerifyIMCReportsTest" finished-at="2024-11-11T11:46:50 IST" duration-ms="14197" status="PASS">
          <reporter-output>
          </reporter-output>
        </test-method> <!-- TS006_SC_VerifyIMCReportsTest -->
        <test-method signature="TS007_SC_VerifyTaxonomyManagerTest()[pri:7, instance:PROD.SitecoreSmokeTest_PROD@5e600dd5]" started-at="2024-11-11T11:46:50 IST" name="TS007_SC_VerifyTaxonomyManagerTest" finished-at="2024-11-11T11:47:05 IST" duration-ms="15240" status="PASS">
          <reporter-output>
          </reporter-output>
        </test-method> <!-- TS007_SC_VerifyTaxonomyManagerTest -->
        <test-method signature="TS008_SC_VerifyExhibitorEventsApprovalTest()[pri:8, instance:PROD.SitecoreSmokeTest_PROD@5e600dd5]" started-at="2024-11-11T11:47:05 IST" name="TS008_SC_VerifyExhibitorEventsApprovalTest" finished-at="2024-11-11T11:47:16 IST" duration-ms="10312" status="PASS">
          <reporter-output>
          </reporter-output>
        </test-method> <!-- TS008_SC_VerifyExhibitorEventsApprovalTest -->
        <test-method signature="TS009_SC_VerifyDigitalAdminPanelTest()[pri:9, instance:PROD.SitecoreSmokeTest_PROD@5e600dd5]" started-at="2024-11-11T11:47:16 IST" name="TS009_SC_VerifyDigitalAdminPanelTest" finished-at="2024-11-11T11:47:27 IST" duration-ms="11323" status="PASS">
          <reporter-output>
          </reporter-output>
        </test-method> <!-- TS009_SC_VerifyDigitalAdminPanelTest -->
        <test-method is-config="true" signature="tearDown()[pri:0, instance:PROD.SitecoreSmokeTest_PROD@5e600dd5]" started-at="2024-11-11T11:47:27 IST" name="tearDown" finished-at="2024-11-11T11:47:27 IST" duration-ms="493" status="PASS">
          <reporter-output>
          </reporter-output>
        </test-method> <!-- tearDown -->
      </class> <!-- PROD.SitecoreSmokeTest_PROD -->
    </test> <!-- Default test -->
  </suite> <!-- Default suite -->
</testng-results>
