<?xml version="1.0" encoding="UTF-8"?>
<testng-results skipped="0" failed="1" total="8" passed="7">
  <reporter-output>
  </reporter-output>
  <suite name="EXP_SmokeTestSuite" duration-ms="296169" started-at="2022-03-23T07:16:00Z" finished-at="2022-03-23T07:20:56Z">
    <groups>
    </groups>
    <test name="Test" duration-ms="296169" started-at="2022-03-23T07:16:00Z" finished-at="2022-03-23T07:20:56Z">
      <class name="exhibitorportal.ExhibitorPortalSmokeTest_PROD">
        <test-method status="PASS" signature="initialize()[pri:0, instance:exhibitorportal.ExhibitorPortalSmokeTest_PROD@5b275dab]" name="initialize" is-config="true" duration-ms="9611" started-at="2022-03-23T12:46:00Z" finished-at="2022-03-23T12:46:09Z">
          <reporter-output>
          </reporter-output>
        </test-method> <!-- initialize -->
        <test-method status="PASS" signature="TS001_VerifyExhibitorPortalLoginTest()[pri:0, instance:exhibitorportal.ExhibitorPortalSmokeTest_PROD@5b275dab]" name="TS001_VerifyExhibitorPortalLoginTest" duration-ms="32506" started-at="2022-03-23T12:46:09Z" finished-at="2022-03-23T12:46:42Z">
          <reporter-output>
          </reporter-output>
        </test-method> <!-- TS001_VerifyExhibitorPortalLoginTest -->
        <test-method status="PASS" signature="TS002_VerifyNotificationsTabTest()[pri:0, instance:exhibitorportal.ExhibitorPortalSmokeTest_PROD@5b275dab]" name="TS002_VerifyNotificationsTabTest" duration-ms="4540" started-at="2022-03-23T12:46:42Z" finished-at="2022-03-23T12:46:46Z">
          <reporter-output>
          </reporter-output>
        </test-method> <!-- TS002_VerifyNotificationsTabTest -->
        <test-method status="PASS" signature="TS003_VerifySettingsTabTest()[pri:0, instance:exhibitorportal.ExhibitorPortalSmokeTest_PROD@5b275dab]" name="TS003_VerifySettingsTabTest" duration-ms="11625" started-at="2022-03-23T12:46:46Z" finished-at="2022-03-23T12:46:58Z">
          <reporter-output>
          </reporter-output>
        </test-method> <!-- TS003_VerifySettingsTabTest -->
        <test-method status="PASS" signature="TS004_VerifyAllLinkUnderEXPRegistrationsAndServicesTabTest()[pri:0, instance:exhibitorportal.ExhibitorPortalSmokeTest_PROD@5b275dab]" name="TS004_VerifyAllLinkUnderEXPRegistrationsAndServicesTabTest" duration-ms="56838" started-at="2022-03-23T12:46:58Z" finished-at="2022-03-23T12:47:55Z">
          <reporter-output>
          </reporter-output>
        </test-method> <!-- TS004_VerifyAllLinkUnderEXPRegistrationsAndServicesTabTest -->
        <test-method status="PASS" signature="TS005_VerifyAllLinkUnderEXPApplicationsAndLeasesTest()[pri:0, instance:exhibitorportal.ExhibitorPortalSmokeTest_PROD@5b275dab]" name="TS005_VerifyAllLinkUnderEXPApplicationsAndLeasesTest" duration-ms="25873" started-at="2022-03-23T12:47:55Z" finished-at="2022-03-23T12:48:21Z">
          <reporter-output>
          </reporter-output>
        </test-method> <!-- TS005_VerifyAllLinkUnderEXPApplicationsAndLeasesTest -->
        <test-method status="PASS" signature="TS006_VerifyAllLinkUnderYourDigiShowroomTest()[pri:0, instance:exhibitorportal.ExhibitorPortalSmokeTest_PROD@5b275dab]" name="TS006_VerifyAllLinkUnderYourDigiShowroomTest" duration-ms="43722" started-at="2022-03-23T12:48:21Z" finished-at="2022-03-23T12:49:04Z">
          <reporter-output>
          </reporter-output>
        </test-method> <!-- TS006_VerifyAllLinkUnderYourDigiShowroomTest -->
        <test-method status="PASS" signature="TS007_VerifyAllLinkUnderEXPMarketTabTest()[pri:0, instance:exhibitorportal.ExhibitorPortalSmokeTest_PROD@5b275dab]" name="TS007_VerifyAllLinkUnderEXPMarketTabTest" duration-ms="10340" started-at="2022-03-23T12:49:04Z" finished-at="2022-03-23T12:49:15Z">
          <reporter-output>
          </reporter-output>
        </test-method> <!-- TS007_VerifyAllLinkUnderEXPMarketTabTest -->
        <test-method status="FAIL" signature="TS008_VerifyExhibitorPortalFooterLinksTest()[pri:0, instance:exhibitorportal.ExhibitorPortalSmokeTest_PROD@5b275dab]" name="TS008_VerifyExhibitorPortalFooterLinksTest" duration-ms="100759" started-at="2022-03-23T12:49:15Z" finished-at="2022-03-23T12:50:55Z">
          <exception class="java.lang.AssertionError">
            <full-stacktrace>
              <![CDATA[java.lang.AssertionError
	at org.junit.Assert.fail(Assert.java:86)
	at org.junit.Assert.assertTrue(Assert.java:41)
	at org.junit.Assert.assertTrue(Assert.java:52)
	at exhibitorportal.ExhibitorPortalSmokeTest_PROD.TS008_VerifyExhibitorPortalFooterLinksTest(ExhibitorPortalSmokeTest_PROD.java:620)
	at sun.reflect.NativeMethodAccessorImpl.invoke0(Native Method)
	at sun.reflect.NativeMethodAccessorImpl.invoke(Unknown Source)
	at sun.reflect.DelegatingMethodAccessorImpl.invoke(Unknown Source)
	at java.lang.reflect.Method.invoke(Unknown Source)
	at org.testng.internal.MethodInvocationHelper.invokeMethod(MethodInvocationHelper.java:80)
	at org.testng.internal.Invoker.invokeMethod(Invoker.java:714)
	at org.testng.internal.Invoker.invokeTestMethod(Invoker.java:901)
	at org.testng.internal.Invoker.invokeTestMethods(Invoker.java:1231)
	at org.testng.internal.TestMethodWorker.invokeTestMethods(TestMethodWorker.java:127)
	at org.testng.internal.TestMethodWorker.run(TestMethodWorker.java:111)
	at org.testng.TestRunner.privateRun(TestRunner.java:767)
	at org.testng.TestRunner.run(TestRunner.java:617)
	at org.testng.SuiteRunner.runTest(SuiteRunner.java:334)
	at org.testng.SuiteRunner.runSequentially(SuiteRunner.java:329)
	at org.testng.SuiteRunner.privateRun(SuiteRunner.java:291)
	at org.testng.SuiteRunner.run(SuiteRunner.java:240)
	at org.testng.SuiteRunnerWorker.runSuite(SuiteRunnerWorker.java:52)
	at org.testng.SuiteRunnerWorker.run(SuiteRunnerWorker.java:86)
	at org.testng.TestNG.runSuitesSequentially(TestNG.java:1198)
	at org.testng.TestNG.runSuitesLocally(TestNG.java:1123)
	at org.testng.TestNG.run(TestNG.java:1031)
	at org.testng.remote.AbstractRemoteTestNG.run(AbstractRemoteTestNG.java:114)
	at org.testng.remote.RemoteTestNG.initAndRun(RemoteTestNG.java:251)
	at org.testng.remote.RemoteTestNG.main(RemoteTestNG.java:77)
]]>
            </full-stacktrace>
          </exception> <!-- java.lang.AssertionError -->
          <reporter-output>
          </reporter-output>
        </test-method> <!-- TS008_VerifyExhibitorPortalFooterLinksTest -->
      </class> <!-- exhibitorportal.ExhibitorPortalSmokeTest_PROD -->
    </test> <!-- Test -->
  </suite> <!-- EXP_SmokeTestSuite -->
</testng-results>
