<?xml version="1.0" encoding="UTF-8"?>
<testng-results skipped="0" failed="0" total="1" passed="1">
  <reporter-output>
  </reporter-output>
  <suite name="SmokeTestSuite" duration-ms="164502" started-at="2022-09-08T05:50:01Z" finished-at="2022-09-08T05:52:45Z">
    <groups>
    </groups>
    <test name="Parallel Test" duration-ms="164502" started-at="2022-09-08T05:50:01Z" finished-at="2022-09-08T05:52:45Z">
      <class name="PROD.AmericasMartSmokeTest_PROD">
        <test-method status="PASS" signature="initialize()[pri:0, instance:PROD.AmericasMartSmokeTest_PROD@4dfa3a9d]" name="initialize" is-config="true" duration-ms="47073" started-at="2022-09-08T11:20:01Z" finished-at="2022-09-08T11:20:48Z">
          <reporter-output>
          </reporter-output>
        </test-method> <!-- initialize -->
        <test-method status="PASS" signature="TS001_VerifyMarketPlannerLoginTest()[pri:0, instance:PROD.AmericasMartSmokeTest_PROD@4dfa3a9d]" name="TS001_VerifyMarketPlannerLoginTest" duration-ms="81408" started-at="2022-09-08T11:20:48Z" finished-at="2022-09-08T11:22:09Z">
          <reporter-output>
          </reporter-output>
        </test-method> <!-- TS001_VerifyMarketPlannerLoginTest -->
        <test-method status="PASS" signature="tearDown()[pri:0, instance:PROD.AmericasMartSmokeTest_PROD@4dfa3a9d]" name="tearDown" is-config="true" duration-ms="35944" started-at="2022-09-08T11:22:09Z" finished-at="2022-09-08T11:22:45Z">
          <reporter-output>
          </reporter-output>
        </test-method> <!-- tearDown -->
      </class> <!-- PROD.AmericasMartSmokeTest_PROD -->
    </test> <!-- Parallel Test -->
  </suite> <!-- SmokeTestSuite -->
</testng-results>
