<?xml version="1.0" encoding="UTF-8"?>
<testng-results skipped="0" failed="0" total="1" passed="1">
  <reporter-output>
  </reporter-output>
  <suite name="ATLMrkt_SmokeTestSuite" duration-ms="94546" started-at="2022-02-04T07:40:43Z" finished-at="2022-02-04T07:42:17Z">
    <groups>
    </groups>
    <test name="Test" duration-ms="94546" started-at="2022-02-04T07:40:43Z" finished-at="2022-02-04T07:42:17Z">
      <class name="atlantamarket.AtlantaMarketSmokeTest_UAT">
        <test-method status="PASS" signature="initialize()[pri:0, instance:atlantamarket.AtlantaMarketSmokeTest_UAT@5e5792a0]" name="initialize" is-config="true" duration-ms="43612" started-at="2022-02-04T13:10:43Z" finished-at="2022-02-04T13:11:26Z">
          <reporter-output>
          </reporter-output>
        </test-method> <!-- initialize -->
        <test-method status="PASS" signature="TS011_VerifyAllNewsAndTrendsMenuTest()[pri:0, instance:atlantamarket.AtlantaMarketSmokeTest_UAT@5e5792a0]" name="TS011_VerifyAllNewsAndTrendsMenuTest" duration-ms="50895" started-at="2022-02-04T13:11:26Z" finished-at="2022-02-04T13:12:17Z">
          <reporter-output>
          </reporter-output>
        </test-method> <!-- TS011_VerifyAllNewsAndTrendsMenuTest -->
      </class> <!-- atlantamarket.AtlantaMarketSmokeTest_UAT -->
    </test> <!-- Test -->
  </suite> <!-- ATLMrkt_SmokeTestSuite -->
</testng-results>
