<?xml version="1.0" encoding="UTF-8"?>
<testng-results skipped="0" failed="0" total="10" passed="10">
  <reporter-output>
  </reporter-output>
  <suite name="SmokeTestSuite" duration-ms="510175" started-at="2023-10-26T11:21:07Z" finished-at="2023-10-26T11:29:38Z">
    <groups>
    </groups>
    <test name="SequencialTest" duration-ms="510175" started-at="2023-10-26T11:21:07Z" finished-at="2023-10-26T11:29:38Z">
      <class name="PROD.AtlantaAppSmokeTest_PROD">
        <test-method status="PASS" signature="initialize()[pri:0, instance:PROD.AtlantaAppSmokeTest_PROD@1a968a59]" name="initialize" is-config="true" duration-ms="12094" started-at="2023-10-26T16:51:07Z" finished-at="2023-10-26T16:51:19Z">
          <reporter-output>
          </reporter-output>
        </test-method> <!-- initialize -->
        <test-method status="PASS" signature="TS001_ATLApp_VerifyAllLinksUnderYearRoundTabTest()[pri:0, instance:PROD.AtlantaAppSmokeTest_PROD@1a968a59]" name="TS001_ATLApp_VerifyAllLinksUnderYearRoundTabTest" duration-ms="35646" started-at="2023-10-26T16:51:19Z" finished-at="2023-10-26T16:51:55Z">
          <reporter-output>
          </reporter-output>
        </test-method> <!-- TS001_ATLApp_VerifyAllLinksUnderYearRoundTabTest -->
        <test-method status="PASS" signature="TS003_ATLApp_VerifyAllLinksUnderAttendTabTest()[pri:0, instance:PROD.AtlantaAppSmokeTest_PROD@1a968a59]" name="TS003_ATLApp_VerifyAllLinksUnderAttendTabTest" duration-ms="135389" started-at="2023-10-26T16:51:55Z" finished-at="2023-10-26T16:54:11Z">
          <reporter-output>
          </reporter-output>
        </test-method> <!-- TS003_ATLApp_VerifyAllLinksUnderAttendTabTest -->
        <test-method status="PASS" signature="TS004_ATLApp_VerifyGlobalSearchFunctionalityTest()[pri:0, instance:PROD.AtlantaAppSmokeTest_PROD@1a968a59]" name="TS004_ATLApp_VerifyGlobalSearchFunctionalityTest" duration-ms="19831" started-at="2023-10-26T16:54:11Z" finished-at="2023-10-26T16:54:30Z">
          <reporter-output>
          </reporter-output>
        </test-method> <!-- TS004_ATLApp_VerifyGlobalSearchFunctionalityTest -->
        <test-method status="PASS" signature="TS005_ATLApp_VerifyExhibitorDirectoryTest()[pri:0, instance:PROD.AtlantaAppSmokeTest_PROD@1a968a59]" name="TS005_ATLApp_VerifyExhibitorDirectoryTest" duration-ms="30026" started-at="2023-10-26T16:54:30Z" finished-at="2023-10-26T16:55:00Z">
          <reporter-output>
          </reporter-output>
        </test-method> <!-- TS005_ATLApp_VerifyExhibitorDirectoryTest -->
        <test-method status="PASS" signature="TS006_ATLApp_VerifyAllLinksUnderMarketsTabTest()[pri:0, instance:PROD.AtlantaAppSmokeTest_PROD@1a968a59]" name="TS006_ATLApp_VerifyAllLinksUnderMarketsTabTest" duration-ms="62460" started-at="2023-10-26T16:55:00Z" finished-at="2023-10-26T16:56:03Z">
          <reporter-output>
          </reporter-output>
        </test-method> <!-- TS006_ATLApp_VerifyAllLinksUnderMarketsTabTest -->
        <test-method status="PASS" signature="TS007_ATLApp_VerifyAllLinksUnderExhibitorsAndBrandsTabTest()[pri:0, instance:PROD.AtlantaAppSmokeTest_PROD@1a968a59]" name="TS007_ATLApp_VerifyAllLinksUnderExhibitorsAndBrandsTabTest" duration-ms="16093" started-at="2023-10-26T16:56:03Z" finished-at="2023-10-26T16:56:19Z">
          <reporter-output>
          </reporter-output>
        </test-method> <!-- TS007_ATLApp_VerifyAllLinksUnderExhibitorsAndBrandsTabTest -->
        <test-method status="PASS" signature="TS008_ATLApp_VerifySocialMediaLinksTest()[pri:0, instance:PROD.AtlantaAppSmokeTest_PROD@1a968a59]" name="TS008_ATLApp_VerifySocialMediaLinksTest" duration-ms="8658" started-at="2023-10-26T16:56:19Z" finished-at="2023-10-26T16:56:28Z">
          <reporter-output>
          </reporter-output>
        </test-method> <!-- TS008_ATLApp_VerifySocialMediaLinksTest -->
        <test-method status="PASS" signature="TS010_ATLApp_VerifyAllLinksUnderExhibitTabTest()[pri:0, instance:PROD.AtlantaAppSmokeTest_PROD@1a968a59]" name="TS010_ATLApp_VerifyAllLinksUnderExhibitTabTest" duration-ms="60955" started-at="2023-10-26T16:56:28Z" finished-at="2023-10-26T16:57:29Z">
          <reporter-output>
          </reporter-output>
        </test-method> <!-- TS010_ATLApp_VerifyAllLinksUnderExhibitTabTest -->
        <test-method status="PASS" signature="TS009_ATLApp_VerifyAllLinksUnderTheBestOfFashionTabTest()[pri:0, instance:PROD.AtlantaAppSmokeTest_PROD@1a968a59]" name="TS009_ATLApp_VerifyAllLinksUnderTheBestOfFashionTabTest" duration-ms="25967" started-at="2023-10-26T16:57:29Z" finished-at="2023-10-26T16:57:55Z">
          <reporter-output>
          </reporter-output>
        </test-method> <!-- TS009_ATLApp_VerifyAllLinksUnderTheBestOfFashionTabTest -->
        <test-method status="PASS" signature="TS011_ATLApp_VerifyFooterLinksTest()[pri:0, instance:PROD.AtlantaAppSmokeTest_PROD@1a968a59]" name="TS011_ATLApp_VerifyFooterLinksTest" duration-ms="100647" started-at="2023-10-26T16:57:55Z" finished-at="2023-10-26T16:59:35Z">
          <reporter-output>
          </reporter-output>
        </test-method> <!-- TS011_ATLApp_VerifyFooterLinksTest -->
        <test-method status="PASS" signature="tearDown()[pri:0, instance:PROD.AtlantaAppSmokeTest_PROD@1a968a59]" name="tearDown" is-config="true" duration-ms="2356" started-at="2023-10-26T16:59:35Z" finished-at="2023-10-26T16:59:38Z">
          <reporter-output>
          </reporter-output>
        </test-method> <!-- tearDown -->
      </class> <!-- PROD.AtlantaAppSmokeTest_PROD -->
    </test> <!-- SequencialTest -->
  </suite> <!-- SmokeTestSuite -->
</testng-results>
