<?xml version="1.0" encoding="UTF-8"?>
<testng-results skipped="0" failed="0" total="13" passed="13">
  <reporter-output>
  </reporter-output>
  <suite name="SmokeTestSuite" duration-ms="2047062" started-at="2022-08-09T12:20:43Z" finished-at="2022-08-09T12:54:50Z">
    <groups>
    </groups>
    <test name="SequencialTest" duration-ms="2047062" started-at="2022-08-09T12:20:43Z" finished-at="2022-08-09T12:54:50Z">
      <class name="PROD.AtlantaAppSmokeTest_PROD">
        <test-method status="PASS" signature="initialize()[pri:0, instance:PROD.AtlantaAppSmokeTest_PROD@204f30ec]" name="initialize" is-config="true" duration-ms="54855" started-at="2022-08-09T17:50:43Z" finished-at="2022-08-09T17:51:38Z">
          <reporter-output>
          </reporter-output>
        </test-method> <!-- initialize -->
        <test-method status="PASS" signature="TS001_VerifyMarketPlannerLoginTest()[pri:0, instance:PROD.AtlantaAppSmokeTest_PROD@204f30ec]" name="TS001_VerifyMarketPlannerLoginTest" duration-ms="34502" started-at="2022-08-09T17:51:38Z" finished-at="2022-08-09T17:52:13Z">
          <reporter-output>
          </reporter-output>
        </test-method> <!-- TS001_VerifyMarketPlannerLoginTest -->
        <test-method status="PASS" signature="TS002_VerifyMarketPlannerProfileOptionTest()[pri:0, instance:PROD.AtlantaAppSmokeTest_PROD@204f30ec]" name="TS002_VerifyMarketPlannerProfileOptionTest" duration-ms="28450" started-at="2022-08-09T17:52:13Z" finished-at="2022-08-09T17:52:41Z">
          <reporter-output>
          </reporter-output>
        </test-method> <!-- TS002_VerifyMarketPlannerProfileOptionTest -->
        <test-method status="PASS" signature="TS003_VerifyMarketPlannerExhibitorPortalOptionTest()[pri:0, instance:PROD.AtlantaAppSmokeTest_PROD@204f30ec]" name="TS003_VerifyMarketPlannerExhibitorPortalOptionTest" duration-ms="54603" started-at="2022-08-09T17:52:41Z" finished-at="2022-08-09T17:53:36Z">
          <reporter-output>
          </reporter-output>
        </test-method> <!-- TS003_VerifyMarketPlannerExhibitorPortalOptionTest -->
        <test-method status="PASS" signature="TS004_VerifyGlobalSearchFunctionalityTest()[pri:0, instance:PROD.AtlantaAppSmokeTest_PROD@204f30ec]" name="TS004_VerifyGlobalSearchFunctionalityTest" duration-ms="52844" started-at="2022-08-09T17:53:36Z" finished-at="2022-08-09T17:54:29Z">
          <reporter-output>
          </reporter-output>
        </test-method> <!-- TS004_VerifyGlobalSearchFunctionalityTest -->
        <test-method status="PASS" signature="TS005_VerifyExhibitorDirectoryTest()[pri:0, instance:PROD.AtlantaAppSmokeTest_PROD@204f30ec]" name="TS005_VerifyExhibitorDirectoryTest" duration-ms="204454" started-at="2022-08-09T17:54:29Z" finished-at="2022-08-09T17:57:53Z">
          <reporter-output>
          </reporter-output>
        </test-method> <!-- TS005_VerifyExhibitorDirectoryTest -->
        <test-method status="PASS" signature="TS006_VerifyAllLinksUnderMarketsTabTest()[pri:0, instance:PROD.AtlantaAppSmokeTest_PROD@204f30ec]" name="TS006_VerifyAllLinksUnderMarketsTabTest" duration-ms="299409" started-at="2022-08-09T17:57:53Z" finished-at="2022-08-09T18:02:52Z">
          <reporter-output>
          </reporter-output>
        </test-method> <!-- TS006_VerifyAllLinksUnderMarketsTabTest -->
        <test-method status="PASS" signature="TS007_VerifyAllLinksUnderExhibitorsAndBrandsTabTest()[pri:0, instance:PROD.AtlantaAppSmokeTest_PROD@204f30ec]" name="TS007_VerifyAllLinksUnderExhibitorsAndBrandsTabTest" duration-ms="67213" started-at="2022-08-09T18:02:52Z" finished-at="2022-08-09T18:04:00Z">
          <reporter-output>
          </reporter-output>
        </test-method> <!-- TS007_VerifyAllLinksUnderExhibitorsAndBrandsTabTest -->
        <test-method status="PASS" signature="TS008_VerifyAllLinksUnderAttendTabTest()[pri:0, instance:PROD.AtlantaAppSmokeTest_PROD@204f30ec]" name="TS008_VerifyAllLinksUnderAttendTabTest" duration-ms="259466" started-at="2022-08-09T18:04:00Z" finished-at="2022-08-09T18:08:19Z">
          <reporter-output>
          </reporter-output>
        </test-method> <!-- TS008_VerifyAllLinksUnderAttendTabTest -->
        <test-method status="PASS" signature="TS009_VerifyAllLinksUnderFashionGalleryTabTest()[pri:0, instance:PROD.AtlantaAppSmokeTest_PROD@204f30ec]" name="TS009_VerifyAllLinksUnderFashionGalleryTabTest" duration-ms="118583" started-at="2022-08-09T18:08:19Z" finished-at="2022-08-09T18:10:18Z">
          <reporter-output>
          </reporter-output>
        </test-method> <!-- TS009_VerifyAllLinksUnderFashionGalleryTabTest -->
        <test-method status="PASS" signature="TS010_VerifyAllLinksUnderExhibitTabTest()[pri:0, instance:PROD.AtlantaAppSmokeTest_PROD@204f30ec]" name="TS010_VerifyAllLinksUnderExhibitTabTest" duration-ms="92019" started-at="2022-08-09T18:10:18Z" finished-at="2022-08-09T18:11:50Z">
          <reporter-output>
          </reporter-output>
        </test-method> <!-- TS010_VerifyAllLinksUnderExhibitTabTest -->
        <test-method status="PASS" signature="TS011_VerifyAllLinksUnderYearRoundTabTest()[pri:0, instance:PROD.AtlantaAppSmokeTest_PROD@204f30ec]" name="TS011_VerifyAllLinksUnderYearRoundTabTest" duration-ms="44195" started-at="2022-08-09T18:11:50Z" finished-at="2022-08-09T18:12:34Z">
          <reporter-output>
          </reporter-output>
        </test-method> <!-- TS011_VerifyAllLinksUnderYearRoundTabTest -->
        <test-method status="PASS" signature="TS012_VerifyFooterLinksTest()[pri:0, instance:PROD.AtlantaAppSmokeTest_PROD@204f30ec]" name="TS012_VerifyFooterLinksTest" duration-ms="713889" started-at="2022-08-09T18:12:34Z" finished-at="2022-08-09T18:24:28Z">
          <reporter-output>
          </reporter-output>
        </test-method> <!-- TS012_VerifyFooterLinksTest -->
        <test-method status="PASS" signature="TS013_VerifySocialMediaLinksTest()[pri:0, instance:PROD.AtlantaAppSmokeTest_PROD@204f30ec]" name="TS013_VerifySocialMediaLinksTest" duration-ms="22434" started-at="2022-08-09T18:24:28Z" finished-at="2022-08-09T18:24:50Z">
          <reporter-output>
          </reporter-output>
        </test-method> <!-- TS013_VerifySocialMediaLinksTest -->
        <test-method status="PASS" signature="tearDown()[pri:0, instance:PROD.AtlantaAppSmokeTest_PROD@204f30ec]" name="tearDown" is-config="true" duration-ms="1" started-at="2022-08-09T18:24:50Z" finished-at="2022-08-09T18:24:50Z">
          <reporter-output>
          </reporter-output>
        </test-method> <!-- tearDown -->
      </class> <!-- PROD.AtlantaAppSmokeTest_PROD -->
    </test> <!-- SequencialTest -->
  </suite> <!-- SmokeTestSuite -->
</testng-results>
