<?xml version="1.0" encoding="UTF-8"?>
<testng-results skipped="0" failed="0" total="10" passed="10">
  <reporter-output>
  </reporter-output>
  <suite name="SmokeTestSuite" duration-ms="509473" started-at="2023-11-28T07:26:43Z" finished-at="2023-11-28T07:35:13Z">
    <groups>
    </groups>
    <test name="SequencialTest" duration-ms="509473" started-at="2023-11-28T07:26:43Z" finished-at="2023-11-28T07:35:13Z">
      <class name="PROD.AtlantaAppSmokeTest_PROD">
        <test-method status="PASS" signature="initialize()[pri:0, instance:PROD.AtlantaAppSmokeTest_PROD@1a968a59]" name="initialize" is-config="true" duration-ms="20396" started-at="2023-11-28T12:56:43Z" finished-at="2023-11-28T12:57:04Z">
          <reporter-output>
          </reporter-output>
        </test-method> <!-- initialize -->
        <test-method status="PASS" signature="TS001_ATLApp_VerifyAllLinksUnderYearRoundTabTest()[pri:0, instance:PROD.AtlantaAppSmokeTest_PROD@1a968a59]" name="TS001_ATLApp_VerifyAllLinksUnderYearRoundTabTest" duration-ms="37735" started-at="2023-11-28T12:57:04Z" finished-at="2023-11-28T12:57:41Z">
          <reporter-output>
          </reporter-output>
        </test-method> <!-- TS001_ATLApp_VerifyAllLinksUnderYearRoundTabTest -->
        <test-method status="PASS" signature="TS003_ATLApp_VerifyAllLinksUnderAttendTabTest()[pri:0, instance:PROD.AtlantaAppSmokeTest_PROD@1a968a59]" name="TS003_ATLApp_VerifyAllLinksUnderAttendTabTest" duration-ms="134869" started-at="2023-11-28T12:57:41Z" finished-at="2023-11-28T12:59:56Z">
          <reporter-output>
          </reporter-output>
        </test-method> <!-- TS003_ATLApp_VerifyAllLinksUnderAttendTabTest -->
        <test-method status="PASS" signature="TS004_ATLApp_VerifyGlobalSearchFunctionalityTest()[pri:0, instance:PROD.AtlantaAppSmokeTest_PROD@1a968a59]" name="TS004_ATLApp_VerifyGlobalSearchFunctionalityTest" duration-ms="19994" started-at="2023-11-28T12:59:56Z" finished-at="2023-11-28T13:00:16Z">
          <reporter-output>
          </reporter-output>
        </test-method> <!-- TS004_ATLApp_VerifyGlobalSearchFunctionalityTest -->
        <test-method status="PASS" signature="TS005_ATLApp_VerifyExhibitorDirectoryTest()[pri:0, instance:PROD.AtlantaAppSmokeTest_PROD@1a968a59]" name="TS005_ATLApp_VerifyExhibitorDirectoryTest" duration-ms="29811" started-at="2023-11-28T13:00:16Z" finished-at="2023-11-28T13:00:46Z">
          <reporter-output>
          </reporter-output>
        </test-method> <!-- TS005_ATLApp_VerifyExhibitorDirectoryTest -->
        <test-method status="PASS" signature="TS006_ATLApp_VerifyAllLinksUnderMarketsTabTest()[pri:0, instance:PROD.AtlantaAppSmokeTest_PROD@1a968a59]" name="TS006_ATLApp_VerifyAllLinksUnderMarketsTabTest" duration-ms="60143" started-at="2023-11-28T13:00:46Z" finished-at="2023-11-28T13:01:46Z">
          <reporter-output>
          </reporter-output>
        </test-method> <!-- TS006_ATLApp_VerifyAllLinksUnderMarketsTabTest -->
        <test-method status="PASS" signature="TS007_ATLApp_VerifyAllLinksUnderExhibitorsAndBrandsTabTest()[pri:0, instance:PROD.AtlantaAppSmokeTest_PROD@1a968a59]" name="TS007_ATLApp_VerifyAllLinksUnderExhibitorsAndBrandsTabTest" duration-ms="15544" started-at="2023-11-28T13:01:46Z" finished-at="2023-11-28T13:02:02Z">
          <reporter-output>
          </reporter-output>
        </test-method> <!-- TS007_ATLApp_VerifyAllLinksUnderExhibitorsAndBrandsTabTest -->
        <test-method status="PASS" signature="TS008_ATLApp_VerifySocialMediaLinksTest()[pri:0, instance:PROD.AtlantaAppSmokeTest_PROD@1a968a59]" name="TS008_ATLApp_VerifySocialMediaLinksTest" duration-ms="8167" started-at="2023-11-28T13:02:02Z" finished-at="2023-11-28T13:02:10Z">
          <reporter-output>
          </reporter-output>
        </test-method> <!-- TS008_ATLApp_VerifySocialMediaLinksTest -->
        <test-method status="PASS" signature="TS010_ATLApp_VerifyAllLinksUnderExhibitTabTest()[pri:0, instance:PROD.AtlantaAppSmokeTest_PROD@1a968a59]" name="TS010_ATLApp_VerifyAllLinksUnderExhibitTabTest" duration-ms="54902" started-at="2023-11-28T13:02:10Z" finished-at="2023-11-28T13:03:05Z">
          <reporter-output>
          </reporter-output>
        </test-method> <!-- TS010_ATLApp_VerifyAllLinksUnderExhibitTabTest -->
        <test-method status="PASS" signature="TS009_ATLApp_VerifyAllLinksUnderTheBestOfFashionTabTest()[pri:0, instance:PROD.AtlantaAppSmokeTest_PROD@1a968a59]" name="TS009_ATLApp_VerifyAllLinksUnderTheBestOfFashionTabTest" duration-ms="25801" started-at="2023-11-28T13:03:05Z" finished-at="2023-11-28T13:03:31Z">
          <reporter-output>
          </reporter-output>
        </test-method> <!-- TS009_ATLApp_VerifyAllLinksUnderTheBestOfFashionTabTest -->
        <test-method status="PASS" signature="TS011_ATLApp_VerifyFooterLinksTest()[pri:0, instance:PROD.AtlantaAppSmokeTest_PROD@1a968a59]" name="TS011_ATLApp_VerifyFooterLinksTest" duration-ms="102058" started-at="2023-11-28T13:03:31Z" finished-at="2023-11-28T13:05:13Z">
          <reporter-output>
          </reporter-output>
        </test-method> <!-- TS011_ATLApp_VerifyFooterLinksTest -->
        <test-method status="PASS" signature="tearDown()[pri:0, instance:PROD.AtlantaAppSmokeTest_PROD@1a968a59]" name="tearDown" is-config="true" duration-ms="0" started-at="2023-11-28T13:05:13Z" finished-at="2023-11-28T13:05:13Z">
          <reporter-output>
          </reporter-output>
        </test-method> <!-- tearDown -->
      </class> <!-- PROD.AtlantaAppSmokeTest_PROD -->
    </test> <!-- SequencialTest -->
  </suite> <!-- SmokeTestSuite -->
</testng-results>
