<?xml version="1.0" encoding="UTF-8"?>
<testng-results skipped="0" failed="0" total="3" passed="3">
  <reporter-output>
  </reporter-output>
  <suite name="SmokeTestSuite" duration-ms="780912" started-at="2022-05-12T12:24:00Z" finished-at="2022-05-12T12:37:01Z">
    <groups>
    </groups>
    <test name="SequencialTest" duration-ms="780912" started-at="2022-05-12T12:24:00Z" finished-at="2022-05-12T12:37:01Z">
      <class name="PROD.AtlantaMarketSmokeTest_PROD">
        <test-method status="PASS" signature="initialize()[pri:0, instance:PROD.AtlantaMarketSmokeTest_PROD@27efef64]" name="initialize" is-config="true" duration-ms="7596" started-at="2022-05-12T17:54:00Z" finished-at="2022-05-12T17:54:07Z">
          <reporter-output>
          </reporter-output>
        </test-method> <!-- initialize -->
        <test-method status="PASS" signature="TS001_VerifyMarketPlannerLoginTest()[pri:0, instance:PROD.AtlantaMarketSmokeTest_PROD@27efef64]" name="TS001_VerifyMarketPlannerLoginTest" duration-ms="62069" started-at="2022-05-12T17:54:07Z" finished-at="2022-05-12T17:55:10Z">
          <reporter-output>
          </reporter-output>
        </test-method> <!-- TS001_VerifyMarketPlannerLoginTest -->
        <test-method status="PASS" signature="TS010_VerifyAllSocialMediaLinksOnFooterTest()[pri:0, instance:PROD.AtlantaMarketSmokeTest_PROD@27efef64]" name="TS010_VerifyAllSocialMediaLinksOnFooterTest" duration-ms="73746" started-at="2022-05-12T17:55:10Z" finished-at="2022-05-12T17:56:23Z">
          <reporter-output>
          </reporter-output>
        </test-method> <!-- TS010_VerifyAllSocialMediaLinksOnFooterTest -->
        <test-method status="PASS" signature="TS011_VerifyFooterLinksTest()[pri:0, instance:PROD.AtlantaMarketSmokeTest_PROD@27efef64]" name="TS011_VerifyFooterLinksTest" duration-ms="632101" started-at="2022-05-12T17:56:23Z" finished-at="2022-05-12T18:06:55Z">
          <reporter-output>
          </reporter-output>
        </test-method> <!-- TS011_VerifyFooterLinksTest -->
        <test-method status="PASS" signature="tearDown()[pri:0, instance:PROD.AtlantaMarketSmokeTest_PROD@27efef64]" name="tearDown" is-config="true" duration-ms="5347" started-at="2022-05-12T18:06:55Z" finished-at="2022-05-12T18:07:01Z">
          <reporter-output>
          </reporter-output>
        </test-method> <!-- tearDown -->
      </class> <!-- PROD.AtlantaMarketSmokeTest_PROD -->
    </test> <!-- SequencialTest -->
  </suite> <!-- SmokeTestSuite -->
</testng-results>
