<?xml version="1.0" encoding="UTF-8"?>
<testng-results skipped="0" failed="0" total="7" passed="7">
  <reporter-output>
  </reporter-output>
  <suite name="EXP_SmokeTestSuite" duration-ms="156714" started-at="2022-02-21T11:48:18Z" finished-at="2022-02-21T11:50:54Z">
    <groups>
    </groups>
    <test name="Test" duration-ms="156714" started-at="2022-02-21T11:48:18Z" finished-at="2022-02-21T11:50:54Z">
      <class name="exhibitorportal.ExhibitorPortalSmokeTest_UAT">
        <test-method status="PASS" signature="initialize()[pri:0, instance:exhibitorportal.ExhibitorPortalSmokeTest_UAT@523884b2]" name="initialize" is-config="true" duration-ms="16977" started-at="2022-02-21T17:18:18Z" finished-at="2022-02-21T17:18:35Z">
          <reporter-output>
          </reporter-output>
        </test-method> <!-- initialize -->
        <test-method status="PASS" signature="TS001_VerifyExhibitorPortalLoginTest()[pri:0, instance:exhibitorportal.ExhibitorPortalSmokeTest_UAT@523884b2]" name="TS001_VerifyExhibitorPortalLoginTest" duration-ms="32690" started-at="2022-02-21T17:18:35Z" finished-at="2022-02-21T17:19:07Z">
          <reporter-output>
          </reporter-output>
        </test-method> <!-- TS001_VerifyExhibitorPortalLoginTest -->
        <test-method status="PASS" signature="TS002_VerifyNotificationsTabTest()[pri:0, instance:exhibitorportal.ExhibitorPortalSmokeTest_UAT@523884b2]" name="TS002_VerifyNotificationsTabTest" duration-ms="3488" started-at="2022-02-21T17:19:07Z" finished-at="2022-02-21T17:19:11Z">
          <reporter-output>
          </reporter-output>
        </test-method> <!-- TS002_VerifyNotificationsTabTest -->
        <test-method status="PASS" signature="TS003_VerifySettingsTabTest()[pri:0, instance:exhibitorportal.ExhibitorPortalSmokeTest_UAT@523884b2]" name="TS003_VerifySettingsTabTest" duration-ms="9781" started-at="2022-02-21T17:19:11Z" finished-at="2022-02-21T17:19:21Z">
          <reporter-output>
          </reporter-output>
        </test-method> <!-- TS003_VerifySettingsTabTest -->
        <test-method status="PASS" signature="TS004_VerifyAllLinkUnderYourDigiShowroomTest()[pri:0, instance:exhibitorportal.ExhibitorPortalSmokeTest_UAT@523884b2]" name="TS004_VerifyAllLinkUnderYourDigiShowroomTest" duration-ms="24155" started-at="2022-02-21T17:19:21Z" finished-at="2022-02-21T17:19:45Z">
          <reporter-output>
          </reporter-output>
        </test-method> <!-- TS004_VerifyAllLinkUnderYourDigiShowroomTest -->
        <test-method status="PASS" signature="TS005_VerifyAllLinkUnderEXPApplicationsAndLeasesTest()[pri:0, instance:exhibitorportal.ExhibitorPortalSmokeTest_UAT@523884b2]" name="TS005_VerifyAllLinkUnderEXPApplicationsAndLeasesTest" duration-ms="41935" started-at="2022-02-21T17:19:45Z" finished-at="2022-02-21T17:20:27Z">
          <reporter-output>
          </reporter-output>
        </test-method> <!-- TS005_VerifyAllLinkUnderEXPApplicationsAndLeasesTest -->
        <test-method status="PASS" signature="TS004_VerifyAllLinkUnderEXPRegistrationsAndServicesTabTest()[pri:0, instance:exhibitorportal.ExhibitorPortalSmokeTest_UAT@523884b2]" name="TS004_VerifyAllLinkUnderEXPRegistrationsAndServicesTabTest" duration-ms="17330" started-at="2022-02-21T17:20:27Z" finished-at="2022-02-21T17:20:44Z">
          <reporter-output>
          </reporter-output>
        </test-method> <!-- TS004_VerifyAllLinkUnderEXPRegistrationsAndServicesTabTest -->
        <test-method status="PASS" signature="TS005_VerifyAllLinkUnderEXPMarketTabTest()[pri:0, instance:exhibitorportal.ExhibitorPortalSmokeTest_UAT@523884b2]" name="TS005_VerifyAllLinkUnderEXPMarketTabTest" duration-ms="10298" started-at="2022-02-21T17:20:44Z" finished-at="2022-02-21T17:20:54Z">
          <reporter-output>
          </reporter-output>
        </test-method> <!-- TS005_VerifyAllLinkUnderEXPMarketTabTest -->
      </class> <!-- exhibitorportal.ExhibitorPortalSmokeTest_UAT -->
    </test> <!-- Test -->
  </suite> <!-- EXP_SmokeTestSuite -->
</testng-results>
