<?xml version="1.0" encoding="UTF-8"?>
<testng-results skipped="0" failed="0" total="1" passed="1">
  <reporter-output>
  </reporter-output>
  <suite name="ATLApp_SmokeTestSuite" duration-ms="128758" started-at="2022-02-24T11:52:32Z" finished-at="2022-02-24T11:54:41Z">
    <groups>
    </groups>
    <test name="Test" duration-ms="128758" started-at="2022-02-24T11:52:32Z" finished-at="2022-02-24T11:54:41Z">
      <class name="atlantaapparel.AtalntaAppSmokeTest_UAT">
        <test-method status="PASS" signature="initialize()[pri:0, instance:atlantaapparel.AtalntaAppSmokeTest_UAT@3ffc5af1]" name="initialize" is-config="true" duration-ms="60151" started-at="2022-02-24T17:22:32Z" finished-at="2022-02-24T17:23:32Z">
          <reporter-output>
          </reporter-output>
        </test-method> <!-- initialize -->
        <test-method status="PASS" signature="TS005_VerifyExhibitorDirectoryTest()[pri:0, instance:atlantaapparel.AtalntaAppSmokeTest_UAT@3ffc5af1]" name="TS005_VerifyExhibitorDirectoryTest" duration-ms="68554" started-at="2022-02-24T17:23:32Z" finished-at="2022-02-24T17:24:41Z">
          <reporter-output>
          </reporter-output>
        </test-method> <!-- TS005_VerifyExhibitorDirectoryTest -->
      </class> <!-- atlantaapparel.AtalntaAppSmokeTest_UAT -->
    </test> <!-- Test -->
  </suite> <!-- ATLApp_SmokeTestSuite -->
</testng-results>
