<?xml version="1.0" encoding="UTF-8"?>
<testng-results skipped="0" failed="0" total="1" passed="1">
  <reporter-output>
  </reporter-output>
  <suite name="LVM_RegressionTestSuite" duration-ms="104363" started-at="2022-12-05T10:10:20Z" finished-at="2022-12-05T10:12:04Z">
    <groups>
    </groups>
    <test name="RegressionTest" duration-ms="104363" started-at="2022-12-05T10:10:20Z" finished-at="2022-12-05T10:12:04Z">
      <class name="atlantamarket_PROD.ExhibitorDigitalShowroom">
        <test-method status="PASS" signature="initialize()[pri:0, instance:atlantamarket_PROD.ExhibitorDigitalShowroom@57fffcd7]" name="initialize" is-config="true" duration-ms="51981" started-at="2022-12-05T15:40:20Z" finished-at="2022-12-05T15:41:11Z">
          <reporter-output>
          </reporter-output>
        </test-method> <!-- initialize -->
        <test-method status="PASS" signature="TS005_VerifyClickOnTotalLinesSeeAllLinkForExhibitorTest()[pri:0, instance:atlantamarket_PROD.ExhibitorDigitalShowroom@57fffcd7]" name="TS005_VerifyClickOnTotalLinesSeeAllLinkForExhibitorTest" duration-ms="52368" started-at="2022-12-05T15:41:11Z" finished-at="2022-12-05T15:42:04Z">
          <reporter-output>
          </reporter-output>
        </test-method> <!-- TS005_VerifyClickOnTotalLinesSeeAllLinkForExhibitorTest -->
      </class> <!-- atlantamarket_PROD.ExhibitorDigitalShowroom -->
    </test> <!-- RegressionTest -->
  </suite> <!-- LVM_RegressionTestSuite -->
</testng-results>
