<?xml version="1.0" encoding="UTF-8"?>
<testng-results skipped="0" failed="1" total="9" passed="8">
  <reporter-output>
  </reporter-output>
  <suite name="SmokeTestSuite" duration-ms="1053382" started-at="2023-10-19T05:23:36Z" finished-at="2023-10-19T05:41:09Z">
    <groups>
    </groups>
    <test name="SequencialTest" duration-ms="1053382" started-at="2023-10-19T05:23:36Z" finished-at="2023-10-19T05:41:09Z">
      <class name="PROD.AmericasMartSmokeTest_PROD">
        <test-method status="PASS" signature="initialize()[pri:0, instance:PROD.AmericasMartSmokeTest_PROD@1a968a59]" name="initialize" is-config="true" duration-ms="32963" started-at="2023-10-19T10:53:36Z" finished-at="2023-10-19T10:54:09Z">
          <reporter-output>
          </reporter-output>
        </test-method> <!-- initialize -->
        <test-method status="PASS" signature="TS001_AMC_VerifyAllHeaderChanelLinksTest()[pri:0, instance:PROD.AmericasMartSmokeTest_PROD@1a968a59]" name="TS001_AMC_VerifyAllHeaderChanelLinksTest" duration-ms="302541" started-at="2023-10-19T10:54:09Z" finished-at="2023-10-19T10:59:11Z">
          <reporter-output>
          </reporter-output>
        </test-method> <!-- TS001_AMC_VerifyAllHeaderChanelLinksTest -->
        <test-method status="PASS" signature="TS002_AMC_VerifyAllSocialMediaLinksOnFooterTest()[pri:0, instance:PROD.AmericasMartSmokeTest_PROD@1a968a59]" name="TS002_AMC_VerifyAllSocialMediaLinksOnFooterTest" duration-ms="43476" started-at="2023-10-19T10:59:11Z" finished-at="2023-10-19T10:59:55Z">
          <reporter-output>
          </reporter-output>
        </test-method> <!-- TS002_AMC_VerifyAllSocialMediaLinksOnFooterTest -->
        <test-method status="PASS" signature="TS003_AMC_VerifyAllLinksUnderMarketsAndEventsTabTest()[pri:0, instance:PROD.AmericasMartSmokeTest_PROD@1a968a59]" name="TS003_AMC_VerifyAllLinksUnderMarketsAndEventsTabTest" duration-ms="253592" started-at="2023-10-19T10:59:55Z" finished-at="2023-10-19T11:04:08Z">
          <reporter-output>
          </reporter-output>
        </test-method> <!-- TS003_AMC_VerifyAllLinksUnderMarketsAndEventsTabTest -->
        <test-method status="PASS" signature="TS004_AMC_VerifyGlobalSearchFunctionalityTest()[pri:0, instance:PROD.AmericasMartSmokeTest_PROD@1a968a59]" name="TS004_AMC_VerifyGlobalSearchFunctionalityTest" duration-ms="54564" started-at="2023-10-19T11:04:08Z" finished-at="2023-10-19T11:05:03Z">
          <reporter-output>
          </reporter-output>
        </test-method> <!-- TS004_AMC_VerifyGlobalSearchFunctionalityTest -->
        <test-method status="PASS" signature="TS005_AMC_VerifyAllLinksUnderAboutTabTest()[pri:0, instance:PROD.AmericasMartSmokeTest_PROD@1a968a59]" name="TS005_AMC_VerifyAllLinksUnderAboutTabTest" duration-ms="98902" started-at="2023-10-19T11:05:03Z" finished-at="2023-10-19T11:06:42Z">
          <reporter-output>
          </reporter-output>
        </test-method> <!-- TS005_AMC_VerifyAllLinksUnderAboutTabTest -->
        <test-method status="PASS" signature="TS006_AMC_VerifyAllLinksUnderExhibitTest()[pri:0, instance:PROD.AmericasMartSmokeTest_PROD@1a968a59]" name="TS006_AMC_VerifyAllLinksUnderExhibitTest" duration-ms="53327" started-at="2023-10-19T11:06:42Z" finished-at="2023-10-19T11:07:35Z">
          <reporter-output>
          </reporter-output>
        </test-method> <!-- TS006_AMC_VerifyAllLinksUnderExhibitTest -->
        <test-method status="PASS" signature="TS007_AMC_VerifyAllLinksUnderOpenYearRoundTest()[pri:0, instance:PROD.AmericasMartSmokeTest_PROD@1a968a59]" name="TS007_AMC_VerifyAllLinksUnderOpenYearRoundTest" duration-ms="109078" started-at="2023-10-19T11:07:35Z" finished-at="2023-10-19T11:09:24Z">
          <reporter-output>
          </reporter-output>
        </test-method> <!-- TS007_AMC_VerifyAllLinksUnderOpenYearRoundTest -->
        <test-method status="PASS" signature="TS008_AMC_VerifyExhibitorDirectoryTest()[pri:0, instance:PROD.AmericasMartSmokeTest_PROD@1a968a59]" name="TS008_AMC_VerifyExhibitorDirectoryTest" duration-ms="26864" started-at="2023-10-19T11:09:24Z" finished-at="2023-10-19T11:09:51Z">
          <reporter-output>
          </reporter-output>
        </test-method> <!-- TS008_AMC_VerifyExhibitorDirectoryTest -->
        <test-method status="FAIL" signature="TS009_AMC_VerifyFooterLinksTest()[pri:0, instance:PROD.AmericasMartSmokeTest_PROD@1a968a59]" name="TS009_AMC_VerifyFooterLinksTest" duration-ms="78011" started-at="2023-10-19T11:09:51Z" finished-at="2023-10-19T11:11:09Z">
          <exception class="org.openqa.selenium.TimeoutException">
            <message>
              <![CDATA[Expected condition failed: waiting for element to be clickable: By.xpath: //a[@data-xpath='breadcrumb.link'] (tried for 30 second(s) with 500 MILLISECONDS interval)]]>
            </message>
            <full-stacktrace>
              <![CDATA[org.openqa.selenium.TimeoutException: Expected condition failed: waiting for element to be clickable: By.xpath: //a[@data-xpath='breadcrumb.link'] (tried for 30 second(s) with 500 MILLISECONDS interval)
	at org.openqa.selenium.support.ui.WebDriverWait.timeoutException(WebDriverWait.java:80)
	at org.openqa.selenium.support.ui.FluentWait.until(FluentWait.java:232)
	at pageObjects.LasVegasMarket.UXPExhibitorsAndProductsTabPage.getVerifyBreadcrumb(UXPExhibitorsAndProductsTabPage.java:128)
	at PROD.AmericasMartSmokeTest_PROD.TS009_AMC_VerifyFooterLinksTest(AmericasMartSmokeTest_PROD.java:649)
	at sun.reflect.NativeMethodAccessorImpl.invoke0(Native Method)
	at sun.reflect.NativeMethodAccessorImpl.invoke(Unknown Source)
	at sun.reflect.DelegatingMethodAccessorImpl.invoke(Unknown Source)
	at java.lang.reflect.Method.invoke(Unknown Source)
	at org.testng.internal.MethodInvocationHelper.invokeMethod(MethodInvocationHelper.java:80)
	at org.testng.internal.Invoker.invokeMethod(Invoker.java:714)
	at org.testng.internal.Invoker.invokeTestMethod(Invoker.java:901)
	at org.testng.internal.Invoker.invokeTestMethods(Invoker.java:1231)
	at org.testng.internal.TestMethodWorker.invokeTestMethods(TestMethodWorker.java:127)
	at org.testng.internal.TestMethodWorker.run(TestMethodWorker.java:111)
	at java.util.concurrent.ThreadPoolExecutor.runWorker(Unknown Source)
	at java.util.concurrent.ThreadPoolExecutor$Worker.run(Unknown Source)
	at java.lang.Thread.run(Unknown Source)
Caused by: org.openqa.selenium.NoSuchElementException: Cannot locate an element using By.xpath: //a[@data-xpath='breadcrumb.link']
For documentation on this error, please visit: http://seleniumhq.org/exceptions/no_such_element.html
Build info: version: '3.4.0', revision: 'unknown', time: 'unknown'
System info: host: 'ANUPPA-VD3', ip: '172.27.182.66', os.name: 'Windows 10', os.arch: 'amd64', os.version: '10.0', java.version: '1.8.0_381'
Driver info: driver.version: unknown
	at org.openqa.selenium.support.ui.ExpectedConditions.lambda$findElement$0(ExpectedConditions.java:883)
	at java.util.Optional.orElseThrow(Unknown Source)
	at org.openqa.selenium.support.ui.ExpectedConditions.findElement(ExpectedConditions.java:882)
	at org.openqa.selenium.support.ui.ExpectedConditions.access$000(ExpectedConditions.java:44)
	at org.openqa.selenium.support.ui.ExpectedConditions$7.apply(ExpectedConditions.java:206)
	at org.openqa.selenium.support.ui.ExpectedConditions$7.apply(ExpectedConditions.java:202)
	at org.openqa.selenium.support.ui.ExpectedConditions$22.apply(ExpectedConditions.java:644)
	at org.openqa.selenium.support.ui.ExpectedConditions$22.apply(ExpectedConditions.java:641)
	at org.openqa.selenium.support.ui.FluentWait.until(FluentWait.java:209)
	... 15 more
]]>
            </full-stacktrace>
          </exception> <!-- org.openqa.selenium.TimeoutException -->
          <reporter-output>
          </reporter-output>
        </test-method> <!-- TS009_AMC_VerifyFooterLinksTest -->
        <test-method status="PASS" signature="tearDown()[pri:0, instance:PROD.AmericasMartSmokeTest_PROD@1a968a59]" name="tearDown" is-config="true" duration-ms="2" started-at="2023-10-19T11:11:09Z" finished-at="2023-10-19T11:11:09Z">
          <reporter-output>
          </reporter-output>
        </test-method> <!-- tearDown -->
      </class> <!-- PROD.AmericasMartSmokeTest_PROD -->
    </test> <!-- SequencialTest -->
  </suite> <!-- SmokeTestSuite -->
</testng-results>
