<?xml version="1.0" encoding="UTF-8"?>
<testng-results skipped="0" failed="0" total="13" passed="13">
  <reporter-output>
  </reporter-output>
  <suite name="ATLMrkt_SmokeTestSuite" duration-ms="1447327" started-at="2022-02-23T10:16:37Z" finished-at="2022-02-23T10:40:45Z">
    <groups>
    </groups>
    <test name="Test" duration-ms="1447327" started-at="2022-02-23T10:16:37Z" finished-at="2022-02-23T10:40:45Z">
      <class name="atlantamarket.AtlantaMarketSmokeTest_PROD">
        <test-method status="PASS" signature="initialize()[pri:0, instance:atlantamarket.AtlantaMarketSmokeTest_PROD@5b275dab]" name="initialize" is-config="true" duration-ms="73638" started-at="2022-02-23T15:46:37Z" finished-at="2022-02-23T15:47:51Z">
          <reporter-output>
          </reporter-output>
        </test-method> <!-- initialize -->
        <test-method status="PASS" signature="TS001_VerifyMarketPlannerLoginTest()[pri:0, instance:atlantamarket.AtlantaMarketSmokeTest_PROD@5b275dab]" name="TS001_VerifyMarketPlannerLoginTest" duration-ms="46169" started-at="2022-02-23T15:47:51Z" finished-at="2022-02-23T15:48:37Z">
          <reporter-output>
          </reporter-output>
        </test-method> <!-- TS001_VerifyMarketPlannerLoginTest -->
        <test-method status="PASS" signature="TS002_VerifyMarketPlannerProfileAndSettingsOptionTest()[pri:0, instance:atlantamarket.AtlantaMarketSmokeTest_PROD@5b275dab]" name="TS002_VerifyMarketPlannerProfileAndSettingsOptionTest" duration-ms="12626" started-at="2022-02-23T15:48:37Z" finished-at="2022-02-23T15:48:50Z">
          <reporter-output>
          </reporter-output>
        </test-method> <!-- TS002_VerifyMarketPlannerProfileAndSettingsOptionTest -->
        <test-method status="PASS" signature="TS003_VerifyGlobalSearchFunctionalityTest()[pri:0, instance:atlantamarket.AtlantaMarketSmokeTest_PROD@5b275dab]" name="TS003_VerifyGlobalSearchFunctionalityTest" duration-ms="11180" started-at="2022-02-23T15:48:50Z" finished-at="2022-02-23T15:49:01Z">
          <reporter-output>
          </reporter-output>
        </test-method> <!-- TS003_VerifyGlobalSearchFunctionalityTest -->
        <test-method status="PASS" signature="TS004_VerifyMarketPlannerRegistrationsOptionTest()[pri:0, instance:atlantamarket.AtlantaMarketSmokeTest_PROD@5b275dab]" name="TS004_VerifyMarketPlannerRegistrationsOptionTest" duration-ms="29011" started-at="2022-02-23T15:49:01Z" finished-at="2022-02-23T15:49:30Z">
          <reporter-output>
          </reporter-output>
        </test-method> <!-- TS004_VerifyMarketPlannerRegistrationsOptionTest -->
        <test-method status="PASS" signature="TS005_VerifyExhibitorDirectoryTest()[pri:0, instance:atlantamarket.AtlantaMarketSmokeTest_PROD@5b275dab]" name="TS005_VerifyExhibitorDirectoryTest" duration-ms="21960" started-at="2022-02-23T15:49:30Z" finished-at="2022-02-23T15:49:52Z">
          <reporter-output>
          </reporter-output>
        </test-method> <!-- TS005_VerifyExhibitorDirectoryTest -->
        <test-method status="PASS" signature="TS008_VerifAllLinksUnderExhibitTabTest()[pri:0, instance:atlantamarket.AtlantaMarketSmokeTest_PROD@5b275dab]" name="TS008_VerifAllLinksUnderExhibitTabTest" duration-ms="94515" started-at="2022-02-23T15:49:52Z" finished-at="2022-02-23T15:51:27Z">
          <reporter-output>
          </reporter-output>
        </test-method> <!-- TS008_VerifAllLinksUnderExhibitTabTest -->
        <test-method status="PASS" signature="TS007_VerifyAllLinksUnderExhibitorsAndProductsTabTest()[pri:0, instance:atlantamarket.AtlantaMarketSmokeTest_PROD@5b275dab]" name="TS007_VerifyAllLinksUnderExhibitorsAndProductsTabTest" duration-ms="69028" started-at="2022-02-23T15:51:27Z" finished-at="2022-02-23T15:52:36Z">
          <reporter-output>
          </reporter-output>
        </test-method> <!-- TS007_VerifyAllLinksUnderExhibitorsAndProductsTabTest -->
        <test-method status="PASS" signature="TS006_VerifyAllLinksUnderMarketInfoTabTest()[pri:0, instance:atlantamarket.AtlantaMarketSmokeTest_PROD@5b275dab]" name="TS006_VerifyAllLinksUnderMarketInfoTabTest" duration-ms="100146" started-at="2022-02-23T15:52:36Z" finished-at="2022-02-23T15:54:16Z">
          <reporter-output>
          </reporter-output>
        </test-method> <!-- TS006_VerifyAllLinksUnderMarketInfoTabTest -->
        <test-method status="PASS" signature="TS009_VerifyAllChannelsLinksTest()[pri:0, instance:atlantamarket.AtlantaMarketSmokeTest_PROD@5b275dab]" name="TS009_VerifyAllChannelsLinksTest" duration-ms="131383" started-at="2022-02-23T15:54:16Z" finished-at="2022-02-23T15:56:27Z">
          <reporter-output>
          </reporter-output>
        </test-method> <!-- TS009_VerifyAllChannelsLinksTest -->
        <test-method status="PASS" signature="TS010_VerifyAllSocialMediaLinksOnFooterTest()[pri:0, instance:atlantamarket.AtlantaMarketSmokeTest_PROD@5b275dab]" name="TS010_VerifyAllSocialMediaLinksOnFooterTest" duration-ms="70779" started-at="2022-02-23T15:56:27Z" finished-at="2022-02-23T15:57:38Z">
          <reporter-output>
          </reporter-output>
        </test-method> <!-- TS010_VerifyAllSocialMediaLinksOnFooterTest -->
        <test-method status="PASS" signature="TS011_VerifyFooterLinksTest()[pri:0, instance:atlantamarket.AtlantaMarketSmokeTest_PROD@5b275dab]" name="TS011_VerifyFooterLinksTest" duration-ms="503249" started-at="2022-02-23T15:57:38Z" finished-at="2022-02-23T16:06:01Z">
          <reporter-output>
          </reporter-output>
        </test-method> <!-- TS011_VerifyFooterLinksTest -->
        <test-method status="PASS" signature="TS012_VerifyAllLinksUnderAttendTabTest()[pri:0, instance:atlantamarket.AtlantaMarketSmokeTest_PROD@5b275dab]" name="TS012_VerifyAllLinksUnderAttendTabTest" duration-ms="202726" started-at="2022-02-23T16:06:01Z" finished-at="2022-02-23T16:09:24Z">
          <reporter-output>
          </reporter-output>
        </test-method> <!-- TS012_VerifyAllLinksUnderAttendTabTest -->
        <test-method status="PASS" signature="TS013_VerifyAllNewsAndTrendsMenuTest()[pri:0, instance:atlantamarket.AtlantaMarketSmokeTest_PROD@5b275dab]" name="TS013_VerifyAllNewsAndTrendsMenuTest" duration-ms="80780" started-at="2022-02-23T16:09:24Z" finished-at="2022-02-23T16:10:45Z">
          <reporter-output>
          </reporter-output>
        </test-method> <!-- TS013_VerifyAllNewsAndTrendsMenuTest -->
      </class> <!-- atlantamarket.AtlantaMarketSmokeTest_PROD -->
    </test> <!-- Test -->
  </suite> <!-- ATLMrkt_SmokeTestSuite -->
</testng-results>
