<?xml version="1.0" encoding="UTF-8"?>
<testng-results skipped="0" failed="0" total="12" passed="12">
  <reporter-output>
  </reporter-output>
  <suite name="AMMart_SmokeTestSuite" duration-ms="1539610" started-at="2022-02-22T13:16:10Z" finished-at="2022-02-22T13:41:50Z">
    <groups>
    </groups>
    <test name="Test" duration-ms="1539610" started-at="2022-02-22T13:16:10Z" finished-at="2022-02-22T13:41:50Z">
      <class name="americasmart.AmericasMartSmokeTest_PROD">
        <test-method status="PASS" signature="initialize()[pri:0, instance:americasmart.AmericasMartSmokeTest_PROD@5b275dab]" name="initialize" is-config="true" duration-ms="69380" started-at="2022-02-22T18:46:10Z" finished-at="2022-02-22T18:47:19Z">
          <reporter-output>
          </reporter-output>
        </test-method> <!-- initialize -->
        <test-method status="PASS" signature="TS001_VerifyMarketPlannerLoginTest()[pri:0, instance:americasmart.AmericasMartSmokeTest_PROD@5b275dab]" name="TS001_VerifyMarketPlannerLoginTest" duration-ms="36317" started-at="2022-02-22T18:47:19Z" finished-at="2022-02-22T18:47:56Z">
          <reporter-output>
          </reporter-output>
        </test-method> <!-- TS001_VerifyMarketPlannerLoginTest -->
        <test-method status="PASS" signature="TS002_VerifyMarketPlannerProfileAndSettingsOptionTest()[pri:0, instance:americasmart.AmericasMartSmokeTest_PROD@5b275dab]" name="TS002_VerifyMarketPlannerProfileAndSettingsOptionTest" duration-ms="11839" started-at="2022-02-22T18:47:56Z" finished-at="2022-02-22T18:48:08Z">
          <reporter-output>
          </reporter-output>
        </test-method> <!-- TS002_VerifyMarketPlannerProfileAndSettingsOptionTest -->
        <test-method status="PASS" signature="TS003_VerifyMarketPlannerExhibitorPortalOptionTest()[pri:0, instance:americasmart.AmericasMartSmokeTest_PROD@5b275dab]" name="TS003_VerifyMarketPlannerExhibitorPortalOptionTest" duration-ms="23253" started-at="2022-02-22T18:48:08Z" finished-at="2022-02-22T18:48:31Z">
          <reporter-output>
          </reporter-output>
        </test-method> <!-- TS003_VerifyMarketPlannerExhibitorPortalOptionTest -->
        <test-method status="PASS" signature="TS004_VerifyAllLinksUnderExhibitTest()[pri:0, instance:americasmart.AmericasMartSmokeTest_PROD@5b275dab]" name="TS004_VerifyAllLinksUnderExhibitTest" duration-ms="56719" started-at="2022-02-22T18:48:31Z" finished-at="2022-02-22T18:49:28Z">
          <reporter-output>
          </reporter-output>
        </test-method> <!-- TS004_VerifyAllLinksUnderExhibitTest -->
        <test-method status="PASS" signature="TS005_VerifyAllLinksUnderAboutTabTest()[pri:0, instance:americasmart.AmericasMartSmokeTest_PROD@5b275dab]" name="TS005_VerifyAllLinksUnderAboutTabTest" duration-ms="161670" started-at="2022-02-22T18:49:28Z" finished-at="2022-02-22T18:52:09Z">
          <reporter-output>
          </reporter-output>
        </test-method> <!-- TS005_VerifyAllLinksUnderAboutTabTest -->
        <test-method status="PASS" signature="TS006_VerifyAllHeaderChanelLinksTest()[pri:0, instance:americasmart.AmericasMartSmokeTest_PROD@5b275dab]" name="TS006_VerifyAllHeaderChanelLinksTest" duration-ms="145158" started-at="2022-02-22T18:52:09Z" finished-at="2022-02-22T18:54:34Z">
          <reporter-output>
          </reporter-output>
        </test-method> <!-- TS006_VerifyAllHeaderChanelLinksTest -->
        <test-method status="PASS" signature="TS007_VerifyAllLinksUnderMarketsAndEventsTabTest()[pri:0, instance:americasmart.AmericasMartSmokeTest_PROD@5b275dab]" name="TS007_VerifyAllLinksUnderMarketsAndEventsTabTest" duration-ms="193757" started-at="2022-02-22T18:54:34Z" finished-at="2022-02-22T18:57:48Z">
          <reporter-output>
          </reporter-output>
        </test-method> <!-- TS007_VerifyAllLinksUnderMarketsAndEventsTabTest -->
        <test-method status="PASS" signature="TS008_VerifyFooterLinksTest()[pri:0, instance:americasmart.AmericasMartSmokeTest_PROD@5b275dab]" name="TS008_VerifyFooterLinksTest" duration-ms="562810" started-at="2022-02-22T18:57:48Z" finished-at="2022-02-22T19:07:11Z">
          <reporter-output>
          </reporter-output>
        </test-method> <!-- TS008_VerifyFooterLinksTest -->
        <test-method status="PASS" signature="TS009_VerifyGlobalSearchFunctionalityTest()[pri:0, instance:americasmart.AmericasMartSmokeTest_PROD@5b275dab]" name="TS009_VerifyGlobalSearchFunctionalityTest" duration-ms="12092" started-at="2022-02-22T19:07:11Z" finished-at="2022-02-22T19:07:23Z">
          <reporter-output>
          </reporter-output>
        </test-method> <!-- TS009_VerifyGlobalSearchFunctionalityTest -->
        <test-method status="PASS" signature="TS010_VerifyAllLinksUnderOpenYearRoundTest()[pri:0, instance:americasmart.AmericasMartSmokeTest_PROD@5b275dab]" name="TS010_VerifyAllLinksUnderOpenYearRoundTest" duration-ms="122292" started-at="2022-02-22T19:07:23Z" finished-at="2022-02-22T19:09:25Z">
          <reporter-output>
          </reporter-output>
        </test-method> <!-- TS010_VerifyAllLinksUnderOpenYearRoundTest -->
        <test-method status="PASS" signature="TS011_VerifyExhibitorDirectoryTest()[pri:0, instance:americasmart.AmericasMartSmokeTest_PROD@5b275dab]" name="TS011_VerifyExhibitorDirectoryTest" duration-ms="86680" started-at="2022-02-22T19:09:25Z" finished-at="2022-02-22T19:10:52Z">
          <reporter-output>
          </reporter-output>
        </test-method> <!-- TS011_VerifyExhibitorDirectoryTest -->
        <test-method status="PASS" signature="TS012_VerifyAllSocialMediaLinksOnFooterTest()[pri:0, instance:americasmart.AmericasMartSmokeTest_PROD@5b275dab]" name="TS012_VerifyAllSocialMediaLinksOnFooterTest" duration-ms="57572" started-at="2022-02-22T19:10:52Z" finished-at="2022-02-22T19:11:50Z">
          <reporter-output>
          </reporter-output>
        </test-method> <!-- TS012_VerifyAllSocialMediaLinksOnFooterTest -->
      </class> <!-- americasmart.AmericasMartSmokeTest_PROD -->
    </test> <!-- Test -->
  </suite> <!-- AMMart_SmokeTestSuite -->
</testng-results>
