<?xml version="1.0" encoding="UTF-8"?>
<testng-results skipped="0" failed="0" total="13" passed="13">
  <reporter-output>
  </reporter-output>
  <suite name="ATLMrkt_SmokeTestSuite" duration-ms="787182" started-at="2022-08-23T06:24:15Z" finished-at="2022-08-23T06:37:23Z">
    <groups>
    </groups>
    <test name="Test" duration-ms="787182" started-at="2022-08-23T06:24:15Z" finished-at="2022-08-23T06:37:23Z">
      <class name="PROD.AtlantaMarketSmokeTest_PROD">
        <test-method status="PASS" signature="initialize()[pri:0, instance:PROD.AtlantaMarketSmokeTest_PROD@4667ae56]" name="initialize" is-config="true" duration-ms="28147" started-at="2022-08-23T11:54:15Z" finished-at="2022-08-23T11:54:44Z">
          <reporter-output>
          </reporter-output>
        </test-method> <!-- initialize -->
        <test-method status="PASS" signature="TS001_VerifyMarketPlannerLoginTest()[pri:0, instance:PROD.AtlantaMarketSmokeTest_PROD@4667ae56]" name="TS001_VerifyMarketPlannerLoginTest" duration-ms="25868" started-at="2022-08-23T11:54:44Z" finished-at="2022-08-23T11:55:09Z">
          <reporter-output>
          </reporter-output>
        </test-method> <!-- TS001_VerifyMarketPlannerLoginTest -->
        <test-method status="PASS" signature="TS002_VerifyMarketPlannerProfileAndSettingsOptionTest()[pri:0, instance:PROD.AtlantaMarketSmokeTest_PROD@4667ae56]" name="TS002_VerifyMarketPlannerProfileAndSettingsOptionTest" duration-ms="24200" started-at="2022-08-23T11:55:10Z" finished-at="2022-08-23T11:55:34Z">
          <reporter-output>
          </reporter-output>
        </test-method> <!-- TS002_VerifyMarketPlannerProfileAndSettingsOptionTest -->
        <test-method status="PASS" signature="TS003_VerifyGlobalSearchFunctionalityTest()[pri:0, instance:PROD.AtlantaMarketSmokeTest_PROD@4667ae56]" name="TS003_VerifyGlobalSearchFunctionalityTest" duration-ms="15999" started-at="2022-08-23T11:55:34Z" finished-at="2022-08-23T11:55:50Z">
          <reporter-output>
          </reporter-output>
        </test-method> <!-- TS003_VerifyGlobalSearchFunctionalityTest -->
        <test-method status="PASS" signature="TS004_VerifyMarketPlannerRegistrationsOptionTest()[pri:0, instance:PROD.AtlantaMarketSmokeTest_PROD@4667ae56]" name="TS004_VerifyMarketPlannerRegistrationsOptionTest" duration-ms="31771" started-at="2022-08-23T11:55:50Z" finished-at="2022-08-23T11:56:21Z">
          <reporter-output>
          </reporter-output>
        </test-method> <!-- TS004_VerifyMarketPlannerRegistrationsOptionTest -->
        <test-method status="PASS" signature="TS005_VerifyExhibitorDirectoryTest()[pri:0, instance:PROD.AtlantaMarketSmokeTest_PROD@4667ae56]" name="TS005_VerifyExhibitorDirectoryTest" duration-ms="19015" started-at="2022-08-23T11:56:21Z" finished-at="2022-08-23T11:56:40Z">
          <reporter-output>
          </reporter-output>
        </test-method> <!-- TS005_VerifyExhibitorDirectoryTest -->
        <test-method status="PASS" signature="TS008_VerifAllLinksUnderExhibitTabTest()[pri:0, instance:PROD.AtlantaMarketSmokeTest_PROD@4667ae56]" name="TS008_VerifAllLinksUnderExhibitTabTest" duration-ms="80894" started-at="2022-08-23T11:56:40Z" finished-at="2022-08-23T11:58:01Z">
          <reporter-output>
          </reporter-output>
        </test-method> <!-- TS008_VerifAllLinksUnderExhibitTabTest -->
        <test-method status="PASS" signature="TS007_VerifyAllLinksUnderExhibitorsAndProductsTabTest()[pri:0, instance:PROD.AtlantaMarketSmokeTest_PROD@4667ae56]" name="TS007_VerifyAllLinksUnderExhibitorsAndProductsTabTest" duration-ms="58610" started-at="2022-08-23T11:58:01Z" finished-at="2022-08-23T11:59:00Z">
          <reporter-output>
          </reporter-output>
        </test-method> <!-- TS007_VerifyAllLinksUnderExhibitorsAndProductsTabTest -->
        <test-method status="PASS" signature="TS006_VerifyAllLinksUnderMarketInfoTabTest()[pri:0, instance:PROD.AtlantaMarketSmokeTest_PROD@4667ae56]" name="TS006_VerifyAllLinksUnderMarketInfoTabTest" duration-ms="82820" started-at="2022-08-23T11:59:00Z" finished-at="2022-08-23T12:00:23Z">
          <reporter-output>
          </reporter-output>
        </test-method> <!-- TS006_VerifyAllLinksUnderMarketInfoTabTest -->
        <test-method status="PASS" signature="TS009_VerifyAllChannelsLinksTest()[pri:0, instance:PROD.AtlantaMarketSmokeTest_PROD@4667ae56]" name="TS009_VerifyAllChannelsLinksTest" duration-ms="56597" started-at="2022-08-23T12:00:23Z" finished-at="2022-08-23T12:01:19Z">
          <reporter-output>
          </reporter-output>
        </test-method> <!-- TS009_VerifyAllChannelsLinksTest -->
        <test-method status="PASS" signature="TS010_VerifyAllSocialMediaLinksOnFooterTest()[pri:0, instance:PROD.AtlantaMarketSmokeTest_PROD@4667ae56]" name="TS010_VerifyAllSocialMediaLinksOnFooterTest" duration-ms="28038" started-at="2022-08-23T12:01:19Z" finished-at="2022-08-23T12:01:47Z">
          <reporter-output>
          </reporter-output>
        </test-method> <!-- TS010_VerifyAllSocialMediaLinksOnFooterTest -->
        <test-method status="PASS" signature="TS011_VerifyFooterLinksTest()[pri:0, instance:PROD.AtlantaMarketSmokeTest_PROD@4667ae56]" name="TS011_VerifyFooterLinksTest" duration-ms="136565" started-at="2022-08-23T12:01:47Z" finished-at="2022-08-23T12:04:04Z">
          <reporter-output>
          </reporter-output>
        </test-method> <!-- TS011_VerifyFooterLinksTest -->
        <test-method status="PASS" signature="TS012_VerifyAllLinksUnderAttendTabTest()[pri:0, instance:PROD.AtlantaMarketSmokeTest_PROD@4667ae56]" name="TS012_VerifyAllLinksUnderAttendTabTest" duration-ms="150176" started-at="2022-08-23T12:04:04Z" finished-at="2022-08-23T12:06:34Z">
          <reporter-output>
          </reporter-output>
        </test-method> <!-- TS012_VerifyAllLinksUnderAttendTabTest -->
        <test-method status="PASS" signature="TS013_VerifyAllNewsAndTrendsMenuTest()[pri:0, instance:PROD.AtlantaMarketSmokeTest_PROD@4667ae56]" name="TS013_VerifyAllNewsAndTrendsMenuTest" duration-ms="48425" started-at="2022-08-23T12:06:34Z" finished-at="2022-08-23T12:07:23Z">
          <reporter-output>
          </reporter-output>
        </test-method> <!-- TS013_VerifyAllNewsAndTrendsMenuTest -->
      </class> <!-- PROD.AtlantaMarketSmokeTest_PROD -->
    </test> <!-- Test -->
  </suite> <!-- ATLMrkt_SmokeTestSuite -->
</testng-results>
