<?xml version="1.0" encoding="UTF-8"?>
<testng-results skipped="0" failed="0" total="1" passed="1">
  <reporter-output>
  </reporter-output>
  <suite name="Default suite" duration-ms="332644" started-at="2024-08-28T03:49:59Z" finished-at="2024-08-28T03:55:31Z">
    <groups>
    </groups>
    <test name="Default test" duration-ms="332644" started-at="2024-08-28T03:49:59Z" finished-at="2024-08-28T03:55:31Z">
      <class name="PROD.LasVegasAppSmokeTest_PROD">
        <test-method status="PASS" signature="initialize()[pri:0, instance:PROD.LasVegasAppSmokeTest_PROD@4dfa3a9d]" name="initialize" is-config="true" duration-ms="24854" started-at="2024-08-28T09:19:59Z" finished-at="2024-08-28T09:20:23Z">
          <reporter-output>
          </reporter-output>
        </test-method> <!-- initialize -->
        <test-method status="PASS" signature="TS001_LVMApp_VerifyAllHeaderChanelLinksTest()[pri:0, instance:PROD.LasVegasAppSmokeTest_PROD@4dfa3a9d]" name="TS001_LVMApp_VerifyAllHeaderChanelLinksTest" duration-ms="307767" started-at="2024-08-28T09:20:23Z" finished-at="2024-08-28T09:25:31Z">
          <reporter-output>
          </reporter-output>
        </test-method> <!-- TS001_LVMApp_VerifyAllHeaderChanelLinksTest -->
        <test-method status="PASS" signature="tearDown()[pri:0, instance:PROD.LasVegasAppSmokeTest_PROD@4dfa3a9d]" name="tearDown" is-config="true" duration-ms="0" started-at="2024-08-28T09:25:31Z" finished-at="2024-08-28T09:25:31Z">
          <reporter-output>
          </reporter-output>
        </test-method> <!-- tearDown -->
      </class> <!-- PROD.LasVegasAppSmokeTest_PROD -->
    </test> <!-- Default test -->
  </suite> <!-- Default suite -->
</testng-results>
