<?xml version="1.0" encoding="UTF-8"?>
<testng-results skipped="0" failed="0" total="1" passed="1">
  <reporter-output>
  </reporter-output>
  <suite name="ATLMrkt_SmokeTestSuite" duration-ms="108651" started-at="2022-01-20T07:16:14Z" finished-at="2022-01-20T07:18:02Z">
    <groups>
    </groups>
    <test name="Test" duration-ms="108651" started-at="2022-01-20T07:16:14Z" finished-at="2022-01-20T07:18:02Z">
      <class name="atlantamarket.AtlantaMarketSmokeTest_UAT">
        <test-method status="PASS" signature="initialize()[pri:0, instance:atlantamarket.AtlantaMarketSmokeTest_UAT@523884b2]" name="initialize" is-config="true" duration-ms="36368" started-at="2022-01-20T12:46:14Z" finished-at="2022-01-20T12:46:50Z">
          <reporter-output>
          </reporter-output>
        </test-method> <!-- initialize -->
        <test-method status="PASS" signature="TS001_VerifyMarketPlannerLoginTest()[pri:0, instance:atlantamarket.AtlantaMarketSmokeTest_UAT@523884b2]" name="TS001_VerifyMarketPlannerLoginTest" duration-ms="72184" started-at="2022-01-20T12:46:50Z" finished-at="2022-01-20T12:48:02Z">
          <reporter-output>
          </reporter-output>
        </test-method> <!-- TS001_VerifyMarketPlannerLoginTest -->
      </class> <!-- atlantamarket.AtlantaMarketSmokeTest_UAT -->
    </test> <!-- Test -->
  </suite> <!-- ATLMrkt_SmokeTestSuite -->
</testng-results>
