<?xml version="1.0" encoding="UTF-8"?>
<testng-results skipped="0" failed="0" total="2" passed="2">
  <reporter-output>
  </reporter-output>
  <suite name="SmokeTestSuite" duration-ms="421795" started-at="2023-09-07T06:18:47Z" finished-at="2023-09-07T06:25:48Z">
    <groups>
    </groups>
    <test name="SequencialTest" duration-ms="421795" started-at="2023-09-07T06:18:47Z" finished-at="2023-09-07T06:25:48Z">
      <class name="PROD.LagVegasMarketSmokeTest_PROD">
        <test-method status="PASS" signature="initialize()[pri:0, instance:PROD.LagVegasMarketSmokeTest_PROD@14bf9759]" name="initialize" is-config="true" duration-ms="31839" started-at="2023-09-07T11:48:47Z" finished-at="2023-09-07T11:49:19Z">
          <reporter-output>
          </reporter-output>
        </test-method> <!-- initialize -->
        <test-method status="PASS" signature="TS008_LVM_VerifyFooterLinksTest()[pri:0, instance:PROD.LagVegasMarketSmokeTest_PROD@14bf9759]" name="TS008_LVM_VerifyFooterLinksTest" duration-ms="366733" started-at="2023-09-07T11:49:19Z" finished-at="2023-09-07T11:55:25Z">
          <reporter-output>
          </reporter-output>
        </test-method> <!-- TS008_LVM_VerifyFooterLinksTest -->
        <test-method status="PASS" signature="TS011_LVM_VerifyAllLinksUnderYearRoundTabTest()[pri:0, instance:PROD.LagVegasMarketSmokeTest_PROD@14bf9759]" name="TS011_LVM_VerifyAllLinksUnderYearRoundTabTest" duration-ms="22099" started-at="2023-09-07T11:55:25Z" finished-at="2023-09-07T11:55:47Z">
          <reporter-output>
          </reporter-output>
        </test-method> <!-- TS011_LVM_VerifyAllLinksUnderYearRoundTabTest -->
        <test-method status="PASS" signature="tearDown()[pri:0, instance:PROD.LagVegasMarketSmokeTest_PROD@14bf9759]" name="tearDown" is-config="true" duration-ms="1119" started-at="2023-09-07T11:55:47Z" finished-at="2023-09-07T11:55:48Z">
          <reporter-output>
          </reporter-output>
        </test-method> <!-- tearDown -->
      </class> <!-- PROD.LagVegasMarketSmokeTest_PROD -->
    </test> <!-- SequencialTest -->
  </suite> <!-- SmokeTestSuite -->
</testng-results>
