<?xml version="1.0" encoding="UTF-8"?>
<testng-results skipped="10" failed="0" total="10" passed="0">
  <reporter-output>
  </reporter-output>
  <suite name="AMMart_SmokeTestSuite" duration-ms="39577" started-at="2022-02-15T07:01:17Z" finished-at="2022-02-15T07:01:57Z">
    <groups>
    </groups>
    <test name="Test" duration-ms="39577" started-at="2022-02-15T07:01:17Z" finished-at="2022-02-15T07:01:57Z">
      <class name="americasmart.AmericasMartSmokeTest_UAT">
        <test-method status="FAIL" signature="initialize()[pri:0, instance:americasmart.AmericasMartSmokeTest_UAT@5b275dab]" name="initialize" is-config="true" duration-ms="0" started-at="2022-02-15T12:31:17Z" finished-at="2022-02-15T12:31:17Z">
          <exception class="org.openqa.selenium.NoSuchElementException">
            <message>
              <![CDATA[no such element: Unable to locate element: {"method":"xpath","selector":"//button[@id='gdpr-btn']"}
  (Session info: chrome=98.0.4758.82)
For documentation on this error, please visit: http://seleniumhq.org/exceptions/no_such_element.html
Build info: version: '3.4.0', revision: 'unknown', time: 'unknown'
System info: host: 'SHRADHAMA-W10', ip: '172.27.182.74', os.name: 'Windows 10', os.arch: 'amd64', os.version: '10.0', java.version: '1.8.0_161'
Driver info: org.openqa.selenium.chrome.ChromeDriver
Capabilities [{networkConnectionEnabled=false, chrome={chromedriverVersion=97.0.4692.71 (adefa7837d02a07a604c1e6eff0b3a09422ab88d-refs/branch-heads/4692@{#1247}), userDataDir=C:\Users\SHRADH~1\AppData\Local\Temp\scoped_dir4952_82677134}, timeouts={implicit=0.0, pageLoad=300000.0, script=30000.0}, pageLoadStrategy=normal, unhandledPromptBehavior=dismiss and notify, strictFileInteractability=false, platform=ANY, proxy=Proxy(), goog:chromeOptions={debuggerAddress=localhost:57295}, webauthn:extension:credBlob=true, acceptInsecureCerts=false, browserVersion=98.0.4758.82, browserName=chrome, javascriptEnabled=true, platformName=windows, setWindowRect=true, webauthn:extension:largeBlob=true, webauthn:virtualAuthenticators=true}]
Session ID: 303160b06056dc96f9534eeecfe30fd4
*** Element info: {Using=xpath, value=//button[@id='gdpr-btn']}]]>
            </message>
            <full-stacktrace>
              <![CDATA[org.openqa.selenium.NoSuchElementException: no such element: Unable to locate element: {"method":"xpath","selector":"//button[@id='gdpr-btn']"}
  (Session info: chrome=98.0.4758.82)
For documentation on this error, please visit: http://seleniumhq.org/exceptions/no_such_element.html
Build info: version: '3.4.0', revision: 'unknown', time: 'unknown'
System info: host: 'SHRADHAMA-W10', ip: '172.27.182.74', os.name: 'Windows 10', os.arch: 'amd64', os.version: '10.0', java.version: '1.8.0_161'
Driver info: org.openqa.selenium.chrome.ChromeDriver
Capabilities [{networkConnectionEnabled=false, chrome={chromedriverVersion=97.0.4692.71 (adefa7837d02a07a604c1e6eff0b3a09422ab88d-refs/branch-heads/4692@{#1247}), userDataDir=C:\Users\SHRADH~1\AppData\Local\Temp\scoped_dir4952_82677134}, timeouts={implicit=0.0, pageLoad=300000.0, script=30000.0}, pageLoadStrategy=normal, unhandledPromptBehavior=dismiss and notify, strictFileInteractability=false, platform=ANY, proxy=Proxy(), goog:chromeOptions={debuggerAddress=localhost:57295}, webauthn:extension:credBlob=true, acceptInsecureCerts=false, browserVersion=98.0.4758.82, browserName=chrome, javascriptEnabled=true, platformName=windows, setWindowRect=true, webauthn:extension:largeBlob=true, webauthn:virtualAuthenticators=true}]
Session ID: 303160b06056dc96f9534eeecfe30fd4
*** Element info: {Using=xpath, value=//button[@id='gdpr-btn']}
	at sun.reflect.NativeConstructorAccessorImpl.newInstance0(Native Method)
	at sun.reflect.NativeConstructorAccessorImpl.newInstance(NativeConstructorAccessorImpl.java:62)
	at sun.reflect.DelegatingConstructorAccessorImpl.newInstance(DelegatingConstructorAccessorImpl.java:45)
	at java.lang.reflect.Constructor.newInstance(Constructor.java:423)
	at org.openqa.selenium.remote.http.W3CHttpResponseCodec.createException(W3CHttpResponseCodec.java:150)
	at org.openqa.selenium.remote.http.W3CHttpResponseCodec.decode(W3CHttpResponseCodec.java:115)
	at org.openqa.selenium.remote.http.W3CHttpResponseCodec.decode(W3CHttpResponseCodec.java:45)
	at org.openqa.selenium.remote.HttpCommandExecutor.execute(HttpCommandExecutor.java:164)
	at org.openqa.selenium.remote.service.DriverCommandExecutor.execute(DriverCommandExecutor.java:82)
	at org.openqa.selenium.remote.RemoteWebDriver.execute(RemoteWebDriver.java:637)
	at org.openqa.selenium.remote.RemoteWebDriver.findElement(RemoteWebDriver.java:410)
	at org.openqa.selenium.remote.RemoteWebDriver.findElementByXPath(RemoteWebDriver.java:509)
	at org.openqa.selenium.By$ByXPath.findElement(By.java:361)
	at org.openqa.selenium.remote.RemoteWebDriver.findElement(RemoteWebDriver.java:402)
	at pageObjects.LasVegasMarket.UXPLandingPage.getIUnderstandBtn(UXPLandingPage.java:36)
	at americasmart.AmericasMartSmokeTest_UAT.initialize(AmericasMartSmokeTest_UAT.java:91)
	at sun.reflect.NativeMethodAccessorImpl.invoke0(Native Method)
	at sun.reflect.NativeMethodAccessorImpl.invoke(NativeMethodAccessorImpl.java:62)
	at sun.reflect.DelegatingMethodAccessorImpl.invoke(DelegatingMethodAccessorImpl.java:43)
	at java.lang.reflect.Method.invoke(Method.java:498)
	at org.testng.internal.MethodInvocationHelper.invokeMethod(MethodInvocationHelper.java:80)
	at org.testng.internal.Invoker.invokeConfigurationMethod(Invoker.java:564)
	at org.testng.internal.Invoker.invokeConfigurations(Invoker.java:213)
	at org.testng.internal.Invoker.invokeConfigurations(Invoker.java:138)
	at org.testng.TestRunner.beforeRun(TestRunner.java:641)
	at org.testng.TestRunner.run(TestRunner.java:609)
	at org.testng.SuiteRunner.runTest(SuiteRunner.java:334)
	at org.testng.SuiteRunner.runSequentially(SuiteRunner.java:329)
	at org.testng.SuiteRunner.privateRun(SuiteRunner.java:291)
	at org.testng.SuiteRunner.run(SuiteRunner.java:240)
	at org.testng.SuiteRunnerWorker.runSuite(SuiteRunnerWorker.java:52)
	at org.testng.SuiteRunnerWorker.run(SuiteRunnerWorker.java:86)
	at org.testng.TestNG.runSuitesSequentially(TestNG.java:1198)
	at org.testng.TestNG.runSuitesLocally(TestNG.java:1123)
	at org.testng.TestNG.run(TestNG.java:1031)
	at org.testng.remote.AbstractRemoteTestNG.run(AbstractRemoteTestNG.java:114)
	at org.testng.remote.RemoteTestNG.initAndRun(RemoteTestNG.java:251)
	at org.testng.remote.RemoteTestNG.main(RemoteTestNG.java:77)
]]>
            </full-stacktrace>
          </exception> <!-- org.openqa.selenium.NoSuchElementException -->
          <reporter-output>
          </reporter-output>
        </test-method> <!-- initialize -->
        <test-method status="SKIP" signature="TS001_VerifyMarketPlannerLoginTest()[pri:0, instance:americasmart.AmericasMartSmokeTest_UAT@5b275dab]" name="TS001_VerifyMarketPlannerLoginTest" duration-ms="8" started-at="2022-02-15T12:31:57Z" finished-at="2022-02-15T12:31:57Z">
          <reporter-output>
          </reporter-output>
        </test-method> <!-- TS001_VerifyMarketPlannerLoginTest -->
        <test-method status="SKIP" signature="TS002_VerifyExhibitorDirectoryTest()[pri:0, instance:americasmart.AmericasMartSmokeTest_UAT@5b275dab]" name="TS002_VerifyExhibitorDirectoryTest" duration-ms="1" started-at="2022-02-15T12:31:57Z" finished-at="2022-02-15T12:31:57Z">
          <reporter-output>
          </reporter-output>
        </test-method> <!-- TS002_VerifyExhibitorDirectoryTest -->
        <test-method status="SKIP" signature="TS003_VerifyAllSocialMediaLinksOnFooterTest()[pri:0, instance:americasmart.AmericasMartSmokeTest_UAT@5b275dab]" name="TS003_VerifyAllSocialMediaLinksOnFooterTest" duration-ms="3" started-at="2022-02-15T12:31:57Z" finished-at="2022-02-15T12:31:57Z">
          <reporter-output>
          </reporter-output>
        </test-method> <!-- TS003_VerifyAllSocialMediaLinksOnFooterTest -->
        <test-method status="SKIP" signature="TS005_VerifyAllLinksUnderAboutTabTest()[pri:0, instance:americasmart.AmericasMartSmokeTest_UAT@5b275dab]" name="TS005_VerifyAllLinksUnderAboutTabTest" duration-ms="2" started-at="2022-02-15T12:31:57Z" finished-at="2022-02-15T12:31:57Z">
          <reporter-output>
          </reporter-output>
        </test-method> <!-- TS005_VerifyAllLinksUnderAboutTabTest -->
        <test-method status="SKIP" signature="TS005_VerifyAllHeaderChanelLinksTest()[pri:0, instance:americasmart.AmericasMartSmokeTest_UAT@5b275dab]" name="TS005_VerifyAllHeaderChanelLinksTest" duration-ms="2" started-at="2022-02-15T12:31:57Z" finished-at="2022-02-15T12:31:57Z">
          <reporter-output>
          </reporter-output>
        </test-method> <!-- TS005_VerifyAllHeaderChanelLinksTest -->
        <test-method status="SKIP" signature="TS006_VerifyAllLinksUnderMarketsAndEventsTabTest()[pri:0, instance:americasmart.AmericasMartSmokeTest_UAT@5b275dab]" name="TS006_VerifyAllLinksUnderMarketsAndEventsTabTest" duration-ms="3" started-at="2022-02-15T12:31:57Z" finished-at="2022-02-15T12:31:57Z">
          <reporter-output>
          </reporter-output>
        </test-method> <!-- TS006_VerifyAllLinksUnderMarketsAndEventsTabTest -->
        <test-method status="SKIP" signature="TS007_VerifyFooterLinksTest()[pri:0, instance:americasmart.AmericasMartSmokeTest_UAT@5b275dab]" name="TS007_VerifyFooterLinksTest" duration-ms="1" started-at="2022-02-15T12:31:57Z" finished-at="2022-02-15T12:31:57Z">
          <reporter-output>
          </reporter-output>
        </test-method> <!-- TS007_VerifyFooterLinksTest -->
        <test-method status="SKIP" signature="TS008_VerifyGlobalSearchFunctionalityTest()[pri:0, instance:americasmart.AmericasMartSmokeTest_UAT@5b275dab]" name="TS008_VerifyGlobalSearchFunctionalityTest" duration-ms="2" started-at="2022-02-15T12:31:57Z" finished-at="2022-02-15T12:31:57Z">
          <reporter-output>
          </reporter-output>
        </test-method> <!-- TS008_VerifyGlobalSearchFunctionalityTest -->
        <test-method status="SKIP" signature="TS009_VerifyAllLinksUnderOpenYearRoundTest()[pri:0, instance:americasmart.AmericasMartSmokeTest_UAT@5b275dab]" name="TS009_VerifyAllLinksUnderOpenYearRoundTest" duration-ms="3" started-at="2022-02-15T12:31:57Z" finished-at="2022-02-15T12:31:57Z">
          <reporter-output>
          </reporter-output>
        </test-method> <!-- TS009_VerifyAllLinksUnderOpenYearRoundTest -->
        <test-method status="SKIP" signature="TS010_VerifyAllLinksUnderExhibitTest()[pri:0, instance:americasmart.AmericasMartSmokeTest_UAT@5b275dab]" name="TS010_VerifyAllLinksUnderExhibitTest" duration-ms="6" started-at="2022-02-15T12:31:57Z" finished-at="2022-02-15T12:31:57Z">
          <reporter-output>
          </reporter-output>
        </test-method> <!-- TS010_VerifyAllLinksUnderExhibitTest -->
      </class> <!-- americasmart.AmericasMartSmokeTest_UAT -->
    </test> <!-- Test -->
  </suite> <!-- AMMart_SmokeTestSuite -->
</testng-results>
