<?xml version="1.0" encoding="UTF-8"?>
<testng-results skipped="0" failed="1" total="1" passed="0">
  <reporter-output>
  </reporter-output>

  <suite name="Suite" duration-ms="5492" started-at="2022-12-12T05:29:49Z" finished-at="2022-12-12T05:29:55Z">
    <groups>
    </groups>
    <test name="Test" duration-ms="5492" started-at="2022-12-12T05:29:49Z" finished-at="2022-12-12T05:29:55Z">
      <class name="UAT.AtlantaMarketLoginTest_UAT">
        <test-method status="PASS" signature="driverInitialize()[pri:0, instance:UAT.AtlantaMarketLoginTest_UAT@343f4d3d]" name="driverInitialize" is-config="true" duration-ms="3802" started-at="2022-12-12T10:59:49Z" finished-at="2022-12-12T10:59:53Z">
          <reporter-output>
          </reporter-output>
        </test-method> <!-- driverInitialize -->
        <test-method status="FAIL" signature="atlMarketOpen()[pri:0, instance:UAT.AtlantaMarketLoginTest_UAT@343f4d3d]" name="atlMarketOpen" duration-ms="11" started-at="2022-12-12T10:59:53Z" finished-at="2022-12-12T10:59:53Z">
          <exception class="java.lang.NullPointerException">
            <message>
              <![CDATA[null value in entry: url=null]]>
            </message>
            <full-stacktrace>
              <![CDATA[java.lang.NullPointerException: null value in entry: url=null
	at com.google.common.collect.CollectPreconditions.checkEntryNotNull(CollectPreconditions.java:34)
	at com.google.common.collect.SingletonImmutableBiMap.<init>(SingletonImmutableBiMap.java:42)
	at com.google.common.collect.ImmutableBiMap.of(ImmutableBiMap.java:73)
	at com.google.common.collect.ImmutableMap.of(ImmutableMap.java:120)
	at org.openqa.selenium.remote.RemoteWebDriver.get(RemoteWebDriver.java:364)
	at UAT.AtlantaMarketLoginTest_UAT.atlMarketOpen(AtlantaMarketLoginTest_UAT.java:35)

  <suite name="SmokeTestSuite" duration-ms="38807" started-at="2023-03-28T06:11:06Z" finished-at="2023-03-28T06:11:45Z">
    <groups>
    </groups>
    <test name="SequencialTest" duration-ms="38807" started-at="2023-03-28T06:11:06Z" finished-at="2023-03-28T06:11:45Z">
      <class name="PROD.SitecoreSmokeTest_PROD">
        <test-method status="PASS" signature="initialize()[pri:0, instance:PROD.SitecoreSmokeTest_PROD@464bee09]" name="initialize" is-config="true" duration-ms="14548" started-at="2023-03-28T11:41:06Z" finished-at="2023-03-28T11:41:21Z">
          <reporter-output>
          </reporter-output>
        </test-method> <!-- initialize -->
        <test-method status="FAIL" signature="TS009_SC_VerifyDigitalAdminPanelTest()[pri:0, instance:PROD.SitecoreSmokeTest_PROD@464bee09]" name="TS009_SC_VerifyDigitalAdminPanelTest" duration-ms="20737" started-at="2023-03-28T11:41:21Z" finished-at="2023-03-28T11:41:42Z">
          <exception class="org.openqa.selenium.TimeoutException">
            <message>
              <![CDATA[Expected condition failed: waiting for element to be clickable: By.xpath: //a[@href='/sitecore/shell/sitecore/client/Applications/Launchpad'] (tried for 20 second(s) with 500 MILLISECONDS interval)]]>
            </message>
            <full-stacktrace>
              <![CDATA[org.openqa.selenium.TimeoutException: Expected condition failed: waiting for element to be clickable: By.xpath: //a[@href='/sitecore/shell/sitecore/client/Applications/Launchpad'] (tried for 20 second(s) with 500 MILLISECONDS interval)
	at org.openqa.selenium.support.ui.WebDriverWait.timeoutException(WebDriverWait.java:80)
	at org.openqa.selenium.support.ui.FluentWait.until(FluentWait.java:232)
	at pageObjects.Sitecore.SitecoreSmokeTestLinks.getVerifyHomePage(SitecoreSmokeTestLinks.java:58)
	at PROD.SitecoreSmokeTest_PROD.TS009_SC_VerifyDigitalAdminPanelTest(SitecoreSmokeTest_PROD.java:86)

	at sun.reflect.NativeMethodAccessorImpl.invoke0(Native Method)
	at sun.reflect.NativeMethodAccessorImpl.invoke(Unknown Source)
	at sun.reflect.DelegatingMethodAccessorImpl.invoke(Unknown Source)
	at java.lang.reflect.Method.invoke(Unknown Source)
	at org.testng.internal.MethodInvocationHelper.invokeMethod(MethodInvocationHelper.java:80)
	at org.testng.internal.Invoker.invokeMethod(Invoker.java:714)
	at org.testng.internal.Invoker.invokeTestMethod(Invoker.java:901)
	at org.testng.internal.Invoker.invokeTestMethods(Invoker.java:1231)
	at org.testng.internal.TestMethodWorker.invokeTestMethods(TestMethodWorker.java:127)
	at org.testng.internal.TestMethodWorker.run(TestMethodWorker.java:111)
	at org.testng.TestRunner.privateRun(TestRunner.java:767)
	at org.testng.TestRunner.run(TestRunner.java:617)
	at org.testng.SuiteRunner.runTest(SuiteRunner.java:334)
	at org.testng.SuiteRunner.runSequentially(SuiteRunner.java:329)
	at org.testng.SuiteRunner.privateRun(SuiteRunner.java:291)
	at org.testng.SuiteRunner.run(SuiteRunner.java:240)
	at org.testng.SuiteRunnerWorker.runSuite(SuiteRunnerWorker.java:52)
	at org.testng.SuiteRunnerWorker.run(SuiteRunnerWorker.java:86)
	at org.testng.TestNG.runSuitesSequentially(TestNG.java:1198)
	at org.testng.TestNG.runSuitesLocally(TestNG.java:1123)
	at org.testng.TestNG.run(TestNG.java:1031)
	at org.testng.remote.AbstractRemoteTestNG.run(AbstractRemoteTestNG.java:132)
	at org.testng.remote.RemoteTestNG.initAndRun(RemoteTestNG.java:236)
	at org.testng.remote.RemoteTestNG.main(RemoteTestNG.java:81)

]]>
            </full-stacktrace>
          </exception> <!-- java.lang.NullPointerException -->
          <reporter-output>
          </reporter-output>
        </test-method> <!-- atlMarketOpen -->
        <test-method status="PASS" signature="quitBrowser()[pri:0, instance:UAT.AtlantaMarketLoginTest_UAT@343f4d3d]" name="quitBrowser" is-config="true" duration-ms="1633" started-at="2022-12-12T10:59:53Z" finished-at="2022-12-12T10:59:55Z">
          <reporter-output>
          </reporter-output>
        </test-method> <!-- quitBrowser -->
      </class> <!-- UAT.AtlantaMarketLoginTest_UAT -->
    </test> <!-- Test -->
  </suite> <!-- Suite -->

Caused by: org.openqa.selenium.NoSuchElementException: Cannot locate an element using By.xpath: //a[@href='/sitecore/shell/sitecore/client/Applications/Launchpad']
For documentation on this error, please visit: http://seleniumhq.org/exceptions/no_such_element.html
Build info: version: '3.4.0', revision: 'unknown', time: 'unknown'
System info: host: 'NILAMMA-W10', ip: '192.168.68.2', os.name: 'Windows 10', os.arch: 'amd64', os.version: '10.0', java.version: '1.8.0_161'
Driver info: driver.version: unknown
	at org.openqa.selenium.support.ui.ExpectedConditions.lambda$findElement$0(ExpectedConditions.java:883)
	at java.util.Optional.orElseThrow(Unknown Source)
	at org.openqa.selenium.support.ui.ExpectedConditions.findElement(ExpectedConditions.java:882)
	at org.openqa.selenium.support.ui.ExpectedConditions.access$000(ExpectedConditions.java:44)
	at org.openqa.selenium.support.ui.ExpectedConditions$7.apply(ExpectedConditions.java:206)
	at org.openqa.selenium.support.ui.ExpectedConditions$7.apply(ExpectedConditions.java:202)
	at org.openqa.selenium.support.ui.ExpectedConditions$22.apply(ExpectedConditions.java:644)
	at org.openqa.selenium.support.ui.ExpectedConditions$22.apply(ExpectedConditions.java:641)
	at org.openqa.selenium.support.ui.FluentWait.until(FluentWait.java:209)
	... 26 more
]]>
            </full-stacktrace>
          </exception> <!-- org.openqa.selenium.TimeoutException -->
          <reporter-output>
          </reporter-output>
        </test-method> <!-- TS009_SC_VerifyDigitalAdminPanelTest -->
        <test-method status="PASS" signature="tearDown()[pri:0, instance:PROD.SitecoreSmokeTest_PROD@464bee09]" name="tearDown" is-config="true" duration-ms="3444" started-at="2023-03-28T11:41:42Z" finished-at="2023-03-28T11:41:45Z">
          <reporter-output>
          </reporter-output>
        </test-method> <!-- tearDown -->
      </class> <!-- PROD.SitecoreSmokeTest_PROD -->
    </test> <!-- SequencialTest -->
  </suite> <!-- SmokeTestSuite -->

</testng-results>
