<?xml version="1.0" encoding="UTF-8"?>
<testng-results skipped="0" failed="0" total="9" passed="9">
  <reporter-output>
  </reporter-output>
  <suite name="SmokeTestSuite" duration-ms="172008" started-at="2023-07-18T08:04:01Z" finished-at="2023-07-18T08:06:53Z">
    <groups>
    </groups>
    <test name="SequencialTest" duration-ms="172008" started-at="2023-07-18T08:04:01Z" finished-at="2023-07-18T08:06:53Z">
      <class name="PROD.SitecoreSmokeTest_PROD">
        <test-method status="PASS" signature="initialize()[pri:0, instance:PROD.SitecoreSmokeTest_PROD@e25b2fe]" name="initialize" is-config="true" duration-ms="4601" started-at="2023-07-18T13:34:01Z" finished-at="2023-07-18T13:34:05Z">
          <reporter-output>
          </reporter-output>
        </test-method> <!-- initialize -->
        <test-method status="PASS" signature="TS001_SC_VerifySitecoreLoginTest()[pri:0, instance:PROD.SitecoreSmokeTest_PROD@e25b2fe]" name="TS001_SC_VerifySitecoreLoginTest" duration-ms="36159" started-at="2023-07-18T13:34:05Z" finished-at="2023-07-18T13:34:41Z">
          <reporter-output>
          </reporter-output>
        </test-method> <!-- TS001_SC_VerifySitecoreLoginTest -->
        <test-method status="PASS" signature="TS002_SC_VerifyContentEditorTest()[pri:0, instance:PROD.SitecoreSmokeTest_PROD@e25b2fe]" name="TS002_SC_VerifyContentEditorTest" duration-ms="6246" started-at="2023-07-18T13:34:41Z" finished-at="2023-07-18T13:34:48Z">
          <reporter-output>
          </reporter-output>
        </test-method> <!-- TS002_SC_VerifyContentEditorTest -->
        <test-method status="PASS" signature="TS003_SC_VerifyControlPanelTest()[pri:0, instance:PROD.SitecoreSmokeTest_PROD@e25b2fe]" name="TS003_SC_VerifyControlPanelTest" duration-ms="31030" started-at="2023-07-18T13:34:48Z" finished-at="2023-07-18T13:35:19Z">
          <reporter-output>
          </reporter-output>
        </test-method> <!-- TS003_SC_VerifyControlPanelTest -->
        <test-method status="PASS" signature="TS004_SC_VerifyShowSpecialApprovalsTest()[pri:0, instance:PROD.SitecoreSmokeTest_PROD@e25b2fe]" name="TS004_SC_VerifyShowSpecialApprovalsTest" duration-ms="7500" started-at="2023-07-18T13:35:19Z" finished-at="2023-07-18T13:35:26Z">
          <reporter-output>
          </reporter-output>
        </test-method> <!-- TS004_SC_VerifyShowSpecialApprovalsTest -->
        <test-method status="PASS" signature="TS005_SC_VerifyEmailExperienceManagerTest()[pri:0, instance:PROD.SitecoreSmokeTest_PROD@e25b2fe]" name="TS005_SC_VerifyEmailExperienceManagerTest" duration-ms="9255" started-at="2023-07-18T13:35:26Z" finished-at="2023-07-18T13:35:35Z">
          <reporter-output>
          </reporter-output>
        </test-method> <!-- TS005_SC_VerifyEmailExperienceManagerTest -->
        <test-method status="PASS" signature="TS006_SC_VerifyIMCReportsTest()[pri:0, instance:PROD.SitecoreSmokeTest_PROD@e25b2fe]" name="TS006_SC_VerifyIMCReportsTest" duration-ms="29098" started-at="2023-07-18T13:35:35Z" finished-at="2023-07-18T13:36:04Z">
          <reporter-output>
          </reporter-output>
        </test-method> <!-- TS006_SC_VerifyIMCReportsTest -->
        <test-method status="PASS" signature="TS007_SC_VerifyTaxonomyManagerTest()[pri:0, instance:PROD.SitecoreSmokeTest_PROD@e25b2fe]" name="TS007_SC_VerifyTaxonomyManagerTest" duration-ms="8743" started-at="2023-07-18T13:36:04Z" finished-at="2023-07-18T13:36:13Z">
          <reporter-output>
          </reporter-output>
        </test-method> <!-- TS007_SC_VerifyTaxonomyManagerTest -->
        <test-method status="PASS" signature="TS008_SC_VerifyExhibitorEventsApprovalTest()[pri:0, instance:PROD.SitecoreSmokeTest_PROD@e25b2fe]" name="TS008_SC_VerifyExhibitorEventsApprovalTest" duration-ms="28814" started-at="2023-07-18T13:36:13Z" finished-at="2023-07-18T13:36:42Z">
          <reporter-output>
          </reporter-output>
        </test-method> <!-- TS008_SC_VerifyExhibitorEventsApprovalTest -->
        <test-method status="PASS" signature="TS009_SC_VerifyDigitalAdminPanelTest()[pri:0, instance:PROD.SitecoreSmokeTest_PROD@e25b2fe]" name="TS009_SC_VerifyDigitalAdminPanelTest" duration-ms="8162" started-at="2023-07-18T13:36:42Z" finished-at="2023-07-18T13:36:50Z">
          <reporter-output>
          </reporter-output>
        </test-method> <!-- TS009_SC_VerifyDigitalAdminPanelTest -->
        <test-method status="PASS" signature="tearDown()[pri:0, instance:PROD.SitecoreSmokeTest_PROD@e25b2fe]" name="tearDown" is-config="true" duration-ms="2352" started-at="2023-07-18T13:36:50Z" finished-at="2023-07-18T13:36:53Z">
          <reporter-output>
          </reporter-output>
        </test-method> <!-- tearDown -->
      </class> <!-- PROD.SitecoreSmokeTest_PROD -->
    </test> <!-- SequencialTest -->
  </suite> <!-- SmokeTestSuite -->
</testng-results>
