<?xml version="1.0" encoding="UTF-8"?>
<testng-results skipped="0" failed="0" total="1" passed="1">
  <reporter-output>
  </reporter-output>
  <suite name="ATLMrkt_SmokeTestSuite" duration-ms="145878" started-at="2022-02-02T06:13:11Z" finished-at="2022-02-02T06:15:36Z">
    <groups>
    </groups>
    <test name="Test" duration-ms="145878" started-at="2022-02-02T06:13:11Z" finished-at="2022-02-02T06:15:36Z">
      <class name="atlantamarket.AtlantaMarketSmokeTest_UAT">
        <test-method status="PASS" signature="initialize()[pri:0, instance:atlantamarket.AtlantaMarketSmokeTest_UAT@5e5792a0]" name="initialize" is-config="true" duration-ms="56564" started-at="2022-02-02T11:43:11Z" finished-at="2022-02-02T11:44:07Z">
          <reporter-output>
          </reporter-output>
        </test-method> <!-- initialize -->
        <test-method status="PASS" signature="TS008_VerifAllLinksUnderExhibitTabTest()[pri:0, instance:atlantamarket.AtlantaMarketSmokeTest_UAT@5e5792a0]" name="TS008_VerifAllLinksUnderExhibitTabTest" duration-ms="89238" started-at="2022-02-02T11:44:07Z" finished-at="2022-02-02T11:45:36Z">
          <reporter-output>
          </reporter-output>
        </test-method> <!-- TS008_VerifAllLinksUnderExhibitTabTest -->
      </class> <!-- atlantamarket.AtlantaMarketSmokeTest_UAT -->
    </test> <!-- Test -->
  </suite> <!-- ATLMrkt_SmokeTestSuite -->
</testng-results>
