<?xml version="1.0" encoding="UTF-8"?>
<testng-results skipped="0" failed="0" total="0" passed="0">
  <reporter-output>
  </reporter-output>
  <suite name="Suite" duration-ms="41031" started-at="2021-08-23T12:00:10Z" finished-at="2021-08-23T12:00:51Z">
    <groups>
    </groups>
    <test name="Test" duration-ms="41031" started-at="2021-08-23T12:00:10Z" finished-at="2021-08-23T12:00:51Z">
      <class name="uxpframework.uxpWebAutomation.LoginPageTest">
        <test-method status="PASS" signature="initialize()[pri:0, instance:uxpframework.uxpWebAutomation.LoginPageTest@ae45eb6]" name="initialize" is-config="true" duration-ms="41004" started-at="2021-08-23T17:30:10Z" finished-at="2021-08-23T17:30:51Z">
          <reporter-output>
          </reporter-output>
        </test-method> <!-- initialize -->
      </class> <!-- uxpframework.uxpWebAutomation.LoginPageTest -->
    </test> <!-- Test -->
  </suite> <!-- Suite -->
</testng-results>
