<?xml version="1.0" encoding="UTF-8"?>
<testng-results skipped="0" failed="0" total="1" passed="1">
  <reporter-output>
  </reporter-output>
  <suite name="LVM_SmokeTestSuite" duration-ms="524124" started-at="2022-05-05T05:25:36Z" finished-at="2022-05-05T05:34:20Z">
    <groups>
    </groups>
    <test name="Test" duration-ms="524124" started-at="2022-05-05T05:25:36Z" finished-at="2022-05-05T05:34:20Z">
      <class name="lasvegasmarket.LagVegasMarketSmokeTest_PROD">
        <test-method status="PASS" signature="initialize()[pri:0, instance:lasvegasmarket.LagVegasMarketSmokeTest_PROD@5e5792a0]" name="initialize" is-config="true" duration-ms="43867" started-at="2022-05-05T10:55:36Z" finished-at="2022-05-05T10:56:20Z">
          <reporter-output>
          </reporter-output>
        </test-method> <!-- initialize -->
        <test-method status="PASS" signature="TS008_VerifyFooterLinksTest()[pri:0, instance:lasvegasmarket.LagVegasMarketSmokeTest_PROD@5e5792a0]" name="TS008_VerifyFooterLinksTest" duration-ms="480210" started-at="2022-05-05T10:56:20Z" finished-at="2022-05-05T11:04:20Z">
          <reporter-output>
          </reporter-output>
        </test-method> <!-- TS008_VerifyFooterLinksTest -->
      </class> <!-- lasvegasmarket.LagVegasMarketSmokeTest_PROD -->
    </test> <!-- Test -->
  </suite> <!-- LVM_SmokeTestSuite -->
</testng-results>
