<?xml version="1.0" encoding="UTF-8"?>
<testng-results skipped="0" failed="0" total="1" passed="1">
  <reporter-output>
  </reporter-output>
  <suite name="Default suite" duration-ms="47788" started-at="2024-07-11T06:16:01Z" finished-at="2024-07-11T06:16:49Z">
    <groups>
    </groups>
    <test name="Default test" duration-ms="47788" started-at="2024-07-11T06:16:01Z" finished-at="2024-07-11T06:16:49Z">
      <class name="PROD.AtlantaAppSmokeTest_PROD">
        <test-method status="PASS" signature="initialize()[pri:0, instance:PROD.AtlantaAppSmokeTest_PROD@4dfa3a9d]" name="initialize" is-config="true" duration-ms="31976" started-at="2024-07-11T11:46:01Z" finished-at="2024-07-11T11:46:33Z">
          <reporter-output>
          </reporter-output>
        </test-method> <!-- initialize -->
        <test-method status="PASS" signature="TS008_ATLApp_VerifySocialMediaLinksTest()[pri:0, instance:PROD.AtlantaAppSmokeTest_PROD@4dfa3a9d]" name="TS008_ATLApp_VerifySocialMediaLinksTest" duration-ms="12117" started-at="2024-07-11T11:46:33Z" finished-at="2024-07-11T11:46:45Z">
          <reporter-output>
          </reporter-output>
        </test-method> <!-- TS008_ATLApp_VerifySocialMediaLinksTest -->
        <test-method status="PASS" signature="tearDown()[pri:0, instance:PROD.AtlantaAppSmokeTest_PROD@4dfa3a9d]" name="tearDown" is-config="true" duration-ms="3661" started-at="2024-07-11T11:46:45Z" finished-at="2024-07-11T11:46:49Z">
          <reporter-output>
          </reporter-output>
        </test-method> <!-- tearDown -->
      </class> <!-- PROD.AtlantaAppSmokeTest_PROD -->
    </test> <!-- Default test -->
  </suite> <!-- Default suite -->
</testng-results>
