<?xml version="1.0" encoding="UTF-8"?>
<testng-results skipped="0" failed="0" total="9" passed="9">
  <reporter-output>
  </reporter-output>
  <suite name="SmokeTestSuite" duration-ms="643482" started-at="2023-09-06T09:29:40Z" finished-at="2023-09-06T09:40:24Z">
    <groups>
    </groups>
    <test name="SequencialTest" duration-ms="643482" started-at="2023-09-06T09:29:40Z" finished-at="2023-09-06T09:40:24Z">
      <class name="PROD.LasVegasAppSmokeTest_PROD">
        <test-method status="PASS" signature="initialize()[pri:0, instance:PROD.LasVegasAppSmokeTest_PROD@57fffcd7]" name="initialize" is-config="true" duration-ms="24625" started-at="2023-09-06T14:59:40Z" finished-at="2023-09-06T15:00:05Z">
          <reporter-output>
          </reporter-output>
        </test-method> <!-- initialize -->
        <test-method status="PASS" signature="TS002_LVMApp_VerifyGlobalSearchFunctionalityTest()[pri:0, instance:PROD.LasVegasAppSmokeTest_PROD@57fffcd7]" name="TS002_LVMApp_VerifyGlobalSearchFunctionalityTest" duration-ms="13516" started-at="2023-09-06T15:00:05Z" finished-at="2023-09-06T15:00:19Z">
          <reporter-output>
          </reporter-output>
        </test-method> <!-- TS002_LVMApp_VerifyGlobalSearchFunctionalityTest -->
        <test-method status="PASS" signature="TS004_LVMApp_VerifyAllLinksUnderAboutTabTest()[pri:0, instance:PROD.LasVegasAppSmokeTest_PROD@57fffcd7]" name="TS004_LVMApp_VerifyAllLinksUnderAboutTabTest" duration-ms="7876" started-at="2023-09-06T15:00:19Z" finished-at="2023-09-06T15:00:26Z">
          <reporter-output>
          </reporter-output>
        </test-method> <!-- TS004_LVMApp_VerifyAllLinksUnderAboutTabTest -->
        <test-method status="PASS" signature="TS005_LVMApp_VerifyAllLinksUnderExhibitorsAndProductsTabTest()[pri:0, instance:PROD.LasVegasAppSmokeTest_PROD@57fffcd7]" name="TS005_LVMApp_VerifyAllLinksUnderExhibitorsAndProductsTabTest" duration-ms="6189" started-at="2023-09-06T15:00:26Z" finished-at="2023-09-06T15:00:33Z">
          <reporter-output>
          </reporter-output>
        </test-method> <!-- TS005_LVMApp_VerifyAllLinksUnderExhibitorsAndProductsTabTest -->
        <test-method status="PASS" signature="TS006_LVMApp_VerifyAllLinksUnderAttendTabTest()[pri:0, instance:PROD.LasVegasAppSmokeTest_PROD@57fffcd7]" name="TS006_LVMApp_VerifyAllLinksUnderAttendTabTest" duration-ms="18587" started-at="2023-09-06T15:00:33Z" finished-at="2023-09-06T15:00:51Z">
          <reporter-output>
          </reporter-output>
        </test-method> <!-- TS006_LVMApp_VerifyAllLinksUnderAttendTabTest -->
        <test-method status="PASS" signature="TS007_LVMApp_VerifyAllLinksUnderExhibitTabTest()[pri:0, instance:PROD.LasVegasAppSmokeTest_PROD@57fffcd7]" name="TS007_LVMApp_VerifyAllLinksUnderExhibitTabTest" duration-ms="26367" started-at="2023-09-06T15:00:51Z" finished-at="2023-09-06T15:01:18Z">
          <reporter-output>
          </reporter-output>
        </test-method> <!-- TS007_LVMApp_VerifyAllLinksUnderExhibitTabTest -->
        <test-method status="PASS" signature="TS008_LVMApp_VerifyFooterLinksTest()[pri:0, instance:PROD.LasVegasAppSmokeTest_PROD@57fffcd7]" name="TS008_LVMApp_VerifyFooterLinksTest" duration-ms="223344" started-at="2023-09-06T15:01:18Z" finished-at="2023-09-06T15:05:01Z">
          <reporter-output>
          </reporter-output>
        </test-method> <!-- TS008_LVMApp_VerifyFooterLinksTest -->
        <test-method status="PASS" signature="TS009_LVMApp_VerifySocialMediaLinksTest()[pri:0, instance:PROD.LasVegasAppSmokeTest_PROD@57fffcd7]" name="TS009_LVMApp_VerifySocialMediaLinksTest" duration-ms="8361" started-at="2023-09-06T15:05:01Z" finished-at="2023-09-06T15:05:09Z">
          <reporter-output>
          </reporter-output>
        </test-method> <!-- TS009_LVMApp_VerifySocialMediaLinksTest -->
        <test-method status="PASS" signature="TS015_LVMApp_MarketRecap()[pri:0, instance:PROD.LasVegasAppSmokeTest_PROD@57fffcd7]" name="TS015_LVMApp_MarketRecap" duration-ms="6622" started-at="2023-09-06T15:05:09Z" finished-at="2023-09-06T15:05:16Z">
          <reporter-output>
          </reporter-output>
        </test-method> <!-- TS015_LVMApp_MarketRecap -->
        <test-method status="PASS" signature="TS001_VerifyAllHeaderChanelLinksTest()[pri:0, instance:PROD.LasVegasAppSmokeTest_PROD@57fffcd7]" name="TS001_VerifyAllHeaderChanelLinksTest" duration-ms="306808" started-at="2023-09-06T15:05:16Z" finished-at="2023-09-06T15:10:23Z">
          <reporter-output>
          </reporter-output>
        </test-method> <!-- TS001_VerifyAllHeaderChanelLinksTest -->
        <test-method status="PASS" signature="tearDown()[pri:0, instance:PROD.LasVegasAppSmokeTest_PROD@57fffcd7]" name="tearDown" is-config="true" duration-ms="1168" started-at="2023-09-06T15:10:23Z" finished-at="2023-09-06T15:10:24Z">
          <reporter-output>
          </reporter-output>
        </test-method> <!-- tearDown -->
      </class> <!-- PROD.LasVegasAppSmokeTest_PROD -->
    </test> <!-- SequencialTest -->
  </suite> <!-- SmokeTestSuite -->
</testng-results>
