<?xml version="1.0" encoding="UTF-8"?>
<!-- Generated by org.testng.reporters.JUnitXMLReporter -->
<testsuite hostname="NILAMMA-W10" name="Test" tests="2" failures="1" timestamp="27 Apr 2022 10:00:36 GMT" time="93.729" errors="0">
  <testcase name="TS001_VerifyExhibitorPortalLoginTest" time="50.175" classname="exhibitorportal.ExhibitorPortalSmokeTest_PROD"/>
  <testcase name="TS007_VerifyAllLinkUnderEXPMarketTabTest" time="19.46" classname="exhibitorportal.ExhibitorPortalSmokeTest_PROD">
    <failure type="java.lang.NullPointerException">
      <![CDATA[java.lang.NullPointerException
	at exhibitorportal.ExhibitorPortalSmokeTest_PROD.TS007_VerifyAllLinkUnderEXPMarketTabTest(ExhibitorPortalSmokeTest_PROD.java:537)
... Removed 24 stack frames]]>
    </failure>
  </testcase> <!-- TS007_VerifyAllLinkUnderEXPMarketTabTest -->
</testsuite> <!-- Test -->
